#
# There is insufficient memory for the Java Runtime Environment to continue.
# Native memory allocation (malloc) failed to allocate 236736 bytes. Error detail: Chunk::new
# Possible reasons:
#   The system is out of physical RAM or swap space
#   This process is running with CompressedOops enabled, and the Java Heap may be blocking the growth of the native heap
# Possible solutions:
#   Reduce memory load on the system
#   Increase physical memory or swap space
#   Check if swap backing store is full
#   Decrease Java heap size (-Xmx/-Xms)
#   Decrease number of Java threads
#   Decrease Java thread stack sizes (-Xss)
#   Set larger code cache with -XX:ReservedCodeCacheSize=
#   JVM is running with Unscaled Compressed Oops mode in which the Java heap is
#     placed in the first 4GB address space. The Java Heap base address is the
#     maximum limit for the native heap growth. Please use -XX:HeapBaseMinAddress
#     to set the Java Heap base and to place the Java Heap above 4GB virtual address.
# This output file may be truncated or incomplete.
#
#  Out of Memory Error (arena.cpp:168), pid=7416, tid=12956
#
# JRE version: OpenJDK Runtime Environment Temurin-21.0.8+9 (21.0.8+9) (build 21.0.8+9-LTS)
# Java VM: OpenJDK 64-Bit Server VM Temurin-21.0.8+9 (21.0.8+9-LTS, mixed mode, sharing, tiered, compressed oops, compressed class ptrs, parallel gc, windows-amd64)
# No core dump will be written. Minidumps are not enabled by default on client versions of Windows
#

---------------  S U M M A R Y ------------

Command Line: --add-modules=ALL-SYSTEM --add-opens=java.base/java.util=ALL-UNNAMED --add-opens=java.base/java.lang=ALL-UNNAMED --add-opens=java.base/sun.nio.fs=ALL-UNNAMED -Declipse.application=org.eclipse.jdt.ls.core.id1 -Dosgi.bundles.defaultStartLevel=4 -Declipse.product=org.eclipse.jdt.ls.core.product -Djava.import.generatesMetadataFilesAtProjectRoot=false -DDetectVMInstallationsJob.disabled=true -Dfile.encoding=utf8 -XX:+UseParallelGC -XX:GCTimeRatio=4 -XX:AdaptiveSizePolicyWeight=90 -Dsun.zip.disableMemoryMapping=true -Xmx2G -Xms100m -Xlog:disable -javaagent:c:\Users\Lenovo\.vscode\extensions\redhat.java-1.46.0-win32-x64\lombok\lombok-1.18.39-4050.jar c:\Users\Lenovo\.vscode\extensions\redhat.java-1.46.0-win32-x64\server\plugins\org.eclipse.equinox.launcher_1.7.0.v20250519-0528.jar -configuration c:\Users\Lenovo\AppData\Roaming\Code\User\globalStorage\redhat.java\1.46.0\config_ss_win -data c:\Users\Lenovo\AppData\Roaming\Code\User\workspaceStorage\31802dcc8a754153dbdba671d90e4e0a\redhat.java\ss_ws --pipe=\\.\pipe\lsp-b5fef48e6d3dce22190d700cebddd7bf-sock

Host: Intel(R) Core(TM) i5-7200U CPU @ 2.50GHz, 4 cores, 3G,  Windows 10 , 64 bit Build 19041 (10.0.19041.5915)
Time: Thu Oct  9 17:13:28 2025 India Standard Time elapsed time: 5.274008 seconds (0d 0h 0m 5s)

---------------  T H R E A D  ---------------

Current thread (0x0000027ac80e3630):  JavaThread "C2 CompilerThread0" daemon [_thread_in_native, id=12956, stack(0x0000007d15200000,0x0000007d15300000) (1024K)]


Current CompileTask:
C2:5274 1602   !   4       lombok.patcher.ScriptManager$OurClassFileTransformer::transform (473 bytes)

Stack: [0x0000007d15200000,0x0000007d15300000]
Native frames: (J=compiled Java code, j=interpreted, Vv=VM code, C=native code)
V  [jvm.dll+0x6d2449]
V  [jvm.dll+0x8ae341]
V  [jvm.dll+0x8b08be]
V  [jvm.dll+0x8b0fa3]
V  [jvm.dll+0x280c96]
V  [jvm.dll+0xc581d]
V  [jvm.dll+0xc5d53]
V  [jvm.dll+0x3b919c]
V  [jvm.dll+0x385315]
V  [jvm.dll+0x38477a]
V  [jvm.dll+0x248ed0]
V  [jvm.dll+0x2484af]
V  [jvm.dll+0x1c89ee]
V  [jvm.dll+0x257d4d]
V  [jvm.dll+0x2562ea]
V  [jvm.dll+0x3f2d16]
V  [jvm.dll+0x857e6b]
V  [jvm.dll+0x6d0b0d]
C  [ucrtbase.dll+0x21bb2]
C  [KERNEL32.DLL+0x17374]
C  [ntdll.dll+0x4cc91]


---------------  P R O C E S S  ---------------

Threads class SMR info:
_java_thread_list=0x0000027ae43c8bb0, length=12, elements={
0x0000027ac81df600, 0x0000027ac80ca010, 0x0000027ac80cb710, 0x0000027ac80cd090,
0x0000027ac80cedb0, 0x0000027ac80d12c0, 0x0000027ac80de2f0, 0x0000027ac80e3630,
0x0000027ac80e6180, 0x0000027adf766db0, 0x0000027adf9d47b0, 0x0000027ae42fea60
}

Java Threads: ( => current thread )
  0x0000027ac81df600 JavaThread "main"                              [_thread_in_native, id=10944, stack(0x0000007d14800000,0x0000007d14900000) (1024K)]
  0x0000027ac80ca010 JavaThread "Reference Handler"          daemon [_thread_blocked, id=10960, stack(0x0000007d14c00000,0x0000007d14d00000) (1024K)]
  0x0000027ac80cb710 JavaThread "Finalizer"                  daemon [_thread_blocked, id=6408, stack(0x0000007d14d00000,0x0000007d14e00000) (1024K)]
  0x0000027ac80cd090 JavaThread "Signal Dispatcher"          daemon [_thread_blocked, id=948, stack(0x0000007d14e00000,0x0000007d14f00000) (1024K)]
  0x0000027ac80cedb0 JavaThread "Attach Listener"            daemon [_thread_blocked, id=9752, stack(0x0000007d14f00000,0x0000007d15000000) (1024K)]
  0x0000027ac80d12c0 JavaThread "Service Thread"             daemon [_thread_blocked, id=9280, stack(0x0000007d15000000,0x0000007d15100000) (1024K)]
  0x0000027ac80de2f0 JavaThread "Monitor Deflation Thread"   daemon [_thread_blocked, id=3340, stack(0x0000007d15100000,0x0000007d15200000) (1024K)]
=>0x0000027ac80e3630 JavaThread "C2 CompilerThread0"         daemon [_thread_in_native, id=12956, stack(0x0000007d15200000,0x0000007d15300000) (1024K)]
  0x0000027ac80e6180 JavaThread "C1 CompilerThread0"         daemon [_thread_in_native, id=9376, stack(0x0000007d15300000,0x0000007d15400000) (1024K)]
  0x0000027adf766db0 JavaThread "Common-Cleaner"             daemon [_thread_blocked, id=3888, stack(0x0000007d15400000,0x0000007d15500000) (1024K)]
  0x0000027adf9d47b0 JavaThread "Notification Thread"        daemon [_thread_blocked, id=9396, stack(0x0000007d15500000,0x0000007d15600000) (1024K)]
  0x0000027ae42fea60 JavaThread "Active Thread: Equinox Container: 1b703228-e774-4801-89d9-51eb69772f1c"        [_thread_blocked, id=6768, stack(0x0000007d15900000,0x0000007d15a00000) (1024K)]
Total: 12

Other Threads:
  0x0000027ac829e430 VMThread "VM Thread"                           [id=13504, stack(0x0000007d14b00000,0x0000007d14c00000) (1024K)]
  0x0000027ac824c580 WatcherThread "VM Periodic Task Thread"        [id=13324, stack(0x0000007d14a00000,0x0000007d14b00000) (1024K)]
  0x0000027ac81fe690 WorkerThread "GC Thread#0"                     [id=11664, stack(0x0000007d14900000,0x0000007d14a00000) (1024K)]
  0x0000027adfa50540 WorkerThread "GC Thread#1"                     [id=3732, stack(0x0000007d15600000,0x0000007d15700000) (1024K)]
  0x0000027adfaa2230 WorkerThread "GC Thread#2"                     [id=4848, stack(0x0000007d15700000,0x0000007d15800000) (1024K)]
  0x0000027adfaa25d0 WorkerThread "GC Thread#3"                     [id=6384, stack(0x0000007d15800000,0x0000007d15900000) (1024K)]
Total: 6

Threads with active compile tasks:
C2 CompilerThread0  5325 1602   !   4       lombok.patcher.ScriptManager$OurClassFileTransformer::transform (473 bytes)
C1 CompilerThread0  5325 1628       3       sun.security.util.ManifestEntryVerifier::verify (456 bytes)
Total: 2

VM state: not at safepoint (normal execution)

VM Mutex/Monitor currently owned by a thread: None

Heap address: 0x0000000080000000, size: 2048 MB, Compressed Oops mode: 32-bit

CDS archive(s) mapped at: [0x0000027a80000000-0x0000027a80ba0000-0x0000027a80ba0000), size 12189696, SharedBaseAddress: 0x0000027a80000000, ArchiveRelocationMode: 1.
Compressed class space mapped at: 0x0000027a81000000-0x0000027ac1000000, reserved size: 1073741824
Narrow klass base: 0x0000027a80000000, Narrow klass shift: 0, Narrow klass range: 0x100000000

GC Precious Log:
 CardTable entry size: 512
 CPUs: 4 total, 4 available
 Memory: 3970M
 Large Page Support: Disabled
 NUMA Support: Disabled
 Compressed Oops: Enabled (32-bit)
 Alignments: Space 512K, Generation 512K, Heap 2M
 Heap Min Capacity: 100M
 Heap Initial Capacity: 100M
 Heap Max Capacity: 2G
 Pre-touch: Disabled
 Parallel Workers: 4

Heap:
 PSYoungGen      total 29696K, used 22167K [0x00000000d5580000, 0x00000000d7680000, 0x0000000100000000)
  eden space 25600K, 73% used [0x00000000d5580000,0x00000000d67e3e78,0x00000000d6e80000)
  from space 4096K, 81% used [0x00000000d6e80000,0x00000000d71c1e18,0x00000000d7280000)
  to   space 4096K, 0% used [0x00000000d7280000,0x00000000d7280000,0x00000000d7680000)
 ParOldGen       total 68608K, used 0K [0x0000000080000000, 0x0000000084300000, 0x00000000d5580000)
  object space 68608K, 0% used [0x0000000080000000,0x0000000080000000,0x0000000084300000)
 Metaspace       used 7285K, committed 7552K, reserved 1114112K
  class space    used 751K, committed 896K, reserved 1048576K

Card table byte_map: [0x0000027ac7b90000,0x0000027ac7fa0000] _byte_map_base: 0x0000027ac7790000

Marking Bits: (ParMarkBitMap*) 0x00007ffd79dea340
 Begin Bits: [0x0000027ada690000, 0x0000027adc690000)
 End Bits:   [0x0000027adc690000, 0x0000027ade690000)

Polling page: 0x0000027ac5ea0000

Metaspace:

Usage:
  Non-class:      6.38 MB used.
      Class:    751.36 KB used.
       Both:      7.12 MB used.

Virtual space:
  Non-class space:       64.00 MB reserved,       6.50 MB ( 10%) committed,  1 nodes.
      Class space:        1.00 GB reserved,     896.00 KB ( <1%) committed,  1 nodes.
             Both:        1.06 GB reserved,       7.38 MB ( <1%) committed. 

Chunk freelists:
   Non-Class:  9.25 MB
       Class:  14.98 MB
        Both:  24.23 MB

MaxMetaspaceSize: unlimited
CompressedClassSpaceSize: 1.00 GB
Initial GC threshold: 21.00 MB
Current GC threshold: 21.00 MB
CDS: on
 - commit_granule_bytes: 65536.
 - commit_granule_words: 8192.
 - virtual_space_node_default_size: 8388608.
 - enlarge_chunks_in_place: 1.
 - use_allocation_guard: 0.


Internal statistics:

num_allocs_failed_limit: 0.
num_arena_births: 216.
num_arena_deaths: 0.
num_vsnodes_births: 2.
num_vsnodes_deaths: 0.
num_space_committed: 118.
num_space_uncommitted: 0.
num_chunks_returned_to_freelist: 0.
num_chunks_taken_from_freelist: 379.
num_chunk_merges: 0.
num_chunk_splits: 244.
num_chunks_enlarged: 162.
num_inconsistent_stats: 0.

CodeHeap 'non-profiled nmethods': size=120000Kb used=661Kb max_used=661Kb free=119338Kb
 bounds [0x0000027ad2eb0000, 0x0000027ad3120000, 0x0000027ada3e0000]
CodeHeap 'profiled nmethods': size=120000Kb used=2831Kb max_used=2831Kb free=117168Kb
 bounds [0x0000027acb3e0000, 0x0000027acb6b0000, 0x0000027ad2910000]
CodeHeap 'non-nmethods': size=5760Kb used=1211Kb max_used=1235Kb free=4548Kb
 bounds [0x0000027ad2910000, 0x0000027ad2b80000, 0x0000027ad2eb0000]
CodeCache: size=245760Kb, used=4703Kb, max_used=4727Kb, free=241054Kb
 total_blobs=2099, nmethods=1622, adapters=384, full_count=0
Compilation: enabled, stopped_count=0, restarted_count=0

Compilation events (20 events):
Event: 5.168 Thread 0x0000027ac80e6180 1610  s    3       java.util.jar.JarFile::getInputStream (88 bytes)
Event: 5.168 Thread 0x0000027ac80e6180 nmethod 1610 0x0000027acb697710 code [0x0000027acb697980, 0x0000027acb698180]
Event: 5.168 Thread 0x0000027ac80e6180 1611       1       lombok.patcher.ScriptManager::access$0 (5 bytes)
Event: 5.169 Thread 0x0000027ac80e6180 nmethod 1611 0x0000027ad2f51d90 code [0x0000027ad2f51f20, 0x0000027ad2f51fd0]
Event: 5.169 Thread 0x0000027ac80e6180 1612       1       lombok.patcher.ScriptManager::access$2 (5 bytes)
Event: 5.169 Thread 0x0000027ac80e6180 nmethod 1612 0x0000027ad2f52090 code [0x0000027ad2f52220, 0x0000027ad2f522d0]
Event: 5.169 Thread 0x0000027ac80e6180 1613       1       lombok.patcher.ScriptManager::access$1 (5 bytes)
Event: 5.169 Thread 0x0000027ac80e6180 nmethod 1613 0x0000027ad2f52390 code [0x0000027ad2f52520, 0x0000027ad2f525d0]
Event: 5.169 Thread 0x0000027ac80e6180 1614   !   3       java.lang.ClassLoader::loadClass (121 bytes)
Event: 5.171 Thread 0x0000027ac80e6180 nmethod 1614 0x0000027acb698390 code [0x0000027acb698660, 0x0000027acb6992d8]
Event: 5.183 Thread 0x0000027ac80e6180 1615       3       java.lang.ClassNotFoundException::<init> (7 bytes)
Event: 5.184 Thread 0x0000027ac80e6180 nmethod 1615 0x0000027acb699990 code [0x0000027acb699b40, 0x0000027acb699d40]
Event: 5.185 Thread 0x0000027ac80e3630 nmethod 1546 0x0000027ad2f52690 code [0x0000027ad2f52920, 0x0000027ad2f53d10]
Event: 5.185 Thread 0x0000027ac80e3630 1602   !   4       lombok.patcher.ScriptManager$OurClassFileTransformer::transform (473 bytes)
Event: 5.187 Thread 0x0000027ac80e6180 1616       3       java.lang.ClassLoader::compareCerts (197 bytes)
Event: 5.188 Thread 0x0000027ac80e6180 nmethod 1616 0x0000027acb699e10 code [0x0000027acb69a040, 0x0000027acb69a878]
Event: 5.190 Thread 0x0000027ac80e6180 1618       3       sun.invoke.util.VerifyAccess::isTypeVisible (47 bytes)
Event: 5.191 Thread 0x0000027ac80e6180 nmethod 1618 0x0000027acb69ab90 code [0x0000027acb69ad80, 0x0000027acb69b168]
Event: 5.268 Thread 0x0000027ac80e6180 1620       3       java.net.URLStreamHandler::toExternalForm (156 bytes)
Event: 5.270 Thread 0x0000027ac80e6180 nmethod 1620 0x0000027acb69b390 code [0x0000027acb69b780, 0x0000027acb69ccc8]

GC Heap History (2 events):
Event: 3.194 GC heap before
{Heap before GC invocations=1 (full 0):
 PSYoungGen      total 29696K, used 25600K [0x00000000d5580000, 0x00000000d7680000, 0x0000000100000000)
  eden space 25600K, 100% used [0x00000000d5580000,0x00000000d6e80000,0x00000000d6e80000)
  from space 4096K, 0% used [0x00000000d7280000,0x00000000d7280000,0x00000000d7680000)
  to   space 4096K, 0% used [0x00000000d6e80000,0x00000000d6e80000,0x00000000d7280000)
 ParOldGen       total 68608K, used 0K [0x0000000080000000, 0x0000000084300000, 0x00000000d5580000)
  object space 68608K, 0% used [0x0000000080000000,0x0000000080000000,0x0000000084300000)
 Metaspace       used 4326K, committed 4608K, reserved 1114112K
  class space    used 471K, committed 576K, reserved 1048576K
}
Event: 3.243 GC heap after
{Heap after GC invocations=1 (full 0):
 PSYoungGen      total 29696K, used 3335K [0x00000000d5580000, 0x00000000d7680000, 0x0000000100000000)
  eden space 25600K, 0% used [0x00000000d5580000,0x00000000d5580000,0x00000000d6e80000)
  from space 4096K, 81% used [0x00000000d6e80000,0x00000000d71c1e18,0x00000000d7280000)
  to   space 4096K, 0% used [0x00000000d7280000,0x00000000d7280000,0x00000000d7680000)
 ParOldGen       total 68608K, used 0K [0x0000000080000000, 0x0000000084300000, 0x00000000d5580000)
  object space 68608K, 0% used [0x0000000080000000,0x0000000080000000,0x0000000084300000)
 Metaspace       used 4326K, committed 4608K, reserved 1114112K
  class space    used 471K, committed 576K, reserved 1048576K
}

Dll operation events (8 events):
Event: 0.032 Loaded shared library c:\Users\Lenovo\.vscode\extensions\redhat.java-1.46.0-win32-x64\jre\21.0.8-win32-x86_64\bin\java.dll
Event: 0.159 Loaded shared library c:\Users\Lenovo\.vscode\extensions\redhat.java-1.46.0-win32-x64\jre\21.0.8-win32-x86_64\bin\zip.dll
Event: 0.197 Loaded shared library C:\Users\Lenovo\.vscode\extensions\redhat.java-1.46.0-win32-x64\jre\21.0.8-win32-x86_64\bin\instrument.dll
Event: 0.203 Loaded shared library C:\Users\Lenovo\.vscode\extensions\redhat.java-1.46.0-win32-x64\jre\21.0.8-win32-x86_64\bin\net.dll
Event: 0.207 Loaded shared library C:\Users\Lenovo\.vscode\extensions\redhat.java-1.46.0-win32-x64\jre\21.0.8-win32-x86_64\bin\nio.dll
Event: 0.212 Loaded shared library C:\Users\Lenovo\.vscode\extensions\redhat.java-1.46.0-win32-x64\jre\21.0.8-win32-x86_64\bin\zip.dll
Event: 0.239 Loaded shared library C:\Users\Lenovo\.vscode\extensions\redhat.java-1.46.0-win32-x64\jre\21.0.8-win32-x86_64\bin\jimage.dll
Event: 0.377 Loaded shared library c:\Users\Lenovo\.vscode\extensions\redhat.java-1.46.0-win32-x64\jre\21.0.8-win32-x86_64\bin\verify.dll

Deoptimization events (20 events):
Event: 4.995 Thread 0x0000027ac81df600 Uncommon trap: trap_request=0xffffffc6 fr.pc=0x0000027ad2f496fc relative=0x00000000000006dc
Event: 4.995 Thread 0x0000027ac81df600 Uncommon trap: reason=bimorphic_or_optimized_type_check action=maybe_recompile pc=0x0000027ad2f496fc method=java.util.Collections$UnmodifiableCollection$1.<init>(Ljava/util/Collections$UnmodifiableCollection;)V @ 17 c2
Event: 4.995 Thread 0x0000027ac81df600 DEOPT PACKING pc=0x0000027ad2f496fc sp=0x0000007d148fe760
Event: 4.995 Thread 0x0000027ac81df600 DEOPT UNPACKING pc=0x0000027ad2963aa2 sp=0x0000007d148fe6a8 mode 2
Event: 5.009 Thread 0x0000027ac81df600 Uncommon trap: trap_request=0xffffff45 fr.pc=0x0000027ad2f303d0 relative=0x00000000000000b0
Event: 5.009 Thread 0x0000027ac81df600 Uncommon trap: reason=unstable_if action=reinterpret pc=0x0000027ad2f303d0 method=java.util.concurrent.locks.ReentrantLock$NonfairSync.initialTryLock()Z @ 10 c2
Event: 5.009 Thread 0x0000027ac81df600 DEOPT PACKING pc=0x0000027ad2f303d0 sp=0x0000007d148fe5f0
Event: 5.009 Thread 0x0000027ac81df600 DEOPT UNPACKING pc=0x0000027ad2963aa2 sp=0x0000007d148fe580 mode 2
Event: 5.009 Thread 0x0000027ac81df600 Uncommon trap: trap_request=0xffffff45 fr.pc=0x0000027ad2f30034 relative=0x0000000000000094
Event: 5.009 Thread 0x0000027ac81df600 Uncommon trap: reason=unstable_if action=reinterpret pc=0x0000027ad2f30034 method=java.util.concurrent.locks.ReentrantLock$Sync.tryRelease(I)Z @ 26 c2
Event: 5.009 Thread 0x0000027ac81df600 DEOPT PACKING pc=0x0000027ad2f30034 sp=0x0000007d148fe6c0
Event: 5.009 Thread 0x0000027ac81df600 DEOPT UNPACKING pc=0x0000027ad2963aa2 sp=0x0000007d148fe640 mode 2
Event: 5.136 Thread 0x0000027ac81df600 Uncommon trap: trap_request=0xffffffc6 fr.pc=0x0000027ad2f496fc relative=0x00000000000006dc
Event: 5.136 Thread 0x0000027ac81df600 Uncommon trap: reason=bimorphic_or_optimized_type_check action=maybe_recompile pc=0x0000027ad2f496fc method=java.util.Collections$UnmodifiableCollection$1.<init>(Ljava/util/Collections$UnmodifiableCollection;)V @ 17 c2
Event: 5.136 Thread 0x0000027ac81df600 DEOPT PACKING pc=0x0000027ad2f496fc sp=0x0000007d148fe290
Event: 5.136 Thread 0x0000027ac81df600 DEOPT UNPACKING pc=0x0000027ad2963aa2 sp=0x0000007d148fe1d8 mode 2
Event: 5.154 Thread 0x0000027ac81df600 Uncommon trap: trap_request=0xffffffc6 fr.pc=0x0000027ad2f496fc relative=0x00000000000006dc
Event: 5.154 Thread 0x0000027ac81df600 Uncommon trap: reason=bimorphic_or_optimized_type_check action=maybe_recompile pc=0x0000027ad2f496fc method=java.util.Collections$UnmodifiableCollection$1.<init>(Ljava/util/Collections$UnmodifiableCollection;)V @ 17 c2
Event: 5.154 Thread 0x0000027ac81df600 DEOPT PACKING pc=0x0000027ad2f496fc sp=0x0000007d148fe150
Event: 5.154 Thread 0x0000027ac81df600 DEOPT UNPACKING pc=0x0000027ad2963aa2 sp=0x0000007d148fe098 mode 2

Classes loaded (20 events):
Event: 5.110 Loading class java/util/concurrent/RunnableFuture done
Event: 5.110 Loading class java/util/concurrent/ScheduledFuture
Event: 5.110 Loading class java/util/concurrent/Delayed
Event: 5.110 Loading class java/util/concurrent/Delayed done
Event: 5.111 Loading class java/util/concurrent/ScheduledFuture done
Event: 5.111 Loading class java/util/concurrent/RunnableScheduledFuture done
Event: 5.114 Loading class java/util/concurrent/ScheduledThreadPoolExecutor$ScheduledFutureTask
Event: 5.114 Loading class java/util/concurrent/FutureTask
Event: 5.114 Loading class java/util/concurrent/FutureTask done
Event: 5.114 Loading class java/util/concurrent/ScheduledThreadPoolExecutor$ScheduledFutureTask done
Event: 5.115 Loading class java/util/concurrent/FutureTask$WaitNode
Event: 5.115 Loading class java/util/concurrent/FutureTask$WaitNode done
Event: 5.115 Loading class java/util/concurrent/Executors$RunnableAdapter
Event: 5.115 Loading class java/util/concurrent/Executors$RunnableAdapter done
Event: 5.115 Loading class java/util/concurrent/ThreadPoolExecutor$Worker
Event: 5.116 Loading class java/util/concurrent/ThreadPoolExecutor$Worker done
Event: 5.160 Loading class java/util/ArrayList$ListItr
Event: 5.160 Loading class java/util/ArrayList$ListItr done
Event: 5.167 Loading class java/net/ContentHandlerFactory
Event: 5.167 Loading class java/net/ContentHandlerFactory done

Classes unloaded (0 events):
No events

Classes redefined (0 events):
No events

Internal exceptions (20 events):
Event: 1.741 Thread 0x0000027ac81df600 Exception <a 'java/lang/NoSuchMethodError'{0x00000000d6534878}: 'java.lang.Object java.lang.invoke.DirectMethodHandle$Holder.invokeInterface(java.lang.Object, java.lang.Object)'> (0x00000000d6534878) 
thrown [s\src\hotspot\share\interpreter\linkResolver.cpp, line 773]
Event: 1.782 Thread 0x0000027ac81df600 Exception <a 'java/lang/NoSuchMethodError'{0x00000000d6547e88}: 'java.lang.Object java.lang.invoke.Invokers$Holder.invokeExact_MT(java.lang.Object, java.lang.Object, java.lang.Object, java.lang.Object, java.lang.Object, java.lang.Object)'> (0x00000000d6547e88) 
thrown [s\src\hotspot\share\interpreter\linkResolver.cpp, line 773]
Event: 1.788 Thread 0x0000027ac81df600 Exception <a 'java/lang/NoSuchMethodError'{0x00000000d655f0e0}: 'int java.lang.invoke.DirectMethodHandle$Holder.invokeStatic(java.lang.Object, java.lang.Object, java.lang.Object, java.lang.Object, java.lang.Object)'> (0x00000000d655f0e0) 
thrown [s\src\hotspot\share\interpreter\linkResolver.cpp, line 773]
Event: 1.922 Thread 0x0000027ac81df600 Exception <a 'java/lang/NoSuchMethodError'{0x00000000d65f2ad8}: 'java.lang.Object java.lang.invoke.DirectMethodHandle$Holder.invokeInterface(java.lang.Object, java.lang.Object, int)'> (0x00000000d65f2ad8) 
thrown [s\src\hotspot\share\interpreter\linkResolver.cpp, line 773]
Event: 2.583 Thread 0x0000027ac81df600 Exception <a 'java/lang/NoSuchMethodError'{0x00000000d6a79638}: 'java.lang.ClassLoader java.lang.ClassLoader.getPlatformClassLoader(java.lang.Class)'> (0x00000000d6a79638) 
thrown [s\src\hotspot\share\interpreter\linkResolver.cpp, line 773]
Event: 3.251 Thread 0x0000027ac81df600 Exception <a 'java/lang/ClassNotFoundException'{0x00000000d5597660}: sun/net/www/protocol/c/Handler> (0x00000000d5597660) 
thrown [s\src\hotspot\share\classfile\systemDictionary.cpp, line 312]
Event: 3.252 Thread 0x0000027ac81df600 Exception <a 'java/lang/ClassNotFoundException'{0x00000000d5598a20}: sun/net/www/protocol/c/Handler> (0x00000000d5598a20) 
thrown [s\src\hotspot\share\classfile\systemDictionary.cpp, line 312]
Event: 3.252 Thread 0x0000027ac81df600 Exception <a 'java/lang/ClassNotFoundException'{0x00000000d5599c30}: sun/net/www/protocol/c/Handler> (0x00000000d5599c30) 
thrown [s\src\hotspot\share\classfile\systemDictionary.cpp, line 312]
Event: 3.266 Thread 0x0000027ac81df600 Exception <a 'java/io/FileNotFoundException'{0x00000000d55be788}> (0x00000000d55be788) 
thrown [s\src\hotspot\share\prims\jni.cpp, line 520]
Event: 3.390 Thread 0x0000027ac81df600 Implicit null exception at 0x0000027ad2f04349 to 0x0000027ad2f04d14
Event: 3.391 Thread 0x0000027ac81df600 Implicit null exception at 0x0000027ad2f0b41a to 0x0000027ad2f0b63c
Event: 3.392 Thread 0x0000027ac81df600 Exception <a 'java/lang/NoSuchMethodError'{0x00000000d576c248}: 'void java.lang.invoke.DirectMethodHandle$Holder.invokeStatic(java.lang.Object, java.lang.Object, java.lang.Object, java.lang.Object)'> (0x00000000d576c248) 
thrown [s\src\hotspot\share\interpreter\linkResolver.cpp, line 773]
Event: 3.395 Thread 0x0000027ac81df600 Implicit null exception at 0x0000027ad2f09fc0 to 0x0000027ad2f0a045
Event: 3.849 Thread 0x0000027ac81df600 Exception <a 'java/lang/NoSuchMethodError'{0x00000000d59e1c30}: 'void java.lang.invoke.DirectMethodHandle$Holder.invokeSpecial(java.lang.Object, java.lang.Object, java.lang.Object)'> (0x00000000d59e1c30) 
thrown [s\src\hotspot\share\interpreter\linkResolver.cpp, line 773]
Event: 4.977 Thread 0x0000027ac81df600 Exception <a 'java/lang/NoSuchMethodError'{0x00000000d62a70d8}: 'int java.lang.invoke.DirectMethodHandle$Holder.invokeVirtual(java.lang.Object, java.lang.Object)'> (0x00000000d62a70d8) 
thrown [s\src\hotspot\share\interpreter\linkResolver.cpp, line 773]
Event: 5.068 Thread 0x0000027ac81df600 Exception <a 'java/lang/NoSuchMethodError'{0x00000000d64295a8}: 'int java.lang.invoke.DirectMethodHandle$Holder.invokeStaticInit(java.lang.Object, java.lang.Object, java.lang.Object, java.lang.Object)'> (0x00000000d64295a8) 
thrown [s\src\hotspot\share\interpreter\linkResolver.cpp, line 773]
Event: 5.069 Thread 0x0000027ac81df600 Exception <a 'java/lang/IncompatibleClassChangeError'{0x00000000d6431a30}: Found class java.lang.Object, but interface was expected> (0x00000000d6431a30) 
thrown [s\src\hotspot\share\interpreter\linkResolver.cpp, line 840]
Event: 5.071 Thread 0x0000027ac81df600 Exception <a 'java/lang/NoSuchMethodError'{0x00000000d6438940}: 'void java.lang.invoke.DirectMethodHandle$Holder.invokeStaticInit(java.lang.Object, java.lang.Object)'> (0x00000000d6438940) 
thrown [s\src\hotspot\share\interpreter\linkResolver.cpp, line 773]
Event: 5.073 Thread 0x0000027ac81df600 Exception <a 'java/lang/NoSuchMethodError'{0x00000000d6442438}: 'int java.lang.invoke.DirectMethodHandle$Holder.invokeStaticInit(java.lang.Object, java.lang.Object)'> (0x00000000d6442438) 
thrown [s\src\hotspot\share\interpreter\linkResolver.cpp, line 773]
Event: 5.191 Thread 0x0000027ac81df600 Exception <a 'java/lang/NoSuchMethodError'{0x00000000d66b1b08}: 'java.lang.Object java.lang.invoke.DirectMethodHandle$Holder.newInvokeSpecial(java.lang.Object, int, java.lang.Object)'> (0x00000000d66b1b08) 
thrown [s\src\hotspot\share\interpreter\linkResolver.cpp, line 773]

ZGC Phase Switch (0 events):
No events

VM Operations (20 events):
Event: 0.260 Executing VM operation: HandshakeAllThreads (Deoptimize)
Event: 0.260 Executing VM operation: HandshakeAllThreads (Deoptimize) done
Event: 1.005 Executing VM operation: HandshakeAllThreads (Deoptimize)
Event: 1.005 Executing VM operation: HandshakeAllThreads (Deoptimize) done
Event: 1.043 Executing VM operation: HandshakeAllThreads (Deoptimize)
Event: 1.043 Executing VM operation: HandshakeAllThreads (Deoptimize) done
Event: 2.053 Executing VM operation: Cleanup
Event: 2.053 Executing VM operation: Cleanup done
Event: 3.059 Executing VM operation: Cleanup
Event: 3.060 Executing VM operation: Cleanup done
Event: 3.099 Executing VM operation: HandshakeAllThreads (Deoptimize)
Event: 3.099 Executing VM operation: HandshakeAllThreads (Deoptimize) done
Event: 3.194 Executing VM operation: ParallelGCFailedAllocation (Allocation Failure)
Event: 3.243 Executing VM operation: ParallelGCFailedAllocation (Allocation Failure) done
Event: 4.252 Executing VM operation: Cleanup
Event: 4.252 Executing VM operation: Cleanup done
Event: 5.139 Executing VM operation: HandshakeAllThreads (Deoptimize)
Event: 5.139 Executing VM operation: HandshakeAllThreads (Deoptimize) done
Event: 5.160 Executing VM operation: HandshakeAllThreads (Deoptimize)
Event: 5.160 Executing VM operation: HandshakeAllThreads (Deoptimize) done

Memory protections (0 events):
No events

Nmethod flushes (0 events):
No events

Events (12 events):
Event: 0.056 Thread 0x0000027ac81df600 Thread added: 0x0000027ac81df600
Event: 0.082 Thread 0x0000027ac81df600 Thread added: 0x0000027ac80ca010
Event: 0.082 Thread 0x0000027ac81df600 Thread added: 0x0000027ac80cb710
Event: 0.082 Thread 0x0000027ac81df600 Thread added: 0x0000027ac80cd090
Event: 0.082 Thread 0x0000027ac81df600 Thread added: 0x0000027ac80cedb0
Event: 0.082 Thread 0x0000027ac81df600 Thread added: 0x0000027ac80d12c0
Event: 0.082 Thread 0x0000027ac81df600 Thread added: 0x0000027ac80de2f0
Event: 0.083 Thread 0x0000027ac81df600 Thread added: 0x0000027ac80e3630
Event: 0.083 Thread 0x0000027ac81df600 Thread added: 0x0000027ac80e6180
Event: 0.118 Thread 0x0000027ac81df600 Thread added: 0x0000027adf766db0
Event: 0.541 Thread 0x0000027ac81df600 Thread added: 0x0000027adf9d47b0
Event: 5.116 Thread 0x0000027ac81df600 Thread added: 0x0000027ae42fea60


Dynamic libraries:
0x00007ff75d1e0000 - 0x00007ff75d1ee000 	c:\Users\Lenovo\.vscode\extensions\redhat.java-1.46.0-win32-x64\jre\21.0.8-win32-x86_64\bin\java.exe
0x00007ffdd8e30000 - 0x00007ffdd9028000 	C:\Windows\SYSTEM32\ntdll.dll
0x00007ffdd7f00000 - 0x00007ffdd7fc2000 	C:\Windows\System32\KERNEL32.DLL
0x00007ffdd6680000 - 0x00007ffdd6976000 	C:\Windows\System32\KERNELBASE.dll
0x00007ffdd6580000 - 0x00007ffdd6680000 	C:\Windows\System32\ucrtbase.dll
0x00007ffdd1610000 - 0x00007ffdd162e000 	c:\Users\Lenovo\.vscode\extensions\redhat.java-1.46.0-win32-x64\jre\21.0.8-win32-x86_64\bin\VCRUNTIME140.dll
0x00007ffdc3800000 - 0x00007ffdc3818000 	c:\Users\Lenovo\.vscode\extensions\redhat.java-1.46.0-win32-x64\jre\21.0.8-win32-x86_64\bin\jli.dll
0x00007ffdd7ca0000 - 0x00007ffdd7e3d000 	C:\Windows\System32\USER32.dll
0x00007ffdc1370000 - 0x00007ffdc160b000 	C:\Windows\WinSxS\amd64_microsoft.windows.common-controls_6595b64144ccf1df_6.0.19041.6280_none_60bc30a171f2f3f3\COMCTL32.dll
0x00007ffdd64d0000 - 0x00007ffdd64f2000 	C:\Windows\System32\win32u.dll
0x00007ffdd8bd0000 - 0x00007ffdd8c6e000 	C:\Windows\System32\msvcrt.dll
0x00007ffdd7c70000 - 0x00007ffdd7c9b000 	C:\Windows\System32\GDI32.dll
0x00007ffdd6bb0000 - 0x00007ffdd6cc9000 	C:\Windows\System32\gdi32full.dll
0x00007ffdd6ae0000 - 0x00007ffdd6b7d000 	C:\Windows\System32\msvcp_win.dll
0x00007ffdd77e0000 - 0x00007ffdd780f000 	C:\Windows\System32\IMM32.DLL
0x00007ffdd19a0000 - 0x00007ffdd19ac000 	c:\Users\Lenovo\.vscode\extensions\redhat.java-1.46.0-win32-x64\jre\21.0.8-win32-x86_64\bin\vcruntime140_1.dll
0x00007ffda7760000 - 0x00007ffda77ed000 	c:\Users\Lenovo\.vscode\extensions\redhat.java-1.46.0-win32-x64\jre\21.0.8-win32-x86_64\bin\msvcp140.dll
0x00007ffd79130000 - 0x00007ffd79ec7000 	c:\Users\Lenovo\.vscode\extensions\redhat.java-1.46.0-win32-x64\jre\21.0.8-win32-x86_64\bin\server\jvm.dll
0x00007ffdd7e40000 - 0x00007ffdd7ef1000 	C:\Windows\System32\ADVAPI32.dll
0x00007ffdd6f90000 - 0x00007ffdd702f000 	C:\Windows\System32\sechost.dll
0x00007ffdd8740000 - 0x00007ffdd8860000 	C:\Windows\System32\RPCRT4.dll
0x00007ffdd6b80000 - 0x00007ffdd6ba7000 	C:\Windows\System32\bcrypt.dll
0x00007ffdd7bf0000 - 0x00007ffdd7c5b000 	C:\Windows\System32\WS2_32.dll
0x00007ffdd5a10000 - 0x00007ffdd5a5b000 	C:\Windows\SYSTEM32\POWRPROF.dll
0x00007ffdceba0000 - 0x00007ffdcebaa000 	C:\Windows\SYSTEM32\VERSION.dll
0x00007ffdca560000 - 0x00007ffdca587000 	C:\Windows\SYSTEM32\WINMM.dll
0x00007ffdd58a0000 - 0x00007ffdd58b2000 	C:\Windows\SYSTEM32\UMPDC.dll
0x00007ffdd4310000 - 0x00007ffdd4322000 	C:\Windows\SYSTEM32\kernel.appcore.dll
0x00007ffdce1f0000 - 0x00007ffdce1fa000 	c:\Users\Lenovo\.vscode\extensions\redhat.java-1.46.0-win32-x64\jre\21.0.8-win32-x86_64\bin\jimage.dll
0x00007ffdc82f0000 - 0x00007ffdc84f1000 	C:\Windows\SYSTEM32\DBGHELP.DLL
0x00007ffdb4310000 - 0x00007ffdb4344000 	C:\Windows\SYSTEM32\dbgcore.DLL
0x00007ffdd6cd0000 - 0x00007ffdd6d52000 	C:\Windows\System32\bcryptPrimitives.dll
0x00007ffdcd880000 - 0x00007ffdcd88f000 	c:\Users\Lenovo\.vscode\extensions\redhat.java-1.46.0-win32-x64\jre\21.0.8-win32-x86_64\bin\instrument.dll
0x00007ffdbe770000 - 0x00007ffdbe78f000 	c:\Users\Lenovo\.vscode\extensions\redhat.java-1.46.0-win32-x64\jre\21.0.8-win32-x86_64\bin\java.dll
0x00007ffdd7fd0000 - 0x00007ffdd8740000 	C:\Windows\System32\SHELL32.dll
0x00007ffdd4510000 - 0x00007ffdd4cb5000 	C:\Windows\SYSTEM32\windows.storage.dll
0x00007ffdd7810000 - 0x00007ffdd7b63000 	C:\Windows\System32\combase.dll
0x00007ffdd5f00000 - 0x00007ffdd5f2b000 	C:\Windows\SYSTEM32\Wldp.dll
0x00007ffdd7580000 - 0x00007ffdd764d000 	C:\Windows\System32\OLEAUT32.dll
0x00007ffdd8910000 - 0x00007ffdd89bd000 	C:\Windows\System32\SHCORE.dll
0x00007ffdd8cd0000 - 0x00007ffdd8d2b000 	C:\Windows\System32\shlwapi.dll
0x00007ffdd6400000 - 0x00007ffdd6424000 	C:\Windows\SYSTEM32\profapi.dll
0x00007ffdbc750000 - 0x00007ffdbc768000 	c:\Users\Lenovo\.vscode\extensions\redhat.java-1.46.0-win32-x64\jre\21.0.8-win32-x86_64\bin\zip.dll
0x00007ffdcd7f0000 - 0x00007ffdcd800000 	C:\Users\Lenovo\.vscode\extensions\redhat.java-1.46.0-win32-x64\jre\21.0.8-win32-x86_64\bin\net.dll
0x00007ffdce770000 - 0x00007ffdce87a000 	C:\Windows\SYSTEM32\WINHTTP.dll
0x00007ffdd5c60000 - 0x00007ffdd5cca000 	C:\Windows\system32\mswsock.dll
0x00007ffdb5ce0000 - 0x00007ffdb5cf6000 	C:\Users\Lenovo\.vscode\extensions\redhat.java-1.46.0-win32-x64\jre\21.0.8-win32-x86_64\bin\nio.dll
0x00007ffdcb4f0000 - 0x00007ffdcb500000 	c:\Users\Lenovo\.vscode\extensions\redhat.java-1.46.0-win32-x64\jre\21.0.8-win32-x86_64\bin\verify.dll

JVMTI agents:
c:\Users\Lenovo\.vscode\extensions\redhat.java-1.46.0-win32-x64\lombok\lombok-1.18.39-4050.jar path:c:\Users\Lenovo\.vscode\extensions\redhat.java-1.46.0-win32-x64\jre\21.0.8-win32-x86_64\bin\instrument.dll, loaded, initialized, instrumentlib options:none

dbghelp: loaded successfully - version: 4.0.5 - missing functions: none
symbol engine: initialized successfully - sym options: 0x614 - pdb path: .;c:\Users\Lenovo\.vscode\extensions\redhat.java-1.46.0-win32-x64\jre\21.0.8-win32-x86_64\bin;C:\Windows\SYSTEM32;C:\Windows\WinSxS\amd64_microsoft.windows.common-controls_6595b64144ccf1df_6.0.19041.6280_none_60bc30a171f2f3f3;c:\Users\Lenovo\.vscode\extensions\redhat.java-1.46.0-win32-x64\jre\21.0.8-win32-x86_64\bin\server

VM Arguments:
jvm_args: --add-modules=ALL-SYSTEM --add-opens=java.base/java.util=ALL-UNNAMED --add-opens=java.base/java.lang=ALL-UNNAMED --add-opens=java.base/sun.nio.fs=ALL-UNNAMED -Declipse.application=org.eclipse.jdt.ls.core.id1 -Dosgi.bundles.defaultStartLevel=4 -Declipse.product=org.eclipse.jdt.ls.core.product -Djava.import.generatesMetadataFilesAtProjectRoot=false -DDetectVMInstallationsJob.disabled=true -Dfile.encoding=utf8 -XX:+UseParallelGC -XX:GCTimeRatio=4 -XX:AdaptiveSizePolicyWeight=90 -Dsun.zip.disableMemoryMapping=true -Xmx2G -Xms100m -Xlog:disable -javaagent:c:\Users\Lenovo\.vscode\extensions\redhat.java-1.46.0-win32-x64\lombok\lombok-1.18.39-4050.jar 
java_command: c:\Users\Lenovo\.vscode\extensions\redhat.java-1.46.0-win32-x64\server\plugins\org.eclipse.equinox.launcher_1.7.0.v20250519-0528.jar -configuration c:\Users\Lenovo\AppData\Roaming\Code\User\globalStorage\redhat.java\1.46.0\config_ss_win -data c:\Users\Lenovo\AppData\Roaming\Code\User\workspaceStorage\31802dcc8a754153dbdba671d90e4e0a\redhat.java\ss_ws --pipe=\\.\pipe\lsp-b5fef48e6d3dce22190d700cebddd7bf-sock
java_class_path (initial): c:\Users\Lenovo\.vscode\extensions\redhat.java-1.46.0-win32-x64\server\plugins\org.eclipse.equinox.launcher_1.7.0.v20250519-0528.jar
Launcher Type: SUN_STANDARD

[Global flags]
    uintx AdaptiveSizePolicyWeight                 = 90                                        {product} {command line}
     intx CICompilerCount                          = 3                                         {product} {ergonomic}
    uintx GCTimeRatio                              = 4                                         {product} {command line}
   size_t InitialHeapSize                          = 104857600                                 {product} {command line}
   size_t MaxHeapSize                              = 2147483648                                {product} {command line}
   size_t MaxNewSize                               = 715653120                                 {product} {ergonomic}
   size_t MinHeapDeltaBytes                        = 524288                                    {product} {ergonomic}
   size_t MinHeapSize                              = 104857600                                 {product} {command line}
   size_t NewSize                                  = 34603008                                  {product} {ergonomic}
    uintx NonNMethodCodeHeapSize                   = 5832780                                {pd product} {ergonomic}
    uintx NonProfiledCodeHeapSize                  = 122912730                              {pd product} {ergonomic}
   size_t OldSize                                  = 70254592                                  {product} {ergonomic}
    uintx ProfiledCodeHeapSize                     = 122912730                              {pd product} {ergonomic}
    uintx ReservedCodeCacheSize                    = 251658240                              {pd product} {ergonomic}
     bool SegmentedCodeCache                       = true                                      {product} {ergonomic}
   size_t SoftMaxHeapSize                          = 2147483648                             {manageable} {ergonomic}
     bool UseCompressedOops                        = true                           {product lp64_product} {ergonomic}
     bool UseLargePagesIndividualAllocation        = false                                  {pd product} {ergonomic}
     bool UseParallelGC                            = true                                      {product} {command line}

Logging:
Log output configuration:
 #0: stdout all=off uptime,level,tags foldmultilines=false
 #1: stderr all=off uptime,level,tags foldmultilines=false

Environment Variables:
JAVA_HOME=C:\Program Files\Java\jdk-23
PATH=C:\Program Files (x86)\VMware\VMware Player\bin\;C:\Program Files\Common Files\Oracle\Java\javapath;C:\Users\Lenovo\New folder\Scripts\;C:\Users\Lenovo\New folder\;C:\Windows\system32;C:\Windows;C:\Windows\System32\Wbem;C:\Windows\System32\WindowsPowerShell\v1.0\;C:\Windows\System32\OpenSSH\;C:\Program Files\Java\jdk-23\bin;C:\Program Files\Git\cmd;C:\Program Files\nodejs\;C:\Users\Lenovo\AppData\Local\Programs\Python\Launcher\;C:\Users\Lenovo\AppData\Local\Microsoft\WindowsApps;C:\Users\Lenovo\AppData\Local\Programs\Microsoft VS Code\bin;C:\Users\Lenovo\AppData\Roaming\npm;C:\Program Files (x86)\Nmap
USERNAME=Lenovo
OS=Windows_NT
PROCESSOR_IDENTIFIER=Intel64 Family 6 Model 142 Stepping 9, GenuineIntel
TMP=C:\Users\Lenovo\AppData\Local\Temp
TEMP=C:\Users\Lenovo\AppData\Local\Temp




Periodic native trim disabled

---------------  S Y S T E M  ---------------

OS:
 Windows 10 , 64 bit Build 19041 (10.0.19041.5915)
OS uptime: 0 days 6:23 hours
Hyper-V role detected

CPU: total 4 (initial active 4) (2 cores per cpu, 2 threads per core) family 6 model 142 stepping 9 microcode 0xd6, cx8, cmov, fxsr, ht, mmx, 3dnowpref, sse, sse2, sse3, ssse3, sse4.1, sse4.2, popcnt, lzcnt, tsc, tscinvbit, avx, avx2, aes, erms, clmul, bmi1, bmi2, adx, fma, vzeroupper, clflush, clflushopt, hv, rdtscp, f16c
Processor Information for the first 4 processors :
  Max Mhz: 2712, Current Mhz: 2511, Mhz Limit: 2495

Memory: 4k page, system-wide physical 3970M (189M free)
TotalPageFile size 6530M (AvailPageFile size 0M)
current process WorkingSet (physical memory assigned to process): 82M, peak: 82M
current process commit charge ("private bytes"): 223M, peak: 224M

vm_info: OpenJDK 64-Bit Server VM (21.0.8+9-LTS) for windows-amd64 JRE (21.0.8+9-LTS), built on 2025-07-15T00:00:00Z by "admin" with MS VC++ 17.7 (VS2022)

END.
