#
# There is insufficient memory for the Java Runtime Environment to continue.
# Native memory allocation (malloc) failed to allocate 65552 bytes. Error detail: Chunk::new
# Possible reasons:
#   The system is out of physical RAM or swap space
#   This process is running with CompressedOops enabled, and the Java Heap may be blocking the growth of the native heap
# Possible solutions:
#   Reduce memory load on the system
#   Increase physical memory or swap space
#   Check if swap backing store is full
#   Decrease Java heap size (-Xmx/-Xms)
#   Decrease number of Java threads
#   Decrease Java thread stack sizes (-Xss)
#   Set larger code cache with -XX:ReservedCodeCacheSize=
#   JVM is running with Unscaled Compressed Oops mode in which the Java heap is
#     placed in the first 4GB address space. The Java Heap base address is the
#     maximum limit for the native heap growth. Please use -XX:HeapBaseMinAddress
#     to set the Java Heap base and to place the Java Heap above 4GB virtual address.
# This output file may be truncated or incomplete.
#
#  Out of Memory Error (arena.cpp:168), pid=7172, tid=5384
#
# JRE version: OpenJDK Runtime Environment Temurin-21.0.8+9 (21.0.8+9) (build 21.0.8+9-LTS)
# Java VM: OpenJDK 64-Bit Server VM Temurin-21.0.8+9 (21.0.8+9-LTS, mixed mode, sharing, tiered, compressed oops, compressed class ptrs, parallel gc, windows-amd64)
# No core dump will be written. Minidumps are not enabled by default on client versions of Windows
#

---------------  S U M M A R Y ------------

Command Line: --add-modules=ALL-SYSTEM --add-opens=java.base/java.util=ALL-UNNAMED --add-opens=java.base/java.lang=ALL-UNNAMED --add-opens=java.base/sun.nio.fs=ALL-UNNAMED -Declipse.application=org.eclipse.jdt.ls.core.id1 -Dosgi.bundles.defaultStartLevel=4 -Declipse.product=org.eclipse.jdt.ls.core.product -Djava.import.generatesMetadataFilesAtProjectRoot=false -DDetectVMInstallationsJob.disabled=true -Dfile.encoding=utf8 -XX:+UseParallelGC -XX:GCTimeRatio=4 -XX:AdaptiveSizePolicyWeight=90 -Dsun.zip.disableMemoryMapping=true -Xmx2G -Xms100m -Xlog:disable -javaagent:c:\Users\Lenovo\.vscode\extensions\redhat.java-1.45.0-win32-x64\lombok\lombok-1.18.39-4050.jar -XX:+HeapDumpOnOutOfMemoryError -XX:HeapDumpPath=c:\Users\Lenovo\AppData\Roaming\Code\User\workspaceStorage\31802dcc8a754153dbdba671d90e4e0a\redhat.java -Daether.dependencyCollector.impl=bf c:\Users\Lenovo\.vscode\extensions\redhat.java-1.45.0-win32-x64\server\plugins\org.eclipse.equinox.launcher_1.7.0.v20250519-0528.jar -configuration c:\Users\Lenovo\AppData\Roaming\Code\User\globalStorage\redhat.java\1.45.0\config_win -data c:\Users\Lenovo\AppData\Roaming\Code\User\workspaceStorage\31802dcc8a754153dbdba671d90e4e0a\redhat.java\jdt_ws --pipe=\\.\pipe\lsp-c2768212315b5584155daa5529336d49-sock

Host: Intel(R) Core(TM) i5-7200U CPU @ 2.50GHz, 4 cores, 3G,  Windows 10 , 64 bit Build 19041 (10.0.19041.5915)
Time: Thu Oct  2 20:33:19 2025 India Standard Time elapsed time: 39.454941 seconds (0d 0h 0m 39s)

---------------  T H R E A D  ---------------

Current thread (0x000001f23db67120):  JavaThread "C2 CompilerThread0" daemon [_thread_in_native, id=5384, stack(0x000000045da00000,0x000000045db00000) (1024K)]


Current CompileTask:
C2:39455 7325 %     4       org.lombokweb.asm.ClassReader::readCode @ 2037 (5117 bytes)

Stack: [0x000000045da00000,0x000000045db00000]
Native frames: (J=compiled Java code, j=interpreted, Vv=VM code, C=native code)
V  [jvm.dll+0x6d2449]
V  [jvm.dll+0x8ae341]
V  [jvm.dll+0x8b08be]
V  [jvm.dll+0x8b0fa3]
V  [jvm.dll+0x280c96]
V  [jvm.dll+0xc581d]
V  [jvm.dll+0xc5d53]
V  [jvm.dll+0xc5945]
V  [jvm.dll+0x72828c]
V  [jvm.dll+0x604b57]
V  [jvm.dll+0x5e9cda]
V  [jvm.dll+0x5e6f38]
V  [jvm.dll+0x5e8f88]
V  [jvm.dll+0x5e8cad]
V  [jvm.dll+0x5e836e]
V  [jvm.dll+0x5fa775]
V  [jvm.dll+0x252092]
V  [jvm.dll+0x24aa06]
V  [jvm.dll+0x2483a4]
V  [jvm.dll+0x1c89ee]
V  [jvm.dll+0x257d4d]
V  [jvm.dll+0x2562ea]
V  [jvm.dll+0x3f2d16]
V  [jvm.dll+0x857e6b]
V  [jvm.dll+0x6d0b0d]
C  [ucrtbase.dll+0x21bb2]
C  [KERNEL32.DLL+0x17374]
C  [ntdll.dll+0x4cc91]


---------------  P R O C E S S  ---------------

Threads class SMR info:
_java_thread_list=0x000001f20481dcb0, length=37, elements={
0x000001f22717f730, 0x000001f23db5ddd0, 0x000001f23db5f520, 0x000001f23db60430,
0x000001f23db61340, 0x000001f23db63100, 0x000001f23db65b60, 0x000001f23db67120,
0x000001f23dbe0890, 0x000001f227249c40, 0x000001f27fae8450, 0x000001f20458ee70,
0x000001f204486eb0, 0x000001f2044f13f0, 0x000001f2044f1e20, 0x000001f204bc4010,
0x000001f204a54300, 0x000001f2046a89b0, 0x000001f2046a7c90, 0x000001f2046a96d0,
0x000001f2046a8320, 0x000001f2046a9040, 0x000001f2046a6250, 0x000001f2046a68e0,
0x000001f206df8750, 0x000001f206df73a0, 0x000001f206df45b0, 0x000001f206df3f20,
0x000001f206df7a30, 0x000001f206df80c0, 0x000001f206df8de0, 0x000001f206df9b00,
0x000001f206dfa820, 0x000001f206df6d10, 0x000001f206df9470, 0x000001f206dfa190,
0x000001f207cd9bc0
}

Java Threads: ( => current thread )
  0x000001f22717f730 JavaThread "main"                              [_thread_blocked, id=15596, stack(0x000000045d000000,0x000000045d100000) (1024K)]
  0x000001f23db5ddd0 JavaThread "Reference Handler"          daemon [_thread_blocked, id=11936, stack(0x000000045d400000,0x000000045d500000) (1024K)]
  0x000001f23db5f520 JavaThread "Finalizer"                  daemon [_thread_blocked, id=5300, stack(0x000000045d500000,0x000000045d600000) (1024K)]
  0x000001f23db60430 JavaThread "Signal Dispatcher"          daemon [_thread_blocked, id=2324, stack(0x000000045d600000,0x000000045d700000) (1024K)]
  0x000001f23db61340 JavaThread "Attach Listener"            daemon [_thread_blocked, id=5952, stack(0x000000045d700000,0x000000045d800000) (1024K)]
  0x000001f23db63100 JavaThread "Service Thread"             daemon [_thread_blocked, id=10948, stack(0x000000045d800000,0x000000045d900000) (1024K)]
  0x000001f23db65b60 JavaThread "Monitor Deflation Thread"   daemon [_thread_blocked, id=8124, stack(0x000000045d900000,0x000000045da00000) (1024K)]
=>0x000001f23db67120 JavaThread "C2 CompilerThread0"         daemon [_thread_in_native, id=5384, stack(0x000000045da00000,0x000000045db00000) (1024K)]
  0x000001f23dbe0890 JavaThread "C1 CompilerThread0"         daemon [_thread_blocked, id=6300, stack(0x000000045db00000,0x000000045dc00000) (1024K)]
  0x000001f227249c40 JavaThread "Common-Cleaner"             daemon [_thread_blocked, id=12260, stack(0x000000045dc00000,0x000000045dd00000) (1024K)]
  0x000001f27fae8450 JavaThread "Notification Thread"        daemon [_thread_blocked, id=896, stack(0x000000045dd00000,0x000000045de00000) (1024K)]
  0x000001f20458ee70 JavaThread "Active Thread: Equinox Container: 3e195e8a-a062-4d9b-9bb0-0954daf5826d"        [_thread_blocked, id=15784, stack(0x000000045e100000,0x000000045e200000) (1024K)]
  0x000001f204486eb0 JavaThread "Refresh Thread: Equinox Container: 3e195e8a-a062-4d9b-9bb0-0954daf5826d" daemon [_thread_blocked, id=15452, stack(0x000000045e200000,0x000000045e300000) (1024K)]
  0x000001f2044f13f0 JavaThread "Framework Event Dispatcher: Equinox Container: 3e195e8a-a062-4d9b-9bb0-0954daf5826d" daemon [_thread_blocked, id=12368, stack(0x000000045e300000,0x000000045e400000) (1024K)]
  0x000001f2044f1e20 JavaThread "Start Level: Equinox Container: 3e195e8a-a062-4d9b-9bb0-0954daf5826d" daemon [_thread_blocked, id=9284, stack(0x000000045e400000,0x000000045e500000) (1024K)]
  0x000001f204bc4010 JavaThread "Bundle File Closer"         daemon [_thread_blocked, id=10828, stack(0x000000045e500000,0x000000045e600000) (1024K)]
  0x000001f204a54300 JavaThread "SCR Component Actor"        daemon [_thread_blocked, id=14068, stack(0x000000045e700000,0x000000045e800000) (1024K)]
  0x000001f2046a89b0 JavaThread "Worker-JM"                         [_thread_blocked, id=928, stack(0x000000045e600000,0x000000045e700000) (1024K)]
  0x000001f2046a7c90 JavaThread "JNA Cleaner"                daemon [_thread_blocked, id=14532, stack(0x000000045e900000,0x000000045ea00000) (1024K)]
  0x000001f2046a96d0 JavaThread "Worker-0"                          [_thread_blocked, id=244, stack(0x000000045ea00000,0x000000045eb00000) (1024K)]
  0x000001f2046a8320 JavaThread "Worker-1"                          [_thread_blocked, id=11048, stack(0x000000045eb00000,0x000000045ec00000) (1024K)]
  0x000001f2046a9040 JavaThread "Worker-2"                          [_thread_blocked, id=13448, stack(0x000000045ed00000,0x000000045ee00000) (1024K)]
  0x000001f2046a6250 JavaThread "Java indexing"              daemon [_thread_blocked, id=11088, stack(0x000000045ee00000,0x000000045ef00000) (1024K)]
  0x000001f2046a68e0 JavaThread "Worker-3: Initialize Workspace"        [_thread_in_native, id=15352, stack(0x000000045ef00000,0x000000045f000000) (1024K)]
  0x000001f206df8750 JavaThread "Worker-4"                          [_thread_blocked, id=14364, stack(0x000000045f000000,0x000000045f100000) (1024K)]
  0x000001f206df73a0 JavaThread "Worker-5"                          [_thread_blocked, id=10356, stack(0x000000045f100000,0x000000045f200000) (1024K)]
  0x000001f206df45b0 JavaThread "Thread-2"                   daemon [_thread_in_native, id=8248, stack(0x000000045f200000,0x000000045f300000) (1024K)]
  0x000001f206df3f20 JavaThread "Thread-3"                   daemon [_thread_in_native, id=15100, stack(0x000000045f300000,0x000000045f400000) (1024K)]
  0x000001f206df7a30 JavaThread "Thread-4"                   daemon [_thread_in_native, id=11688, stack(0x000000045f400000,0x000000045f500000) (1024K)]
  0x000001f206df80c0 JavaThread "Thread-5"                   daemon [_thread_in_native, id=6988, stack(0x000000045f500000,0x000000045f600000) (1024K)]
  0x000001f206df8de0 JavaThread "Thread-6"                   daemon [_thread_in_native, id=14808, stack(0x000000045f600000,0x000000045f700000) (1024K)]
  0x000001f206df9b00 JavaThread "pool-2-thread-1"                   [_thread_blocked, id=9500, stack(0x000000045f700000,0x000000045f800000) (1024K)]
  0x000001f206dfa820 JavaThread "WorkspaceEventsHandler"            [_thread_blocked, id=12620, stack(0x000000045f800000,0x000000045f900000) (1024K)]
  0x000001f206df6d10 JavaThread "pool-1-thread-1"                   [_thread_blocked, id=1820, stack(0x000000045f900000,0x000000045fa00000) (1024K)]
  0x000001f206df9470 JavaThread "ForkJoinPool.commonPool-worker-1" daemon [_thread_blocked, id=10228, stack(0x000000045e800000,0x000000045e900000) (1024K)]
  0x000001f206dfa190 JavaThread "ForkJoinPool.commonPool-worker-2" daemon [_thread_blocked, id=10288, stack(0x000000045fa00000,0x000000045fb00000) (1024K)]
  0x000001f207cd9bc0 JavaThread "C2 CompilerThread1"         daemon [_thread_in_native, id=15672, stack(0x000000045ec00000,0x000000045ed00000) (1024K)]
Total: 37

Other Threads:
  0x000001f23db415d0 VMThread "VM Thread"                           [id=7116, stack(0x000000045d300000,0x000000045d400000) (1024K)]
  0x000001f227248a40 WatcherThread "VM Periodic Task Thread"        [id=14640, stack(0x000000045d200000,0x000000045d300000) (1024K)]
  0x000001f22719d500 WorkerThread "GC Thread#0"                     [id=6564, stack(0x000000045d100000,0x000000045d200000) (1024K)]
  0x000001f20452ce90 WorkerThread "GC Thread#1"                     [id=12388, stack(0x000000045de00000,0x000000045df00000) (1024K)]
  0x000001f20452d230 WorkerThread "GC Thread#2"                     [id=7888, stack(0x000000045df00000,0x000000045e000000) (1024K)]
  0x000001f20452d5d0 WorkerThread "GC Thread#3"                     [id=11800, stack(0x000000045e000000,0x000000045e100000) (1024K)]
Total: 6

Threads with active compile tasks:
C2 CompilerThread0  39583 7325 %     4       org.lombokweb.asm.ClassReader::readCode @ 2037 (5117 bytes)
C2 CompilerThread1  39583 7310 %     4       org.lombokweb.asm.SymbolTable::<init> @ 98 (554 bytes)
Total: 2

VM state: not at safepoint (normal execution)

VM Mutex/Monitor currently owned by a thread: None

Heap address: 0x0000000080000000, size: 2048 MB, Compressed Oops mode: 32-bit

CDS archive(s) mapped at: [0x000001f23e000000-0x000001f23eba0000-0x000001f23eba0000), size 12189696, SharedBaseAddress: 0x000001f23e000000, ArchiveRelocationMode: 1.
Compressed class space mapped at: 0x000001f23f000000-0x000001f27f000000, reserved size: 1073741824
Narrow klass base: 0x000001f23e000000, Narrow klass shift: 0, Narrow klass range: 0x100000000

GC Precious Log:
 CardTable entry size: 512
 CPUs: 4 total, 4 available
 Memory: 3970M
 Large Page Support: Disabled
 NUMA Support: Disabled
 Compressed Oops: Enabled (32-bit)
 Alignments: Space 512K, Generation 512K, Heap 2M
 Heap Min Capacity: 100M
 Heap Initial Capacity: 100M
 Heap Max Capacity: 2G
 Pre-touch: Disabled
 Parallel Workers: 4

Heap:
 PSYoungGen      total 17920K, used 2338K [0x00000000d5580000, 0x00000000d6a00000, 0x0000000100000000)
  eden space 16896K, 10% used [0x00000000d5580000,0x00000000d572ae58,0x00000000d6600000)
  from space 1024K, 61% used [0x00000000d6900000,0x00000000d699dc38,0x00000000d6a00000)
  to   space 1024K, 0% used [0x00000000d6800000,0x00000000d6800000,0x00000000d6900000)
 ParOldGen       total 68608K, used 41555K [0x0000000080000000, 0x0000000084300000, 0x00000000d5580000)
  object space 68608K, 60% used [0x0000000080000000,0x0000000082894cf0,0x0000000084300000)
 Metaspace       used 52088K, committed 53248K, reserved 1114112K
  class space    used 5599K, committed 6080K, reserved 1048576K

Card table byte_map: [0x000001f226b60000,0x000001f226f70000] _byte_map_base: 0x000001f226760000

Marking Bits: (ParMarkBitMap*) 0x00007ffc359da340
 Begin Bits: [0x000001f239630000, 0x000001f23b630000)
 End Bits:   [0x000001f23b630000, 0x000001f23d630000)

Polling page: 0x000001f226950000

Metaspace:

Usage:
  Non-class:     45.40 MB used.
      Class:      5.47 MB used.
       Both:     50.87 MB used.

Virtual space:
  Non-class space:       64.00 MB reserved,      46.06 MB ( 72%) committed,  1 nodes.
      Class space:        1.00 GB reserved,       5.94 MB ( <1%) committed,  1 nodes.
             Both:        1.06 GB reserved,      52.00 MB (  5%) committed. 

Chunk freelists:
   Non-Class:  1.84 MB
       Class:  10.06 MB
        Both:  11.91 MB

MaxMetaspaceSize: unlimited
CompressedClassSpaceSize: 1.00 GB
Initial GC threshold: 21.00 MB
Current GC threshold: 58.38 MB
CDS: on
 - commit_granule_bytes: 65536.
 - commit_granule_words: 8192.
 - virtual_space_node_default_size: 8388608.
 - enlarge_chunks_in_place: 1.
 - use_allocation_guard: 0.


Internal statistics:

num_allocs_failed_limit: 6.
num_arena_births: 870.
num_arena_deaths: 14.
num_vsnodes_births: 2.
num_vsnodes_deaths: 0.
num_space_committed: 832.
num_space_uncommitted: 0.
num_chunks_returned_to_freelist: 20.
num_chunks_taken_from_freelist: 3126.
num_chunk_merges: 10.
num_chunk_splits: 2002.
num_chunks_enlarged: 1215.
num_inconsistent_stats: 0.

CodeHeap 'non-profiled nmethods': size=120000Kb used=3896Kb max_used=3896Kb free=116103Kb
 bounds [0x000001f231e50000, 0x000001f232220000, 0x000001f239380000]
CodeHeap 'profiled nmethods': size=120000Kb used=13771Kb max_used=13771Kb free=106228Kb
 bounds [0x000001f22a380000, 0x000001f22b100000, 0x000001f2318b0000]
CodeHeap 'non-nmethods': size=5760Kb used=1394Kb max_used=1475Kb free=4365Kb
 bounds [0x000001f2318b0000, 0x000001f231b20000, 0x000001f231e50000]
CodeCache: size=245760Kb, used=19061Kb, max_used=19142Kb, free=226696Kb
 total_blobs=7464, nmethods=6759, adapters=611, full_count=0
Compilation: enabled, stopped_count=0, restarted_count=0

Compilation events (20 events):
Event: 39.358 Thread 0x000001f23dbe0890 7321       3       org.lombokweb.asm.ClassReader::readCode (5117 bytes)
Event: 39.362 Thread 0x000001f23db67120 nmethod 7292 0x000001f232217710 code [0x000001f232217d40, 0x000001f232219c28]
Event: 39.362 Thread 0x000001f23db67120 7320       4       java.lang.Integer::valueOf (32 bytes)
Event: 39.364 Thread 0x000001f23db67120 nmethod 7320 0x000001f23221b490 code [0x000001f23221b620, 0x000001f23221b710]
Event: 39.364 Thread 0x000001f23db67120 7315       4       java.util.Arrays$ArrayItr::hasNext (18 bytes)
Event: 39.365 Thread 0x000001f23db67120 nmethod 7315 0x000001f23221b810 code [0x000001f23221b9a0, 0x000001f23221ba58]
Event: 39.365 Thread 0x000001f23db67120 7318       4       java.util.Arrays$ArrayItr::next (36 bytes)
Event: 39.366 Thread 0x000001f23db67120 nmethod 7318 0x000001f23221bb10 code [0x000001f23221bca0, 0x000001f23221bd90]
Event: 39.366 Thread 0x000001f23db67120 7291       4       org.lombokweb.asm.MethodWriter::hasFrames (13 bytes)
Event: 39.367 Thread 0x000001f23db67120 nmethod 7291 0x000001f23221be90 code [0x000001f23221c020, 0x000001f23221c0c0]
Event: 39.367 Thread 0x000001f23db67120 7304       4       org.lombokweb.asm.SymbolTable::addConstantUtf8Reference (20 bytes)
Event: 39.372 Thread 0x000001f23db67120 nmethod 7304 0x000001f23221c190 code [0x000001f23221c340, 0x000001f23221c628]
Event: 39.373 Thread 0x000001f23db67120 7322       4       org.lombokweb.asm.Label::resolve (259 bytes)
Event: 39.380 Thread 0x000001f23db67120 nmethod 7322 0x000001f23221c890 code [0x000001f23221ca40, 0x000001f23221ce28]
Event: 39.381 Thread 0x000001f23db67120 7323       4       org.lombokweb.asm.MethodVisitor::visitVarInsn (17 bytes)
Event: 39.391 Thread 0x000001f23dbe0890 nmethod 7321 0x000001f22b0ce410 code [0x000001f22b0cf960, 0x000001f22b0e02d8]
Event: 39.391 Thread 0x000001f23db67120 nmethod 7323 0x000001f23221d010 code [0x000001f23221d200, 0x000001f23221d7c8]
Event: 39.391 Thread 0x000001f23db67120 7324       4       org.lombokweb.asm.ClassReader::createDebugLabel (23 bytes)
Event: 39.394 Thread 0x000001f23db67120 nmethod 7324 0x000001f23221dc10 code [0x000001f23221dda0, 0x000001f23221df18]
Event: 39.394 Thread 0x000001f23db67120 7325 %     4       org.lombokweb.asm.ClassReader::readCode @ 2037 (5117 bytes)

GC Heap History (20 events):
Event: 36.380 GC heap before
{Heap before GC invocations=21 (full 2):
 PSYoungGen      total 22528K, used 22528K [0x00000000d5580000, 0x00000000d6f80000, 0x0000000100000000)
  eden space 22016K, 100% used [0x00000000d5580000,0x00000000d6b00000,0x00000000d6b00000)
  from space 512K, 100% used [0x00000000d6f00000,0x00000000d6f80000,0x00000000d6f80000)
  to   space 2048K, 0% used [0x00000000d6b80000,0x00000000d6b80000,0x00000000d6d80000)
 ParOldGen       total 68608K, used 22894K [0x0000000080000000, 0x0000000084300000, 0x00000000d5580000)
  object space 68608K, 33% used [0x0000000080000000,0x000000008165b898,0x0000000084300000)
 Metaspace       used 46924K, committed 48128K, reserved 1114112K
  class space    used 5087K, committed 5568K, reserved 1048576K
}
Event: 36.384 GC heap after
{Heap after GC invocations=21 (full 2):
 PSYoungGen      total 24064K, used 1664K [0x00000000d5580000, 0x00000000d6f80000, 0x0000000100000000)
  eden space 22016K, 0% used [0x00000000d5580000,0x00000000d5580000,0x00000000d6b00000)
  from space 2048K, 81% used [0x00000000d6b80000,0x00000000d6d20030,0x00000000d6d80000)
  to   space 2048K, 0% used [0x00000000d6d80000,0x00000000d6d80000,0x00000000d6f80000)
 ParOldGen       total 68608K, used 23393K [0x0000000080000000, 0x0000000084300000, 0x00000000d5580000)
  object space 68608K, 34% used [0x0000000080000000,0x00000000816d8728,0x0000000084300000)
 Metaspace       used 46924K, committed 48128K, reserved 1114112K
  class space    used 5087K, committed 5568K, reserved 1048576K
}
Event: 36.474 GC heap before
{Heap before GC invocations=22 (full 2):
 PSYoungGen      total 24064K, used 23680K [0x00000000d5580000, 0x00000000d6f80000, 0x0000000100000000)
  eden space 22016K, 100% used [0x00000000d5580000,0x00000000d6b00000,0x00000000d6b00000)
  from space 2048K, 81% used [0x00000000d6b80000,0x00000000d6d20030,0x00000000d6d80000)
  to   space 2048K, 0% used [0x00000000d6d80000,0x00000000d6d80000,0x00000000d6f80000)
 ParOldGen       total 68608K, used 23393K [0x0000000080000000, 0x0000000084300000, 0x00000000d5580000)
  object space 68608K, 34% used [0x0000000080000000,0x00000000816d8728,0x0000000084300000)
 Metaspace       used 46926K, committed 48128K, reserved 1114112K
  class space    used 5087K, committed 5568K, reserved 1048576K
}
Event: 36.480 GC heap after
{Heap after GC invocations=22 (full 2):
 PSYoungGen      total 24064K, used 1984K [0x00000000d5580000, 0x00000000d6f80000, 0x0000000100000000)
  eden space 22016K, 0% used [0x00000000d5580000,0x00000000d5580000,0x00000000d6b00000)
  from space 2048K, 96% used [0x00000000d6d80000,0x00000000d6f70010,0x00000000d6f80000)
  to   space 2048K, 0% used [0x00000000d6b80000,0x00000000d6b80000,0x00000000d6d80000)
 ParOldGen       total 68608K, used 25007K [0x0000000080000000, 0x0000000084300000, 0x00000000d5580000)
  object space 68608K, 36% used [0x0000000080000000,0x000000008186bd30,0x0000000084300000)
 Metaspace       used 46926K, committed 48128K, reserved 1114112K
  class space    used 5087K, committed 5568K, reserved 1048576K
}
Event: 36.657 GC heap before
{Heap before GC invocations=23 (full 2):
 PSYoungGen      total 24064K, used 24000K [0x00000000d5580000, 0x00000000d6f80000, 0x0000000100000000)
  eden space 22016K, 100% used [0x00000000d5580000,0x00000000d6b00000,0x00000000d6b00000)
  from space 2048K, 96% used [0x00000000d6d80000,0x00000000d6f70010,0x00000000d6f80000)
  to   space 2048K, 0% used [0x00000000d6b80000,0x00000000d6b80000,0x00000000d6d80000)
 ParOldGen       total 68608K, used 25007K [0x0000000080000000, 0x0000000084300000, 0x00000000d5580000)
  object space 68608K, 36% used [0x0000000080000000,0x000000008186bd30,0x0000000084300000)
 Metaspace       used 47339K, committed 48448K, reserved 1114112K
  class space    used 5148K, committed 5632K, reserved 1048576K
}
Event: 36.663 GC heap after
{Heap after GC invocations=23 (full 2):
 PSYoungGen      total 24064K, used 2018K [0x00000000d5580000, 0x00000000d7400000, 0x0000000100000000)
  eden space 22016K, 0% used [0x00000000d5580000,0x00000000d5580000,0x00000000d6b00000)
  from space 2048K, 98% used [0x00000000d6b80000,0x00000000d6d78820,0x00000000d6d80000)
  to   space 4608K, 0% used [0x00000000d6f80000,0x00000000d6f80000,0x00000000d7400000)
 ParOldGen       total 68608K, used 27151K [0x0000000080000000, 0x0000000084300000, 0x00000000d5580000)
  object space 68608K, 39% used [0x0000000080000000,0x0000000081a83d30,0x0000000084300000)
 Metaspace       used 47339K, committed 48448K, reserved 1114112K
  class space    used 5148K, committed 5632K, reserved 1048576K
}
Event: 36.859 GC heap before
{Heap before GC invocations=24 (full 2):
 PSYoungGen      total 24064K, used 24034K [0x00000000d5580000, 0x00000000d7400000, 0x0000000100000000)
  eden space 22016K, 100% used [0x00000000d5580000,0x00000000d6b00000,0x00000000d6b00000)
  from space 2048K, 98% used [0x00000000d6b80000,0x00000000d6d78820,0x00000000d6d80000)
  to   space 4608K, 0% used [0x00000000d6f80000,0x00000000d6f80000,0x00000000d7400000)
 ParOldGen       total 68608K, used 27151K [0x0000000080000000, 0x0000000084300000, 0x00000000d5580000)
  object space 68608K, 39% used [0x0000000080000000,0x0000000081a83d30,0x0000000084300000)
 Metaspace       used 47360K, committed 48512K, reserved 1114112K
  class space    used 5148K, committed 5632K, reserved 1048576K
}
Event: 36.866 GC heap after
{Heap after GC invocations=24 (full 2):
 PSYoungGen      total 24064K, used 2016K [0x00000000d5580000, 0x00000000d7180000, 0x0000000100000000)
  eden space 22016K, 0% used [0x00000000d5580000,0x00000000d5580000,0x00000000d6b00000)
  from space 2048K, 98% used [0x00000000d6f80000,0x00000000d7178000,0x00000000d7180000)
  to   space 3072K, 0% used [0x00000000d6b80000,0x00000000d6b80000,0x00000000d6e80000)
 ParOldGen       total 68608K, used 29117K [0x0000000080000000, 0x0000000084300000, 0x00000000d5580000)
  object space 68608K, 42% used [0x0000000080000000,0x0000000081c6f680,0x0000000084300000)
 Metaspace       used 47360K, committed 48512K, reserved 1114112K
  class space    used 5148K, committed 5632K, reserved 1048576K
}
Event: 36.986 GC heap before
{Heap before GC invocations=25 (full 2):
 PSYoungGen      total 24064K, used 24032K [0x00000000d5580000, 0x00000000d7180000, 0x0000000100000000)
  eden space 22016K, 100% used [0x00000000d5580000,0x00000000d6b00000,0x00000000d6b00000)
  from space 2048K, 98% used [0x00000000d6f80000,0x00000000d7178000,0x00000000d7180000)
  to   space 3072K, 0% used [0x00000000d6b80000,0x00000000d6b80000,0x00000000d6e80000)
 ParOldGen       total 68608K, used 29117K [0x0000000080000000, 0x0000000084300000, 0x00000000d5580000)
  object space 68608K, 42% used [0x0000000080000000,0x0000000081c6f680,0x0000000084300000)
 Metaspace       used 47368K, committed 48512K, reserved 1114112K
  class space    used 5148K, committed 5632K, reserved 1048576K
}
Event: 36.994 GC heap after
{Heap after GC invocations=25 (full 2):
 PSYoungGen      total 24576K, used 2116K [0x00000000d5580000, 0x00000000d7000000, 0x0000000100000000)
  eden space 22016K, 0% used [0x00000000d5580000,0x00000000d5580000,0x00000000d6b00000)
  from space 2560K, 82% used [0x00000000d6b80000,0x00000000d6d91000,0x00000000d6e00000)
  to   space 2048K, 0% used [0x00000000d6e00000,0x00000000d6e00000,0x00000000d7000000)
 ParOldGen       total 68608K, used 31012K [0x0000000080000000, 0x0000000084300000, 0x00000000d5580000)
  object space 68608K, 45% used [0x0000000080000000,0x0000000081e49030,0x0000000084300000)
 Metaspace       used 47368K, committed 48512K, reserved 1114112K
  class space    used 5148K, committed 5632K, reserved 1048576K
}
Event: 37.139 GC heap before
{Heap before GC invocations=26 (full 2):
 PSYoungGen      total 24576K, used 24132K [0x00000000d5580000, 0x00000000d7000000, 0x0000000100000000)
  eden space 22016K, 100% used [0x00000000d5580000,0x00000000d6b00000,0x00000000d6b00000)
  from space 2560K, 82% used [0x00000000d6b80000,0x00000000d6d91000,0x00000000d6e00000)
  to   space 2048K, 0% used [0x00000000d6e00000,0x00000000d6e00000,0x00000000d7000000)
 ParOldGen       total 68608K, used 31012K [0x0000000080000000, 0x0000000084300000, 0x00000000d5580000)
  object space 68608K, 45% used [0x0000000080000000,0x0000000081e49030,0x0000000084300000)
 Metaspace       used 47443K, committed 48640K, reserved 1114112K
  class space    used 5151K, committed 5696K, reserved 1048576K
}
Event: 37.148 GC heap after
{Heap after GC invocations=26 (full 2):
 PSYoungGen      total 22016K, used 2016K [0x00000000d5580000, 0x00000000d7500000, 0x0000000100000000)
  eden space 19968K, 0% used [0x00000000d5580000,0x00000000d5580000,0x00000000d6900000)
  from space 2048K, 98% used [0x00000000d6e00000,0x00000000d6ff8030,0x00000000d7000000)
  to   space 5120K, 0% used [0x00000000d6900000,0x00000000d6900000,0x00000000d6e00000)
 ParOldGen       total 68608K, used 33329K [0x0000000080000000, 0x0000000084300000, 0x00000000d5580000)
  object space 68608K, 48% used [0x0000000080000000,0x000000008208c6b8,0x0000000084300000)
 Metaspace       used 47443K, committed 48640K, reserved 1114112K
  class space    used 5151K, committed 5696K, reserved 1048576K
}
Event: 37.365 GC heap before
{Heap before GC invocations=27 (full 2):
 PSYoungGen      total 22016K, used 21984K [0x00000000d5580000, 0x00000000d7500000, 0x0000000100000000)
  eden space 19968K, 100% used [0x00000000d5580000,0x00000000d6900000,0x00000000d6900000)
  from space 2048K, 98% used [0x00000000d6e00000,0x00000000d6ff8030,0x00000000d7000000)
  to   space 5120K, 0% used [0x00000000d6900000,0x00000000d6900000,0x00000000d6e00000)
 ParOldGen       total 68608K, used 33329K [0x0000000080000000, 0x0000000084300000, 0x00000000d5580000)
  object space 68608K, 48% used [0x0000000080000000,0x000000008208c6b8,0x0000000084300000)
 Metaspace       used 47669K, committed 48896K, reserved 1114112K
  class space    used 5160K, committed 5696K, reserved 1048576K
}
Event: 37.372 GC heap after
{Heap after GC invocations=27 (full 2):
 PSYoungGen      total 22016K, used 1912K [0x00000000d5580000, 0x00000000d6f00000, 0x0000000100000000)
  eden space 19968K, 0% used [0x00000000d5580000,0x00000000d5580000,0x00000000d6900000)
  from space 2048K, 93% used [0x00000000d6900000,0x00000000d6ade200,0x00000000d6b00000)
  to   space 3072K, 0% used [0x00000000d6c00000,0x00000000d6c00000,0x00000000d6f00000)
 ParOldGen       total 68608K, used 35161K [0x0000000080000000, 0x0000000084300000, 0x00000000d5580000)
  object space 68608K, 51% used [0x0000000080000000,0x00000000822566c8,0x0000000084300000)
 Metaspace       used 47669K, committed 48896K, reserved 1114112K
  class space    used 5160K, committed 5696K, reserved 1048576K
}
Event: 38.097 GC heap before
{Heap before GC invocations=28 (full 2):
 PSYoungGen      total 22016K, used 21880K [0x00000000d5580000, 0x00000000d6f00000, 0x0000000100000000)
  eden space 19968K, 100% used [0x00000000d5580000,0x00000000d6900000,0x00000000d6900000)
  from space 2048K, 93% used [0x00000000d6900000,0x00000000d6ade200,0x00000000d6b00000)
  to   space 3072K, 0% used [0x00000000d6c00000,0x00000000d6c00000,0x00000000d6f00000)
 ParOldGen       total 68608K, used 35161K [0x0000000080000000, 0x0000000084300000, 0x00000000d5580000)
  object space 68608K, 51% used [0x0000000080000000,0x00000000822566c8,0x0000000084300000)
 Metaspace       used 49687K, committed 50816K, reserved 1114112K
  class space    used 5360K, committed 5824K, reserved 1048576K
}
Event: 38.108 GC heap after
{Heap after GC invocations=28 (full 2):
 PSYoungGen      total 19968K, used 3051K [0x00000000d5580000, 0x00000000d7500000, 0x0000000100000000)
  eden space 16896K, 0% used [0x00000000d5580000,0x00000000d5580000,0x00000000d6600000)
  from space 3072K, 99% used [0x00000000d6c00000,0x00000000d6efacc8,0x00000000d6f00000)
  to   space 6144K, 0% used [0x00000000d6600000,0x00000000d6600000,0x00000000d6c00000)
 ParOldGen       total 68608K, used 37337K [0x0000000080000000, 0x0000000084300000, 0x00000000d5580000)
  object space 68608K, 54% used [0x0000000080000000,0x0000000082476448,0x0000000084300000)
 Metaspace       used 49687K, committed 50816K, reserved 1114112K
  class space    used 5360K, committed 5824K, reserved 1048576K
}
Event: 38.735 GC heap before
{Heap before GC invocations=29 (full 2):
 PSYoungGen      total 19968K, used 19947K [0x00000000d5580000, 0x00000000d7500000, 0x0000000100000000)
  eden space 16896K, 100% used [0x00000000d5580000,0x00000000d6600000,0x00000000d6600000)
  from space 3072K, 99% used [0x00000000d6c00000,0x00000000d6efacc8,0x00000000d6f00000)
  to   space 6144K, 0% used [0x00000000d6600000,0x00000000d6600000,0x00000000d6c00000)
 ParOldGen       total 68608K, used 37337K [0x0000000080000000, 0x0000000084300000, 0x00000000d5580000)
  object space 68608K, 54% used [0x0000000080000000,0x0000000082476448,0x0000000084300000)
 Metaspace       used 50542K, committed 51712K, reserved 1114112K
  class space    used 5472K, committed 5952K, reserved 1048576K
}
Event: 38.742 GC heap after
{Heap after GC invocations=29 (full 2):
 PSYoungGen      total 17408K, used 320K [0x00000000d5580000, 0x00000000d6c80000, 0x0000000100000000)
  eden space 16896K, 0% used [0x00000000d5580000,0x00000000d5580000,0x00000000d6600000)
  from space 512K, 62% used [0x00000000d6600000,0x00000000d6650000,0x00000000d6680000)
  to   space 2560K, 0% used [0x00000000d6a00000,0x00000000d6a00000,0x00000000d6c80000)
 ParOldGen       total 68608K, used 40353K [0x0000000080000000, 0x0000000084300000, 0x00000000d5580000)
  object space 68608K, 58% used [0x0000000080000000,0x0000000082768610,0x0000000084300000)
 Metaspace       used 50542K, committed 51712K, reserved 1114112K
  class space    used 5472K, committed 5952K, reserved 1048576K
}
Event: 39.235 GC heap before
{Heap before GC invocations=30 (full 2):
 PSYoungGen      total 17408K, used 17216K [0x00000000d5580000, 0x00000000d6c80000, 0x0000000100000000)
  eden space 16896K, 100% used [0x00000000d5580000,0x00000000d6600000,0x00000000d6600000)
  from space 512K, 62% used [0x00000000d6600000,0x00000000d6650000,0x00000000d6680000)
  to   space 2560K, 0% used [0x00000000d6a00000,0x00000000d6a00000,0x00000000d6c80000)
 ParOldGen       total 68608K, used 40353K [0x0000000080000000, 0x0000000084300000, 0x00000000d5580000)
  object space 68608K, 58% used [0x0000000080000000,0x0000000082768610,0x0000000084300000)
 Metaspace       used 51737K, committed 52928K, reserved 1114112K
  class space    used 5581K, committed 6080K, reserved 1048576K
}
Event: 39.240 GC heap after
{Heap after GC invocations=30 (full 2):
 PSYoungGen      total 18432K, used 1443K [0x00000000d5580000, 0x00000000d6b80000, 0x0000000100000000)
  eden space 16896K, 0% used [0x00000000d5580000,0x00000000d5580000,0x00000000d6600000)
  from space 1536K, 93% used [0x00000000d6a00000,0x00000000d6b68e08,0x00000000d6b80000)
  to   space 2048K, 0% used [0x00000000d6780000,0x00000000d6780000,0x00000000d6980000)
 ParOldGen       total 68608K, used 40569K [0x0000000080000000, 0x0000000084300000, 0x00000000d5580000)
  object space 68608K, 59% used [0x0000000080000000,0x000000008279e610,0x0000000084300000)
 Metaspace       used 51737K, committed 52928K, reserved 1114112K
  class space    used 5581K, committed 6080K, reserved 1048576K
}

Dll operation events (10 events):
Event: 0.018 Loaded shared library c:\Users\Lenovo\.vscode\extensions\redhat.java-1.45.0-win32-x64\jre\21.0.8-win32-x86_64\bin\java.dll
Event: 0.265 Loaded shared library c:\Users\Lenovo\.vscode\extensions\redhat.java-1.45.0-win32-x64\jre\21.0.8-win32-x86_64\bin\zip.dll
Event: 0.393 Loaded shared library C:\Users\Lenovo\.vscode\extensions\redhat.java-1.45.0-win32-x64\jre\21.0.8-win32-x86_64\bin\instrument.dll
Event: 0.426 Loaded shared library C:\Users\Lenovo\.vscode\extensions\redhat.java-1.45.0-win32-x64\jre\21.0.8-win32-x86_64\bin\net.dll
Event: 0.432 Loaded shared library C:\Users\Lenovo\.vscode\extensions\redhat.java-1.45.0-win32-x64\jre\21.0.8-win32-x86_64\bin\nio.dll
Event: 0.441 Loaded shared library C:\Users\Lenovo\.vscode\extensions\redhat.java-1.45.0-win32-x64\jre\21.0.8-win32-x86_64\bin\zip.dll
Event: 0.514 Loaded shared library C:\Users\Lenovo\.vscode\extensions\redhat.java-1.45.0-win32-x64\jre\21.0.8-win32-x86_64\bin\jimage.dll
Event: 0.967 Loaded shared library c:\Users\Lenovo\.vscode\extensions\redhat.java-1.45.0-win32-x64\jre\21.0.8-win32-x86_64\bin\verify.dll
Event: 9.882 Loaded shared library C:\Users\Lenovo\AppData\Roaming\Code\User\globalStorage\redhat.java\1.45.0\config_win\org.eclipse.equinox.launcher\org.eclipse.equinox.launcher.win32.win32.x86_64_1.2.1400.v20250801-0854\eclipse_11916.dll
Event: 26.498 Loaded shared library C:\Users\Lenovo\AppData\Local\Temp\jna--2022488749\jna13048339560596103600.dll

Deoptimization events (20 events):
Event: 38.531 Thread 0x000001f2046a68e0 DEOPT PACKING pc=0x000001f22a9bbf39 sp=0x000000045effb9b0
Event: 38.532 Thread 0x000001f2046a68e0 DEOPT UNPACKING pc=0x000001f231904242 sp=0x000000045effaeb0 mode 0
Event: 38.929 Thread 0x000001f2046a68e0 DEOPT PACKING pc=0x000001f22a9bbf39 sp=0x000000045effc530
Event: 38.929 Thread 0x000001f2046a68e0 DEOPT UNPACKING pc=0x000001f231904242 sp=0x000000045effba30 mode 0
Event: 39.322 Thread 0x000001f2046a68e0 Uncommon trap: trap_request=0xffffffde fr.pc=0x000001f232024ec0 relative=0x00000000000069e0
Event: 39.322 Thread 0x000001f2046a68e0 Uncommon trap: reason=class_check action=maybe_recompile pc=0x000001f232024ec0 method=lombok.patcher.PatchScript$MethodPatcher.visitMethod(ILjava/lang/String;Ljava/lang/String;Ljava/lang/String;[Ljava/lang/String;)Lorg/lombokweb/asm/MethodVisitor; @ 101 c
Event: 39.322 Thread 0x000001f2046a68e0 DEOPT PACKING pc=0x000001f232024ec0 sp=0x000000045effa6e0
Event: 39.322 Thread 0x000001f2046a68e0 DEOPT UNPACKING pc=0x000001f231903aa2 sp=0x000000045effa648 mode 2
Event: 39.322 Thread 0x000001f2046a68e0 Uncommon trap: trap_request=0xffffffde fr.pc=0x000001f232024ec0 relative=0x00000000000069e0
Event: 39.322 Thread 0x000001f2046a68e0 Uncommon trap: reason=class_check action=maybe_recompile pc=0x000001f232024ec0 method=lombok.patcher.PatchScript$MethodPatcher.visitMethod(ILjava/lang/String;Ljava/lang/String;Ljava/lang/String;[Ljava/lang/String;)Lorg/lombokweb/asm/MethodVisitor; @ 101 c
Event: 39.322 Thread 0x000001f2046a68e0 DEOPT PACKING pc=0x000001f232024ec0 sp=0x000000045effa6e0
Event: 39.322 Thread 0x000001f2046a68e0 DEOPT UNPACKING pc=0x000001f231903aa2 sp=0x000000045effa648 mode 2
Event: 39.322 Thread 0x000001f2046a68e0 Uncommon trap: trap_request=0xffffffde fr.pc=0x000001f232024ec0 relative=0x00000000000069e0
Event: 39.322 Thread 0x000001f2046a68e0 Uncommon trap: reason=class_check action=maybe_recompile pc=0x000001f232024ec0 method=lombok.patcher.PatchScript$MethodPatcher.visitMethod(ILjava/lang/String;Ljava/lang/String;Ljava/lang/String;[Ljava/lang/String;)Lorg/lombokweb/asm/MethodVisitor; @ 101 c
Event: 39.322 Thread 0x000001f2046a68e0 DEOPT PACKING pc=0x000001f232024ec0 sp=0x000000045effa6e0
Event: 39.322 Thread 0x000001f2046a68e0 DEOPT UNPACKING pc=0x000001f231903aa2 sp=0x000000045effa648 mode 2
Event: 39.322 Thread 0x000001f2046a68e0 Uncommon trap: trap_request=0xffffffde fr.pc=0x000001f232024ec0 relative=0x00000000000069e0
Event: 39.322 Thread 0x000001f2046a68e0 Uncommon trap: reason=class_check action=maybe_recompile pc=0x000001f232024ec0 method=lombok.patcher.PatchScript$MethodPatcher.visitMethod(ILjava/lang/String;Ljava/lang/String;Ljava/lang/String;[Ljava/lang/String;)Lorg/lombokweb/asm/MethodVisitor; @ 101 c
Event: 39.322 Thread 0x000001f2046a68e0 DEOPT PACKING pc=0x000001f232024ec0 sp=0x000000045effa6e0
Event: 39.322 Thread 0x000001f2046a68e0 DEOPT UNPACKING pc=0x000001f231903aa2 sp=0x000000045effa648 mode 2

Classes loaded (20 events):
Event: 37.294 Loading class sun/util/resources/OpenListResourceBundle
Event: 37.294 Loading class sun/util/resources/OpenListResourceBundle done
Event: 37.294 Loading class sun/util/resources/TimeZoneNamesBundle done
Event: 37.294 Loading class sun/util/resources/cldr/TimeZoneNames done
Event: 37.294 Loading class sun/util/resources/cldr/TimeZoneNames_en
Event: 37.296 Loading class sun/util/resources/cldr/TimeZoneNames_en done
Event: 37.296 Loading class sun/util/resources/cldr/TimeZoneNames_en_US
Event: 37.296 Loading class sun/util/resources/cldr/TimeZoneNames_en_US done
Event: 37.299 Loading class sun/util/cldr/CLDRBaseLocaleDataMetaInfo$TZCanonicalIDMapHolder
Event: 37.301 Loading class sun/util/cldr/CLDRBaseLocaleDataMetaInfo$TZCanonicalIDMapHolder done
Event: 37.303 Loading class sun/util/resources/TimeZoneNames
Event: 37.304 Loading class sun/util/resources/TimeZoneNames done
Event: 37.305 Loading class sun/util/resources/TimeZoneNames_en
Event: 37.305 Loading class sun/util/resources/TimeZoneNames_en done
Event: 37.593 Loading class java/lang/UnsupportedClassVersionError
Event: 37.593 Loading class java/lang/UnsupportedClassVersionError done
Event: 38.541 Loading class java/util/Vector$1
Event: 38.541 Loading class java/util/Vector$1 done
Event: 39.039 Loading class java/util/regex/Pattern$Caret
Event: 39.040 Loading class java/util/regex/Pattern$Caret done

Classes unloaded (7 events):
Event: 29.230 Thread 0x000001f23db415d0 Unloading class 0x000001f23f1ab000 'java/lang/invoke/LambdaForm$MH+0x000001f23f1ab000'
Event: 29.230 Thread 0x000001f23db415d0 Unloading class 0x000001f23f1aac00 'java/lang/invoke/LambdaForm$MH+0x000001f23f1aac00'
Event: 29.230 Thread 0x000001f23db415d0 Unloading class 0x000001f23f1aa800 'java/lang/invoke/LambdaForm$MH+0x000001f23f1aa800'
Event: 29.230 Thread 0x000001f23db415d0 Unloading class 0x000001f23f1aa400 'java/lang/invoke/LambdaForm$MH+0x000001f23f1aa400'
Event: 29.230 Thread 0x000001f23db415d0 Unloading class 0x000001f23f1aa000 'java/lang/invoke/LambdaForm$BMH+0x000001f23f1aa000'
Event: 29.230 Thread 0x000001f23db415d0 Unloading class 0x000001f23f1a9c00 'java/lang/invoke/LambdaForm$DMH+0x000001f23f1a9c00'
Event: 29.230 Thread 0x000001f23db415d0 Unloading class 0x000001f23f1a8800 'java/lang/invoke/LambdaForm$DMH+0x000001f23f1a8800'

Classes redefined (0 events):
No events

Internal exceptions (20 events):
Event: 35.866 Thread 0x000001f2046a68e0 Exception <a 'sun/nio/fs/WindowsException'{0x00000000d594b7f0}> (0x00000000d594b7f0) 
thrown [s\src\hotspot\share\prims\jni.cpp, line 520]
Event: 35.867 Thread 0x000001f2046a68e0 Exception <a 'sun/nio/fs/WindowsException'{0x00000000d594ecd8}> (0x00000000d594ecd8) 
thrown [s\src\hotspot\share\prims\jni.cpp, line 520]
Event: 35.868 Thread 0x000001f2046a68e0 Exception <a 'sun/nio/fs/WindowsException'{0x00000000d59521c0}> (0x00000000d59521c0) 
thrown [s\src\hotspot\share\prims\jni.cpp, line 520]
Event: 35.869 Thread 0x000001f2046a68e0 Exception <a 'sun/nio/fs/WindowsException'{0x00000000d59559b8}> (0x00000000d59559b8) 
thrown [s\src\hotspot\share\prims\jni.cpp, line 520]
Event: 35.871 Thread 0x000001f2046a68e0 Exception <a 'sun/nio/fs/WindowsException'{0x00000000d59591b0}> (0x00000000d59591b0) 
thrown [s\src\hotspot\share\prims\jni.cpp, line 520]
Event: 35.872 Thread 0x000001f2046a68e0 Exception <a 'sun/nio/fs/WindowsException'{0x00000000d595c9a8}> (0x00000000d595c9a8) 
thrown [s\src\hotspot\share\prims\jni.cpp, line 520]
Event: 35.873 Thread 0x000001f2046a68e0 Exception <a 'sun/nio/fs/WindowsException'{0x00000000d595fe90}> (0x00000000d595fe90) 
thrown [s\src\hotspot\share\prims\jni.cpp, line 520]
Event: 35.874 Thread 0x000001f2046a68e0 Exception <a 'sun/nio/fs/WindowsException'{0x00000000d5963910}> (0x00000000d5963910) 
thrown [s\src\hotspot\share\prims\jni.cpp, line 520]
Event: 35.875 Thread 0x000001f2046a68e0 Exception <a 'sun/nio/fs/WindowsException'{0x00000000d5966e10}> (0x00000000d5966e10) 
thrown [s\src\hotspot\share\prims\jni.cpp, line 520]
Event: 35.876 Thread 0x000001f2046a68e0 Exception <a 'sun/nio/fs/WindowsException'{0x00000000d596a000}> (0x00000000d596a000) 
thrown [s\src\hotspot\share\prims\jni.cpp, line 520]
Event: 35.877 Thread 0x000001f2046a68e0 Exception <a 'sun/nio/fs/WindowsException'{0x00000000d596cf98}> (0x00000000d596cf98) 
thrown [s\src\hotspot\share\prims\jni.cpp, line 520]
Event: 35.877 Thread 0x000001f2046a68e0 Exception <a 'sun/nio/fs/WindowsException'{0x00000000d59701a0}> (0x00000000d59701a0) 
thrown [s\src\hotspot\share\prims\jni.cpp, line 520]
Event: 35.878 Thread 0x000001f2046a68e0 Exception <a 'sun/nio/fs/WindowsException'{0x00000000d5973918}> (0x00000000d5973918) 
thrown [s\src\hotspot\share\prims\jni.cpp, line 520]
Event: 35.879 Thread 0x000001f2046a68e0 Exception <a 'sun/nio/fs/WindowsException'{0x00000000d5976dd8}> (0x00000000d5976dd8) 
thrown [s\src\hotspot\share\prims\jni.cpp, line 520]
Event: 35.880 Thread 0x000001f2046a68e0 Exception <a 'sun/nio/fs/WindowsException'{0x00000000d597a4d0}> (0x00000000d597a4d0) 
thrown [s\src\hotspot\share\prims\jni.cpp, line 520]
Event: 35.959 Thread 0x000001f2046a68e0 Implicit null exception at 0x000001f2320b3331 to 0x000001f2320b3638
Event: 35.961 Thread 0x000001f2046a68e0 Exception <a 'java/lang/NoSuchMethodError'{0x00000000d5b79570}: 'java.lang.Object java.lang.invoke.DelegatingMethodHandle$Holder.reinvoke_L(java.lang.Object, int, long, java.lang.Object, java.lang.Object, int, java.lang.Object)'> (0x00000000d5b79570) 
thrown [s\src\hotspot\share\interpreter\linkResolver.cpp, line 773]
Event: 36.197 Thread 0x000001f2046a68e0 Exception <a 'java/lang/NoSuchMethodError'{0x00000000d6133128}: 'java.lang.Object java.lang.invoke.Invokers$Holder.invoke_MT(java.lang.Object, java.lang.Object, java.lang.Object, java.lang.Object, java.lang.Object, java.lang.Object, java.lang.Object, java.lang.Object, java.lang.Object, java.lang.Object)'> (0x00000000d6133128) 
thrown [s\src\hotspot\share\interpreter\linkResolver.cpp, line 773]
Event: 37.127 Thread 0x000001f20458ee70 Implicit null exception at 0x000001f231fee35b to 0x000001f231fee738
Event: 37.652 Thread 0x000001f2046a68e0 Exception <a 'java/lang/NoSuchMethodError'{0x00000000d5fd2540}: 'int java.lang.invoke.Invokers$Holder.invokeExact_MT(java.lang.Object, java.lang.Object)'> (0x00000000d5fd2540) 
thrown [s\src\hotspot\share\interpreter\linkResolver.cpp, line 773]

ZGC Phase Switch (0 events):
No events

VM Operations (20 events):
Event: 36.657 Executing VM operation: ParallelGCFailedAllocation (Allocation Failure)
Event: 36.663 Executing VM operation: ParallelGCFailedAllocation (Allocation Failure) done
Event: 36.859 Executing VM operation: ParallelGCFailedAllocation (Allocation Failure)
Event: 36.866 Executing VM operation: ParallelGCFailedAllocation (Allocation Failure) done
Event: 36.986 Executing VM operation: ParallelGCFailedAllocation (Allocation Failure)
Event: 36.995 Executing VM operation: ParallelGCFailedAllocation (Allocation Failure) done
Event: 37.139 Executing VM operation: ParallelGCFailedAllocation (Allocation Failure)
Event: 37.148 Executing VM operation: ParallelGCFailedAllocation (Allocation Failure) done
Event: 37.365 Executing VM operation: ParallelGCFailedAllocation (Allocation Failure)
Event: 37.372 Executing VM operation: ParallelGCFailedAllocation (Allocation Failure) done
Event: 37.550 Executing VM operation: HandshakeAllThreads (Deoptimize)
Event: 37.550 Executing VM operation: HandshakeAllThreads (Deoptimize) done
Event: 37.608 Executing VM operation: HandshakeAllThreads (Deoptimize)
Event: 37.615 Executing VM operation: HandshakeAllThreads (Deoptimize) done
Event: 38.097 Executing VM operation: ParallelGCFailedAllocation (Allocation Failure)
Event: 38.108 Executing VM operation: ParallelGCFailedAllocation (Allocation Failure) done
Event: 38.735 Executing VM operation: ParallelGCFailedAllocation (Allocation Failure)
Event: 38.742 Executing VM operation: ParallelGCFailedAllocation (Allocation Failure) done
Event: 39.235 Executing VM operation: ParallelGCFailedAllocation (Allocation Failure)
Event: 39.240 Executing VM operation: ParallelGCFailedAllocation (Allocation Failure) done

Memory protections (0 events):
No events

Nmethod flushes (20 events):
Event: 31.759 Thread 0x000001f23db415d0 flushing  nmethod 0x000001f22aa08890
Event: 31.759 Thread 0x000001f23db415d0 flushing  nmethod 0x000001f22aa08c90
Event: 31.759 Thread 0x000001f23db415d0 flushing  nmethod 0x000001f22aa09590
Event: 31.759 Thread 0x000001f23db415d0 flushing  nmethod 0x000001f22aa0a790
Event: 31.759 Thread 0x000001f23db415d0 flushing  nmethod 0x000001f22aa0ba90
Event: 31.759 Thread 0x000001f23db415d0 flushing  nmethod 0x000001f22aa0db90
Event: 31.759 Thread 0x000001f23db415d0 flushing  nmethod 0x000001f22aa0e490
Event: 31.759 Thread 0x000001f23db415d0 flushing  nmethod 0x000001f22aa0f990
Event: 31.759 Thread 0x000001f23db415d0 flushing  nmethod 0x000001f22aa0fe10
Event: 31.759 Thread 0x000001f23db415d0 flushing  nmethod 0x000001f22aa10f10
Event: 31.759 Thread 0x000001f23db415d0 flushing  nmethod 0x000001f22aa11710
Event: 31.759 Thread 0x000001f23db415d0 flushing  nmethod 0x000001f22aa12290
Event: 31.759 Thread 0x000001f23db415d0 flushing  nmethod 0x000001f22aa12990
Event: 31.759 Thread 0x000001f23db415d0 flushing  nmethod 0x000001f22aa1b990
Event: 31.759 Thread 0x000001f23db415d0 flushing  nmethod 0x000001f22aa59490
Event: 31.759 Thread 0x000001f23db415d0 flushing  nmethod 0x000001f22aa60110
Event: 31.759 Thread 0x000001f23db415d0 flushing  nmethod 0x000001f22aaabd10
Event: 31.759 Thread 0x000001f23db415d0 flushing  nmethod 0x000001f22aaadb10
Event: 31.759 Thread 0x000001f23db415d0 flushing osr nmethod 0x000001f22aadf210
Event: 31.759 Thread 0x000001f23db415d0 flushing  nmethod 0x000001f22aae0c10

Events (20 events):
Event: 30.232 Thread 0x000001f2046a8320 Thread added: 0x000001f2046a9040
Event: 30.770 Thread 0x000001f2044f1e20 Thread added: 0x000001f2046a6250
Event: 30.770 Thread 0x000001f2046a9040 Thread added: 0x000001f2046a68e0
Event: 31.395 Thread 0x000001f2046a68e0 Thread added: 0x000001f206df8750
Event: 31.622 Thread 0x000001f206df8750 Thread added: 0x000001f206df73a0
Event: 31.706 Thread 0x000001f22717f730 Thread added: 0x000001f206df45b0
Event: 31.707 Thread 0x000001f22717f730 Thread added: 0x000001f206df3f20
Event: 31.707 Thread 0x000001f22717f730 Thread added: 0x000001f206df7a30
Event: 31.707 Thread 0x000001f22717f730 Thread added: 0x000001f206df80c0
Event: 31.707 Thread 0x000001f22717f730 Thread added: 0x000001f206df8de0
Event: 31.791 Thread 0x000001f22717f730 Thread added: 0x000001f206df9b00
Event: 32.177 Thread 0x000001f22717f730 Thread added: 0x000001f206dfa820
Event: 32.177 Thread 0x000001f22717f730 Thread added: 0x000001f206df6d10
Event: 34.217 Thread 0x000001f2046a6f70 Thread exited: 0x000001f2046a6f70
Event: 34.359 Thread 0x000001f2046a9040 Thread added: 0x000001f206df9470
Event: 34.381 Thread 0x000001f206df9470 Thread added: 0x000001f206dfa190
Event: 38.135 Thread 0x000001f2062c8570 Thread exited: 0x000001f2062c8570
Event: 38.242 Thread 0x000001f23dbe0890 Thread added: 0x000001f2062c8570
Event: 38.749 Thread 0x000001f2062c8570 Thread exited: 0x000001f2062c8570
Event: 39.322 Thread 0x000001f23dbe0890 Thread added: 0x000001f207cd9bc0


Dynamic libraries:
0x00007ff7f83d0000 - 0x00007ff7f83de000 	c:\Users\Lenovo\.vscode\extensions\redhat.java-1.45.0-win32-x64\jre\21.0.8-win32-x86_64\bin\java.exe
0x00007ffca8b30000 - 0x00007ffca8d28000 	C:\Windows\SYSTEM32\ntdll.dll
0x00007ffca7ac0000 - 0x00007ffca7b82000 	C:\Windows\System32\KERNEL32.DLL
0x00007ffca6760000 - 0x00007ffca6a56000 	C:\Windows\System32\KERNELBASE.dll
0x00007ffca61d0000 - 0x00007ffca62d0000 	C:\Windows\System32\ucrtbase.dll
0x00007ffc9dee0000 - 0x00007ffc9def8000 	c:\Users\Lenovo\.vscode\extensions\redhat.java-1.45.0-win32-x64\jre\21.0.8-win32-x86_64\bin\jli.dll
0x00007ffca6d00000 - 0x00007ffca6e9d000 	C:\Windows\System32\USER32.dll
0x00007ffca6b30000 - 0x00007ffca6b52000 	C:\Windows\System32\win32u.dll
0x00007ffca8660000 - 0x00007ffca868b000 	C:\Windows\System32\GDI32.dll
0x00007ffca6570000 - 0x00007ffca6689000 	C:\Windows\System32\gdi32full.dll
0x00007ffca6a60000 - 0x00007ffca6afd000 	C:\Windows\System32\msvcp_win.dll
0x00007ffc9dec0000 - 0x00007ffc9dede000 	c:\Users\Lenovo\.vscode\extensions\redhat.java-1.45.0-win32-x64\jre\21.0.8-win32-x86_64\bin\VCRUNTIME140.dll
0x00007ffc91720000 - 0x00007ffc919bb000 	C:\Windows\WinSxS\amd64_microsoft.windows.common-controls_6595b64144ccf1df_6.0.19041.6280_none_60bc30a171f2f3f3\COMCTL32.dll
0x00007ffca6b60000 - 0x00007ffca6bfe000 	C:\Windows\System32\msvcrt.dll
0x00007ffca8700000 - 0x00007ffca872f000 	C:\Windows\System32\IMM32.DLL
0x00007ffca03f0000 - 0x00007ffca03fc000 	c:\Users\Lenovo\.vscode\extensions\redhat.java-1.45.0-win32-x64\jre\21.0.8-win32-x86_64\bin\vcruntime140_1.dll
0x00007ffc5ebe0000 - 0x00007ffc5ec6d000 	c:\Users\Lenovo\.vscode\extensions\redhat.java-1.45.0-win32-x64\jre\21.0.8-win32-x86_64\bin\msvcp140.dll
0x00007ffc34d20000 - 0x00007ffc35ab7000 	c:\Users\Lenovo\.vscode\extensions\redhat.java-1.45.0-win32-x64\jre\21.0.8-win32-x86_64\bin\server\jvm.dll
0x00007ffca7180000 - 0x00007ffca7231000 	C:\Windows\System32\ADVAPI32.dll
0x00007ffca7b90000 - 0x00007ffca7c2f000 	C:\Windows\System32\sechost.dll
0x00007ffca7060000 - 0x00007ffca7180000 	C:\Windows\System32\RPCRT4.dll
0x00007ffca6b00000 - 0x00007ffca6b27000 	C:\Windows\System32\bcrypt.dll
0x00007ffca7fd0000 - 0x00007ffca803b000 	C:\Windows\System32\WS2_32.dll
0x00007ffca56e0000 - 0x00007ffca572b000 	C:\Windows\SYSTEM32\POWRPROF.dll
0x00007ffc994a0000 - 0x00007ffc994c7000 	C:\Windows\SYSTEM32\WINMM.dll
0x00007ffc9ed10000 - 0x00007ffc9ed1a000 	C:\Windows\SYSTEM32\VERSION.dll
0x00007ffca5590000 - 0x00007ffca55a2000 	C:\Windows\SYSTEM32\UMPDC.dll
0x00007ffca4010000 - 0x00007ffca4022000 	C:\Windows\SYSTEM32\kernel.appcore.dll
0x00007ffca02a0000 - 0x00007ffca02aa000 	c:\Users\Lenovo\.vscode\extensions\redhat.java-1.45.0-win32-x64\jre\21.0.8-win32-x86_64\bin\jimage.dll
0x00007ffc98420000 - 0x00007ffc98621000 	C:\Windows\SYSTEM32\DBGHELP.DLL
0x00007ffc84ab0000 - 0x00007ffc84ae4000 	C:\Windows\SYSTEM32\dbgcore.DLL
0x00007ffca62d0000 - 0x00007ffca6352000 	C:\Windows\System32\bcryptPrimitives.dll
0x00007ffca0180000 - 0x00007ffca018f000 	c:\Users\Lenovo\.vscode\extensions\redhat.java-1.45.0-win32-x64\jre\21.0.8-win32-x86_64\bin\instrument.dll
0x00007ffc9dd10000 - 0x00007ffc9dd2f000 	c:\Users\Lenovo\.vscode\extensions\redhat.java-1.45.0-win32-x64\jre\21.0.8-win32-x86_64\bin\java.dll
0x00007ffca7350000 - 0x00007ffca7ac0000 	C:\Windows\System32\SHELL32.dll
0x00007ffca4210000 - 0x00007ffca49b5000 	C:\Windows\SYSTEM32\windows.storage.dll
0x00007ffca8790000 - 0x00007ffca8ae3000 	C:\Windows\System32\combase.dll
0x00007ffca5c00000 - 0x00007ffca5c2b000 	C:\Windows\SYSTEM32\Wldp.dll
0x00007ffca6c10000 - 0x00007ffca6cdd000 	C:\Windows\System32\OLEAUT32.dll
0x00007ffca7f20000 - 0x00007ffca7fcd000 	C:\Windows\System32\SHCORE.dll
0x00007ffca7d20000 - 0x00007ffca7d7b000 	C:\Windows\System32\shlwapi.dll
0x00007ffca6100000 - 0x00007ffca6124000 	C:\Windows\SYSTEM32\profapi.dll
0x00007ffc9d930000 - 0x00007ffc9d948000 	c:\Users\Lenovo\.vscode\extensions\redhat.java-1.45.0-win32-x64\jre\21.0.8-win32-x86_64\bin\zip.dll
0x00007ffc9e240000 - 0x00007ffc9e250000 	C:\Users\Lenovo\.vscode\extensions\redhat.java-1.45.0-win32-x64\jre\21.0.8-win32-x86_64\bin\net.dll
0x00007ffc9df00000 - 0x00007ffc9e00a000 	C:\Windows\SYSTEM32\WINHTTP.dll
0x00007ffca5920000 - 0x00007ffca598a000 	C:\Windows\system32\mswsock.dll
0x00007ffc93640000 - 0x00007ffc93656000 	C:\Users\Lenovo\.vscode\extensions\redhat.java-1.45.0-win32-x64\jre\21.0.8-win32-x86_64\bin\nio.dll
0x00007ffc9de00000 - 0x00007ffc9de10000 	c:\Users\Lenovo\.vscode\extensions\redhat.java-1.45.0-win32-x64\jre\21.0.8-win32-x86_64\bin\verify.dll
0x00007ffc62890000 - 0x00007ffc628d4000 	C:\Users\Lenovo\AppData\Roaming\Code\User\globalStorage\redhat.java\1.45.0\config_win\org.eclipse.equinox.launcher\org.eclipse.equinox.launcher.win32.win32.x86_64_1.2.1400.v20250801-0854\eclipse_11916.dll
0x00007ffca6f30000 - 0x00007ffca705b000 	C:\Windows\System32\ole32.dll
0x00007ffca5b60000 - 0x00007ffca5b78000 	C:\Windows\SYSTEM32\CRYPTSP.dll
0x00007ffca51d0000 - 0x00007ffca5208000 	C:\Windows\system32\rsaenh.dll
0x00007ffca60c0000 - 0x00007ffca60ee000 	C:\Windows\SYSTEM32\USERENV.dll
0x00007ffca5b50000 - 0x00007ffca5b5c000 	C:\Windows\SYSTEM32\CRYPTBASE.dll
0x00007ffca55b0000 - 0x00007ffca55eb000 	C:\Windows\SYSTEM32\IPHLPAPI.DLL
0x00007ffca86f0000 - 0x00007ffca86f8000 	C:\Windows\System32\NSI.dll
0x00007ffc5a5c0000 - 0x00007ffc5a609000 	C:\Users\Lenovo\AppData\Local\Temp\jna--2022488749\jna13048339560596103600.dll
0x00007ffca7c30000 - 0x00007ffca7c38000 	C:\Windows\System32\PSAPI.DLL
0x00007ffc9f300000 - 0x00007ffc9f317000 	C:\Windows\SYSTEM32\dhcpcsvc6.DLL
0x00007ffc9f2e0000 - 0x00007ffc9f2fd000 	C:\Windows\SYSTEM32\dhcpcsvc.DLL

JVMTI agents:
c:\Users\Lenovo\.vscode\extensions\redhat.java-1.45.0-win32-x64\lombok\lombok-1.18.39-4050.jar path:c:\Users\Lenovo\.vscode\extensions\redhat.java-1.45.0-win32-x64\jre\21.0.8-win32-x86_64\bin\instrument.dll, loaded, initialized, instrumentlib options:none

dbghelp: loaded successfully - version: 4.0.5 - missing functions: none
symbol engine: initialized successfully - sym options: 0x614 - pdb path: .;c:\Users\Lenovo\.vscode\extensions\redhat.java-1.45.0-win32-x64\jre\21.0.8-win32-x86_64\bin;C:\Windows\SYSTEM32;C:\Windows\WinSxS\amd64_microsoft.windows.common-controls_6595b64144ccf1df_6.0.19041.6280_none_60bc30a171f2f3f3;c:\Users\Lenovo\.vscode\extensions\redhat.java-1.45.0-win32-x64\jre\21.0.8-win32-x86_64\bin\server;C:\Users\Lenovo\AppData\Roaming\Code\User\globalStorage\redhat.java\1.45.0\config_win\org.eclipse.equinox.launcher\org.eclipse.equinox.launcher.win32.win32.x86_64_1.2.1400.v20250801-0854;C:\Users\Lenovo\AppData\Local\Temp\jna--2022488749

VM Arguments:
jvm_args: --add-modules=ALL-SYSTEM --add-opens=java.base/java.util=ALL-UNNAMED --add-opens=java.base/java.lang=ALL-UNNAMED --add-opens=java.base/sun.nio.fs=ALL-UNNAMED -Declipse.application=org.eclipse.jdt.ls.core.id1 -Dosgi.bundles.defaultStartLevel=4 -Declipse.product=org.eclipse.jdt.ls.core.product -Djava.import.generatesMetadataFilesAtProjectRoot=false -DDetectVMInstallationsJob.disabled=true -Dfile.encoding=utf8 -XX:+UseParallelGC -XX:GCTimeRatio=4 -XX:AdaptiveSizePolicyWeight=90 -Dsun.zip.disableMemoryMapping=true -Xmx2G -Xms100m -Xlog:disable -javaagent:c:\Users\Lenovo\.vscode\extensions\redhat.java-1.45.0-win32-x64\lombok\lombok-1.18.39-4050.jar -XX:+HeapDumpOnOutOfMemoryError -XX:HeapDumpPath=c:\Users\Lenovo\AppData\Roaming\Code\User\workspaceStorage\31802dcc8a754153dbdba671d90e4e0a\redhat.java -Daether.dependencyCollector.impl=bf 
java_command: c:\Users\Lenovo\.vscode\extensions\redhat.java-1.45.0-win32-x64\server\plugins\org.eclipse.equinox.launcher_1.7.0.v20250519-0528.jar -configuration c:\Users\Lenovo\AppData\Roaming\Code\User\globalStorage\redhat.java\1.45.0\config_win -data c:\Users\Lenovo\AppData\Roaming\Code\User\workspaceStorage\31802dcc8a754153dbdba671d90e4e0a\redhat.java\jdt_ws --pipe=\\.\pipe\lsp-c2768212315b5584155daa5529336d49-sock
java_class_path (initial): c:\Users\Lenovo\.vscode\extensions\redhat.java-1.45.0-win32-x64\server\plugins\org.eclipse.equinox.launcher_1.7.0.v20250519-0528.jar
Launcher Type: SUN_STANDARD

[Global flags]
    uintx AdaptiveSizePolicyWeight                 = 90                                        {product} {command line}
     intx CICompilerCount                          = 3                                         {product} {ergonomic}
    uintx GCTimeRatio                              = 4                                         {product} {command line}
     bool HeapDumpOnOutOfMemoryError               = true                                   {manageable} {command line}
    ccstr HeapDumpPath                             = c:\Users\Lenovo\AppData\Roaming\Code\User\workspaceStorage\31802dcc8a754153dbdba671d90e4e0a\redhat.java         {manageable} {command line}
   size_t InitialHeapSize                          = 104857600                                 {product} {command line}
   size_t MaxHeapSize                              = 2147483648                                {product} {command line}
   size_t MaxNewSize                               = 715653120                                 {product} {ergonomic}
   size_t MinHeapDeltaBytes                        = 524288                                    {product} {ergonomic}
   size_t MinHeapSize                              = 104857600                                 {product} {command line}
   size_t NewSize                                  = 34603008                                  {product} {ergonomic}
    uintx NonNMethodCodeHeapSize                   = 5832780                                {pd product} {ergonomic}
    uintx NonProfiledCodeHeapSize                  = 122912730                              {pd product} {ergonomic}
   size_t OldSize                                  = 70254592                                  {product} {ergonomic}
    uintx ProfiledCodeHeapSize                     = 122912730                              {pd product} {ergonomic}
    uintx ReservedCodeCacheSize                    = 251658240                              {pd product} {ergonomic}
     bool SegmentedCodeCache                       = true                                      {product} {ergonomic}
   size_t SoftMaxHeapSize                          = 2147483648                             {manageable} {ergonomic}
     bool UseCompressedOops                        = true                           {product lp64_product} {ergonomic}
     bool UseLargePagesIndividualAllocation        = false                                  {pd product} {ergonomic}
     bool UseParallelGC                            = true                                      {product} {command line}

Logging:
Log output configuration:
 #0: stdout all=off uptime,level,tags foldmultilines=false
 #1: stderr all=off uptime,level,tags foldmultilines=false

Environment Variables:
JAVA_HOME=C:\Program Files\Java\jdk-23
PATH=C:\Program Files (x86)\VMware\VMware Player\bin\;C:\Program Files\Common Files\Oracle\Java\javapath;C:\Users\Lenovo\New folder\Scripts\;C:\Users\Lenovo\New folder\;C:\Windows\system32;C:\Windows;C:\Windows\System32\Wbem;C:\Windows\System32\WindowsPowerShell\v1.0\;C:\Windows\System32\OpenSSH\;C:\Program Files\Java\jdk-23\bin;C:\Program Files\Git\cmd;C:\Program Files\nodejs\;C:\Users\Lenovo\AppData\Local\Programs\Python\Launcher\;C:\Users\Lenovo\AppData\Local\Microsoft\WindowsApps;C:\Users\Lenovo\AppData\Local\Programs\Microsoft VS Code\bin;C:\Users\Lenovo\AppData\Roaming\npm;C:\Program Files (x86)\Nmap
USERNAME=Lenovo
OS=Windows_NT
PROCESSOR_IDENTIFIER=Intel64 Family 6 Model 142 Stepping 9, GenuineIntel
TMP=C:\Users\Lenovo\AppData\Local\Temp
TEMP=C:\Users\Lenovo\AppData\Local\Temp




Periodic native trim disabled

---------------  S Y S T E M  ---------------

OS:
 Windows 10 , 64 bit Build 19041 (10.0.19041.5915)
OS uptime: 3 days 6:16 hours
Hyper-V role detected

CPU: total 4 (initial active 4) (2 cores per cpu, 2 threads per core) family 6 model 142 stepping 9 microcode 0xd6, cx8, cmov, fxsr, ht, mmx, 3dnowpref, sse, sse2, sse3, ssse3, sse4.1, sse4.2, popcnt, lzcnt, tsc, tscinvbit, avx, avx2, aes, erms, clmul, bmi1, bmi2, adx, fma, vzeroupper, clflush, clflushopt, hv, rdtscp, f16c
Processor Information for the first 4 processors :
  Max Mhz: 2712, Current Mhz: 2511, Mhz Limit: 2495

Memory: 4k page, system-wide physical 3970M (766M free)
TotalPageFile size 8232M (AvailPageFile size 5M)
current process WorkingSet (physical memory assigned to process): 223M, peak: 234M
current process commit charge ("private bytes"): 313M, peak: 338M

vm_info: OpenJDK 64-Bit Server VM (21.0.8+9-LTS) for windows-amd64 JRE (21.0.8+9-LTS), built on 2025-07-15T00:00:00Z by "admin" with MS VC++ 17.7 (VS2022)

END.
