#
# There is insufficient memory for the Java Runtime Environment to continue.
# Native memory allocation (mmap) failed to map 65536 bytes. Error detail: Failed to commit metaspace.
# Possible reasons:
#   The system is out of physical RAM or swap space
#   This process is running with CompressedOops enabled, and the Java Heap may be blocking the growth of the native heap
# Possible solutions:
#   Reduce memory load on the system
#   Increase physical memory or swap space
#   Check if swap backing store is full
#   Decrease Java heap size (-Xmx/-Xms)
#   Decrease number of Java threads
#   Decrease Java thread stack sizes (-Xss)
#   Set larger code cache with -XX:ReservedCodeCacheSize=
#   JVM is running with Unscaled Compressed Oops mode in which the Java heap is
#     placed in the first 4GB address space. The Java Heap base address is the
#     maximum limit for the native heap growth. Please use -XX:HeapBaseMinAddress
#     to set the Java Heap base and to place the Java Heap above 4GB virtual address.
# This output file may be truncated or incomplete.
#
#  Out of Memory Error (virtualSpaceNode.cpp:113), pid=2932, tid=12408
#
# JRE version:  (21.0.8+9) (build )
# Java VM: OpenJDK 64-Bit Server VM (21.0.8+9-LTS, mixed mode, tiered, compressed oops, compressed class ptrs, parallel gc, windows-amd64)
# No core dump will be written. Minidumps are not enabled by default on client versions of Windows
#

---------------  S U M M A R Y ------------

Command Line: --add-modules=ALL-SYSTEM --add-opens=java.base/java.util=ALL-UNNAMED --add-opens=java.base/java.lang=ALL-UNNAMED --add-opens=java.base/sun.nio.fs=ALL-UNNAMED -Declipse.application=org.eclipse.jdt.ls.core.id1 -Dosgi.bundles.defaultStartLevel=4 -Declipse.product=org.eclipse.jdt.ls.core.product -Djava.import.generatesMetadataFilesAtProjectRoot=false -DDetectVMInstallationsJob.disabled=true -Dfile.encoding=utf8 -XX:+UseParallelGC -XX:GCTimeRatio=4 -XX:AdaptiveSizePolicyWeight=90 -Dsun.zip.disableMemoryMapping=true -Xmx2G -Xms100m -Xlog:disable -javaagent:c:\Users\Lenovo\.vscode\extensions\redhat.java-1.46.0-win32-x64\lombok\lombok-1.18.39-4050.jar c:\Users\Lenovo\.vscode\extensions\redhat.java-1.46.0-win32-x64\server\plugins\org.eclipse.equinox.launcher_1.7.0.v20250519-0528.jar -configuration c:\Users\Lenovo\AppData\Roaming\Code\User\globalStorage\redhat.java\1.46.0\config_ss_win -data c:\Users\Lenovo\AppData\Roaming\Code\User\workspaceStorage\31802dcc8a754153dbdba671d90e4e0a\redhat.java\ss_ws --pipe=\\.\pipe\lsp-714dc655c0a33864c35f2bf8acf5aa48-sock

Host: Intel(R) Core(TM) i5-7200U CPU @ 2.50GHz, 4 cores, 3G,  Windows 10 , 64 bit Build 19041 (10.0.19041.5915)
Time: Thu Oct  9 11:29:55 2025 India Standard Time elapsed time: 0.148801 seconds (0d 0h 0m 0s)

---------------  T H R E A D  ---------------

Current thread (0x0000025909433e90):  JavaThread "Unknown thread" [_thread_in_vm, id=12408, stack(0x000000b672600000,0x000000b672700000) (1024K)]

Stack: [0x000000b672600000,0x000000b672700000]
Native frames: (J=compiled Java code, j=interpreted, Vv=VM code, C=native code)
V  [jvm.dll+0x6d2449]
V  [jvm.dll+0x8ae341]
V  [jvm.dll+0x8b08be]
V  [jvm.dll+0x8b0fa3]
V  [jvm.dll+0x280c96]
V  [jvm.dll+0x8aa07e]
V  [jvm.dll+0x6745b5]
V  [jvm.dll+0x67461a]
V  [jvm.dll+0x676e02]
V  [jvm.dll+0x676cd2]
V  [jvm.dll+0x674f8e]
V  [jvm.dll+0x26bcc0]
V  [jvm.dll+0x217447]
V  [jvm.dll+0x20cece]
V  [jvm.dll+0x5b19dc]
V  [jvm.dll+0x21e5ba]
V  [jvm.dll+0x826c6c]
V  [jvm.dll+0x827c94]
V  [jvm.dll+0x828262]
V  [jvm.dll+0x827ee8]
V  [jvm.dll+0x8ac323]
V  [jvm.dll+0x8ac106]
V  [jvm.dll+0x875bf9]
V  [jvm.dll+0x8774fd]
V  [jvm.dll+0x3bec99]
V  [jvm.dll+0x8606d8]
V  [jvm.dll+0x4530ee]
V  [jvm.dll+0x454d31]
C  [jli.dll+0x5278]
C  [ucrtbase.dll+0x21bb2]
C  [KERNEL32.DLL+0x17374]
C  [ntdll.dll+0x4cc91]


---------------  P R O C E S S  ---------------

Threads class SMR info:
_java_thread_list=0x000002590b813670, length=1, elements={
0x0000025909433e90
}

Java Threads: ( => current thread )
=>0x0000025909433e90 JavaThread "Unknown thread"             [_thread_in_vm, id=12408, stack(0x000000b672600000,0x000000b672700000) (1024K)]
Total: 1

Other Threads:
  0x000002590b814140 WatcherThread "VM Periodic Task Thread"        [id=10040, stack(0x000000b672800000,0x000000b672900000) (1024K)]
  0x000002590b76b460 WorkerThread "GC Thread#0"                     [id=12664, stack(0x000000b672700000,0x000000b672800000) (1024K)]
Total: 2

Threads with active compile tasks:
Total: 0

VM state: not at safepoint (not fully initialized)

VM Mutex/Monitor currently owned by a thread:  ([mutex/lock_event])
[0x00007ffd696d3458] Metaspace_lock - owner thread: 0x0000025909433e90

Heap address: 0x0000000080000000, size: 2048 MB, Compressed Oops mode: 32-bit

CDS archive(s) not mapped
Compressed class space mapped at: 0x0000000100000000-0x0000000140000000, reserved size: 1073741824
Narrow klass base: 0x0000000000000000, Narrow klass shift: 3, Narrow klass range: 0x140000000

GC Precious Log:
 CardTable entry size: 512
 CPUs: 4 total, 4 available
 Memory: 3970M
 Large Page Support: Disabled
 NUMA Support: Disabled
 Compressed Oops: Enabled (32-bit)
 Alignments: Space 512K, Generation 512K, Heap 2M
 Heap Min Capacity: 100M
 Heap Initial Capacity: 100M
 Heap Max Capacity: 2G
 Pre-touch: Disabled
 Parallel Workers: 4

Heap:
 PSYoungGen      total 29696K, used 512K [0x00000000d5580000, 0x00000000d7680000, 0x0000000100000000)
  eden space 25600K, 2% used [0x00000000d5580000,0x00000000d5600070,0x00000000d6e80000)
  from space 4096K, 0% used [0x00000000d7280000,0x00000000d7280000,0x00000000d7680000)
  to   space 4096K, 0% used [0x00000000d6e80000,0x00000000d6e80000,0x00000000d7280000)
 ParOldGen       total 68608K, used 0K [0x0000000080000000, 0x0000000084300000, 0x00000000d5580000)
  object space 68608K, 0% used [0x0000000080000000,0x0000000080000000,0x0000000084300000)
 Metaspace       used 970K, committed 1024K, reserved 1114112K
  class space    used 74K, committed 128K, reserved 1048576K

Card table byte_map: [0x000002590b100000,0x000002590b510000] _byte_map_base: 0x000002590ad00000

Marking Bits: (ParMarkBitMap*) 0x00007ffd696da340
 Begin Bits: [0x000002591dc00000, 0x000002591fc00000)
 End Bits:   [0x000002591fc00000, 0x0000025921c00000)

GC Heap History (0 events):
No events

Dll operation events (2 events):
Event: 0.069 Loaded shared library c:\Users\Lenovo\.vscode\extensions\redhat.java-1.46.0-win32-x64\jre\21.0.8-win32-x86_64\bin\java.dll
Event: 0.100 Loaded shared library c:\Users\Lenovo\.vscode\extensions\redhat.java-1.46.0-win32-x64\jre\21.0.8-win32-x86_64\bin\zip.dll

Deoptimization events (0 events):
No events

Classes loaded (20 events):
Event: 0.141 Loading class java/lang/AbstractStringBuilder
Event: 0.142 Loading class java/lang/AbstractStringBuilder done
Event: 0.142 Loading class java/lang/StringBuffer done
Event: 0.142 Loading class java/lang/StringBuilder
Event: 0.142 Loading class java/lang/StringBuilder done
Event: 0.142 Loading class jdk/internal/misc/UnsafeConstants
Event: 0.143 Loading class jdk/internal/misc/UnsafeConstants done
Event: 0.143 Loading class jdk/internal/misc/Unsafe
Event: 0.144 Loading class jdk/internal/misc/Unsafe done
Event: 0.144 Loading class jdk/internal/module/Modules
Event: 0.145 Loading class jdk/internal/module/Modules done
Event: 0.145 Loading class java/io/ByteArrayInputStream
Event: 0.145 Loading class java/io/InputStream
Event: 0.145 Loading class java/io/Closeable
Event: 0.145 Loading class java/lang/AutoCloseable
Event: 0.146 Loading class java/lang/AutoCloseable done
Event: 0.146 Loading class java/io/Closeable done
Event: 0.146 Loading class java/io/InputStream done
Event: 0.146 Loading class java/io/ByteArrayInputStream done
Event: 0.146 Loading class java/net/URL

Classes unloaded (0 events):
No events

Classes redefined (0 events):
No events

Internal exceptions (0 events):
No events

ZGC Phase Switch (0 events):
No events

VM Operations (0 events):
No events

Memory protections (0 events):
No events

Nmethod flushes (0 events):
No events

Events (1 events):
Event: 0.097 Thread 0x0000025909433e90 Thread added: 0x0000025909433e90


Dynamic libraries:
0x00007ff79e3a0000 - 0x00007ff79e3ae000 	c:\Users\Lenovo\.vscode\extensions\redhat.java-1.46.0-win32-x64\jre\21.0.8-win32-x86_64\bin\java.exe
0x00007ffdd8e30000 - 0x00007ffdd9028000 	C:\Windows\SYSTEM32\ntdll.dll
0x00007ffdd7f00000 - 0x00007ffdd7fc2000 	C:\Windows\System32\KERNEL32.DLL
0x00007ffdd6680000 - 0x00007ffdd6976000 	C:\Windows\System32\KERNELBASE.dll
0x00007ffdd6580000 - 0x00007ffdd6680000 	C:\Windows\System32\ucrtbase.dll
0x00007ffdce310000 - 0x00007ffdce328000 	c:\Users\Lenovo\.vscode\extensions\redhat.java-1.46.0-win32-x64\jre\21.0.8-win32-x86_64\bin\jli.dll
0x00007ffdd7ca0000 - 0x00007ffdd7e3d000 	C:\Windows\System32\USER32.dll
0x00007ffdd64d0000 - 0x00007ffdd64f2000 	C:\Windows\System32\win32u.dll
0x00007ffdd7c70000 - 0x00007ffdd7c9b000 	C:\Windows\System32\GDI32.dll
0x00007ffdd6bb0000 - 0x00007ffdd6cc9000 	C:\Windows\System32\gdi32full.dll
0x00007ffdd6ae0000 - 0x00007ffdd6b7d000 	C:\Windows\System32\msvcp_win.dll
0x00007ffdce2f0000 - 0x00007ffdce30e000 	c:\Users\Lenovo\.vscode\extensions\redhat.java-1.46.0-win32-x64\jre\21.0.8-win32-x86_64\bin\VCRUNTIME140.dll
0x00007ffdc1370000 - 0x00007ffdc160b000 	C:\Windows\WinSxS\amd64_microsoft.windows.common-controls_6595b64144ccf1df_6.0.19041.6280_none_60bc30a171f2f3f3\COMCTL32.dll
0x00007ffdd8bd0000 - 0x00007ffdd8c6e000 	C:\Windows\System32\msvcrt.dll
0x00007ffdd77e0000 - 0x00007ffdd780f000 	C:\Windows\System32\IMM32.DLL
0x00007ffdd1940000 - 0x00007ffdd194c000 	c:\Users\Lenovo\.vscode\extensions\redhat.java-1.46.0-win32-x64\jre\21.0.8-win32-x86_64\bin\vcruntime140_1.dll
0x00007ffd8dd40000 - 0x00007ffd8ddcd000 	c:\Users\Lenovo\.vscode\extensions\redhat.java-1.46.0-win32-x64\jre\21.0.8-win32-x86_64\bin\msvcp140.dll
0x00007ffd68a20000 - 0x00007ffd697b7000 	c:\Users\Lenovo\.vscode\extensions\redhat.java-1.46.0-win32-x64\jre\21.0.8-win32-x86_64\bin\server\jvm.dll
0x00007ffdd7e40000 - 0x00007ffdd7ef1000 	C:\Windows\System32\ADVAPI32.dll
0x00007ffdd6f90000 - 0x00007ffdd702f000 	C:\Windows\System32\sechost.dll
0x00007ffdd8740000 - 0x00007ffdd8860000 	C:\Windows\System32\RPCRT4.dll
0x00007ffdd6b80000 - 0x00007ffdd6ba7000 	C:\Windows\System32\bcrypt.dll
0x00007ffdd7bf0000 - 0x00007ffdd7c5b000 	C:\Windows\System32\WS2_32.dll
0x00007ffdd5a10000 - 0x00007ffdd5a5b000 	C:\Windows\SYSTEM32\POWRPROF.dll
0x00007ffdca560000 - 0x00007ffdca587000 	C:\Windows\SYSTEM32\WINMM.dll
0x00007ffdceba0000 - 0x00007ffdcebaa000 	C:\Windows\SYSTEM32\VERSION.dll
0x00007ffdd58a0000 - 0x00007ffdd58b2000 	C:\Windows\SYSTEM32\UMPDC.dll
0x00007ffdd4310000 - 0x00007ffdd4322000 	C:\Windows\SYSTEM32\kernel.appcore.dll
0x00007ffdd18f0000 - 0x00007ffdd18fa000 	c:\Users\Lenovo\.vscode\extensions\redhat.java-1.46.0-win32-x64\jre\21.0.8-win32-x86_64\bin\jimage.dll
0x00007ffdc82f0000 - 0x00007ffdc84f1000 	C:\Windows\SYSTEM32\DBGHELP.DLL
0x00007ffdb4310000 - 0x00007ffdb4344000 	C:\Windows\SYSTEM32\dbgcore.DLL
0x00007ffdd6cd0000 - 0x00007ffdd6d52000 	C:\Windows\System32\bcryptPrimitives.dll
0x00007ffdcde20000 - 0x00007ffdcde2f000 	c:\Users\Lenovo\.vscode\extensions\redhat.java-1.46.0-win32-x64\jre\21.0.8-win32-x86_64\bin\instrument.dll
0x00007ffdc1300000 - 0x00007ffdc131f000 	c:\Users\Lenovo\.vscode\extensions\redhat.java-1.46.0-win32-x64\jre\21.0.8-win32-x86_64\bin\java.dll
0x00007ffdbf4b0000 - 0x00007ffdbf4c8000 	c:\Users\Lenovo\.vscode\extensions\redhat.java-1.46.0-win32-x64\jre\21.0.8-win32-x86_64\bin\zip.dll

JVMTI agents:
c:\Users\Lenovo\.vscode\extensions\redhat.java-1.46.0-win32-x64\lombok\lombok-1.18.39-4050.jar path:none, loaded, not initialized, instrumentlib options:none

dbghelp: loaded successfully - version: 4.0.5 - missing functions: none
symbol engine: initialized successfully - sym options: 0x614 - pdb path: .;c:\Users\Lenovo\.vscode\extensions\redhat.java-1.46.0-win32-x64\jre\21.0.8-win32-x86_64\bin;C:\Windows\SYSTEM32;C:\Windows\WinSxS\amd64_microsoft.windows.common-controls_6595b64144ccf1df_6.0.19041.6280_none_60bc30a171f2f3f3;c:\Users\Lenovo\.vscode\extensions\redhat.java-1.46.0-win32-x64\jre\21.0.8-win32-x86_64\bin\server

VM Arguments:
jvm_args: --add-modules=ALL-SYSTEM --add-opens=java.base/java.util=ALL-UNNAMED --add-opens=java.base/java.lang=ALL-UNNAMED --add-opens=java.base/sun.nio.fs=ALL-UNNAMED -Declipse.application=org.eclipse.jdt.ls.core.id1 -Dosgi.bundles.defaultStartLevel=4 -Declipse.product=org.eclipse.jdt.ls.core.product -Djava.import.generatesMetadataFilesAtProjectRoot=false -DDetectVMInstallationsJob.disabled=true -Dfile.encoding=utf8 -XX:+UseParallelGC -XX:GCTimeRatio=4 -XX:AdaptiveSizePolicyWeight=90 -Dsun.zip.disableMemoryMapping=true -Xmx2G -Xms100m -Xlog:disable -javaagent:c:\Users\Lenovo\.vscode\extensions\redhat.java-1.46.0-win32-x64\lombok\lombok-1.18.39-4050.jar 
java_command: c:\Users\Lenovo\.vscode\extensions\redhat.java-1.46.0-win32-x64\server\plugins\org.eclipse.equinox.launcher_1.7.0.v20250519-0528.jar -configuration c:\Users\Lenovo\AppData\Roaming\Code\User\globalStorage\redhat.java\1.46.0\config_ss_win -data c:\Users\Lenovo\AppData\Roaming\Code\User\workspaceStorage\31802dcc8a754153dbdba671d90e4e0a\redhat.java\ss_ws --pipe=\\.\pipe\lsp-714dc655c0a33864c35f2bf8acf5aa48-sock
java_class_path (initial): c:\Users\Lenovo\.vscode\extensions\redhat.java-1.46.0-win32-x64\server\plugins\org.eclipse.equinox.launcher_1.7.0.v20250519-0528.jar
Launcher Type: SUN_STANDARD

[Global flags]
    uintx AdaptiveSizePolicyWeight                 = 90                                        {product} {command line}
     intx CICompilerCount                          = 3                                         {product} {ergonomic}
    uintx GCTimeRatio                              = 4                                         {product} {command line}
   size_t InitialHeapSize                          = 104857600                                 {product} {command line}
   size_t MaxHeapSize                              = 2147483648                                {product} {command line}
   size_t MaxNewSize                               = 715653120                                 {product} {ergonomic}
   size_t MinHeapDeltaBytes                        = 524288                                    {product} {ergonomic}
   size_t MinHeapSize                              = 104857600                                 {product} {command line}
   size_t NewSize                                  = 34603008                                  {product} {ergonomic}
    uintx NonNMethodCodeHeapSize                   = 5832780                                {pd product} {ergonomic}
    uintx NonProfiledCodeHeapSize                  = 122912730                              {pd product} {ergonomic}
   size_t OldSize                                  = 70254592                                  {product} {ergonomic}
    uintx ProfiledCodeHeapSize                     = 122912730                              {pd product} {ergonomic}
    uintx ReservedCodeCacheSize                    = 251658240                              {pd product} {ergonomic}
     bool SegmentedCodeCache                       = true                                      {product} {ergonomic}
   size_t SoftMaxHeapSize                          = 2147483648                             {manageable} {ergonomic}
     bool UseCompressedOops                        = true                           {product lp64_product} {ergonomic}
     bool UseLargePagesIndividualAllocation        = false                                  {pd product} {ergonomic}
     bool UseParallelGC                            = true                                      {product} {command line}

Logging:
Log output configuration:
 #0: stdout all=off uptime,level,tags foldmultilines=false
 #1: stderr all=off uptime,level,tags foldmultilines=false

Environment Variables:
JAVA_HOME=C:\Program Files\Java\jdk-23
PATH=C:\Program Files (x86)\VMware\VMware Player\bin\;C:\Program Files\Common Files\Oracle\Java\javapath;C:\Users\Lenovo\New folder\Scripts\;C:\Users\Lenovo\New folder\;C:\Windows\system32;C:\Windows;C:\Windows\System32\Wbem;C:\Windows\System32\WindowsPowerShell\v1.0\;C:\Windows\System32\OpenSSH\;C:\Program Files\Java\jdk-23\bin;C:\Program Files\Git\cmd;C:\Program Files\nodejs\;C:\Users\Lenovo\AppData\Local\Programs\Python\Launcher\;C:\Users\Lenovo\AppData\Local\Microsoft\WindowsApps;C:\Users\Lenovo\AppData\Local\Programs\Microsoft VS Code\bin;C:\Users\Lenovo\AppData\Roaming\npm;C:\Program Files (x86)\Nmap
USERNAME=Lenovo
OS=Windows_NT
PROCESSOR_IDENTIFIER=Intel64 Family 6 Model 142 Stepping 9, GenuineIntel
TMP=C:\Users\Lenovo\AppData\Local\Temp
TEMP=C:\Users\Lenovo\AppData\Local\Temp




Periodic native trim disabled

---------------  S Y S T E M  ---------------

OS:
 Windows 10 , 64 bit Build 19041 (10.0.19041.5915)
OS uptime: 0 days 0:39 hours
Hyper-V role detected

CPU: total 4 (initial active 4) (2 cores per cpu, 2 threads per core) family 6 model 142 stepping 9 microcode 0xd6, cx8, cmov, fxsr, ht, mmx, 3dnowpref, sse, sse2, sse3, ssse3, sse4.1, sse4.2, popcnt, lzcnt, tsc, tscinvbit, avx, avx2, aes, erms, clmul, bmi1, bmi2, adx, fma, vzeroupper, clflush, clflushopt, hv, rdtscp, f16c
Processor Information for the first 4 processors :
  Max Mhz: 2712, Current Mhz: 2511, Mhz Limit: 2495

Memory: 4k page, system-wide physical 3970M (412M free)
TotalPageFile size 6683M (AvailPageFile size 11M)
current process WorkingSet (physical memory assigned to process): 15M, peak: 15M
current process commit charge ("private bytes"): 182M, peak: 191M

vm_info: OpenJDK 64-Bit Server VM (21.0.8+9-LTS) for windows-amd64 JRE (21.0.8+9-LTS), built on 2025-07-15T00:00:00Z by "admin" with MS VC++ 17.7 (VS2022)

END.
