#
# There is insufficient memory for the Java Runtime Environment to continue.
# Native memory allocation (malloc) failed to allocate 1933376 bytes. Error detail: Chunk::new
# Possible reasons:
#   The system is out of physical RAM or swap space
#   This process is running with CompressedOops enabled, and the Java Heap may be blocking the growth of the native heap
# Possible solutions:
#   Reduce memory load on the system
#   Increase physical memory or swap space
#   Check if swap backing store is full
#   Decrease Java heap size (-Xmx/-Xms)
#   Decrease number of Java threads
#   Decrease Java thread stack sizes (-Xss)
#   Set larger code cache with -XX:ReservedCodeCacheSize=
#   JVM is running with Unscaled Compressed Oops mode in which the Java heap is
#     placed in the first 4GB address space. The Java Heap base address is the
#     maximum limit for the native heap growth. Please use -XX:HeapBaseMinAddress
#     to set the Java Heap base and to place the Java Heap above 4GB virtual address.
# This output file may be truncated or incomplete.
#
#  Out of Memory Error (arena.cpp:168), pid=12056, tid=8564
#
# JRE version: OpenJDK Runtime Environment Temurin-21.0.8+9 (21.0.8+9) (build 21.0.8+9-LTS)
# Java VM: OpenJDK 64-Bit Server VM Temurin-21.0.8+9 (21.0.8+9-LTS, mixed mode, sharing, tiered, compressed oops, compressed class ptrs, parallel gc, windows-amd64)
# No core dump will be written. Minidumps are not enabled by default on client versions of Windows
#

---------------  S U M M A R Y ------------

Command Line: --add-modules=ALL-SYSTEM --add-opens=java.base/java.util=ALL-UNNAMED --add-opens=java.base/java.lang=ALL-UNNAMED --add-opens=java.base/sun.nio.fs=ALL-UNNAMED -Declipse.application=org.eclipse.jdt.ls.core.id1 -Dosgi.bundles.defaultStartLevel=4 -Declipse.product=org.eclipse.jdt.ls.core.product -Djava.import.generatesMetadataFilesAtProjectRoot=false -DDetectVMInstallationsJob.disabled=true -Dfile.encoding=utf8 -XX:+UseParallelGC -XX:GCTimeRatio=4 -XX:AdaptiveSizePolicyWeight=90 -Dsun.zip.disableMemoryMapping=true -Xmx2G -Xms100m -Xlog:disable -javaagent:c:\Users\Lenovo\.vscode\extensions\redhat.java-1.46.0-win32-x64\lombok\lombok-1.18.39-4050.jar -XX:+HeapDumpOnOutOfMemoryError -XX:HeapDumpPath=c:\Users\Lenovo\AppData\Roaming\Code\User\workspaceStorage\31802dcc8a754153dbdba671d90e4e0a\redhat.java -Daether.dependencyCollector.impl=bf c:\Users\Lenovo\.vscode\extensions\redhat.java-1.46.0-win32-x64\server\plugins\org.eclipse.equinox.launcher_1.7.0.v20250519-0528.jar -configuration c:\Users\Lenovo\AppData\Roaming\Code\User\globalStorage\redhat.java\1.46.0\config_win -data c:\Users\Lenovo\AppData\Roaming\Code\User\workspaceStorage\31802dcc8a754153dbdba671d90e4e0a\redhat.java\jdt_ws --pipe=\\.\pipe\lsp-7fe61bbd31d8aca4b0fef0769d430cd0-sock

Host: Intel(R) Core(TM) i5-7200U CPU @ 2.50GHz, 4 cores, 3G,  Windows 10 , 64 bit Build 19041 (10.0.19041.5915)
Time: Thu Oct  9 17:14:11 2025 India Standard Time elapsed time: 7.115521 seconds (0d 0h 0m 7s)

---------------  T H R E A D  ---------------

Current thread (0x000001711c809430):  JavaThread "C2 CompilerThread0" daemon [_thread_in_native, id=8564, stack(0x0000003813700000,0x0000003813800000) (1024K)]


Current CompileTask:
C2:7115 3866       4       org.lombokweb.asm.ClassReader::readMethod (1070 bytes)

Stack: [0x0000003813700000,0x0000003813800000]
Native frames: (J=compiled Java code, j=interpreted, Vv=VM code, C=native code)
V  [jvm.dll+0x6d2449]
V  [jvm.dll+0x8ae341]
V  [jvm.dll+0x8b08be]
V  [jvm.dll+0x8b0fa3]
V  [jvm.dll+0x280c96]
V  [jvm.dll+0xc581d]
V  [jvm.dll+0xc5d53]
V  [jvm.dll+0x3b919c]
V  [jvm.dll+0x1e1409]
V  [jvm.dll+0x249022]
V  [jvm.dll+0x2484af]
V  [jvm.dll+0x1c89ee]
V  [jvm.dll+0x257d4d]
V  [jvm.dll+0x2562ea]
V  [jvm.dll+0x3f2d16]
V  [jvm.dll+0x857e6b]
V  [jvm.dll+0x6d0b0d]
C  [ucrtbase.dll+0x21bb2]
C  [KERNEL32.DLL+0x17374]
C  [ntdll.dll+0x4cc91]


---------------  P R O C E S S  ---------------

Threads class SMR info:
_java_thread_list=0x0000017163ff65f0, length=25, elements={
0x0000017105e204c0, 0x000001711c7f8830, 0x000001711c7fa130, 0x000001711c7fc040,
0x000001711c7fd1d0, 0x000001711c7fea30, 0x000001711c808600, 0x000001711c809430,
0x000001711c80a520, 0x000001715e55a830, 0x000001715e841a00, 0x0000017163617a20,
0x00000171635bcfe0, 0x00000171634e8090, 0x0000017163763100, 0x0000017163d58df0,
0x0000017163b33cf0, 0x0000017163dc4fb0, 0x0000017163dc2850, 0x0000017163dc2ee0,
0x0000017163dc3570, 0x0000017163dc3c00, 0x0000017163dc4290, 0x0000017163dc4920,
0x0000017163dc21c0
}

Java Threads: ( => current thread )
  0x0000017105e204c0 JavaThread "main"                              [_thread_blocked, id=13080, stack(0x0000003812d00000,0x0000003812e00000) (1024K)]
  0x000001711c7f8830 JavaThread "Reference Handler"          daemon [_thread_blocked, id=4612, stack(0x0000003813100000,0x0000003813200000) (1024K)]
  0x000001711c7fa130 JavaThread "Finalizer"                  daemon [_thread_blocked, id=13780, stack(0x0000003813200000,0x0000003813300000) (1024K)]
  0x000001711c7fc040 JavaThread "Signal Dispatcher"          daemon [_thread_blocked, id=3736, stack(0x0000003813300000,0x0000003813400000) (1024K)]
  0x000001711c7fd1d0 JavaThread "Attach Listener"            daemon [_thread_blocked, id=8840, stack(0x0000003813400000,0x0000003813500000) (1024K)]
  0x000001711c7fea30 JavaThread "Service Thread"             daemon [_thread_blocked, id=1316, stack(0x0000003813500000,0x0000003813600000) (1024K)]
  0x000001711c808600 JavaThread "Monitor Deflation Thread"   daemon [_thread_blocked, id=2704, stack(0x0000003813600000,0x0000003813700000) (1024K)]
=>0x000001711c809430 JavaThread "C2 CompilerThread0"         daemon [_thread_in_native, id=8564, stack(0x0000003813700000,0x0000003813800000) (1024K)]
  0x000001711c80a520 JavaThread "C1 CompilerThread0"         daemon [_thread_in_vm, id=11788, stack(0x0000003813800000,0x0000003813900000) (1024K)]
  0x000001715e55a830 JavaThread "Common-Cleaner"             daemon [_thread_blocked, id=6256, stack(0x0000003813900000,0x0000003813a00000) (1024K)]
  0x000001715e841a00 JavaThread "Notification Thread"        daemon [_thread_blocked, id=6572, stack(0x0000003813b00000,0x0000003813c00000) (1024K)]
  0x0000017163617a20 JavaThread "Active Thread: Equinox Container: 5b3a0ed6-d8b5-4acd-a558-1b4fa46c18ca"        [_thread_blocked, id=8164, stack(0x0000003813f00000,0x0000003814000000) (1024K)]
  0x00000171635bcfe0 JavaThread "Refresh Thread: Equinox Container: 5b3a0ed6-d8b5-4acd-a558-1b4fa46c18ca" daemon [_thread_blocked, id=8312, stack(0x0000003814000000,0x0000003814100000) (1024K)]
  0x00000171634e8090 JavaThread "Framework Event Dispatcher: Equinox Container: 5b3a0ed6-d8b5-4acd-a558-1b4fa46c18ca" daemon [_thread_blocked, id=2796, stack(0x0000003814100000,0x0000003814200000) (1024K)]
  0x0000017163763100 JavaThread "Start Level: Equinox Container: 5b3a0ed6-d8b5-4acd-a558-1b4fa46c18ca" daemon [_thread_in_native, id=10444, stack(0x0000003814200000,0x0000003814300000) (1024K)]
  0x0000017163d58df0 JavaThread "Bundle File Closer"         daemon [_thread_blocked, id=2868, stack(0x0000003814300000,0x0000003814400000) (1024K)]
  0x0000017163b33cf0 JavaThread "SCR Component Actor"        daemon [_thread_blocked, id=4024, stack(0x0000003814400000,0x0000003814500000) (1024K)]
  0x0000017163dc4fb0 JavaThread "Worker-JM"                         [_thread_blocked, id=240, stack(0x0000003814500000,0x0000003814600000) (1024K)]
  0x0000017163dc2850 JavaThread "JNA Cleaner"                daemon [_thread_blocked, id=4048, stack(0x0000003813a00000,0x0000003813b00000) (1024K)]
  0x0000017163dc2ee0 JavaThread "Worker-0: Updating Maven Dependencies"        [_thread_blocked, id=10424, stack(0x0000003814600000,0x0000003814700000) (1024K)]
  0x0000017163dc3570 JavaThread "Worker-1: Repository registry initialization"        [_thread_blocked, id=12896, stack(0x0000003814700000,0x0000003814800000) (1024K)]
  0x0000017163dc3c00 JavaThread "Worker-2: Building"                [_thread_in_Java, id=13072, stack(0x0000003814800000,0x0000003814900000) (1024K)]
  0x0000017163dc4290 JavaThread "Worker-3"                          [_thread_blocked, id=10812, stack(0x0000003814900000,0x0000003814a00000) (1024K)]
  0x0000017163dc4920 JavaThread "Java indexing"              daemon [_thread_blocked, id=10716, stack(0x0000003814a00000,0x0000003814b00000) (1024K)]
  0x0000017163dc21c0 JavaThread "Worker-4"                          [_thread_blocked, id=5744, stack(0x0000003814b00000,0x0000003814c00000) (1024K)]
Total: 25

Other Threads:
  0x0000017105edf920 VMThread "VM Thread"                           [id=12432, stack(0x0000003813000000,0x0000003813100000) (1024K)]
  0x0000017105e8a000 WatcherThread "VM Periodic Task Thread"        [id=11804, stack(0x0000003812f00000,0x0000003813000000) (1024K)]
  0x0000017105e3e590 WorkerThread "GC Thread#0"                     [id=12028, stack(0x0000003812e00000,0x0000003812f00000) (1024K)]
  0x0000017163149f80 WorkerThread "GC Thread#1"                     [id=13248, stack(0x0000003813c00000,0x0000003813d00000) (1024K)]
  0x00000171633f7540 WorkerThread "GC Thread#2"                     [id=13988, stack(0x0000003813d00000,0x0000003813e00000) (1024K)]
  0x0000017163371570 WorkerThread "GC Thread#3"                     [id=13112, stack(0x0000003813e00000,0x0000003813f00000) (1024K)]
Total: 6

Threads with active compile tasks:
C2 CompilerThread0  7159 3866       4       org.lombokweb.asm.ClassReader::readMethod (1070 bytes)
C1 CompilerThread0  7159 4333   !   3       org.eclipse.osgi.internal.hooks.EclipseLazyStarter::postFindLocalClass (394 bytes)
Total: 2

VM state: not at safepoint (normal execution)

VM Mutex/Monitor currently owned by a thread: None

Heap address: 0x0000000080000000, size: 2048 MB, Compressed Oops mode: 32-bit

CDS archive(s) mapped at: [0x000001711d000000-0x000001711dba0000-0x000001711dba0000), size 12189696, SharedBaseAddress: 0x000001711d000000, ArchiveRelocationMode: 1.
Compressed class space mapped at: 0x000001711e000000-0x000001715e000000, reserved size: 1073741824
Narrow klass base: 0x000001711d000000, Narrow klass shift: 0, Narrow klass range: 0x100000000

GC Precious Log:
 CardTable entry size: 512
 CPUs: 4 total, 4 available
 Memory: 3970M
 Large Page Support: Disabled
 NUMA Support: Disabled
 Compressed Oops: Enabled (32-bit)
 Alignments: Space 512K, Generation 512K, Heap 2M
 Heap Min Capacity: 100M
 Heap Initial Capacity: 100M
 Heap Max Capacity: 2G
 Pre-touch: Disabled
 Parallel Workers: 4

Heap:
 PSYoungGen      total 24064K, used 13460K [0x00000000d5580000, 0x00000000d7280000, 0x0000000100000000)
  eden space 22528K, 55% used [0x00000000d5580000,0x00000000d619a298,0x00000000d6b80000)
  from space 1536K, 69% used [0x00000000d7100000,0x00000000d720b0a8,0x00000000d7280000)
  to   space 1536K, 0% used [0x00000000d6f80000,0x00000000d6f80000,0x00000000d7100000)
 ParOldGen       total 68608K, used 16363K [0x0000000080000000, 0x0000000084300000, 0x00000000d5580000)
  object space 68608K, 23% used [0x0000000080000000,0x0000000080ffaed0,0x0000000084300000)
 Metaspace       used 33714K, committed 34816K, reserved 1114112K
  class space    used 3482K, committed 3968K, reserved 1048576K

Card table byte_map: [0x00000171057d0000,0x0000017105be0000] _byte_map_base: 0x00000171053d0000

Marking Bits: (ParMarkBitMap*) 0x00007ffd79dea340
 Begin Bits: [0x00000171182d0000, 0x000001711a2d0000)
 End Bits:   [0x000001711a2d0000, 0x000001711c2d0000)

Polling page: 0x0000017103df0000

Metaspace:

Usage:
  Non-class:     29.52 MB used.
      Class:      3.40 MB used.
       Both:     32.92 MB used.

Virtual space:
  Non-class space:       64.00 MB reserved,      30.12 MB ( 47%) committed,  1 nodes.
      Class space:        1.00 GB reserved,       3.88 MB ( <1%) committed,  1 nodes.
             Both:        1.06 GB reserved,      34.00 MB (  3%) committed. 

Chunk freelists:
   Non-Class:  1.20 MB
       Class:  12.10 MB
        Both:  13.30 MB

MaxMetaspaceSize: unlimited
CompressedClassSpaceSize: 1.00 GB
Initial GC threshold: 21.00 MB
Current GC threshold: 35.56 MB
CDS: on
 - commit_granule_bytes: 65536.
 - commit_granule_words: 8192.
 - virtual_space_node_default_size: 8388608.
 - enlarge_chunks_in_place: 1.
 - use_allocation_guard: 0.


Internal statistics:

num_allocs_failed_limit: 7.
num_arena_births: 776.
num_arena_deaths: 14.
num_vsnodes_births: 2.
num_vsnodes_deaths: 0.
num_space_committed: 544.
num_space_uncommitted: 0.
num_chunks_returned_to_freelist: 21.
num_chunks_taken_from_freelist: 2228.
num_chunk_merges: 12.
num_chunk_splits: 1382.
num_chunks_enlarged: 817.
num_inconsistent_stats: 0.

CodeHeap 'non-profiled nmethods': size=120000Kb used=1747Kb max_used=1747Kb free=118252Kb
 bounds [0x0000017110af0000, 0x0000017110d60000, 0x0000017118020000]
CodeHeap 'profiled nmethods': size=120000Kb used=8960Kb max_used=8960Kb free=111039Kb
 bounds [0x0000017109020000, 0x00000171098f0000, 0x0000017110550000]
CodeHeap 'non-nmethods': size=5760Kb used=1353Kb max_used=1365Kb free=4407Kb
 bounds [0x0000017110550000, 0x00000171107c0000, 0x0000017110af0000]
CodeCache: size=245760Kb, used=12060Kb, max_used=12072Kb, free=233698Kb
 total_blobs=4950, nmethods=4304, adapters=552, full_count=0
Compilation: enabled, stopped_count=0, restarted_count=0

Compilation events (20 events):
Event: 7.100 Thread 0x000001711c80a520 nmethod 4251 0x00000171098c9d10 code [0x00000171098c9ec0, 0x00000171098ca028]
Event: 7.100 Thread 0x000001711c80a520 4252       2       java.nio.CharBuffer::limit (6 bytes)
Event: 7.100 Thread 0x000001711c80a520 nmethod 4252 0x00000171098ca110 code [0x00000171098ca2c0, 0x00000171098ca3f0]
Event: 7.101 Thread 0x000001711c80a520 4254  s    1       java.lang.StringBuffer::length (5 bytes)
Event: 7.102 Thread 0x000001711c80a520 nmethod 4254 0x0000017110ca1190 code [0x0000017110ca1320, 0x0000017110ca14a8]
Event: 7.103 Thread 0x000001711c80a520 4255       2       org.eclipse.osgi.framework.eventmgr.ListenerQueue::<init> (38 bytes)
Event: 7.103 Thread 0x000001711c80a520 nmethod 4255 0x00000171098ca490 code [0x00000171098ca640, 0x00000171098ca8b0]
Event: 7.104 Thread 0x000001711c80a520 4256       3       java.lang.String::getBytes (44 bytes)
Event: 7.105 Thread 0x000001711c80a520 nmethod 4256 0x00000171098caa10 code [0x00000171098cabe0, 0x00000171098caee8]
Event: 7.106 Thread 0x000001711c80a520 4257       2       jdk.internal.loader.ClassLoaders$AppClassLoader::loadClass (40 bytes)
Event: 7.106 Thread 0x000001711c80a520 nmethod 4257 0x00000171098cb010 code [0x00000171098cb1c0, 0x00000171098cb390]
Event: 7.108 Thread 0x000001711c80a520 4258       2       org.eclipse.core.internal.registry.BaseExtensionHandle::getExtension (18 bytes)
Event: 7.108 Thread 0x000001711c80a520 nmethod 4258 0x00000171098cb510 code [0x00000171098cb6c0, 0x00000171098cb960]
Event: 7.111 Thread 0x000001711c80a520 4260       2       com.google.inject.internal.DeclaredMembers$$Lambda/0x000001711e397ae8::apply (8 bytes)
Event: 7.111 Thread 0x000001711c80a520 nmethod 4260 0x00000171098cbb10 code [0x00000171098cbca0, 0x00000171098cbde8]
Event: 7.111 Thread 0x000001711c80a520 4261       2       java.util.Comparator$$Lambda/0x000001711e022568::compare (10 bytes)
Event: 7.112 Thread 0x000001711c80a520 nmethod 4261 0x00000171098cbf10 code [0x00000171098cc0e0, 0x00000171098cc2e0]
Event: 7.112 Thread 0x000001711c80a520 4262       2       java.util.Comparator::lambda$comparing$77a9974f$1 (23 bytes)
Event: 7.113 Thread 0x000001711c80a520 nmethod 4262 0x00000171098cc410 code [0x00000171098cc5e0, 0x00000171098cc7c0]
Event: 7.113 Thread 0x000001711c80a520 4264   !   2       java.lang.reflect.Executable::declaredAnnotations (85 bytes)

GC Heap History (20 events):
Event: 3.574 GC heap before
{Heap before GC invocations=4 (full 0):
 PSYoungGen      total 29696K, used 29693K [0x00000000d5580000, 0x00000000d7680000, 0x0000000100000000)
  eden space 25600K, 100% used [0x00000000d5580000,0x00000000d6e80000,0x00000000d6e80000)
  from space 4096K, 99% used [0x00000000d6e80000,0x00000000d727f7f0,0x00000000d7280000)
  to   space 4096K, 0% used [0x00000000d7280000,0x00000000d7280000,0x00000000d7680000)
 ParOldGen       total 68608K, used 4823K [0x0000000080000000, 0x0000000084300000, 0x00000000d5580000)
  object space 68608K, 7% used [0x0000000080000000,0x00000000804b5ee8,0x0000000084300000)
 Metaspace       used 12094K, committed 12480K, reserved 1114112K
  class space    used 1292K, committed 1472K, reserved 1048576K
}
Event: 3.583 GC heap after
{Heap after GC invocations=4 (full 0):
 PSYoungGen      total 29696K, used 4077K [0x00000000d5580000, 0x00000000d7680000, 0x0000000100000000)
  eden space 25600K, 0% used [0x00000000d5580000,0x00000000d5580000,0x00000000d6e80000)
  from space 4096K, 99% used [0x00000000d7280000,0x00000000d767b488,0x00000000d7680000)
  to   space 4096K, 0% used [0x00000000d6e80000,0x00000000d6e80000,0x00000000d7280000)
 ParOldGen       total 68608K, used 6196K [0x0000000080000000, 0x0000000084300000, 0x00000000d5580000)
  object space 68608K, 9% used [0x0000000080000000,0x000000008060d2c0,0x0000000084300000)
 Metaspace       used 12094K, committed 12480K, reserved 1114112K
  class space    used 1292K, committed 1472K, reserved 1048576K
}
Event: 4.131 GC heap before
{Heap before GC invocations=5 (full 0):
 PSYoungGen      total 29696K, used 29677K [0x00000000d5580000, 0x00000000d7680000, 0x0000000100000000)
  eden space 25600K, 100% used [0x00000000d5580000,0x00000000d6e80000,0x00000000d6e80000)
  from space 4096K, 99% used [0x00000000d7280000,0x00000000d767b488,0x00000000d7680000)
  to   space 4096K, 0% used [0x00000000d6e80000,0x00000000d6e80000,0x00000000d7280000)
 ParOldGen       total 68608K, used 6196K [0x0000000080000000, 0x0000000084300000, 0x00000000d5580000)
  object space 68608K, 9% used [0x0000000080000000,0x000000008060d2c0,0x0000000084300000)
 Metaspace       used 15878K, committed 16576K, reserved 1114112K
  class space    used 1660K, committed 1984K, reserved 1048576K
}
Event: 4.146 GC heap after
{Heap after GC invocations=5 (full 0):
 PSYoungGen      total 29184K, used 4064K [0x00000000d5580000, 0x00000000d7a00000, 0x0000000100000000)
  eden space 25088K, 0% used [0x00000000d5580000,0x00000000d5580000,0x00000000d6e00000)
  from space 4096K, 99% used [0x00000000d6e80000,0x00000000d7278298,0x00000000d7280000)
  to   space 6144K, 0% used [0x00000000d7400000,0x00000000d7400000,0x00000000d7a00000)
 ParOldGen       total 68608K, used 8077K [0x0000000080000000, 0x0000000084300000, 0x00000000d5580000)
  object space 68608K, 11% used [0x0000000080000000,0x00000000807e3478,0x0000000084300000)
 Metaspace       used 15878K, committed 16576K, reserved 1114112K
  class space    used 1660K, committed 1984K, reserved 1048576K
}
Event: 5.018 GC heap before
{Heap before GC invocations=6 (full 0):
 PSYoungGen      total 29184K, used 29152K [0x00000000d5580000, 0x00000000d7a00000, 0x0000000100000000)
  eden space 25088K, 100% used [0x00000000d5580000,0x00000000d6e00000,0x00000000d6e00000)
  from space 4096K, 99% used [0x00000000d6e80000,0x00000000d7278298,0x00000000d7280000)
  to   space 6144K, 0% used [0x00000000d7400000,0x00000000d7400000,0x00000000d7a00000)
 ParOldGen       total 68608K, used 8077K [0x0000000080000000, 0x0000000084300000, 0x00000000d5580000)
  object space 68608K, 11% used [0x0000000080000000,0x00000000807e3478,0x0000000084300000)
 Metaspace       used 18906K, committed 19648K, reserved 1114112K
  class space    used 2000K, committed 2304K, reserved 1048576K
}
Event: 5.024 GC heap after
{Heap after GC invocations=6 (full 0):
 PSYoungGen      total 29184K, used 4537K [0x00000000d5580000, 0x00000000d7880000, 0x0000000100000000)
  eden space 24576K, 0% used [0x00000000d5580000,0x00000000d5580000,0x00000000d6d80000)
  from space 4608K, 98% used [0x00000000d7400000,0x00000000d786e478,0x00000000d7880000)
  to   space 5120K, 0% used [0x00000000d6e80000,0x00000000d6e80000,0x00000000d7380000)
 ParOldGen       total 68608K, used 8085K [0x0000000080000000, 0x0000000084300000, 0x00000000d5580000)
  object space 68608K, 11% used [0x0000000080000000,0x00000000807e5478,0x0000000084300000)
 Metaspace       used 18906K, committed 19648K, reserved 1114112K
  class space    used 2000K, committed 2304K, reserved 1048576K
}
Event: 5.255 GC heap before
{Heap before GC invocations=7 (full 0):
 PSYoungGen      total 29184K, used 21664K [0x00000000d5580000, 0x00000000d7880000, 0x0000000100000000)
  eden space 24576K, 69% used [0x00000000d5580000,0x00000000d6639bc0,0x00000000d6d80000)
  from space 4608K, 98% used [0x00000000d7400000,0x00000000d786e478,0x00000000d7880000)
  to   space 5120K, 0% used [0x00000000d6e80000,0x00000000d6e80000,0x00000000d7380000)
 ParOldGen       total 68608K, used 8085K [0x0000000080000000, 0x0000000084300000, 0x00000000d5580000)
  object space 68608K, 11% used [0x0000000080000000,0x00000000807e5478,0x0000000084300000)
 Metaspace       used 20696K, committed 21568K, reserved 1114112K
  class space    used 2205K, committed 2560K, reserved 1048576K
}
Event: 5.266 GC heap after
{Heap after GC invocations=7 (full 0):
 PSYoungGen      total 29184K, used 4097K [0x00000000d5580000, 0x00000000d7680000, 0x0000000100000000)
  eden space 24576K, 0% used [0x00000000d5580000,0x00000000d5580000,0x00000000d6d80000)
  from space 4608K, 88% used [0x00000000d6e80000,0x00000000d72804e8,0x00000000d7300000)
  to   space 3584K, 0% used [0x00000000d7300000,0x00000000d7300000,0x00000000d7680000)
 ParOldGen       total 68608K, used 9367K [0x0000000080000000, 0x0000000084300000, 0x00000000d5580000)
  object space 68608K, 13% used [0x0000000080000000,0x0000000080925ca0,0x0000000084300000)
 Metaspace       used 20696K, committed 21568K, reserved 1114112K
  class space    used 2205K, committed 2560K, reserved 1048576K
}
Event: 5.302 GC heap before
{Heap before GC invocations=8 (full 0):
 PSYoungGen      total 29184K, used 6297K [0x00000000d5580000, 0x00000000d7680000, 0x0000000100000000)
  eden space 24576K, 8% used [0x00000000d5580000,0x00000000d57a6048,0x00000000d6d80000)
  from space 4608K, 88% used [0x00000000d6e80000,0x00000000d72804e8,0x00000000d7300000)
  to   space 3584K, 0% used [0x00000000d7300000,0x00000000d7300000,0x00000000d7680000)
 ParOldGen       total 68608K, used 9367K [0x0000000080000000, 0x0000000084300000, 0x00000000d5580000)
  object space 68608K, 13% used [0x0000000080000000,0x0000000080925ca0,0x0000000084300000)
 Metaspace       used 20999K, committed 21824K, reserved 1114112K
  class space    used 2225K, committed 2624K, reserved 1048576K
}
Event: 5.306 GC heap after
{Heap after GC invocations=8 (full 0):
 PSYoungGen      total 28160K, used 3490K [0x00000000d5580000, 0x00000000d7680000, 0x0000000100000000)
  eden space 24576K, 0% used [0x00000000d5580000,0x00000000d5580000,0x00000000d6d80000)
  from space 3584K, 97% used [0x00000000d7300000,0x00000000d7668b08,0x00000000d7680000)
  to   space 4096K, 0% used [0x00000000d6e80000,0x00000000d6e80000,0x00000000d7280000)
 ParOldGen       total 68608K, used 10378K [0x0000000080000000, 0x0000000084300000, 0x00000000d5580000)
  object space 68608K, 15% used [0x0000000080000000,0x0000000080a22a40,0x0000000084300000)
 Metaspace       used 20999K, committed 21824K, reserved 1114112K
  class space    used 2225K, committed 2624K, reserved 1048576K
}
Event: 5.307 GC heap before
{Heap before GC invocations=9 (full 1):
 PSYoungGen      total 28160K, used 3490K [0x00000000d5580000, 0x00000000d7680000, 0x0000000100000000)
  eden space 24576K, 0% used [0x00000000d5580000,0x00000000d5580000,0x00000000d6d80000)
  from space 3584K, 97% used [0x00000000d7300000,0x00000000d7668b08,0x00000000d7680000)
  to   space 4096K, 0% used [0x00000000d6e80000,0x00000000d6e80000,0x00000000d7280000)
 ParOldGen       total 68608K, used 10378K [0x0000000080000000, 0x0000000084300000, 0x00000000d5580000)
  object space 68608K, 15% used [0x0000000080000000,0x0000000080a22a40,0x0000000084300000)
 Metaspace       used 20999K, committed 21824K, reserved 1114112K
  class space    used 2225K, committed 2624K, reserved 1048576K
}
Event: 5.379 GC heap after
{Heap after GC invocations=9 (full 1):
 PSYoungGen      total 28160K, used 0K [0x00000000d5580000, 0x00000000d7680000, 0x0000000100000000)
  eden space 24576K, 0% used [0x00000000d5580000,0x00000000d5580000,0x00000000d6d80000)
  from space 3584K, 0% used [0x00000000d7300000,0x00000000d7300000,0x00000000d7680000)
  to   space 4096K, 0% used [0x00000000d6e80000,0x00000000d6e80000,0x00000000d7280000)
 ParOldGen       total 68608K, used 13351K [0x0000000080000000, 0x0000000084300000, 0x00000000d5580000)
  object space 68608K, 19% used [0x0000000080000000,0x0000000080d09c80,0x0000000084300000)
 Metaspace       used 20986K, committed 21824K, reserved 1114112K
  class space    used 2222K, committed 2624K, reserved 1048576K
}
Event: 5.808 GC heap before
{Heap before GC invocations=10 (full 1):
 PSYoungGen      total 28160K, used 24541K [0x00000000d5580000, 0x00000000d7680000, 0x0000000100000000)
  eden space 24576K, 99% used [0x00000000d5580000,0x00000000d6d777c8,0x00000000d6d80000)
  from space 3584K, 0% used [0x00000000d7300000,0x00000000d7300000,0x00000000d7680000)
  to   space 4096K, 0% used [0x00000000d6e80000,0x00000000d6e80000,0x00000000d7280000)
 ParOldGen       total 68608K, used 13351K [0x0000000080000000, 0x0000000084300000, 0x00000000d5580000)
  object space 68608K, 19% used [0x0000000080000000,0x0000000080d09c80,0x0000000084300000)
 Metaspace       used 23605K, committed 24448K, reserved 1114112K
  class space    used 2403K, committed 2752K, reserved 1048576K
}
Event: 5.810 GC heap after
{Heap after GC invocations=10 (full 1):
 PSYoungGen      total 24576K, used 278K [0x00000000d5580000, 0x00000000d7380000, 0x0000000100000000)
  eden space 24064K, 0% used [0x00000000d5580000,0x00000000d5580000,0x00000000d6d00000)
  from space 512K, 54% used [0x00000000d6e80000,0x00000000d6ec59f0,0x00000000d6f00000)
  to   space 1536K, 0% used [0x00000000d7200000,0x00000000d7200000,0x00000000d7380000)
 ParOldGen       total 68608K, used 13359K [0x0000000080000000, 0x0000000084300000, 0x00000000d5580000)
  object space 68608K, 19% used [0x0000000080000000,0x0000000080d0bc80,0x0000000084300000)
 Metaspace       used 23605K, committed 24448K, reserved 1114112K
  class space    used 2403K, committed 2752K, reserved 1048576K
}
Event: 6.106 GC heap before
{Heap before GC invocations=11 (full 1):
 PSYoungGen      total 24576K, used 24342K [0x00000000d5580000, 0x00000000d7380000, 0x0000000100000000)
  eden space 24064K, 100% used [0x00000000d5580000,0x00000000d6d00000,0x00000000d6d00000)
  from space 512K, 54% used [0x00000000d6e80000,0x00000000d6ec59f0,0x00000000d6f00000)
  to   space 1536K, 0% used [0x00000000d7200000,0x00000000d7200000,0x00000000d7380000)
 ParOldGen       total 68608K, used 13359K [0x0000000080000000, 0x0000000084300000, 0x00000000d5580000)
  object space 68608K, 19% used [0x0000000080000000,0x0000000080d0bc80,0x0000000084300000)
 Metaspace       used 26417K, committed 27328K, reserved 1114112K
  class space    used 2620K, committed 3008K, reserved 1048576K
}
Event: 6.110 GC heap after
{Heap after GC invocations=11 (full 1):
 PSYoungGen      total 25088K, used 1329K [0x00000000d5580000, 0x00000000d7380000, 0x0000000100000000)
  eden space 23552K, 0% used [0x00000000d5580000,0x00000000d5580000,0x00000000d6c80000)
  from space 1536K, 86% used [0x00000000d7200000,0x00000000d734c658,0x00000000d7380000)
  to   space 2048K, 0% used [0x00000000d6f80000,0x00000000d6f80000,0x00000000d7180000)
 ParOldGen       total 68608K, used 14140K [0x0000000080000000, 0x0000000084300000, 0x00000000d5580000)
  object space 68608K, 20% used [0x0000000080000000,0x0000000080dcf190,0x0000000084300000)
 Metaspace       used 26417K, committed 27328K, reserved 1114112K
  class space    used 2620K, committed 3008K, reserved 1048576K
}
Event: 6.415 GC heap before
{Heap before GC invocations=12 (full 1):
 PSYoungGen      total 25088K, used 24881K [0x00000000d5580000, 0x00000000d7380000, 0x0000000100000000)
  eden space 23552K, 100% used [0x00000000d5580000,0x00000000d6c80000,0x00000000d6c80000)
  from space 1536K, 86% used [0x00000000d7200000,0x00000000d734c658,0x00000000d7380000)
  to   space 2048K, 0% used [0x00000000d6f80000,0x00000000d6f80000,0x00000000d7180000)
 ParOldGen       total 68608K, used 14140K [0x0000000080000000, 0x0000000084300000, 0x00000000d5580000)
  object space 68608K, 20% used [0x0000000080000000,0x0000000080dcf190,0x0000000084300000)
 Metaspace       used 28547K, committed 29568K, reserved 1114112K
  class space    used 2837K, committed 3264K, reserved 1048576K
}
Event: 6.418 GC heap after
{Heap after GC invocations=12 (full 1):
 PSYoungGen      total 24576K, used 1122K [0x00000000d5580000, 0x00000000d7280000, 0x0000000100000000)
  eden space 23040K, 0% used [0x00000000d5580000,0x00000000d5580000,0x00000000d6c00000)
  from space 1536K, 73% used [0x00000000d6f80000,0x00000000d7098828,0x00000000d7100000)
  to   space 1536K, 0% used [0x00000000d7100000,0x00000000d7100000,0x00000000d7280000)
 ParOldGen       total 68608K, used 15326K [0x0000000080000000, 0x0000000084300000, 0x00000000d5580000)
  object space 68608K, 22% used [0x0000000080000000,0x0000000080ef7828,0x0000000084300000)
 Metaspace       used 28547K, committed 29568K, reserved 1114112K
  class space    used 2837K, committed 3264K, reserved 1048576K
}
Event: 6.911 GC heap before
{Heap before GC invocations=13 (full 1):
 PSYoungGen      total 24576K, used 24162K [0x00000000d5580000, 0x00000000d7280000, 0x0000000100000000)
  eden space 23040K, 100% used [0x00000000d5580000,0x00000000d6c00000,0x00000000d6c00000)
  from space 1536K, 73% used [0x00000000d6f80000,0x00000000d7098828,0x00000000d7100000)
  to   space 1536K, 0% used [0x00000000d7100000,0x00000000d7100000,0x00000000d7280000)
 ParOldGen       total 68608K, used 15326K [0x0000000080000000, 0x0000000084300000, 0x00000000d5580000)
  object space 68608K, 22% used [0x0000000080000000,0x0000000080ef7828,0x0000000084300000)
 Metaspace       used 32065K, committed 33024K, reserved 1114112K
  class space    used 3269K, committed 3648K, reserved 1048576K
}
Event: 6.914 GC heap after
{Heap after GC invocations=13 (full 1):
 PSYoungGen      total 24064K, used 1068K [0x00000000d5580000, 0x00000000d7280000, 0x0000000100000000)
  eden space 22528K, 0% used [0x00000000d5580000,0x00000000d5580000,0x00000000d6b80000)
  from space 1536K, 69% used [0x00000000d7100000,0x00000000d720b0a8,0x00000000d7280000)
  to   space 1536K, 0% used [0x00000000d6f80000,0x00000000d6f80000,0x00000000d7100000)
 ParOldGen       total 68608K, used 16363K [0x0000000080000000, 0x0000000084300000, 0x00000000d5580000)
  object space 68608K, 23% used [0x0000000080000000,0x0000000080ffaed0,0x0000000084300000)
 Metaspace       used 32065K, committed 33024K, reserved 1114112K
  class space    used 3269K, committed 3648K, reserved 1048576K
}

Dll operation events (10 events):
Event: 0.035 Loaded shared library c:\Users\Lenovo\.vscode\extensions\redhat.java-1.46.0-win32-x64\jre\21.0.8-win32-x86_64\bin\java.dll
Event: 0.194 Loaded shared library c:\Users\Lenovo\.vscode\extensions\redhat.java-1.46.0-win32-x64\jre\21.0.8-win32-x86_64\bin\zip.dll
Event: 0.233 Loaded shared library C:\Users\Lenovo\.vscode\extensions\redhat.java-1.46.0-win32-x64\jre\21.0.8-win32-x86_64\bin\instrument.dll
Event: 0.238 Loaded shared library C:\Users\Lenovo\.vscode\extensions\redhat.java-1.46.0-win32-x64\jre\21.0.8-win32-x86_64\bin\net.dll
Event: 0.241 Loaded shared library C:\Users\Lenovo\.vscode\extensions\redhat.java-1.46.0-win32-x64\jre\21.0.8-win32-x86_64\bin\nio.dll
Event: 0.245 Loaded shared library C:\Users\Lenovo\.vscode\extensions\redhat.java-1.46.0-win32-x64\jre\21.0.8-win32-x86_64\bin\zip.dll
Event: 0.267 Loaded shared library C:\Users\Lenovo\.vscode\extensions\redhat.java-1.46.0-win32-x64\jre\21.0.8-win32-x86_64\bin\jimage.dll
Event: 0.397 Loaded shared library c:\Users\Lenovo\.vscode\extensions\redhat.java-1.46.0-win32-x64\jre\21.0.8-win32-x86_64\bin\verify.dll
Event: 2.557 Loaded shared library C:\Users\Lenovo\AppData\Roaming\Code\User\globalStorage\redhat.java\1.46.0\config_win\org.eclipse.equinox.launcher\org.eclipse.equinox.launcher.win32.win32.x86_64_1.2.1400.v20250801-0854\eclipse_11916.dll
Event: 4.554 Loaded shared library C:\Users\Lenovo\AppData\Local\Temp\jna--2022488749\jna8250669278296741440.dll

Deoptimization events (20 events):
Event: 6.413 Thread 0x0000017163763100 Uncommon trap: trap_request=0xffffffc6 fr.pc=0x0000017110b9ade8 relative=0x0000000000000a68
Event: 6.413 Thread 0x0000017163763100 Uncommon trap: reason=bimorphic_or_optimized_type_check action=maybe_recompile pc=0x0000017110b9ade8 method=java.util.HashMap.putVal(ILjava/lang/Object;Ljava/lang/Object;ZZ)Ljava/lang/Object; @ 56 c2
Event: 6.413 Thread 0x0000017163763100 DEOPT PACKING pc=0x0000017110b9ade8 sp=0x00000038142fdd30
Event: 6.413 Thread 0x0000017163763100 DEOPT UNPACKING pc=0x00000171105a3aa2 sp=0x00000038142fdc98 mode 2
Event: 6.413 Thread 0x0000017163763100 Uncommon trap: trap_request=0xffffffc6 fr.pc=0x0000017110b9ade8 relative=0x0000000000000a68
Event: 6.413 Thread 0x0000017163763100 Uncommon trap: reason=bimorphic_or_optimized_type_check action=maybe_recompile pc=0x0000017110b9ade8 method=java.util.HashMap.putVal(ILjava/lang/Object;Ljava/lang/Object;ZZ)Ljava/lang/Object; @ 56 c2
Event: 6.413 Thread 0x0000017163763100 DEOPT PACKING pc=0x0000017110b9ade8 sp=0x00000038142fdd30
Event: 6.413 Thread 0x0000017163763100 DEOPT UNPACKING pc=0x00000171105a3aa2 sp=0x00000038142fdc98 mode 2
Event: 6.413 Thread 0x0000017163763100 Uncommon trap: trap_request=0xffffffc6 fr.pc=0x0000017110b9ade8 relative=0x0000000000000a68
Event: 6.413 Thread 0x0000017163763100 Uncommon trap: reason=bimorphic_or_optimized_type_check action=maybe_recompile pc=0x0000017110b9ade8 method=java.util.HashMap.putVal(ILjava/lang/Object;Ljava/lang/Object;ZZ)Ljava/lang/Object; @ 56 c2
Event: 6.413 Thread 0x0000017163763100 DEOPT PACKING pc=0x0000017110b9ade8 sp=0x00000038142fdd30
Event: 6.413 Thread 0x0000017163763100 DEOPT UNPACKING pc=0x00000171105a3aa2 sp=0x00000038142fdc98 mode 2
Event: 6.482 Thread 0x0000017163dc3c00 Uncommon trap: trap_request=0xffffff45 fr.pc=0x0000017110b84b30 relative=0x0000000000001650
Event: 6.482 Thread 0x0000017163dc3c00 Uncommon trap: reason=unstable_if action=reinterpret pc=0x0000017110b84b30 method=jdk.internal.jimage.ImageLocation.verifyName(Ljava/lang/String;Ljava/lang/String;IIIIIILjdk/internal/jimage/ImageStrings;)Z @ 2 c2
Event: 6.482 Thread 0x0000017163dc3c00 DEOPT PACKING pc=0x0000017110b84b30 sp=0x00000038148fc350
Event: 6.482 Thread 0x0000017163dc3c00 DEOPT UNPACKING pc=0x00000171105a3aa2 sp=0x00000038148fc228 mode 2
Event: 7.100 Thread 0x0000017163763100 Uncommon trap: trap_request=0xffffff45 fr.pc=0x0000017110b41818 relative=0x00000000000000f8
Event: 7.100 Thread 0x0000017163763100 Uncommon trap: reason=unstable_if action=reinterpret pc=0x0000017110b41818 method=java.lang.String.getBytes([BIB)V @ 5 c2
Event: 7.100 Thread 0x0000017163763100 DEOPT PACKING pc=0x0000017110b41818 sp=0x00000038142fe170
Event: 7.100 Thread 0x0000017163763100 DEOPT UNPACKING pc=0x00000171105a3aa2 sp=0x00000038142fe118 mode 2

Classes loaded (20 events):
Event: 7.047 Loading class sun/nio/ch/Util$4
Event: 7.047 Loading class sun/nio/ch/Util$4 done
Event: 7.048 Loading class java/lang/foreign/MemorySegment
Event: 7.048 Loading class java/lang/foreign/MemorySegment done
Event: 7.092 Loading class sun/reflect/generics/tree/TypeVariableSignature
Event: 7.092 Loading class sun/reflect/generics/tree/TypeVariableSignature done
Event: 7.099 Loading class java/io/UTFDataFormatException
Event: 7.099 Loading class java/io/UTFDataFormatException done
Event: 7.106 Loading class java/nio/file/ClosedDirectoryStreamException
Event: 7.106 Loading class java/nio/file/ClosedDirectoryStreamException done
Event: 7.106 Loading class jdk/internal/jrtfs/JrtFileSystem
Event: 7.107 Loading class jdk/internal/jrtfs/JrtFileSystem done
Event: 7.107 Loading class jdk/internal/jrtfs/JrtPath
Event: 7.108 Loading class jdk/internal/jrtfs/JrtPath done
Event: 7.108 Loading class jdk/internal/jimage/ImageReader$Node
Event: 7.108 Loading class jdk/internal/jimage/ImageReader$Node done
Event: 7.112 Loading class java/nio/file/SimpleFileVisitor
Event: 7.112 Loading class java/nio/file/SimpleFileVisitor done
Event: 7.113 Loading class java/nio/file/FileVisitOption
Event: 7.113 Loading class java/nio/file/FileVisitOption done

Classes unloaded (7 events):
Event: 5.321 Thread 0x0000017105edf920 Unloading class 0x000001711e1a9800 'java/lang/invoke/LambdaForm$MH+0x000001711e1a9800'
Event: 5.321 Thread 0x0000017105edf920 Unloading class 0x000001711e1a9400 'java/lang/invoke/LambdaForm$MH+0x000001711e1a9400'
Event: 5.321 Thread 0x0000017105edf920 Unloading class 0x000001711e1a9000 'java/lang/invoke/LambdaForm$MH+0x000001711e1a9000'
Event: 5.321 Thread 0x0000017105edf920 Unloading class 0x000001711e1a8c00 'java/lang/invoke/LambdaForm$MH+0x000001711e1a8c00'
Event: 5.321 Thread 0x0000017105edf920 Unloading class 0x000001711e1a8800 'java/lang/invoke/LambdaForm$BMH+0x000001711e1a8800'
Event: 5.321 Thread 0x0000017105edf920 Unloading class 0x000001711e1a8400 'java/lang/invoke/LambdaForm$DMH+0x000001711e1a8400'
Event: 5.321 Thread 0x0000017105edf920 Unloading class 0x000001711e1a3000 'java/lang/invoke/LambdaForm$DMH+0x000001711e1a3000'

Classes redefined (0 events):
No events

Internal exceptions (20 events):
Event: 6.340 Thread 0x0000017163763100 Exception <a 'java/lang/ClassNotFoundException'{0x00000000d6717e80}: com/sun/org/apache/xerces/internal/impl/msg/spi/XMLMessagesProvider> (0x00000000d6717e80) 
thrown [s\src\hotspot\share\classfile\systemDictionary.cpp, line 312]
Event: 6.384 Thread 0x0000017163dc3570 Exception <a 'java/lang/NoSuchMethodError'{0x00000000d6a30090}: 'java.lang.Object java.lang.invoke.DirectMethodHandle$Holder.invokeSpecialIFC(java.lang.Object, java.lang.Object, java.lang.Object, java.lang.Object)'> (0x00000000d6a30090) 
thrown [s\src\hotspot\share\interpreter\linkResolver.cpp, line 773]
Event: 6.526 Thread 0x0000017163dc3c00 Exception <a 'sun/nio/fs/WindowsException'{0x00000000d5d8b460}> (0x00000000d5d8b460) 
thrown [s\src\hotspot\share\prims\jni.cpp, line 520]
Event: 6.527 Thread 0x0000017163dc3c00 Exception <a 'sun/nio/fs/WindowsException'{0x00000000d5d8bd58}> (0x00000000d5d8bd58) 
thrown [s\src\hotspot\share\prims\jni.cpp, line 520]
Event: 6.527 Thread 0x0000017163dc3c00 Exception <a 'sun/nio/fs/WindowsException'{0x00000000d5d8c928}> (0x00000000d5d8c928) 
thrown [s\src\hotspot\share\prims\jni.cpp, line 520]
Event: 6.527 Thread 0x0000017163dc3c00 Exception <a 'sun/nio/fs/WindowsException'{0x00000000d5d8d208}> (0x00000000d5d8d208) 
thrown [s\src\hotspot\share\prims\jni.cpp, line 520]
Event: 6.533 Thread 0x0000017163dc3c00 Exception <a 'sun/nio/fs/WindowsException'{0x00000000d5da31d8}> (0x00000000d5da31d8) 
thrown [s\src\hotspot\share\prims\jni.cpp, line 520]
Event: 6.533 Thread 0x0000017163dc3c00 Exception <a 'sun/nio/fs/WindowsException'{0x00000000d5dc7220}> (0x00000000d5dc7220) 
thrown [s\src\hotspot\share\prims\jni.cpp, line 520]
Event: 6.550 Thread 0x0000017163dc3c00 Exception <a 'sun/nio/fs/WindowsException'{0x00000000d5e99db0}> (0x00000000d5e99db0) 
thrown [s\src\hotspot\share\prims\jni.cpp, line 520]
Event: 6.550 Thread 0x0000017163dc3c00 Exception <a 'sun/nio/fs/WindowsException'{0x00000000d5e9a690}> (0x00000000d5e9a690) 
thrown [s\src\hotspot\share\prims\jni.cpp, line 520]
Event: 6.554 Thread 0x0000017163dc3c00 Exception <a 'java/lang/NoSuchMethodError'{0x00000000d5eeb4b0}: 'void java.lang.invoke.DirectMethodHandle$Holder.invokeVirtual(java.lang.Object, java.lang.Object, java.lang.Object, java.lang.Object)'> (0x00000000d5eeb4b0) 
thrown [s\src\hotspot\share\interpreter\linkResolver.cpp, line 773]
Event: 6.666 Thread 0x0000017163763100 Exception <a 'java/lang/ClassNotFoundException'{0x00000000d66076c8}: com/sun/org/apache/xml/internal/serializer/spi/XMLEntitiesProvider> (0x00000000d66076c8) 
thrown [s\src\hotspot\share\classfile\systemDictionary.cpp, line 312]
Event: 6.902 Thread 0x0000017163dc3c00 Exception <a 'java/io/FileNotFoundException'{0x00000000d6bfda20}> (0x00000000d6bfda20) 
thrown [s\src\hotspot\share\prims\jni.cpp, line 520]
Event: 6.907 Thread 0x0000017163dc3c00 Exception <a 'java/io/FileNotFoundException'{0x00000000d6bfea28}> (0x00000000d6bfea28) 
thrown [s\src\hotspot\share\prims\jni.cpp, line 520]
Event: 6.916 Thread 0x0000017163dc3c00 Exception <a 'java/io/FileNotFoundException'{0x00000000d55e5368}> (0x00000000d55e5368) 
thrown [s\src\hotspot\share\prims\jni.cpp, line 520]
Event: 6.916 Thread 0x0000017163dc3c00 Exception <a 'java/io/FileNotFoundException'{0x00000000d55e6630}> (0x00000000d55e6630) 
thrown [s\src\hotspot\share\prims\jni.cpp, line 520]
Event: 6.916 Thread 0x0000017163dc3c00 Exception <a 'java/io/FileNotFoundException'{0x00000000d55e7658}> (0x00000000d55e7658) 
thrown [s\src\hotspot\share\prims\jni.cpp, line 520]
Event: 7.062 Thread 0x0000017163dc3c00 Exception <a 'java/lang/NoSuchMethodError'{0x00000000d5c343f0}: 'long java.lang.invoke.DirectMethodHandle$Holder.invokeStatic(java.lang.Object, java.lang.Object, int)'> (0x00000000d5c343f0) 
thrown [s\src\hotspot\share\interpreter\linkResolver.cpp, line 773]
Event: 7.085 Thread 0x0000017163dc3c00 Exception <a 'java/lang/NoSuchMethodError'{0x00000000d5c3ed48}: 'java.lang.Object java.lang.invoke.DelegatingMethodHandle$Holder.reinvoke_L(java.lang.Object, int, long, java.lang.Object, java.lang.Object, int, java.lang.Object)'> (0x00000000d5c3ed48) 
thrown [s\src\hotspot\share\interpreter\linkResolver.cpp, line 773]
Event: 7.111 Thread 0x0000017163763100 Exception <a 'java/io/FileNotFoundException'{0x00000000d5d83198}> (0x00000000d5d83198) 
thrown [s\src\hotspot\share\prims\jni.cpp, line 520]

ZGC Phase Switch (0 events):
No events

VM Operations (20 events):
Event: 5.276 Executing VM operation: HandshakeAllThreads (Deoptimize)
Event: 5.276 Executing VM operation: HandshakeAllThreads (Deoptimize) done
Event: 5.302 Executing VM operation: CollectForMetadataAllocation (Metadata GC Threshold)
Event: 5.379 Executing VM operation: CollectForMetadataAllocation (Metadata GC Threshold) done
Event: 5.808 Executing VM operation: ParallelGCFailedAllocation (Allocation Failure)
Event: 5.810 Executing VM operation: ParallelGCFailedAllocation (Allocation Failure) done
Event: 6.106 Executing VM operation: ParallelGCFailedAllocation (Allocation Failure)
Event: 6.110 Executing VM operation: ParallelGCFailedAllocation (Allocation Failure) done
Event: 6.314 Executing VM operation: HandshakeAllThreads (Deoptimize)
Event: 6.315 Executing VM operation: HandshakeAllThreads (Deoptimize) done
Event: 6.405 Executing VM operation: HandshakeAllThreads (Deoptimize)
Event: 6.412 Executing VM operation: HandshakeAllThreads (Deoptimize) done
Event: 6.415 Executing VM operation: ParallelGCFailedAllocation (Allocation Failure)
Event: 6.418 Executing VM operation: ParallelGCFailedAllocation (Allocation Failure) done
Event: 6.759 Executing VM operation: HandshakeAllThreads (Deoptimize)
Event: 6.760 Executing VM operation: HandshakeAllThreads (Deoptimize) done
Event: 6.908 Executing VM operation: ParallelGCFailedAllocation (Allocation Failure)
Event: 6.914 Executing VM operation: ParallelGCFailedAllocation (Allocation Failure) done
Event: 6.990 Executing VM operation: HandshakeAllThreads (Deoptimize)
Event: 6.991 Executing VM operation: HandshakeAllThreads (Deoptimize) done

Memory protections (0 events):
No events

Nmethod flushes (0 events):
No events

Events (20 events):
Event: 0.139 Thread 0x0000017105e204c0 Thread added: 0x000001711c809430
Event: 0.139 Thread 0x0000017105e204c0 Thread added: 0x000001711c80a520
Event: 0.177 Thread 0x0000017105e204c0 Thread added: 0x000001715e55a830
Event: 0.379 Thread 0x000001711c80a520 Thread added: 0x000001715e7abff0
Event: 0.584 Thread 0x0000017105e204c0 Thread added: 0x000001715e841a00
Event: 2.203 Thread 0x0000017105e204c0 Thread added: 0x0000017163617a20
Event: 2.550 Thread 0x0000017105e204c0 Thread added: 0x00000171635bcfe0
Event: 2.626 Thread 0x00000171635bcfe0 Thread added: 0x00000171634e8090
Event: 2.630 Thread 0x0000017105e204c0 Thread added: 0x0000017163763100
Event: 3.127 Thread 0x0000017163763100 Thread added: 0x0000017163d58df0
Event: 3.483 Thread 0x0000017163763100 Thread added: 0x0000017163b33cf0
Event: 3.790 Thread 0x0000017163763100 Thread added: 0x0000017163dc4fb0
Event: 4.355 Thread 0x000001715e7abff0 Thread exited: 0x000001715e7abff0
Event: 4.585 Thread 0x0000017163763100 Thread added: 0x0000017163dc2850
Event: 4.629 Thread 0x0000017163763100 Thread added: 0x0000017163dc2ee0
Event: 4.652 Thread 0x0000017163763100 Thread added: 0x0000017163dc3570
Event: 4.854 Thread 0x0000017163dc3570 Thread added: 0x0000017163dc3c00
Event: 6.275 Thread 0x0000017163dc3570 Thread added: 0x0000017163dc4290
Event: 6.365 Thread 0x0000017163763100 Thread added: 0x0000017163dc4920
Event: 6.374 Thread 0x0000017163dc4290 Thread added: 0x0000017163dc21c0


Dynamic libraries:
0x00007ff75d1e0000 - 0x00007ff75d1ee000 	c:\Users\Lenovo\.vscode\extensions\redhat.java-1.46.0-win32-x64\jre\21.0.8-win32-x86_64\bin\java.exe
0x00007ffdd8e30000 - 0x00007ffdd9028000 	C:\Windows\SYSTEM32\ntdll.dll
0x00007ffdd7f00000 - 0x00007ffdd7fc2000 	C:\Windows\System32\KERNEL32.DLL
0x00007ffdd6680000 - 0x00007ffdd6976000 	C:\Windows\System32\KERNELBASE.dll
0x00007ffdd6580000 - 0x00007ffdd6680000 	C:\Windows\System32\ucrtbase.dll
0x00007ffdd1610000 - 0x00007ffdd162e000 	c:\Users\Lenovo\.vscode\extensions\redhat.java-1.46.0-win32-x64\jre\21.0.8-win32-x86_64\bin\VCRUNTIME140.dll
0x00007ffdc3800000 - 0x00007ffdc3818000 	c:\Users\Lenovo\.vscode\extensions\redhat.java-1.46.0-win32-x64\jre\21.0.8-win32-x86_64\bin\jli.dll
0x00007ffdd7ca0000 - 0x00007ffdd7e3d000 	C:\Windows\System32\USER32.dll
0x00007ffdd64d0000 - 0x00007ffdd64f2000 	C:\Windows\System32\win32u.dll
0x00007ffdc1370000 - 0x00007ffdc160b000 	C:\Windows\WinSxS\amd64_microsoft.windows.common-controls_6595b64144ccf1df_6.0.19041.6280_none_60bc30a171f2f3f3\COMCTL32.dll
0x00007ffdd7c70000 - 0x00007ffdd7c9b000 	C:\Windows\System32\GDI32.dll
0x00007ffdd8bd0000 - 0x00007ffdd8c6e000 	C:\Windows\System32\msvcrt.dll
0x00007ffdd6bb0000 - 0x00007ffdd6cc9000 	C:\Windows\System32\gdi32full.dll
0x00007ffdd6ae0000 - 0x00007ffdd6b7d000 	C:\Windows\System32\msvcp_win.dll
0x00007ffdd77e0000 - 0x00007ffdd780f000 	C:\Windows\System32\IMM32.DLL
0x00007ffdd19a0000 - 0x00007ffdd19ac000 	c:\Users\Lenovo\.vscode\extensions\redhat.java-1.46.0-win32-x64\jre\21.0.8-win32-x86_64\bin\vcruntime140_1.dll
0x00007ffda7760000 - 0x00007ffda77ed000 	c:\Users\Lenovo\.vscode\extensions\redhat.java-1.46.0-win32-x64\jre\21.0.8-win32-x86_64\bin\msvcp140.dll
0x00007ffd79130000 - 0x00007ffd79ec7000 	c:\Users\Lenovo\.vscode\extensions\redhat.java-1.46.0-win32-x64\jre\21.0.8-win32-x86_64\bin\server\jvm.dll
0x00007ffdd7e40000 - 0x00007ffdd7ef1000 	C:\Windows\System32\ADVAPI32.dll
0x00007ffdd6f90000 - 0x00007ffdd702f000 	C:\Windows\System32\sechost.dll
0x00007ffdd8740000 - 0x00007ffdd8860000 	C:\Windows\System32\RPCRT4.dll
0x00007ffdd6b80000 - 0x00007ffdd6ba7000 	C:\Windows\System32\bcrypt.dll
0x00007ffdd7bf0000 - 0x00007ffdd7c5b000 	C:\Windows\System32\WS2_32.dll
0x00007ffdd5a10000 - 0x00007ffdd5a5b000 	C:\Windows\SYSTEM32\POWRPROF.dll
0x00007ffdca560000 - 0x00007ffdca587000 	C:\Windows\SYSTEM32\WINMM.dll
0x00007ffdceba0000 - 0x00007ffdcebaa000 	C:\Windows\SYSTEM32\VERSION.dll
0x00007ffdd58a0000 - 0x00007ffdd58b2000 	C:\Windows\SYSTEM32\UMPDC.dll
0x00007ffdd4310000 - 0x00007ffdd4322000 	C:\Windows\SYSTEM32\kernel.appcore.dll
0x00007ffdce1f0000 - 0x00007ffdce1fa000 	c:\Users\Lenovo\.vscode\extensions\redhat.java-1.46.0-win32-x64\jre\21.0.8-win32-x86_64\bin\jimage.dll
0x00007ffdc82f0000 - 0x00007ffdc84f1000 	C:\Windows\SYSTEM32\DBGHELP.DLL
0x00007ffdb4310000 - 0x00007ffdb4344000 	C:\Windows\SYSTEM32\dbgcore.DLL
0x00007ffdd6cd0000 - 0x00007ffdd6d52000 	C:\Windows\System32\bcryptPrimitives.dll
0x00007ffdcd880000 - 0x00007ffdcd88f000 	c:\Users\Lenovo\.vscode\extensions\redhat.java-1.46.0-win32-x64\jre\21.0.8-win32-x86_64\bin\instrument.dll
0x00007ffdbe770000 - 0x00007ffdbe78f000 	c:\Users\Lenovo\.vscode\extensions\redhat.java-1.46.0-win32-x64\jre\21.0.8-win32-x86_64\bin\java.dll
0x00007ffdd7fd0000 - 0x00007ffdd8740000 	C:\Windows\System32\SHELL32.dll
0x00007ffdd4510000 - 0x00007ffdd4cb5000 	C:\Windows\SYSTEM32\windows.storage.dll
0x00007ffdd7810000 - 0x00007ffdd7b63000 	C:\Windows\System32\combase.dll
0x00007ffdd5f00000 - 0x00007ffdd5f2b000 	C:\Windows\SYSTEM32\Wldp.dll
0x00007ffdd7580000 - 0x00007ffdd764d000 	C:\Windows\System32\OLEAUT32.dll
0x00007ffdd8910000 - 0x00007ffdd89bd000 	C:\Windows\System32\SHCORE.dll
0x00007ffdd8cd0000 - 0x00007ffdd8d2b000 	C:\Windows\System32\shlwapi.dll
0x00007ffdd6400000 - 0x00007ffdd6424000 	C:\Windows\SYSTEM32\profapi.dll
0x00007ffdbc750000 - 0x00007ffdbc768000 	c:\Users\Lenovo\.vscode\extensions\redhat.java-1.46.0-win32-x64\jre\21.0.8-win32-x86_64\bin\zip.dll
0x00007ffdcd7f0000 - 0x00007ffdcd800000 	C:\Users\Lenovo\.vscode\extensions\redhat.java-1.46.0-win32-x64\jre\21.0.8-win32-x86_64\bin\net.dll
0x00007ffdce770000 - 0x00007ffdce87a000 	C:\Windows\SYSTEM32\WINHTTP.dll
0x00007ffdd5c60000 - 0x00007ffdd5cca000 	C:\Windows\system32\mswsock.dll
0x00007ffdb5ce0000 - 0x00007ffdb5cf6000 	C:\Users\Lenovo\.vscode\extensions\redhat.java-1.46.0-win32-x64\jre\21.0.8-win32-x86_64\bin\nio.dll
0x00007ffdcb4f0000 - 0x00007ffdcb500000 	c:\Users\Lenovo\.vscode\extensions\redhat.java-1.46.0-win32-x64\jre\21.0.8-win32-x86_64\bin\verify.dll
0x00007ffdaff80000 - 0x00007ffdaffc4000 	C:\Users\Lenovo\AppData\Roaming\Code\User\globalStorage\redhat.java\1.46.0\config_win\org.eclipse.equinox.launcher\org.eclipse.equinox.launcher.win32.win32.x86_64_1.2.1400.v20250801-0854\eclipse_11916.dll
0x00007ffdd76b0000 - 0x00007ffdd77db000 	C:\Windows\System32\ole32.dll
0x00007ffdd5e60000 - 0x00007ffdd5e78000 	C:\Windows\SYSTEM32\CRYPTSP.dll
0x00007ffdd54d0000 - 0x00007ffdd5508000 	C:\Windows\system32\rsaenh.dll
0x00007ffdd63c0000 - 0x00007ffdd63ee000 	C:\Windows\SYSTEM32\USERENV.dll
0x00007ffdd5e50000 - 0x00007ffdd5e5c000 	C:\Windows\SYSTEM32\CRYPTBASE.dll
0x00007ffdd58d0000 - 0x00007ffdd590b000 	C:\Windows\SYSTEM32\IPHLPAPI.DLL
0x00007ffdd8d30000 - 0x00007ffdd8d38000 	C:\Windows\System32\NSI.dll
0x00007ffdaabb0000 - 0x00007ffdaabf9000 	C:\Users\Lenovo\AppData\Local\Temp\jna--2022488749\jna8250669278296741440.dll
0x00007ffdd7c60000 - 0x00007ffdd7c68000 	C:\Windows\System32\PSAPI.DLL

JVMTI agents:
c:\Users\Lenovo\.vscode\extensions\redhat.java-1.46.0-win32-x64\lombok\lombok-1.18.39-4050.jar path:c:\Users\Lenovo\.vscode\extensions\redhat.java-1.46.0-win32-x64\jre\21.0.8-win32-x86_64\bin\instrument.dll, loaded, initialized, instrumentlib options:none

dbghelp: loaded successfully - version: 4.0.5 - missing functions: none
symbol engine: initialized successfully - sym options: 0x614 - pdb path: .;c:\Users\Lenovo\.vscode\extensions\redhat.java-1.46.0-win32-x64\jre\21.0.8-win32-x86_64\bin;C:\Windows\SYSTEM32;C:\Windows\WinSxS\amd64_microsoft.windows.common-controls_6595b64144ccf1df_6.0.19041.6280_none_60bc30a171f2f3f3;c:\Users\Lenovo\.vscode\extensions\redhat.java-1.46.0-win32-x64\jre\21.0.8-win32-x86_64\bin\server;C:\Users\Lenovo\AppData\Roaming\Code\User\globalStorage\redhat.java\1.46.0\config_win\org.eclipse.equinox.launcher\org.eclipse.equinox.launcher.win32.win32.x86_64_1.2.1400.v20250801-0854;C:\Users\Lenovo\AppData\Local\Temp\jna--2022488749

VM Arguments:
jvm_args: --add-modules=ALL-SYSTEM --add-opens=java.base/java.util=ALL-UNNAMED --add-opens=java.base/java.lang=ALL-UNNAMED --add-opens=java.base/sun.nio.fs=ALL-UNNAMED -Declipse.application=org.eclipse.jdt.ls.core.id1 -Dosgi.bundles.defaultStartLevel=4 -Declipse.product=org.eclipse.jdt.ls.core.product -Djava.import.generatesMetadataFilesAtProjectRoot=false -DDetectVMInstallationsJob.disabled=true -Dfile.encoding=utf8 -XX:+UseParallelGC -XX:GCTimeRatio=4 -XX:AdaptiveSizePolicyWeight=90 -Dsun.zip.disableMemoryMapping=true -Xmx2G -Xms100m -Xlog:disable -javaagent:c:\Users\Lenovo\.vscode\extensions\redhat.java-1.46.0-win32-x64\lombok\lombok-1.18.39-4050.jar -XX:+HeapDumpOnOutOfMemoryError -XX:HeapDumpPath=c:\Users\Lenovo\AppData\Roaming\Code\User\workspaceStorage\31802dcc8a754153dbdba671d90e4e0a\redhat.java -Daether.dependencyCollector.impl=bf 
java_command: c:\Users\Lenovo\.vscode\extensions\redhat.java-1.46.0-win32-x64\server\plugins\org.eclipse.equinox.launcher_1.7.0.v20250519-0528.jar -configuration c:\Users\Lenovo\AppData\Roaming\Code\User\globalStorage\redhat.java\1.46.0\config_win -data c:\Users\Lenovo\AppData\Roaming\Code\User\workspaceStorage\31802dcc8a754153dbdba671d90e4e0a\redhat.java\jdt_ws --pipe=\\.\pipe\lsp-7fe61bbd31d8aca4b0fef0769d430cd0-sock
java_class_path (initial): c:\Users\Lenovo\.vscode\extensions\redhat.java-1.46.0-win32-x64\server\plugins\org.eclipse.equinox.launcher_1.7.0.v20250519-0528.jar
Launcher Type: SUN_STANDARD

[Global flags]
    uintx AdaptiveSizePolicyWeight                 = 90                                        {product} {command line}
     intx CICompilerCount                          = 3                                         {product} {ergonomic}
    uintx GCTimeRatio                              = 4                                         {product} {command line}
     bool HeapDumpOnOutOfMemoryError               = true                                   {manageable} {command line}
    ccstr HeapDumpPath                             = c:\Users\Lenovo\AppData\Roaming\Code\User\workspaceStorage\31802dcc8a754153dbdba671d90e4e0a\redhat.java         {manageable} {command line}
   size_t InitialHeapSize                          = 104857600                                 {product} {command line}
   size_t MaxHeapSize                              = 2147483648                                {product} {command line}
   size_t MaxNewSize                               = 715653120                                 {product} {ergonomic}
   size_t MinHeapDeltaBytes                        = 524288                                    {product} {ergonomic}
   size_t MinHeapSize                              = 104857600                                 {product} {command line}
   size_t NewSize                                  = 34603008                                  {product} {ergonomic}
    uintx NonNMethodCodeHeapSize                   = 5832780                                {pd product} {ergonomic}
    uintx NonProfiledCodeHeapSize                  = 122912730                              {pd product} {ergonomic}
   size_t OldSize                                  = 70254592                                  {product} {ergonomic}
    uintx ProfiledCodeHeapSize                     = 122912730                              {pd product} {ergonomic}
    uintx ReservedCodeCacheSize                    = 251658240                              {pd product} {ergonomic}
     bool SegmentedCodeCache                       = true                                      {product} {ergonomic}
   size_t SoftMaxHeapSize                          = 2147483648                             {manageable} {ergonomic}
     bool UseCompressedOops                        = true                           {product lp64_product} {ergonomic}
     bool UseLargePagesIndividualAllocation        = false                                  {pd product} {ergonomic}
     bool UseParallelGC                            = true                                      {product} {command line}

Logging:
Log output configuration:
 #0: stdout all=off uptime,level,tags foldmultilines=false
 #1: stderr all=off uptime,level,tags foldmultilines=false

Environment Variables:
JAVA_HOME=C:\Program Files\Java\jdk-23
PATH=C:\Program Files (x86)\VMware\VMware Player\bin\;C:\Program Files\Common Files\Oracle\Java\javapath;C:\Users\Lenovo\New folder\Scripts\;C:\Users\Lenovo\New folder\;C:\Windows\system32;C:\Windows;C:\Windows\System32\Wbem;C:\Windows\System32\WindowsPowerShell\v1.0\;C:\Windows\System32\OpenSSH\;C:\Program Files\Java\jdk-23\bin;C:\Program Files\Git\cmd;C:\Program Files\nodejs\;C:\Users\Lenovo\AppData\Local\Programs\Python\Launcher\;C:\Users\Lenovo\AppData\Local\Microsoft\WindowsApps;C:\Users\Lenovo\AppData\Local\Programs\Microsoft VS Code\bin;C:\Users\Lenovo\AppData\Roaming\npm;C:\Program Files (x86)\Nmap
USERNAME=Lenovo
OS=Windows_NT
PROCESSOR_IDENTIFIER=Intel64 Family 6 Model 142 Stepping 9, GenuineIntel
TMP=C:\Users\Lenovo\AppData\Local\Temp
TEMP=C:\Users\Lenovo\AppData\Local\Temp




Periodic native trim disabled

---------------  S Y S T E M  ---------------

OS:
 Windows 10 , 64 bit Build 19041 (10.0.19041.5915)
OS uptime: 0 days 6:23 hours
Hyper-V role detected

CPU: total 4 (initial active 4) (2 cores per cpu, 2 threads per core) family 6 model 142 stepping 9 microcode 0xd6, cx8, cmov, fxsr, ht, mmx, 3dnowpref, sse, sse2, sse3, ssse3, sse4.1, sse4.2, popcnt, lzcnt, tsc, tscinvbit, avx, avx2, aes, erms, clmul, bmi1, bmi2, adx, fma, vzeroupper, clflush, clflushopt, hv, rdtscp, f16c
Processor Information for the first 4 processors :
  Max Mhz: 2712, Current Mhz: 2511, Mhz Limit: 2495

Memory: 4k page, system-wide physical 3970M (282M free)
TotalPageFile size 6530M (AvailPageFile size 5M)
current process WorkingSet (physical memory assigned to process): 171M, peak: 172M
current process commit charge ("private bytes"): 287M, peak: 288M

vm_info: OpenJDK 64-Bit Server VM (21.0.8+9-LTS) for windows-amd64 JRE (21.0.8+9-LTS), built on 2025-07-15T00:00:00Z by "admin" with MS VC++ 17.7 (VS2022)

END.
