#
# There is insufficient memory for the Java Runtime Environment to continue.
# Native memory allocation (mmap) failed to map 65536 bytes. Error detail: Failed to commit metaspace.
# Possible reasons:
#   The system is out of physical RAM or swap space
#   This process is running with CompressedOops enabled, and the Java Heap may be blocking the growth of the native heap
# Possible solutions:
#   Reduce memory load on the system
#   Increase physical memory or swap space
#   Check if swap backing store is full
#   Decrease Java heap size (-Xmx/-Xms)
#   Decrease number of Java threads
#   Decrease Java thread stack sizes (-Xss)
#   Set larger code cache with -XX:ReservedCodeCacheSize=
#   JVM is running with Unscaled Compressed Oops mode in which the Java heap is
#     placed in the first 4GB address space. The Java Heap base address is the
#     maximum limit for the native heap growth. Please use -XX:HeapBaseMinAddress
#     to set the Java Heap base and to place the Java Heap above 4GB virtual address.
# This output file may be truncated or incomplete.
#
#  Out of Memory Error (virtualSpaceNode.cpp:113), pid=3088, tid=12496
#
# JRE version: OpenJDK Runtime Environment Temurin-21.0.8+9 (21.0.8+9) (build 21.0.8+9-LTS)
# Java VM: OpenJDK 64-Bit Server VM Temurin-21.0.8+9 (21.0.8+9-LTS, mixed mode, sharing, tiered, compressed oops, compressed class ptrs, parallel gc, windows-amd64)
# No core dump will be written. Minidumps are not enabled by default on client versions of Windows
#

---------------  S U M M A R Y ------------

Command Line: --add-modules=ALL-SYSTEM --add-opens=java.base/java.util=ALL-UNNAMED --add-opens=java.base/java.lang=ALL-UNNAMED --add-opens=java.base/sun.nio.fs=ALL-UNNAMED -Declipse.application=org.eclipse.jdt.ls.core.id1 -Dosgi.bundles.defaultStartLevel=4 -Declipse.product=org.eclipse.jdt.ls.core.product -Djava.import.generatesMetadataFilesAtProjectRoot=false -DDetectVMInstallationsJob.disabled=true -Dfile.encoding=utf8 -XX:+UseParallelGC -XX:GCTimeRatio=4 -XX:AdaptiveSizePolicyWeight=90 -Dsun.zip.disableMemoryMapping=true -Xmx2G -Xms100m -Xlog:disable -javaagent:c:\Users\Lenovo\.vscode\extensions\redhat.java-1.45.0-win32-x64\lombok\lombok-1.18.39-4050.jar c:\Users\Lenovo\.vscode\extensions\redhat.java-1.45.0-win32-x64\server\plugins\org.eclipse.equinox.launcher_1.7.0.v20250519-0528.jar -configuration c:\Users\Lenovo\AppData\Roaming\Code\User\globalStorage\redhat.java\1.45.0\config_ss_win -data c:\Users\Lenovo\AppData\Roaming\Code\User\workspaceStorage\31802dcc8a754153dbdba671d90e4e0a\redhat.java\ss_ws --pipe=\\.\pipe\lsp-162fda9921acef40ff2fbfea8a02fdb6-sock

Host: Intel(R) Core(TM) i5-7200U CPU @ 2.50GHz, 4 cores, 3G,  Windows 10 , 64 bit Build 19041 (10.0.19041.5915)
Time: Tue Sep 30 11:17:03 2025 India Standard Time elapsed time: 1.084012 seconds (0d 0h 0m 1s)

---------------  T H R E A D  ---------------

Current thread (0x0000028826fdc9e0):  JavaThread "main"             [_thread_in_vm, id=12496, stack(0x000000e91c800000,0x000000e91c900000) (1024K)]

Stack: [0x000000e91c800000,0x000000e91c900000]
Native frames: (J=compiled Java code, j=interpreted, Vv=VM code, C=native code)
V  [jvm.dll+0x6d2449]
V  [jvm.dll+0x8ae341]
V  [jvm.dll+0x8b08be]
V  [jvm.dll+0x8b0fa3]
V  [jvm.dll+0x280c96]
V  [jvm.dll+0x8aa07e]
V  [jvm.dll+0x6745b5]
V  [jvm.dll+0x1e5b2c]
V  [jvm.dll+0x1e58fe]
V  [jvm.dll+0x676eb2]
V  [jvm.dll+0x676cd2]
V  [jvm.dll+0x674f8e]
V  [jvm.dll+0x26bc76]
V  [jvm.dll+0x217447]
V  [jvm.dll+0x20cece]
V  [jvm.dll+0x5b19dc]
V  [jvm.dll+0x82776d]
V  [jvm.dll+0x474932]
V  [jvm.dll+0x487d46]
C  [java.dll+0x1657]

Java frames: (J=compiled Java code, j=interpreted, Vv=VM code)
j  java.lang.ClassLoader.defineClass0(Ljava/lang/ClassLoader;Ljava/lang/Class;Ljava/lang/String;[BIILjava/security/ProtectionDomain;ZILjava/lang/Object;)Ljava/lang/Class;+0 java.base@21.0.8
j  java.lang.System$2.defineClass(Ljava/lang/ClassLoader;Ljava/lang/Class;Ljava/lang/String;[BLjava/security/ProtectionDomain;ZILjava/lang/Object;)Ljava/lang/Class;+17 java.base@21.0.8
j  java.lang.invoke.MethodHandles$Lookup$ClassDefiner.defineClass(ZLjava/lang/Object;)Ljava/lang/Class;+57 java.base@21.0.8
j  java.lang.invoke.InvokerBytecodeGenerator.loadMethod([B)Ljava/lang/invoke/MemberName;+22 java.base@21.0.8
j  java.lang.invoke.InvokerBytecodeGenerator.generateCustomizedCode(Ljava/lang/invoke/LambdaForm;Ljava/lang/invoke/MethodType;)Ljava/lang/invoke/MemberName;+30 java.base@21.0.8
j  java.lang.invoke.LambdaForm.compileToBytecode()V+69 java.base@21.0.8
J 618 c1 java.lang.invoke.LambdaForm.prepare()V java.base@21.0.8 (108 bytes) @ 0x000002882c582c7c [0x000002882c582ae0+0x000000000000019c]
J 617 c1 java.lang.invoke.MethodHandle.<init>(Ljava/lang/invoke/MethodType;Ljava/lang/invoke/LambdaForm;)V java.base@21.0.8 (37 bytes) @ 0x000002882c581f44 [0x000002882c581d20+0x0000000000000224]
j  java.lang.invoke.BoundMethodHandle.<init>(Ljava/lang/invoke/MethodType;Ljava/lang/invoke/LambdaForm;)V+3 java.base@21.0.8
j  java.lang.invoke.BoundMethodHandle$Species_L.<init>(Ljava/lang/invoke/MethodType;Ljava/lang/invoke/LambdaForm;Ljava/lang/Object;)V+3 java.base@21.0.8
j  java.lang.invoke.BoundMethodHandle$Species_L.make(Ljava/lang/invoke/MethodType;Ljava/lang/invoke/LambdaForm;Ljava/lang/Object;)Ljava/lang/invoke/BoundMethodHandle;+7 java.base@21.0.8
j  java.lang.invoke.BoundMethodHandle.bindSingle(Ljava/lang/invoke/MethodType;Ljava/lang/invoke/LambdaForm;Ljava/lang/Object;)Ljava/lang/invoke/BoundMethodHandle;+3 java.base@21.0.8
j  java.lang.invoke.SimpleMethodHandle.copyWithExtendL(Ljava/lang/invoke/MethodType;Ljava/lang/invoke/LambdaForm;Ljava/lang/Object;)Ljava/lang/invoke/BoundMethodHandle;+3 java.base@21.0.8
j  java.lang.invoke.MethodHandles.argumentsWithCombiner(ZLjava/lang/invoke/MethodHandle;ILjava/lang/invoke/MethodHandle;[I)Ljava/lang/invoke/MethodHandle;+122 java.base@21.0.8
j  java.lang.invoke.MethodHandles.filterArgumentsWithCombiner(Ljava/lang/invoke/MethodHandle;ILjava/lang/invoke/MethodHandle;[I)Ljava/lang/invoke/MethodHandle;+5 java.base@21.0.8
j  java.lang.invoke.StringConcatFactory.prepender(Ljava/lang/String;Ljava/lang/Class;Ljava/lang/String;Ljava/lang/Class;)Ljava/lang/invoke/MethodHandle;+60 java.base@21.0.8
j  java.lang.invoke.StringConcatFactory.prepender(I[Ljava/lang/String;[Ljava/lang/Class;I)Ljava/lang/invoke/MethodHandle;+36 java.base@21.0.8
j  java.lang.invoke.StringConcatFactory.filterInPrependers(Ljava/lang/invoke/MethodHandle;[Ljava/lang/String;[Ljava/lang/Class;)Ljava/lang/invoke/MethodHandle;+64 java.base@21.0.8
j  java.lang.invoke.StringConcatFactory.generateMHInlineCopy(Ljava/lang/invoke/MethodType;[Ljava/lang/String;)Ljava/lang/invoke/MethodHandle;+388 java.base@21.0.8
j  java.lang.invoke.StringConcatFactory.makeConcatWithConstants(Ljava/lang/invoke/MethodHandles$Lookup;Ljava/lang/String;Ljava/lang/invoke/MethodType;Ljava/lang/String;[Ljava/lang/Object;)Ljava/lang/invoke/CallSite;+227 java.base@21.0.8
j  java.lang.invoke.DirectMethodHandle$Holder.invokeStatic(Ljava/lang/Object;Ljava/lang/Object;Ljava/lang/Object;Ljava/lang/Object;Ljava/lang/Object;Ljava/lang/Object;)Ljava/lang/Object;+18 java.base@21.0.8
j  java.lang.invoke.DelegatingMethodHandle$Holder.delegate(Ljava/lang/Object;Ljava/lang/Object;Ljava/lang/Object;Ljava/lang/Object;Ljava/lang/Object;Ljava/lang/Object;)Ljava/lang/Object;+21 java.base@21.0.8
j  java.lang.invoke.Invokers$Holder.invokeExact_MT(Ljava/lang/Object;Ljava/lang/Object;Ljava/lang/Object;Ljava/lang/Object;Ljava/lang/Object;Ljava/lang/Object;Ljava/lang/Object;)Ljava/lang/Object;+26 java.base@21.0.8
j  java.lang.invoke.BootstrapMethodInvoker.invoke(Ljava/lang/Class;Ljava/lang/invoke/MethodHandle;Ljava/lang/String;Ljava/lang/Object;Ljava/lang/Object;Ljava/lang/Class;)Ljava/lang/Object;+157 java.base@21.0.8
j  java.lang.invoke.CallSite.makeSite(Ljava/lang/invoke/MethodHandle;Ljava/lang/String;Ljava/lang/invoke/MethodType;Ljava/lang/Object;Ljava/lang/Class;)Ljava/lang/invoke/CallSite;+8 java.base@21.0.8
j  java.lang.invoke.MethodHandleNatives.linkCallSiteImpl(Ljava/lang/Class;Ljava/lang/invoke/MethodHandle;Ljava/lang/String;Ljava/lang/invoke/MethodType;Ljava/lang/Object;[Ljava/lang/Object;)Ljava/lang/invoke/MemberName;+6 java.base@21.0.8
j  java.lang.invoke.MethodHandleNatives.linkCallSite(Ljava/lang/Object;Ljava/lang/Object;Ljava/lang/Object;Ljava/lang/Object;Ljava/lang/Object;[Ljava/lang/Object;)Ljava/lang/invoke/MemberName;+45 java.base@21.0.8
v  ~StubRoutines::call_stub 0x00000288339d100d
j  org.eclipse.equinox.launcher.Main.getInstallLocation()Ljava/net/URL;+287
j  org.eclipse.equinox.launcher.Main.processConfiguration()V+208
j  org.eclipse.equinox.launcher.Main.basicRun([Ljava/lang/String;)V+72
j  org.eclipse.equinox.launcher.Main.run([Ljava/lang/String;)I+4
j  org.eclipse.equinox.launcher.Main.main([Ljava/lang/String;)V+10
v  ~StubRoutines::call_stub 0x00000288339d100d

Compiled method (c1) 1121  618       3       java.lang.invoke.LambdaForm::prepare (108 bytes)
 total in heap  [0x000002882c582890,0x000002882c5834c0] = 3120
 relocation     [0x000002882c5829f0,0x000002882c582ad0] = 224
 main code      [0x000002882c582ae0,0x000002882c583190] = 1712
 stub code      [0x000002882c583190,0x000002882c583228] = 152
 metadata       [0x000002882c583228,0x000002882c583270] = 72
 scopes data    [0x000002882c583270,0x000002882c583328] = 184
 scopes pcs     [0x000002882c583328,0x000002882c583468] = 320
 dependencies   [0x000002882c583468,0x000002882c583480] = 24
 nul chk table  [0x000002882c583480,0x000002882c5834c0] = 64

[Constant Pool (empty)]

[MachCode]
[Entry Point]
  # {method} {0x0000028840090430} 'prepare' '()V' in 'java/lang/invoke/LambdaForm'
  #           [sp+0x70]  (sp of caller)
  0x000002882c582ae0: 448b 5208 | 49bb 0000 | 0040 8802 | 0000 4d03 | d34c 3bd0 

  0x000002882c582af4: ;   {runtime_call ic_miss_stub}
  0x000002882c582af4: 0f85 86b9 | 4907 660f | 1f44 0000 
[Verified Entry Point]
  0x000002882c582b00: 8984 2400 | 80ff ff55 | 4883 ec60 | 4181 7f20 | 0100 0000 

  0x000002882c582b14: ;   {runtime_call StubRoutines (final stubs)}
  0x000002882c582b14: 7405 e8c5 | 5e48 0748 | 8954 2438 

  0x000002882c582b20: ;   {metadata(method data for {method} {0x0000028840090430} 'prepare' '()V' in 'java/lang/invoke/LambdaForm')}
  0x000002882c582b20: 48be 9809 | 1682 8802 | 0000 8bbe | cc00 0000 | 83c7 0289 | becc 0000 | 0081 e7fe | 0700 0085 
  0x000002882c582b40: ff0f 8452 

  0x000002882c582b44: ;   {metadata(method data for {method} {0x0000028840090430} 'prepare' '()V' in 'java/lang/invoke/LambdaForm')}
  0x000002882c582b44: 0500 0048 | be98 0916 | 8288 0200 | 00ff 8620 | 0100 0048 

  0x000002882c582b58: ;   {metadata(method data for {method} {0x0000028840090430} 'prepare' '()V' in 'java/lang/invoke/LambdaForm')}
  0x000002882c582b58: 8bf2 48bf | 9809 1682 | 8802 0000 | 4883 8730 | 0100 0001 

  0x000002882c582b6c: ;   {metadata(method data for {method} {0x00000288403fa630} 'forceInterpretation' '()Z' in 'java/lang/invoke/LambdaForm')}
  0x000002882c582b6c: 48be 304e | 0982 8802 | 0000 8bbe | cc00 0000 | 83c7 0289 | becc 0000 | 0081 e7fe | ff1f 0085 
  0x000002882c582b8c: ff0f 8427 | 0500 008b | 7214 83fe 

  0x000002882c582b98: ;   {metadata(method data for {method} {0x00000288403fa630} 'forceInterpretation' '()Z' in 'java/lang/invoke/LambdaForm')}
  0x000002882c582b98: ff48 be30 | 4e09 8288 | 0200 0048 | c7c7 1001 | 0000 7507 | 48c7 c720 | 0100 0048 | 8b1c 3e48 
  0x000002882c582bb8: 8d5b 0148 | 891c 3e0f | 851a 0000 

  0x000002882c582bc4: ;   {metadata(method data for {method} {0x00000288403fa630} 'forceInterpretation' '()Z' in 'java/lang/invoke/LambdaForm')}
  0x000002882c582bc4: 0048 be30 | 4e09 8288 | 0200 00ff | 8630 0100 | 00be 0100 | 0000 e905 | 0000 00be | 0000 0000 
  0x000002882c582be4: 83e6 0185 

  0x000002882c582be8: ;   {metadata(method data for {method} {0x0000028840090430} 'prepare' '()V' in 'java/lang/invoke/LambdaForm')}
  0x000002882c582be8: f648 be98 | 0916 8288 | 0200 0048 | c7c7 6801 | 0000 7507 | 48c7 c778 | 0100 0048 | 8b1c 3e48 
  0x000002882c582c08: 8d5b 0148 | 891c 3e0f | 8574 0000 | 000f be72 

  0x000002882c582c18: ;   {metadata(method data for {method} {0x0000028840090430} 'prepare' '()V' in 'java/lang/invoke/LambdaForm')}
  0x000002882c582c18: 1985 f648 | be98 0916 | 8288 0200 | 0048 c7c7 | 8801 0000 | 7507 48c7 | c798 0100 | 0048 8b1c 
  0x000002882c582c38: 3e48 8d5b | 0148 891c | 3e0f 8542 | 0000 0048 

  0x000002882c582c48: ;   {metadata(method data for {method} {0x0000028840090430} 'prepare' '()V' in 'java/lang/invoke/LambdaForm')}
  0x000002882c582c48: 8bf2 48bf | 9809 1682 | 8802 0000 

  0x000002882c582c54: ;   {metadata('java/lang/invoke/LambdaForm')}
  0x000002882c582c54: 49ba 78fd | 0840 8802 | 0000 4c89 | 97b8 0100 | 0048 8387 | c001 0000 | 0148 8bf2 | 488b d60f 
  0x000002882c582c74: ;   {optimized virtual_call}
  0x000002882c582c74: 1f40 00e8 

  0x000002882c582c78: ; ImmutableOopMap {[56]=Oop }
                      ;*invokevirtual compileToBytecode {reexecute=0 rethrow=0 return_oop=0}
                      ; - java.lang.invoke.LambdaForm::prepare@21
  0x000002882c582c78: 1905 0000 

  0x000002882c582c7c: ;   {other}
  0x000002882c582c7c: 0f1f 8400 | ec03 0000 | 488b 5424 | 388b 7228 

  0x000002882c582c8c: ;   {metadata(method data for {method} {0x0000028840090430} 'prepare' '()V' in 'java/lang/invoke/LambdaForm')}
  0x000002882c582c8c: 4885 f648 | be98 0916 | 8288 0200 | 0048 c7c7 | f001 0000 | 7507 48c7 | c7e0 0100 | 0048 8b1c 
  0x000002882c582cac: 3e48 8d5b | 0148 891c | 3e0f 85cb | 0300 0048 

  0x000002882c582cbc: ;   {metadata(method data for {method} {0x0000028840090430} 'prepare' '()V' in 'java/lang/invoke/LambdaForm')}
  0x000002882c582cbc: 8bf2 48bf | 9809 1682 | 8802 0000 

  0x000002882c582cc8: ;   {metadata('java/lang/invoke/LambdaForm')}
  0x000002882c582cc8: 49ba 78fd | 0840 8802 | 0000 4c89 | 9710 0200 | 0048 8387 | 1802 0000 | 0148 8bf2 

  0x000002882c582ce4: ;   {optimized virtual_call}
  0x000002882c582ce4: 488b d6e8 

  0x000002882c582ce8: ; ImmutableOopMap {[56]=Oop }
                      ;*invokevirtual methodType {reexecute=0 rethrow=0 return_oop=0}
                      ; - java.lang.invoke.LambdaForm::prepare@33
  0x000002882c582ce8: 94ba 4907 

  0x000002882c582cec: ;   {other}
  0x000002882c582cec: 0f1f 8400 | 5c04 0001 | 4889 4424 | 4048 3b00 

  0x000002882c582cfc: ;   {metadata(method data for {method} {0x0000028840090430} 'prepare' '()V' in 'java/lang/invoke/LambdaForm')}
  0x000002882c582cfc: 488b d048 | be98 0916 | 8288 0200 | 0048 8386 | 3802 0000 | 018b 5014 

  0x000002882c582d14: ; implicit exception: dispatches to 0x000002882c5830e0
  0x000002882c582d14: 483b 0248 

  0x000002882c582d18: ;   {metadata(method data for {method} {0x0000028840090430} 'prepare' '()V' in 'java/lang/invoke/LambdaForm')}
  0x000002882c582d18: 8bf2 48bf | 9809 1682 | 8802 0000 | 4883 8770 | 0200 0001 

  0x000002882c582d2c: ;   {metadata(method data for {method} {0x00000288403f9500} 'cachedLambdaForm' '(I)Ljava/lang/invoke/LambdaForm;' in 'java/lang/invoke/MethodTypeForm')}
  0x000002882c582d2c: 48be 7819 | 1682 8802 | 0000 8bbe | cc00 0000 | 83c7 0289 | becc 0000 | 0081 e7fe | ff1f 0085 
  0x000002882c582d4c: ff0f 8492 | 0300 008b | 521c 8b72 | 0c83 fe06 | 0f86 a903 | 0000 8b52 | 2848 85d2 

  0x000002882c582d68: ;   {metadata(method data for {method} {0x00000288403f9500} 'cachedLambdaForm' '(I)Ljava/lang/invoke/LambdaForm;' in 'java/lang/invoke/MethodTypeForm')}
  0x000002882c582d68: 48be 7819 | 1682 8802 | 0000 48c7 | c710 0100 | 0074 0748 | c7c7 2001 | 0000 488b | 1c3e 488d 
  0x000002882c582d88: 5b01 4889 | 1c3e 0f84 | a701 0000 

  0x000002882c582d94: ; implicit exception: dispatches to 0x000002882c58311d
  0x000002882c582d94: 483b 0248 

  0x000002882c582d98: ;   {metadata(method data for {method} {0x00000288403f9500} 'cachedLambdaForm' '(I)Ljava/lang/invoke/LambdaForm;' in 'java/lang/invoke/MethodTypeForm')}
  0x000002882c582d98: 8bf2 48bf | 7819 1682 | 8802 0000 | 8b76 0849 | ba00 0000 | 4088 0200 | 0049 03f2 | 483b b740 
  0x000002882c582db8: 0100 0075 | 0d48 8387 | 4801 0000 | 01e9 6000 | 0000 483b | b750 0100 | 0075 0d48 | 8387 5801 
  0x000002882c582dd8: 0000 01e9 | 4a00 0000 | 4883 bf40 | 0100 0000 | 7517 4889 | b740 0100 | 0048 c787 | 4801 0000 
  0x000002882c582df8: 0100 0000 | e929 0000 | 0048 83bf | 5001 0000 | 0075 1748 | 89b7 5001 | 0000 48c7 | 8758 0100 
  0x000002882c582e18: 0001 0000 | 00e9 0800 | 0000 4883 | 8730 0100 | 0001 0f1f 

  0x000002882c582e2c: ;   {optimized virtual_call}
  0x000002882c582e2c: 4400 00e8 

  0x000002882c582e30: ; ImmutableOopMap {[56]=Oop [64]=Oop }
                      ;*invokevirtual get {reexecute=0 rethrow=0 return_oop=0}
                      ; - java.lang.invoke.MethodTypeForm::cachedLambdaForm@12
                      ; - java.lang.invoke.LambdaForm::prepare@43
  0x000002882c582e30: 4cb9 4907 

  0x000002882c582e34: ;   {other}
  0x000002882c582e34: 0f1f 8400 | a405 0002 | 4885 c075 

  0x000002882c582e40: ;   {metadata(method data for {method} {0x00000288403f9500} 'cachedLambdaForm' '(I)Ljava/lang/invoke/LambdaForm;' in 'java/lang/invoke/MethodTypeForm')}
  0x000002882c582e40: 1648 bf78 | 1916 8288 | 0200 0080 | 8f61 0100 | 0001 e9cc 

  0x000002882c582e54: ;   {metadata('java/lang/invoke/LambdaForm')}
  0x000002882c582e54: 0000 0048 | bb78 fd08 | 4088 0200 | 008b 7008 | 49ba 0000 | 0040 8802 | 0000 4903 | f248 3bde 
  0x000002882c582e74: 0f85 8d00 

  0x000002882c582e78: ;   {metadata(method data for {method} {0x00000288403f9500} 'cachedLambdaForm' '(I)Ljava/lang/invoke/LambdaForm;' in 'java/lang/invoke/MethodTypeForm')}
  0x000002882c582e78: 0000 48bf | 7819 1682 | 8802 0000 | 8b58 0849 | ba00 0000 | 4088 0200 | 0049 03da | 483b 9f78 
  0x000002882c582e98: 0100 0075 | 0d48 8387 | 8001 0000 | 01e9 7900 | 0000 483b | 9f88 0100 | 0075 0d48 | 8387 9001 
  0x000002882c582eb8: 0000 01e9 | 6300 0000 | 4883 bf78 | 0100 0000 | 7517 4889 | 9f78 0100 | 0048 c787 | 8001 0000 
  0x000002882c582ed8: 0100 0000 | e942 0000 | 0048 83bf | 8801 0000 | 0075 1748 | 899f 8801 | 0000 48c7 | 8790 0100 
  0x000002882c582ef8: 0001 0000 | 00e9 2100 | 0000 e91c 

  0x000002882c582f04: ;   {metadata(method data for {method} {0x00000288403f9500} 'cachedLambdaForm' '(I)Ljava/lang/invoke/LambdaForm;' in 'java/lang/invoke/MethodTypeForm')}
  0x000002882c582f04: 0000 0048 | bf78 1916 | 8288 0200 | 0048 83af | 6801 0000 | 01e9 0402 | 0000 e900 | 0000 0048 
  0x000002882c582f24: ;   {metadata(method data for {method} {0x00000288403f9500} 'cachedLambdaForm' '(I)Ljava/lang/invoke/LambdaForm;' in 'java/lang/invoke/MethodTypeForm')}
  0x000002882c582f24: 8bd0 48be | 7819 1682 | 8802 0000 | ff86 a001 | 0000 e90a 

  0x000002882c582f38: ;   {oop(nullptr)}
  0x000002882c582f38: 0000 0048 | ba00 0000 | 0000 0000 | 0048 85d2 

  0x000002882c582f48: ;   {metadata(method data for {method} {0x0000028840090430} 'prepare' '()V' in 'java/lang/invoke/LambdaForm')}
  0x000002882c582f48: 48be 9809 | 1682 8802 | 0000 48c7 | c7a8 0200 | 0075 0748 | c7c7 b802 | 0000 488b | 1c3e 488d 
  0x000002882c582f68: 5b01 4889 | 1c3e 0f85 | db00 0000 

  0x000002882c582f74: ;   {metadata(method data for {method} {0x0000028840090430} 'prepare' '()V' in 'java/lang/invoke/LambdaForm')}
  0x000002882c582f74: 48ba 9809 | 1682 8802 | 0000 ff82 | c802 0000 | 488b 4424 

  0x000002882c582f88: ;   {metadata(method data for {method} {0x0000028840090430} 'prepare' '()V' in 'java/lang/invoke/LambdaForm')}
  0x000002882c582f88: 4048 ba98 | 0916 8288 | 0200 0048 | 8382 6003 | 0000 0148 

  0x000002882c582f9c: ;   {static_call}
  0x000002882c582f9c: 8bd0 90e8 

  0x000002882c582fa0: ; ImmutableOopMap {[56]=Oop [64]=Oop }
                      ;*invokestatic createBlankForType {reexecute=0 rethrow=0 return_oop=0}
                      ; - java.lang.invoke.LambdaForm::prepare@76
  0x000002882c582fa0: dcbd 4907 

  0x000002882c582fa4: ;   {other}
  0x000002882c582fa4: 0f1f 8400 | 1407 0003 

  0x000002882c582fac: ;   {metadata(method data for {method} {0x0000028840090430} 'prepare' '()V' in 'java/lang/invoke/LambdaForm')}
  0x000002882c582fac: 48ba 9809 | 1682 8802 | 0000 4883 | 8270 0300 | 0001 488b | 5424 4048 | 8944 2448 | 0f1f 8000 
  0x000002882c582fcc: ;   {static_call}
  0x000002882c582fcc: 0000 00e8 

  0x000002882c582fd0: ; ImmutableOopMap {[56]=Oop [64]=Oop [72]=Oop }
                      ;*invokestatic generateLambdaFormInterpreterEntryPoint {reexecute=0 rethrow=0 return_oop=0}
                      ; - java.lang.invoke.LambdaForm::prepare@82
  0x000002882c582fd0: acbd 4907 

  0x000002882c582fd4: ;   {other}
  0x000002882c582fd4: 0f1f 8400 | 4407 0004 | 4c8b 4c24 | 484c 8bd0 

  0x000002882c582fe4: ; implicit exception: dispatches to 0x000002882c58312b
  0x000002882c582fe4: 4589 5128 | 4d8d 0149 | c1e8 0948 | ba00 0085 | 2888 0200 | 0041 c604 | 1000 488b 

  0x000002882c583000: ;   {metadata(method data for {method} {0x0000028840090430} 'prepare' '()V' in 'java/lang/invoke/LambdaForm')}
  0x000002882c583000: 4424 4049 | b898 0916 | 8288 0200 | 0049 8380 | 8003 0000 | 0148 8b44 | 2440 8b50 | 1448 3b02 
  0x000002882c583020: ;   {metadata(method data for {method} {0x0000028840090430} 'prepare' '()V' in 'java/lang/invoke/LambdaForm')}
  0x000002882c583020: 4c8b c248 | be98 0916 | 8288 0200 | 0048 8386 | b803 0000 | 0141 b806 | 0000 000f 

  0x000002882c58303c: ;   {optimized virtual_call}
  0x000002882c58303c: 1f40 00e8 

  0x000002882c583040: ; ImmutableOopMap {[56]=Oop }
                      ;*invokevirtual setCachedLambdaForm {reexecute=0 rethrow=0 return_oop=0}
                      ; - java.lang.invoke.LambdaForm::prepare@95
  0x000002882c583040: 3cb7 4907 

  0x000002882c583044: ;   {other}
  0x000002882c583044: 0f1f 8400 | b407 0005 | 488b d048 | 8b74 2438 

  0x000002882c583054: ; implicit exception: dispatches to 0x000002882c583135
  0x000002882c583054: 8b7a 284c | 8bd7 4489 | 5628 488d | 3648 c1ee | 0948 bf00 | 0085 2888 | 0200 00c6 | 043e 0048 
  0x000002882c583074: 83c4 605d 

  0x000002882c583078: ;   {poll_return}
  0x000002882c583078: 493b a748 | 0400 000f | 87b5 0000 | 00c3 4883 

  0x000002882c583088: ;   {poll_return}
  0x000002882c583088: c460 5d49 | 3ba7 4804 | 0000 0f87 | b800 0000 

  0x000002882c583098: ;   {metadata({method} {0x0000028840090430} 'prepare' '()V' in 'java/lang/invoke/LambdaForm')}
  0x000002882c583098: c349 ba28 | 0409 4088 | 0200 004c | 8954 2408 | 48c7 0424 | ffff ffff 

  0x000002882c5830b0: ;   {runtime_call counter_overflow Runtime1 stub}
  0x000002882c5830b0: e8cb f554 

  0x000002882c5830b4: ; ImmutableOopMap {rdx=Oop [56]=Oop }
                      ;*synchronization entry
                      ; - java.lang.invoke.LambdaForm::prepare@-1
  0x000002882c5830b4: 07e9 8dfa 

  0x000002882c5830b8: ;   {metadata({method} {0x00000288403fa630} 'forceInterpretation' '()Z' in 'java/lang/invoke/LambdaForm')}
  0x000002882c5830b8: ffff 49ba | 28a6 3f40 | 8802 0000 | 4c89 5424 | 0848 c704 | 24ff ffff 

  0x000002882c5830d0: ;   {runtime_call counter_overflow Runtime1 stub}
  0x000002882c5830d0: ffe8 aaf5 

  0x000002882c5830d4: ; ImmutableOopMap {rdx=Oop [56]=Oop }
                      ;*synchronization entry
                      ; - java.lang.invoke.LambdaForm::forceInterpretation@-1
                      ; - java.lang.invoke.LambdaForm::prepare@7
  0x000002882c5830d4: 5407 e9b8 

  0x000002882c5830d8: ;   {runtime_call throw_null_pointer_exception Runtime1 stub}
  0x000002882c5830d8: faff ffe8 

  0x000002882c5830dc: ; ImmutableOopMap {rax=Oop [56]=Oop [64]=Oop }
                      ;*invokevirtual form {reexecute=0 rethrow=0 return_oop=0}
                      ; - java.lang.invoke.LambdaForm::prepare@38
  0x000002882c5830dc: a0a4 5407 

  0x000002882c5830e0: ;   {runtime_call throw_null_pointer_exception Runtime1 stub}
  0x000002882c5830e0: e89b a454 

  0x000002882c5830e4: ; ImmutableOopMap {rax=Oop rdx=Oop [56]=Oop [64]=Oop }
                      ;*invokevirtual cachedLambdaForm {reexecute=0 rethrow=0 return_oop=0}
                      ; - java.lang.invoke.LambdaForm::prepare@43
                      ;   {metadata({method} {0x00000288403f9500} 'cachedLambdaForm' '(I)Ljava/lang/invoke/LambdaForm;' in 'java/lang/invoke/MethodTypeForm')}
  0x000002882c5830e4: 0749 baf8 | 943f 4088 | 0200 004c | 8954 2408 | 48c7 0424 | ffff ffff 

  0x000002882c5830fc: ;   {runtime_call counter_overflow Runtime1 stub}
  0x000002882c5830fc: e87f f554 

  0x000002882c583100: ; ImmutableOopMap {rax=Oop rdx=Oop [56]=Oop [64]=Oop }
                      ;*synchronization entry
                      ; - java.lang.invoke.MethodTypeForm::cachedLambdaForm@-1
                      ; - java.lang.invoke.LambdaForm::prepare@43
  0x000002882c583100: 07e9 4dfc 

  0x000002882c583104: ;   {runtime_call throw_null_pointer_exception Runtime1 stub}
  0x000002882c583104: ffff e875 

  0x000002882c583108: ; ImmutableOopMap {rax=Oop rdx=Oop [56]=Oop [64]=Oop }
                      ;*aaload {reexecute=0 rethrow=0 return_oop=0}
                      ; - java.lang.invoke.MethodTypeForm::cachedLambdaForm@5
                      ; - java.lang.invoke.LambdaForm::prepare@43
  0x000002882c583108: a454 0748 | c704 2406 | 0000 0048 | 8954 2408 

  0x000002882c583118: ;   {runtime_call throw_range_check_failed Runtime1 stub}
  0x000002882c583118: e863 9b54 

  0x000002882c58311c: ; ImmutableOopMap {rax=Oop rdx=Oop [56]=Oop [64]=Oop }
                      ;*aaload {reexecute=0 rethrow=0 return_oop=0}
                      ; - java.lang.invoke.MethodTypeForm::cachedLambdaForm@5
                      ; - java.lang.invoke.LambdaForm::prepare@43
                      ;   {runtime_call throw_null_pointer_exception Runtime1 stub}
  0x000002882c58311c: 07e8 5ea4 

  0x000002882c583120: ; ImmutableOopMap {rdx=Oop [56]=Oop [64]=Oop }
                      ;*invokevirtual get {reexecute=0 rethrow=0 return_oop=0}
                      ; - java.lang.invoke.MethodTypeForm::cachedLambdaForm@12
                      ; - java.lang.invoke.LambdaForm::prepare@43
  0x000002882c583120: 5407 4889 

  0x000002882c583124: ;   {runtime_call throw_class_cast_exception Runtime1 stub}
  0x000002882c583124: 0424 e855 

  0x000002882c583128: ; ImmutableOopMap {[56]=Oop [64]=Oop }
                      ;*checkcast {reexecute=0 rethrow=0 return_oop=0}
                      ; - java.lang.invoke.MethodTypeForm::cachedLambdaForm@15
                      ; - java.lang.invoke.LambdaForm::prepare@43
                      ;   {runtime_call throw_null_pointer_exception Runtime1 stub}
  0x000002882c583128: c854 07e8 

  0x000002882c58312c: ; ImmutableOopMap {r9=Oop [56]=Oop [64]=Oop }
                      ;*putfield vmentry {reexecute=1 rethrow=0 return_oop=0}
                      ; - (reexecute) java.lang.invoke.LambdaForm::prepare@85
  0x000002882c58312c: 50a4 5407 

  0x000002882c583130: ;   {runtime_call throw_null_pointer_exception Runtime1 stub}
  0x000002882c583130: e84b a454 

  0x000002882c583134: ; ImmutableOopMap {r9=Oop rdx=Oop [56]=Oop }
                      ;*invokevirtual setCachedLambdaForm {reexecute=0 rethrow=0 return_oop=0}
                      ; - java.lang.invoke.LambdaForm::prepare@95
                      ;   {runtime_call throw_null_pointer_exception Runtime1 stub}
  0x000002882c583134: 07e8 46a4 

  0x000002882c583138: ; ImmutableOopMap {rsi=Oop [56]=Oop }
                      ;*getfield vmentry {reexecute=1 rethrow=0 return_oop=0}
                      ; - (reexecute) java.lang.invoke.LambdaForm::prepare@101
                      ;   {internal_word}
  0x000002882c583138: 5407 49ba | 7830 582c | 8802 0000 | 4d89 9760 

  0x000002882c583148: ;   {runtime_call SafepointBlob}
  0x000002882c583148: 0400 00e9 | b019 4a07 

  0x000002882c583150: ;   {internal_word}
  0x000002882c583150: 49ba 8b30 | 582c 8802 | 0000 4d89 | 9760 0400 

  0x000002882c583160: ;   {runtime_call SafepointBlob}
  0x000002882c583160: 00e9 9a19 | 4a07 498b | 87f8 0400 | 0049 c787 | f804 0000 | 0000 0000 | 49c7 8700 | 0500 0000 
  0x000002882c583180: 0000 0048 | 83c4 605d 

  0x000002882c583188: ;   {runtime_call unwind_exception Runtime1 stub}
  0x000002882c583188: e973 c44b | 07f4 f4f4 
[Stub Code]
  0x000002882c583190: ;   {no_reloc}
  0x000002882c583190: 0f1f 4400 

  0x000002882c583194: ;   {static_stub}
  0x000002882c583194: 0048 bb78 | 0309 4088 

  0x000002882c58319c: ;   {runtime_call I2C/C2I adapters}
  0x000002882c58319c: 0200 00e9 | 3faa 4907 

  0x000002882c5831a4: ;   {static_stub}
  0x000002882c5831a4: 9048 bb00 | 0000 0000 

  0x000002882c5831ac: ;   {runtime_call nmethod}
  0x000002882c5831ac: 0000 00e9 | fbff ffff 

  0x000002882c5831b4: ;   {static_stub}
  0x000002882c5831b4: 9048 bb00 | 0000 0000 

  0x000002882c5831bc: ;   {runtime_call nmethod}
  0x000002882c5831bc: 0000 00e9 | fbff ffff 

  0x000002882c5831c4: ;   {static_stub}
  0x000002882c5831c4: 48bb 0000 | 0000 0000 

  0x000002882c5831cc: ;   {runtime_call nmethod}
  0x000002882c5831cc: 0000 e9fb 

  0x000002882c5831d0: ;   {static_stub}
  0x000002882c5831d0: ffff ff48 | bb00 0000 | 0000 0000 

  0x000002882c5831dc: ;   {runtime_call nmethod}
  0x000002882c5831dc: 00e9 fbff 

  0x000002882c5831e0: ;   {static_stub}
  0x000002882c5831e0: ffff 48bb | 0000 0000 | 0000 0000 

  0x000002882c5831ec: ;   {runtime_call nmethod}
  0x000002882c5831ec: e9fb ffff 

  0x000002882c5831f0: ;   {runtime_call handle_exception_from_callee Runtime1 stub}
  0x000002882c5831f0: ffe8 8ac1 

  0x000002882c5831f4: ;   {external_word}
  0x000002882c5831f4: 5407 48b9 | 90e2 862b | fc7f 0000 | 4883 e4f0 

  0x000002882c583204: ;   {runtime_call}
  0x000002882c583204: 48b8 1079 | 492b fc7f | 0000 ffd0 

  0x000002882c583210: ;   {section_word}
  0x000002882c583210: f449 ba11 | 3258 2c88 | 0200 0041 

  0x000002882c58321c: ;   {runtime_call DeoptimizationBlob}
  0x000002882c58321c: 52e9 7e0b | 4a07 f4f4 | f4f4 f4f4 
[/MachCode]


Compiled method (c1) 1147  617       3       java.lang.invoke.MethodHandle::<init> (37 bytes)
 total in heap  [0x000002882c581b10,0x000002882c582430] = 2336
 relocation     [0x000002882c581c70,0x000002882c581d10] = 160
 main code      [0x000002882c581d20,0x000002882c5821b0] = 1168
 stub code      [0x000002882c5821b0,0x000002882c582218] = 104
 metadata       [0x000002882c582218,0x000002882c582250] = 56
 scopes data    [0x000002882c582250,0x000002882c582300] = 176
 scopes pcs     [0x000002882c582300,0x000002882c582400] = 256
 dependencies   [0x000002882c582400,0x000002882c582418] = 24
 nul chk table  [0x000002882c582418,0x000002882c582430] = 24

[Constant Pool (empty)]

[MachCode]
[Entry Point]
  # {method} {0x000002884040a228} '<init>' '(Ljava/lang/invoke/MethodType;Ljava/lang/invoke/LambdaForm;)V' in 'java/lang/invoke/MethodHandle'
  # this:     rdx:rdx   = 'java/lang/invoke/MethodHandle'
  # parm0:    r8:r8     = 'java/lang/invoke/MethodType'
  # parm1:    r9:r9     = 'java/lang/invoke/LambdaForm'
  #           [sp+0x70]  (sp of caller)
  0x000002882c581d20: 448b 5208 | 49bb 0000 | 0040 8802 | 0000 4d03 | d34c 3bd0 

  0x000002882c581d34: ;   {runtime_call ic_miss_stub}
  0x000002882c581d34: 0f85 46c7 | 4907 660f | 1f44 0000 
[Verified Entry Point]
  0x000002882c581d40: 8984 2400 | 80ff ff55 | 4883 ec60 | 4181 7f20 | 0100 0000 

  0x000002882c581d54: ;   {runtime_call StubRoutines (final stubs)}
  0x000002882c581d54: 7405 e885 | 6c48 0748 | 8954 2430 

  0x000002882c581d60: ;   {metadata(method data for {method} {0x000002884040a228} '<init>' '(Ljava/lang/invoke/MethodType;Ljava/lang/invoke/LambdaForm;)V' in 'java/lang/invoke/MethodHandle')}
  0x000002882c581d60: 48be b804 | 1682 8802 | 0000 8bbe | cc00 0000 | 83c7 0289 | becc 0000 | 0081 e7fe | 0700 0085 
  0x000002882c581d80: ff0f 840f | 0300 0048 

  0x000002882c581d88: ;   {metadata(method data for {method} {0x000002884040a228} '<init>' '(Ljava/lang/invoke/MethodType;Ljava/lang/invoke/LambdaForm;)V' in 'java/lang/invoke/MethodHandle')}
  0x000002882c581d88: 8bf2 48bf | b804 1682 | 8802 0000 | 4883 8710 | 0100 0001 

  0x000002882c581d9c: ;   {metadata(method data for {method} {0x0000028840476c60} '<init>' '()V' in 'java/lang/Object')}
  0x000002882c581d9c: 48be 6067 | 0082 8802 | 0000 8bbe | cc00 0000 | 83c7 0289 | becc 0000 | 0081 e7fe | ff1f 0085 
  0x000002882c581dbc: ff0f 84f4 

  0x000002882c581dc0: ;   {metadata(method data for {method} {0x000002884040a228} '<init>' '(Ljava/lang/invoke/MethodType;Ljava/lang/invoke/LambdaForm;)V' in 'java/lang/invoke/MethodHandle')}
  0x000002882c581dc0: 0200 0048 | beb8 0416 | 8288 0200 | 0048 8386 | 2001 0000 

  0x000002882c581dd4: ;   {metadata(method data for {method} {0x0000028840057168} 'requireNonNull' '(Ljava/lang/Object;)Ljava/lang/Object;' in 'java/util/Objects')}
  0x000002882c581dd4: 0148 be30 | ee00 8288 | 0200 008b | becc 0000 | 0083 c702 | 89be cc00 | 0000 81e7 | feff 1f00 
  0x000002882c581df4: 85ff 0f84 | dc02 0000 

  0x000002882c581dfc: ;   {metadata(method data for {method} {0x0000028840057168} 'requireNonNull' '(Ljava/lang/Object;)Ljava/lang/Object;' in 'java/util/Objects')}
  0x000002882c581dfc: 4d85 c048 | be30 ee00 | 8288 0200 | 0048 c7c7 | 2001 0000 | 7407 48c7 | c710 0100 | 0048 8b1c 
  0x000002882c581e1c: 3e48 8d5b | 0148 891c | 3e0f 84cb | 0100 004d | 8bd0 4489 | 5210 488d | 3248 c1ee | 0948 bf00 
  0x000002882c581e3c: 0085 2888 | 0200 00c6 

  0x000002882c581e44: ;   {metadata(method data for {method} {0x000002884040a228} '<init>' '(Ljava/lang/invoke/MethodType;Ljava/lang/invoke/LambdaForm;)V' in 'java/lang/invoke/MethodHandle')}
  0x000002882c581e44: 043e 0048 | beb8 0416 | 8288 0200 | 0048 8386 | 6801 0000 

  0x000002882c581e58: ;   {metadata(method data for {method} {0x0000028840057168} 'requireNonNull' '(Ljava/lang/Object;)Ljava/lang/Object;' in 'java/util/Objects')}
  0x000002882c581e58: 0148 be30 | ee00 8288 | 0200 008b | becc 0000 | 0083 c702 | 89be cc00 | 0000 81e7 | feff 1f00 
  0x000002882c581e78: 85ff 0f84 | 7902 0000 

  0x000002882c581e80: ;   {metadata(method data for {method} {0x0000028840057168} 'requireNonNull' '(Ljava/lang/Object;)Ljava/lang/Object;' in 'java/util/Objects')}
  0x000002882c581e80: 4d85 c948 | be30 ee00 | 8288 0200 | 0048 c7c7 | 2001 0000 | 7407 48c7 | c710 0100 | 0048 8b1c 
  0x000002882c581ea0: 3e48 8d5b | 0148 891c | 3e0f 84b0 | 0000 0049 | 3b01 498b 

  0x000002882c581eb4: ;   {metadata(method data for {method} {0x000002884040a228} '<init>' '(Ljava/lang/invoke/MethodType;Ljava/lang/invoke/LambdaForm;)V' in 'java/lang/invoke/MethodHandle')}
  0x000002882c581eb4: f148 bfb8 | 0416 8288 

  0x000002882c581ebc: ;   {metadata('java/lang/invoke/LambdaForm')}
  0x000002882c581ebc: 0200 0049 | ba78 fd08 | 4088 0200 | 004c 8997 | c001 0000 | 4883 87c8 | 0100 0001 | 498b d10f 
  0x000002882c581edc: ;   {optimized virtual_call}
  0x000002882c581edc: 1f40 00e8 

  0x000002882c581ee0: ; ImmutableOopMap {[48]=Oop }
                      ;*invokevirtual uncustomize {reexecute=0 rethrow=0 return_oop=0}
                      ; - java.lang.invoke.MethodHandle::<init>@23
  0x000002882c581ee0: 7cdd 0300 

  0x000002882c581ee4: ;   {other}
  0x000002882c581ee4: 0f1f 8400 | d403 0000 | 488b 5424 | 304c 8bd0 | 4489 5214 | 488d 1248 | c1ea 0948 | be00 0085 
  0x000002882c581f04: 2888 0200 | 00c6 0432 | 0048 3b00 

  0x000002882c581f10: ;   {metadata(method data for {method} {0x000002884040a228} '<init>' '(Ljava/lang/invoke/MethodType;Ljava/lang/invoke/LambdaForm;)V' in 'java/lang/invoke/MethodHandle')}
  0x000002882c581f10: 488b d048 | beb8 0416 | 8288 0200 

  0x000002882c581f1c: ;   {metadata('java/lang/invoke/LambdaForm')}
  0x000002882c581f1c: 0049 ba78 | fd08 4088 | 0200 004c | 8996 f801 | 0000 4883 | 8600 0200 | 0001 488b | d066 0f1f 
  0x000002882c581f3c: ;   {optimized virtual_call}
  0x000002882c581f3c: 4400 00e8 

  0x000002882c581f40: ; ImmutableOopMap {}
                      ;*invokevirtual prepare {reexecute=0 rethrow=0 return_oop=0}
                      ; - java.lang.invoke.MethodHandle::<init>@33
  0x000002882c581f40: bc0b 0000 

  0x000002882c581f44: ;   {other}
  0x000002882c581f44: 0f1f 8400 | 3404 0001 | 4883 c460 

  0x000002882c581f50: ;   {poll_return}
  0x000002882c581f50: 5d49 3ba7 | 4804 0000 | 0f87 c601 | 0000 c390 

  0x000002882c581f60: ;   {no_reloc}
  0x000002882c581f60: e9e4 0100 | 0000 0000 | 0000 498b | 87b8 0100 | 0048 8d78 | 3049 3bbf | c801 0000 | 0f87 d101 
  0x000002882c581f80: 0000 4989 | bfb8 0100 | 0048 c700 | 0100 0000 | 488b ca49 | ba00 0000 | 4088 0200 | 0049 2bca 
  0x000002882c581fa0: 8948 0848 | 33c9 8948 | 0c48 33c9 | 4889 4810 | 4889 4818 | 4889 4820 | 4889 4828 

  0x000002882c581fbc: ;   {metadata(method data for {method} {0x0000028840057168} 'requireNonNull' '(Ljava/lang/Object;)Ljava/lang/Object;' in 'java/util/Objects')}
  0x000002882c581fbc: 488b d048 | be30 ee00 | 8288 0200 | 0048 8386 | 3001 0000 | 0148 8bd0 | 4889 4424 | 3866 0f1f 
  0x000002882c581fdc: ;   {optimized virtual_call}
  0x000002882c581fdc: 4400 00e8 

  0x000002882c581fe0: ; ImmutableOopMap {[48]=Oop [56]=Oop }
                      ;*invokespecial <init> {reexecute=0 rethrow=0 return_oop=0}
                      ; - java.util.Objects::requireNonNull@8
                      ; - java.lang.invoke.MethodHandle::<init>@17
  0x000002882c581fe0: 9cc7 4907 

  0x000002882c581fe4: ;   {other}
  0x000002882c581fe4: 0f1f 8400 | d404 0002 | 488b 4424 | 38e9 ad01 | 0000 4c89 | 4c24 480f | 1f44 0000 

  0x000002882c582000: ;   {no_reloc}
  0x000002882c582000: e96a 0100 | 0000 0000 | 0000 498b | 87b8 0100 | 0048 8d78 | 3049 3bbf | c801 0000 | 0f87 5701 
  0x000002882c582020: 0000 4989 | bfb8 0100 | 0048 c700 | 0100 0000 | 488b ca49 | ba00 0000 | 4088 0200 | 0049 2bca 
  0x000002882c582040: 8948 0848 | 33c9 8948 | 0c48 33c9 | 4889 4810 | 4889 4818 | 4889 4820 | 4889 4828 

  0x000002882c58205c: ;   {metadata(method data for {method} {0x0000028840057168} 'requireNonNull' '(Ljava/lang/Object;)Ljava/lang/Object;' in 'java/util/Objects')}
  0x000002882c58205c: 488b d048 | be30 ee00 | 8288 0200 | 0048 8386 | 3001 0000 | 0148 8bd0 | 4889 4424 | 4066 0f1f 
  0x000002882c58207c: ;   {optimized virtual_call}
  0x000002882c58207c: 4400 00e8 

  0x000002882c582080: ; ImmutableOopMap {[48]=Oop [64]=Oop [72]=Oop }
                      ;*invokespecial <init> {reexecute=0 rethrow=0 return_oop=0}
                      ; - java.util.Objects::requireNonNull@8
                      ; - java.lang.invoke.MethodHandle::<init>@6
  0x000002882c582080: fcc6 4907 

  0x000002882c582084: ;   {other}
  0x000002882c582084: 0f1f 8400 | 7405 0003 | 488b 4424 | 40e9 0d01 

  0x000002882c582094: ;   {metadata({method} {0x000002884040a228} '<init>' '(Ljava/lang/invoke/MethodType;Ljava/lang/invoke/LambdaForm;)V' in 'java/lang/invoke/MethodHandle')}
  0x000002882c582094: 0000 49ba | 20a2 4040 | 8802 0000 | 4c89 5424 | 0848 c704 | 24ff ffff 

  0x000002882c5820ac: ;   {runtime_call counter_overflow Runtime1 stub}
  0x000002882c5820ac: ffe8 ce05 

  0x000002882c5820b0: ; ImmutableOopMap {rdx=Oop r8=Oop r9=Oop [48]=Oop }
                      ;*synchronization entry
                      ; - java.lang.invoke.MethodHandle::<init>@-1
  0x000002882c5820b0: 5507 e9d0 

  0x000002882c5820b4: ;   {metadata({method} {0x0000028840476c60} '<init>' '()V' in 'java/lang/Object')}
  0x000002882c5820b4: fcff ff49 | ba58 6c47 | 4088 0200 | 004c 8954 | 2408 48c7 | 0424 ffff 

  0x000002882c5820cc: ;   {runtime_call counter_overflow Runtime1 stub}
  0x000002882c5820cc: ffff e8ad 

  0x000002882c5820d0: ; ImmutableOopMap {rdx=Oop r8=Oop r9=Oop [48]=Oop }
                      ;*synchronization entry
                      ; - java.lang.Object::<init>@-1
                      ; - java.lang.invoke.MethodHandle::<init>@1
  0x000002882c5820d0: 0555 07e9 | ebfc ffff 

  0x000002882c5820d8: ;   {metadata({method} {0x0000028840057168} 'requireNonNull' '(Ljava/lang/Object;)Ljava/lang/Object;' in 'java/util/Objects')}
  0x000002882c5820d8: 49ba 6071 | 0540 8802 | 0000 4c89 | 5424 0848 | c704 24ff 

  0x000002882c5820ec: ;   {runtime_call counter_overflow Runtime1 stub}
  0x000002882c5820ec: ffff ffe8 

  0x000002882c5820f0: ; ImmutableOopMap {rdx=Oop r8=Oop r9=Oop [48]=Oop }
                      ;*synchronization entry
                      ; - java.util.Objects::requireNonNull@-1
                      ; - java.lang.invoke.MethodHandle::<init>@6
  0x000002882c5820f0: 8c05 5507 | e903 fdff 

  0x000002882c5820f8: ;   {metadata({method} {0x0000028840057168} 'requireNonNull' '(Ljava/lang/Object;)Ljava/lang/Object;' in 'java/util/Objects')}
  0x000002882c5820f8: ff49 ba60 | 7105 4088 | 0200 004c | 8954 2408 | 48c7 0424 | ffff ffff 

  0x000002882c582110: ;   {runtime_call counter_overflow Runtime1 stub}
  0x000002882c582110: e86b 0555 

  0x000002882c582114: ; ImmutableOopMap {rdx=Oop r9=Oop [48]=Oop }
                      ;*synchronization entry
                      ; - java.util.Objects::requireNonNull@-1
                      ; - java.lang.invoke.MethodHandle::<init>@17
  0x000002882c582114: 07e9 66fd 

  0x000002882c582118: ;   {runtime_call throw_null_pointer_exception Runtime1 stub}
  0x000002882c582118: ffff e861 

  0x000002882c58211c: ; ImmutableOopMap {r9=Oop [48]=Oop }
                      ;*invokevirtual uncustomize {reexecute=0 rethrow=0 return_oop=0}
                      ; - java.lang.invoke.MethodHandle::<init>@23
                      ;   {runtime_call throw_null_pointer_exception Runtime1 stub}
  0x000002882c58211c: b454 07e8 

  0x000002882c582120: ; ImmutableOopMap {rax=Oop }
                      ;*invokevirtual prepare {reexecute=0 rethrow=0 return_oop=0}
                      ; - java.lang.invoke.MethodHandle::<init>@33
  0x000002882c582120: 5cb4 5407 

  0x000002882c582124: ;   {internal_word}
  0x000002882c582124: 49ba 511f | 582c 8802 | 0000 4d89 | 9760 0400 

  0x000002882c582134: ;   {runtime_call SafepointBlob}
  0x000002882c582134: 00e9 c629 

  0x000002882c582138: ;   {metadata(nullptr)}
  0x000002882c582138: 4a07 48ba | 0000 0000 | 0000 0000 | b800 0f05 

  0x000002882c582148: ;   {runtime_call load_klass_patching Runtime1 stub}
  0x000002882c582148: 0ae8 b2f4 

  0x000002882c58214c: ; ImmutableOopMap {[48]=Oop }
                      ;*new {reexecute=1 rethrow=0 return_oop=0}
                      ; - (reexecute) java.util.Objects::requireNonNull@4
                      ; - java.lang.invoke.MethodHandle::<init>@17
  0x000002882c58214c: 5407 e90d | feff ff48 

  0x000002882c582154: ;   {runtime_call fast_new_instance Runtime1 stub}
  0x000002882c582154: 8bd2 e825 

  0x000002882c582158: ; ImmutableOopMap {[48]=Oop }
                      ;*new {reexecute=0 rethrow=0 return_oop=0}
                      ; - java.util.Objects::requireNonNull@4
                      ; - java.lang.invoke.MethodHandle::<init>@17
  0x000002882c582158: bd54 07e9 | 5cfe ffff 

  0x000002882c582160: ;   {metadata(nullptr)}
  0x000002882c582160: 48ba 0000 | 0000 0000 | 0000 b800 

  0x000002882c58216c: ;   {runtime_call load_klass_patching Runtime1 stub}
  0x000002882c58216c: 0f05 0ae8 

  0x000002882c582170: ; ImmutableOopMap {[48]=Oop [72]=Oop }
                      ;*new {reexecute=1 rethrow=0 return_oop=0}
                      ; - (reexecute) java.util.Objects::requireNonNull@4
                      ; - java.lang.invoke.MethodHandle::<init>@6
  0x000002882c582170: 8cf4 5407 | e987 feff | ff48 8bd2 

  0x000002882c58217c: ;   {runtime_call fast_new_instance Runtime1 stub}
  0x000002882c58217c: e8ff bc54 

  0x000002882c582180: ; ImmutableOopMap {[48]=Oop [72]=Oop }
                      ;*new {reexecute=0 rethrow=0 return_oop=0}
                      ; - java.util.Objects::requireNonNull@4
                      ; - java.lang.invoke.MethodHandle::<init>@6
  0x000002882c582180: 07e9 d6fe | ffff 498b | 87f8 0400 | 0049 c787 | f804 0000 | 0000 0000 | 49c7 8700 | 0500 0000 
  0x000002882c5821a0: 0000 0048 | 83c4 605d 

  0x000002882c5821a8: ;   {runtime_call unwind_exception Runtime1 stub}
  0x000002882c5821a8: e953 d44b | 07f4 f4f4 
[Stub Code]
  0x000002882c5821b0: ;   {no_reloc}
  0x000002882c5821b0: 0f1f 4400 

  0x000002882c5821b4: ;   {static_stub}
  0x000002882c5821b4: 0048 bbd0 | 0309 4088 

  0x000002882c5821bc: ;   {runtime_call I2C/C2I adapters}
  0x000002882c5821bc: 0200 00e9 | 1fba 4907 

  0x000002882c5821c4: ;   {static_stub}
  0x000002882c5821c4: 9048 bb00 | 0000 0000 

  0x000002882c5821cc: ;   {runtime_call nmethod}
  0x000002882c5821cc: 0000 00e9 | fbff ffff 

  0x000002882c5821d4: ;   {static_stub}
  0x000002882c5821d4: 48bb 0000 | 0000 0000 

  0x000002882c5821dc: ;   {runtime_call nmethod}
  0x000002882c5821dc: 0000 e9fb 

  0x000002882c5821e0: ;   {runtime_call handle_exception_from_callee Runtime1 stub}
  0x000002882c5821e0: ffff ffe8 | 98d1 5407 

  0x000002882c5821e8: ;   {external_word}
  0x000002882c5821e8: 48b9 90e2 | 862b fc7f | 0000 4883 

  0x000002882c5821f4: ;   {runtime_call}
  0x000002882c5821f4: e4f0 48b8 | 1079 492b | fc7f 0000 

  0x000002882c582200: ;   {section_word}
  0x000002882c582200: ffd0 f449 | ba03 2258 | 2c88 0200 

  0x000002882c58220c: ;   {runtime_call DeoptimizationBlob}
  0x000002882c58220c: 0041 52e9 | 8c1b 4a07 | f4f4 f4f4 
[/MachCode]


---------------  P R O C E S S  ---------------

Threads class SMR info:
_java_thread_list=0x0000028881c55510, length=11, elements={
0x0000028826fdc9e0, 0x000002883fc89770, 0x000002883fc8aec0, 0x000002883fc8c890,
0x000002883fc8f7b0, 0x000002883fc91570, 0x000002883fc93fd0, 0x000002883fc94e00,
0x000002883fcc8150, 0x00000288819a07d0, 0x0000028881b602f0
}

Java Threads: ( => current thread )
=>0x0000028826fdc9e0 JavaThread "main"                              [_thread_in_vm, id=12496, stack(0x000000e91c800000,0x000000e91c900000) (1024K)]
  0x000002883fc89770 JavaThread "Reference Handler"          daemon [_thread_blocked, id=15816, stack(0x000000e91cc00000,0x000000e91cd00000) (1024K)]
  0x000002883fc8aec0 JavaThread "Finalizer"                  daemon [_thread_blocked, id=2512, stack(0x000000e91cd00000,0x000000e91ce00000) (1024K)]
  0x000002883fc8c890 JavaThread "Signal Dispatcher"          daemon [_thread_blocked, id=8840, stack(0x000000e91ce00000,0x000000e91cf00000) (1024K)]
  0x000002883fc8f7b0 JavaThread "Attach Listener"            daemon [_thread_blocked, id=6336, stack(0x000000e91cf00000,0x000000e91d000000) (1024K)]
  0x000002883fc91570 JavaThread "Service Thread"             daemon [_thread_blocked, id=15244, stack(0x000000e91d000000,0x000000e91d100000) (1024K)]
  0x000002883fc93fd0 JavaThread "Monitor Deflation Thread"   daemon [_thread_blocked, id=3308, stack(0x000000e91d100000,0x000000e91d200000) (1024K)]
  0x000002883fc94e00 JavaThread "C2 CompilerThread0"         daemon [_thread_blocked, id=14836, stack(0x000000e91d200000,0x000000e91d300000) (1024K)]
  0x000002883fcc8150 JavaThread "C1 CompilerThread0"         daemon [_thread_blocked, id=11172, stack(0x000000e91d300000,0x000000e91d400000) (1024K)]
  0x00000288819a07d0 JavaThread "Common-Cleaner"             daemon [_thread_blocked, id=4260, stack(0x000000e91d400000,0x000000e91d500000) (1024K)]
  0x0000028881b602f0 JavaThread "Notification Thread"        daemon [_thread_blocked, id=13332, stack(0x000000e91d500000,0x000000e91d600000) (1024K)]
Total: 11

Other Threads:
  0x000002882936dd20 VMThread "VM Thread"                           [id=14696, stack(0x000000e91cb00000,0x000000e91cc00000) (1024K)]
  0x0000028829318e00 WatcherThread "VM Periodic Task Thread"        [id=13600, stack(0x000000e91ca00000,0x000000e91cb00000) (1024K)]
  0x00000288292cce90 WorkerThread "GC Thread#0"                     [id=10696, stack(0x000000e91c900000,0x000000e91ca00000) (1024K)]
Total: 3

Threads with active compile tasks:
Total: 0

VM state: not at safepoint (normal execution)

VM Mutex/Monitor currently owned by a thread:  ([mutex/lock_event])
[0x00007ffc2bb23458] Metaspace_lock - owner thread: 0x0000028826fdc9e0

Heap address: 0x0000000080000000, size: 2048 MB, Compressed Oops mode: 32-bit

CDS archive(s) mapped at: [0x0000028840000000-0x0000028840ba0000-0x0000028840ba0000), size 12189696, SharedBaseAddress: 0x0000028840000000, ArchiveRelocationMode: 1.
Compressed class space mapped at: 0x0000028841000000-0x0000028881000000, reserved size: 1073741824
Narrow klass base: 0x0000028840000000, Narrow klass shift: 0, Narrow klass range: 0x100000000

GC Precious Log:
 CardTable entry size: 512
 CPUs: 4 total, 4 available
 Memory: 3970M
 Large Page Support: Disabled
 NUMA Support: Disabled
 Compressed Oops: Enabled (32-bit)
 Alignments: Space 512K, Generation 512K, Heap 2M
 Heap Min Capacity: 100M
 Heap Initial Capacity: 100M
 Heap Max Capacity: 2G
 Pre-touch: Disabled
 Parallel Workers: 4

Heap:
 PSYoungGen      total 29696K, used 15571K [0x00000000d5580000, 0x00000000d7680000, 0x0000000100000000)
  eden space 25600K, 60% used [0x00000000d5580000,0x00000000d64b4ce8,0x00000000d6e80000)
  from space 4096K, 0% used [0x00000000d7280000,0x00000000d7280000,0x00000000d7680000)
  to   space 4096K, 0% used [0x00000000d6e80000,0x00000000d6e80000,0x00000000d7280000)
 ParOldGen       total 68608K, used 0K [0x0000000080000000, 0x0000000084300000, 0x00000000d5580000)
  object space 68608K, 0% used [0x0000000080000000,0x0000000080000000,0x0000000084300000)
 Metaspace       used 3035K, committed 3200K, reserved 1114112K
  class space    used 312K, committed 384K, reserved 1048576K

Card table byte_map: [0x0000028828c50000,0x0000028829060000] _byte_map_base: 0x0000028828850000

Marking Bits: (ParMarkBitMap*) 0x00007ffc2bb2a340
 Begin Bits: [0x000002883b750000, 0x000002883d750000)
 End Bits:   [0x000002883d750000, 0x000002883f750000)

Polling page: 0x0000028827170000

Metaspace:

Usage:
  Non-class:      2.66 MB used.
      Class:    312.85 KB used.
       Both:      2.96 MB used.

Virtual space:
  Non-class space:       64.00 MB reserved,       2.75 MB (  4%) committed,  1 nodes.
      Class space:        1.00 GB reserved,     384.00 KB ( <1%) committed,  1 nodes.
             Both:        1.06 GB reserved,       3.12 MB ( <1%) committed. 

Chunk freelists:
   Non-Class:  11.56 MB
       Class:  15.66 MB
        Both:  27.22 MB

MaxMetaspaceSize: unlimited
CompressedClassSpaceSize: 1.00 GB
Initial GC threshold: 21.00 MB
Current GC threshold: 21.00 MB
CDS: on
 - commit_granule_bytes: 65536.
 - commit_granule_words: 8192.
 - virtual_space_node_default_size: 8388608.
 - enlarge_chunks_in_place: 1.
 - use_allocation_guard: 0.


Internal statistics:

num_allocs_failed_limit: 0.
num_arena_births: 94.
num_arena_deaths: 0.
num_vsnodes_births: 2.
num_vsnodes_deaths: 0.
num_space_committed: 50.
num_space_uncommitted: 0.
num_chunks_returned_to_freelist: 0.
num_chunks_taken_from_freelist: 120.
num_chunk_merges: 0.
num_chunk_splits: 83.
num_chunks_enlarged: 50.
num_inconsistent_stats: 0.

CodeHeap 'non-profiled nmethods': size=120000Kb used=292Kb max_used=292Kb free=119707Kb
 bounds [0x0000028833f70000, 0x00000288341e0000, 0x000002883b4a0000]
CodeHeap 'profiled nmethods': size=120000Kb used=1160Kb max_used=1160Kb free=118839Kb
 bounds [0x000002882c4a0000, 0x000002882c710000, 0x00000288339d0000]
CodeHeap 'non-nmethods': size=5760Kb used=1186Kb max_used=1208Kb free=4573Kb
 bounds [0x00000288339d0000, 0x0000028833c40000, 0x0000028833f70000]
CodeCache: size=245760Kb, used=2638Kb, max_used=2660Kb, free=243119Kb
 total_blobs=1203, nmethods=758, adapters=352, full_count=0
Compilation: enabled, stopped_count=0, restarted_count=0

Compilation events (20 events):
Event: 1.077 Thread 0x000002883fcc8150 nmethod 743 0x000002882c5bef90 code [0x000002882c5bf120, 0x000002882c5bf238]
Event: 1.077 Thread 0x000002883fcc8150  744       2       java.lang.invoke.MemberName::getInvocationType (56 bytes)
Event: 1.077 Thread 0x000002883fcc8150 nmethod 744 0x000002882c5bf310 code [0x000002882c5bf500, 0x000002882c5bf8b8]
Event: 1.077 Thread 0x000002883fcc8150  745       2       java.lang.invoke.LambdaForm::uncustomize (57 bytes)
Event: 1.078 Thread 0x000002883fcc8150 nmethod 745 0x000002882c5bfa90 code [0x000002882c5bfc40, 0x000002882c5bfe00]
Event: 1.078 Thread 0x000002883fcc8150  746       2       java.lang.Long::<init> (10 bytes)
Event: 1.078 Thread 0x000002883fcc8150 nmethod 746 0x000002882c5bff10 code [0x000002882c5c00a0, 0x000002882c5c01a8]
Event: 1.079 Thread 0x000002883fcc8150  747       2       java.lang.invoke.LambdaForm$BasicType::basicTypeSlots (8 bytes)
Event: 1.079 Thread 0x000002883fcc8150 nmethod 747 0x000002882c5c0290 code [0x000002882c5c0420, 0x000002882c5c0530]
Event: 1.079 Thread 0x000002883fcc8150  748       2       sun.invoke.util.Wrapper::stackSlots (9 bytes)
Event: 1.079 Thread 0x000002883fcc8150 nmethod 748 0x000002882c5c0610 code [0x000002882c5c07a0, 0x000002882c5c08a8]
Event: 1.079 Thread 0x000002883fcc8150  751       2       jdk.internal.org.objectweb.asm.Handler::getExceptionTableLength (21 bytes)
Event: 1.079 Thread 0x000002883fcc8150 nmethod 751 0x000002882c5c0910 code [0x000002882c5c0aa0, 0x000002882c5c0bf0]
Event: 1.079 Thread 0x000002883fcc8150  749       2       jdk.internal.org.objectweb.asm.Handler::getExceptionTableSize (10 bytes)
Event: 1.079 Thread 0x000002883fcc8150 nmethod 749 0x000002882c5c0d10 code [0x000002882c5c0ea0, 0x000002882c5c0ff0]
Event: 1.079 Thread 0x000002883fcc8150  750       1       jdk.internal.org.objectweb.asm.MethodWriter::hasAsmInstructions (5 bytes)
Event: 1.080 Thread 0x000002883fcc8150 nmethod 750 0x0000028833fb2190 code [0x0000028833fb2320, 0x0000028833fb23f0]
Event: 1.080 Thread 0x000002883fcc8150  755       2       java.lang.invoke.MethodTypeForm::canonicalizeAll (63 bytes)
Event: 1.080 Thread 0x000002883fcc8150 nmethod 755 0x000002882c5c1110 code [0x000002882c5c12e0, 0x000002882c5c1618]
Event: 1.081 Thread 0x000002883fcc8150  758       2       java.util.Arrays::rangeCheck (74 bytes)

GC Heap History (0 events):
No events

Dll operation events (8 events):
Event: 0.048 Loaded shared library c:\Users\Lenovo\.vscode\extensions\redhat.java-1.45.0-win32-x64\jre\21.0.8-win32-x86_64\bin\java.dll
Event: 0.194 Loaded shared library c:\Users\Lenovo\.vscode\extensions\redhat.java-1.45.0-win32-x64\jre\21.0.8-win32-x86_64\bin\zip.dll
Event: 0.249 Loaded shared library C:\Users\Lenovo\.vscode\extensions\redhat.java-1.45.0-win32-x64\jre\21.0.8-win32-x86_64\bin\instrument.dll
Event: 0.260 Loaded shared library C:\Users\Lenovo\.vscode\extensions\redhat.java-1.45.0-win32-x64\jre\21.0.8-win32-x86_64\bin\net.dll
Event: 0.264 Loaded shared library C:\Users\Lenovo\.vscode\extensions\redhat.java-1.45.0-win32-x64\jre\21.0.8-win32-x86_64\bin\nio.dll
Event: 0.271 Loaded shared library C:\Users\Lenovo\.vscode\extensions\redhat.java-1.45.0-win32-x64\jre\21.0.8-win32-x86_64\bin\zip.dll
Event: 0.310 Loaded shared library C:\Users\Lenovo\.vscode\extensions\redhat.java-1.45.0-win32-x64\jre\21.0.8-win32-x86_64\bin\jimage.dll
Event: 0.445 Loaded shared library c:\Users\Lenovo\.vscode\extensions\redhat.java-1.45.0-win32-x64\jre\21.0.8-win32-x86_64\bin\verify.dll

Deoptimization events (20 events):
Event: 0.729 Thread 0x0000028826fdc9e0 DEOPT PACKING pc=0x000002882c4e5558 sp=0x000000e91c8faae0
Event: 0.729 Thread 0x0000028826fdc9e0 DEOPT UNPACKING pc=0x0000028833a24242 sp=0x000000e91c8f9fa0 mode 0
Event: 0.731 Thread 0x0000028826fdc9e0 DEOPT PACKING pc=0x000002882c4e5558 sp=0x000000e91c8fc340
Event: 0.732 Thread 0x0000028826fdc9e0 DEOPT UNPACKING pc=0x0000028833a24242 sp=0x000000e91c8fb800 mode 0
Event: 0.736 Thread 0x0000028826fdc9e0 DEOPT PACKING pc=0x000002882c4e5558 sp=0x000000e91c8fc2f0
Event: 0.736 Thread 0x0000028826fdc9e0 DEOPT UNPACKING pc=0x0000028833a24242 sp=0x000000e91c8fb7b0 mode 0
Event: 0.761 Thread 0x0000028826fdc9e0 DEOPT PACKING pc=0x000002882c4e5558 sp=0x000000e91c8fa8e0
Event: 0.761 Thread 0x0000028826fdc9e0 DEOPT UNPACKING pc=0x0000028833a24242 sp=0x000000e91c8f9da0 mode 0
Event: 0.870 Thread 0x0000028826fdc9e0 Uncommon trap: trap_request=0xffffff45 fr.pc=0x0000028833fa3e84 relative=0x0000000000000164
Event: 0.870 Thread 0x0000028826fdc9e0 Uncommon trap: reason=unstable_if action=reinterpret pc=0x0000028833fa3e84 method=jdk.internal.util.ArraysSupport.vectorizedHashCode(Ljava/lang/Object;IIII)I @ 2 c2
Event: 0.870 Thread 0x0000028826fdc9e0 DEOPT PACKING pc=0x0000028833fa3e84 sp=0x000000e91c8fc9c0
Event: 0.870 Thread 0x0000028826fdc9e0 DEOPT UNPACKING pc=0x0000028833a23aa2 sp=0x000000e91c8fc970 mode 2
Event: 0.888 Thread 0x0000028826fdc9e0 Uncommon trap: trap_request=0xffffff45 fr.pc=0x0000028833f92504 relative=0x00000000000000e4
Event: 0.888 Thread 0x0000028826fdc9e0 Uncommon trap: reason=unstable_if action=reinterpret pc=0x0000028833f92504 method=java.net.URI.match(CJJ)Z @ 45 c2
Event: 0.888 Thread 0x0000028826fdc9e0 DEOPT PACKING pc=0x0000028833f92504 sp=0x000000e91c8fcc60
Event: 0.888 Thread 0x0000028826fdc9e0 DEOPT UNPACKING pc=0x0000028833a23aa2 sp=0x000000e91c8fcbc8 mode 2
Event: 0.976 Thread 0x0000028826fdc9e0 Uncommon trap: trap_request=0xffffff45 fr.pc=0x0000028833f90b40 relative=0x00000000000001a0
Event: 0.976 Thread 0x0000028826fdc9e0 Uncommon trap: reason=unstable_if action=reinterpret pc=0x0000028833f90b40 method=java.lang.StringUTF16.compress([CI[BII)I @ 20 c2
Event: 0.976 Thread 0x0000028826fdc9e0 DEOPT PACKING pc=0x0000028833f90b40 sp=0x000000e91c8fb6d0
Event: 0.976 Thread 0x0000028826fdc9e0 DEOPT UNPACKING pc=0x0000028833a23aa2 sp=0x000000e91c8fb640 mode 2

Classes loaded (20 events):
Event: 1.053 Loading class java/net/URISyntaxException
Event: 1.053 Loading class java/net/URISyntaxException done
Event: 1.053 Loading class java/lang/SecurityException
Event: 1.054 Loading class java/lang/SecurityException done
Event: 1.055 Loading class java/security/Policy
Event: 1.056 Loading class java/security/Policy done
Event: 1.059 Loading class java/nio/file/attribute/PosixFilePermissions
Event: 1.060 Loading class java/nio/file/attribute/PosixFilePermissions done
Event: 1.060 Loading class java/nio/file/attribute/PosixFilePermission
Event: 1.060 Loading class java/nio/file/attribute/PosixFilePermission done
Event: 1.061 Loading class java/lang/Thread$ThreadNumbering
Event: 1.061 Loading class java/lang/Thread$ThreadNumbering done
Event: 1.065 Loading class java/net/URL$ThreadTrackHolder
Event: 1.065 Loading class java/net/URL$ThreadTrackHolder done
Event: 1.065 Loading class java/net/URL$2
Event: 1.065 Loading class java/net/URL$2 done
Event: 1.065 Loading class java/net/URL$1
Event: 1.065 Loading class java/net/URL$1 done
Event: 1.065 Loading class java/net/spi/URLStreamHandlerProvider
Event: 1.066 Loading class java/net/spi/URLStreamHandlerProvider done

Classes unloaded (0 events):
No events

Classes redefined (0 events):
No events

Internal exceptions (14 events):
Event: 0.186 Thread 0x0000028826fdc9e0 Exception <a 'java/lang/NoSuchMethodError'{0x00000000d57a9f58}: 'void java.lang.invoke.DirectMethodHandle$Holder.invokeStatic(java.lang.Object, java.lang.Object, java.lang.Object)'> (0x00000000d57a9f58) 
thrown [s\src\hotspot\share\interpreter\linkResolver.cpp, line 773]
Event: 0.296 Thread 0x0000028826fdc9e0 Exception <a 'java/lang/NoSuchMethodError'{0x00000000d59122d0}: 'java.lang.Object java.lang.invoke.Invokers$Holder.invokeExact_MT(java.lang.Object, java.lang.Object, java.lang.Object, java.lang.Object, java.lang.Object)'> (0x00000000d59122d0) 
thrown [s\src\hotspot\share\interpreter\linkResolver.cpp, line 773]
Event: 0.372 Thread 0x0000028826fdc9e0 Exception <a 'java/lang/NoSuchMethodError'{0x00000000d59ca130}: 'int java.lang.invoke.DirectMethodHandle$Holder.invokeSpecial(java.lang.Object, java.lang.Object, java.lang.Object, int)'> (0x00000000d59ca130) 
thrown [s\src\hotspot\share\interpreter\linkResolver.cpp, line 773]
Event: 0.377 Thread 0x0000028826fdc9e0 Exception <a 'java/lang/NoSuchMethodError'{0x00000000d59dcb18}: 'java.lang.Object java.lang.invoke.DirectMethodHandle$Holder.invokeStatic(java.lang.Object, java.lang.Object, java.lang.Object, java.lang.Object, int)'> (0x00000000d59dcb18) 
thrown [s\src\hotspot\share\interpreter\linkResolver.cpp, line 773]
Event: 0.379 Thread 0x0000028826fdc9e0 Exception <a 'java/lang/NoSuchMethodError'{0x00000000d59e7f58}: 'void java.lang.invoke.DelegatingMethodHandle$Holder.reinvoke_L(java.lang.Object, java.lang.Object, java.lang.Object, int, java.lang.Object)'> (0x00000000d59e7f58) 
thrown [s\src\hotspot\share\interpreter\linkResolver.cpp, line 773]
Event: 0.385 Thread 0x0000028826fdc9e0 Exception <a 'java/lang/NoSuchMethodError'{0x00000000d59f88a8}: 'int java.lang.invoke.DirectMethodHandle$Holder.invokeSpecial(java.lang.Object, java.lang.Object, java.lang.Object)'> (0x00000000d59f88a8) 
thrown [s\src\hotspot\share\interpreter\linkResolver.cpp, line 773]
Event: 0.389 Thread 0x0000028826fdc9e0 Exception <a 'java/lang/NoSuchMethodError'{0x00000000d5a04568}: 'java.lang.Object java.lang.invoke.DirectMethodHandle$Holder.invokeStatic(java.lang.Object, java.lang.Object, int)'> (0x00000000d5a04568) 
thrown [s\src\hotspot\share\interpreter\linkResolver.cpp, line 773]
Event: 0.391 Thread 0x0000028826fdc9e0 Exception <a 'java/lang/NoSuchMethodError'{0x00000000d5a08eb8}: 'void java.lang.invoke.DirectMethodHandle$Holder.invokeStatic(java.lang.Object, java.lang.Object, int, java.lang.Object)'> (0x00000000d5a08eb8) 
thrown [s\src\hotspot\share\interpreter\linkResolver.cpp, line 773]
Event: 0.392 Thread 0x0000028826fdc9e0 Exception <a 'java/lang/NoSuchMethodError'{0x00000000d5a0ca48}: 'void java.lang.invoke.DirectMethodHandle$Holder.invokeSpecial(java.lang.Object, java.lang.Object, java.lang.Object, int, java.lang.Object)'> (0x00000000d5a0ca48) 
thrown [s\src\hotspot\share\interpreter\linkResolver.cpp, line 773]
Event: 0.393 Thread 0x0000028826fdc9e0 Exception <a 'java/lang/NoSuchMethodError'{0x00000000d5a0feb8}: 'void java.lang.invoke.DelegatingMethodHandle$Holder.delegate(java.lang.Object, java.lang.Object, int, java.lang.Object)'> (0x00000000d5a0feb8) 
thrown [s\src\hotspot\share\interpreter\linkResolver.cpp, line 773]
Event: 0.506 Thread 0x0000028826fdc9e0 Exception <a 'java/lang/NoSuchMethodError'{0x00000000d5bcf118}: 'void java.lang.invoke.DelegatingMethodHandle$Holder.reinvoke_L(java.lang.Object, java.lang.Object, java.lang.Object, int)'> (0x00000000d5bcf118) 
thrown [s\src\hotspot\share\interpreter\linkResolver.cpp, line 773]
Event: 0.855 Thread 0x0000028826fdc9e0 Exception <a 'java/lang/NoSuchMethodError'{0x00000000d605a9f8}: 'void java.lang.invoke.DirectMethodHandle$Holder.invokeVirtual(java.lang.Object, java.lang.Object)'> (0x00000000d605a9f8) 
thrown [s\src\hotspot\share\interpreter\linkResolver.cpp, line 773]
Event: 1.063 Thread 0x0000028826fdc9e0 Exception <a 'java/lang/NoSuchMethodError'{0x00000000d64403f0}: 'void java.lang.invoke.DirectMethodHandle$Holder.invokeStatic(java.lang.Object, java.lang.Object)'> (0x00000000d64403f0) 
thrown [s\src\hotspot\share\interpreter\linkResolver.cpp, line 773]
Event: 1.070 Thread 0x0000028826fdc9e0 Exception <a 'java/lang/ClassNotFoundException'{0x00000000d6468568}: sun/net/www/protocol/c/Handler> (0x00000000d6468568) 
thrown [s\src\hotspot\share\classfile\systemDictionary.cpp, line 312]

ZGC Phase Switch (0 events):
No events

VM Operations (8 events):
Event: 0.191 Executing VM operation: HandshakeAllThreads (Deoptimize)
Event: 0.191 Executing VM operation: HandshakeAllThreads (Deoptimize) done
Event: 0.338 Executing VM operation: HandshakeAllThreads (Deoptimize)
Event: 0.338 Executing VM operation: HandshakeAllThreads (Deoptimize) done
Event: 1.031 Executing VM operation: HandshakeAllThreads (Deoptimize)
Event: 1.031 Executing VM operation: HandshakeAllThreads (Deoptimize) done
Event: 1.055 Executing VM operation: HandshakeAllThreads (Deoptimize)
Event: 1.055 Executing VM operation: HandshakeAllThreads (Deoptimize) done

Memory protections (0 events):
No events

Nmethod flushes (0 events):
No events

Events (11 events):
Event: 0.078 Thread 0x0000028826fdc9e0 Thread added: 0x0000028826fdc9e0
Event: 0.114 Thread 0x0000028826fdc9e0 Thread added: 0x000002883fc89770
Event: 0.114 Thread 0x0000028826fdc9e0 Thread added: 0x000002883fc8aec0
Event: 0.114 Thread 0x0000028826fdc9e0 Thread added: 0x000002883fc8c890
Event: 0.114 Thread 0x0000028826fdc9e0 Thread added: 0x000002883fc8f7b0
Event: 0.114 Thread 0x0000028826fdc9e0 Thread added: 0x000002883fc91570
Event: 0.114 Thread 0x0000028826fdc9e0 Thread added: 0x000002883fc93fd0
Event: 0.115 Thread 0x0000028826fdc9e0 Thread added: 0x000002883fc94e00
Event: 0.117 Thread 0x0000028826fdc9e0 Thread added: 0x000002883fcc8150
Event: 0.169 Thread 0x0000028826fdc9e0 Thread added: 0x00000288819a07d0
Event: 0.677 Thread 0x0000028826fdc9e0 Thread added: 0x0000028881b602f0


Dynamic libraries:
0x00007ff6a6360000 - 0x00007ff6a636e000 	c:\Users\Lenovo\.vscode\extensions\redhat.java-1.45.0-win32-x64\jre\21.0.8-win32-x86_64\bin\java.exe
0x00007ffca8b30000 - 0x00007ffca8d28000 	C:\Windows\SYSTEM32\ntdll.dll
0x00007ffca7ac0000 - 0x00007ffca7b82000 	C:\Windows\System32\KERNEL32.DLL
0x00007ffca6760000 - 0x00007ffca6a56000 	C:\Windows\System32\KERNELBASE.dll
0x00007ffca30c0000 - 0x00007ffca3154000 	C:\Windows\SYSTEM32\apphelp.dll
0x00007ffca61d0000 - 0x00007ffca62d0000 	C:\Windows\System32\ucrtbase.dll
0x00007ffc7c620000 - 0x00007ffc7c638000 	c:\Users\Lenovo\.vscode\extensions\redhat.java-1.45.0-win32-x64\jre\21.0.8-win32-x86_64\bin\jli.dll
0x00007ffca6d00000 - 0x00007ffca6e9d000 	C:\Windows\System32\USER32.dll
0x00007ffca6b30000 - 0x00007ffca6b52000 	C:\Windows\System32\win32u.dll
0x00007ffca8660000 - 0x00007ffca868b000 	C:\Windows\System32\GDI32.dll
0x00007ffca6570000 - 0x00007ffca6689000 	C:\Windows\System32\gdi32full.dll
0x00007ffca6a60000 - 0x00007ffca6afd000 	C:\Windows\System32\msvcp_win.dll
0x00007ffc7bd80000 - 0x00007ffc7bd9e000 	c:\Users\Lenovo\.vscode\extensions\redhat.java-1.45.0-win32-x64\jre\21.0.8-win32-x86_64\bin\VCRUNTIME140.dll
0x00007ffc91720000 - 0x00007ffc919bb000 	C:\Windows\WinSxS\amd64_microsoft.windows.common-controls_6595b64144ccf1df_6.0.19041.6280_none_60bc30a171f2f3f3\COMCTL32.dll
0x00007ffca6b60000 - 0x00007ffca6bfe000 	C:\Windows\System32\msvcrt.dll
0x00007ffca8700000 - 0x00007ffca872f000 	C:\Windows\System32\IMM32.DLL
0x00007ffca2f90000 - 0x00007ffca2f9c000 	c:\Users\Lenovo\.vscode\extensions\redhat.java-1.45.0-win32-x64\jre\21.0.8-win32-x86_64\bin\vcruntime140_1.dll
0x00007ffc59ab0000 - 0x00007ffc59b3d000 	c:\Users\Lenovo\.vscode\extensions\redhat.java-1.45.0-win32-x64\jre\21.0.8-win32-x86_64\bin\msvcp140.dll
0x00007ffc2ae70000 - 0x00007ffc2bc07000 	c:\Users\Lenovo\.vscode\extensions\redhat.java-1.45.0-win32-x64\jre\21.0.8-win32-x86_64\bin\server\jvm.dll
0x00007ffca7180000 - 0x00007ffca7231000 	C:\Windows\System32\ADVAPI32.dll
0x00007ffca7b90000 - 0x00007ffca7c2f000 	C:\Windows\System32\sechost.dll
0x00007ffca7060000 - 0x00007ffca7180000 	C:\Windows\System32\RPCRT4.dll
0x00007ffca6b00000 - 0x00007ffca6b27000 	C:\Windows\System32\bcrypt.dll
0x00007ffca7fd0000 - 0x00007ffca803b000 	C:\Windows\System32\WS2_32.dll
0x00007ffca56e0000 - 0x00007ffca572b000 	C:\Windows\SYSTEM32\POWRPROF.dll
0x00007ffc994a0000 - 0x00007ffc994c7000 	C:\Windows\SYSTEM32\WINMM.dll
0x00007ffc9ed10000 - 0x00007ffc9ed1a000 	C:\Windows\SYSTEM32\VERSION.dll
0x00007ffca5590000 - 0x00007ffca55a2000 	C:\Windows\SYSTEM32\UMPDC.dll
0x00007ffca4010000 - 0x00007ffca4022000 	C:\Windows\SYSTEM32\kernel.appcore.dll
0x00007ffca2f20000 - 0x00007ffca2f2a000 	c:\Users\Lenovo\.vscode\extensions\redhat.java-1.45.0-win32-x64\jre\21.0.8-win32-x86_64\bin\jimage.dll
0x00007ffc98420000 - 0x00007ffc98621000 	C:\Windows\SYSTEM32\DBGHELP.DLL
0x00007ffc84ab0000 - 0x00007ffc84ae4000 	C:\Windows\SYSTEM32\dbgcore.DLL
0x00007ffca62d0000 - 0x00007ffca6352000 	C:\Windows\System32\bcryptPrimitives.dll
0x00007ffc9e750000 - 0x00007ffc9e75f000 	c:\Users\Lenovo\.vscode\extensions\redhat.java-1.45.0-win32-x64\jre\21.0.8-win32-x86_64\bin\instrument.dll
0x00007ffc7b7e0000 - 0x00007ffc7b7ff000 	c:\Users\Lenovo\.vscode\extensions\redhat.java-1.45.0-win32-x64\jre\21.0.8-win32-x86_64\bin\java.dll
0x00007ffca7350000 - 0x00007ffca7ac0000 	C:\Windows\System32\SHELL32.dll
0x00007ffca4210000 - 0x00007ffca49b5000 	C:\Windows\SYSTEM32\windows.storage.dll
0x00007ffca8790000 - 0x00007ffca8ae3000 	C:\Windows\System32\combase.dll
0x00007ffca5c00000 - 0x00007ffca5c2b000 	C:\Windows\SYSTEM32\Wldp.dll
0x00007ffca6c10000 - 0x00007ffca6cdd000 	C:\Windows\System32\OLEAUT32.dll
0x00007ffca7f20000 - 0x00007ffca7fcd000 	C:\Windows\System32\SHCORE.dll
0x00007ffca7d20000 - 0x00007ffca7d7b000 	C:\Windows\System32\shlwapi.dll
0x00007ffca6100000 - 0x00007ffca6124000 	C:\Windows\SYSTEM32\profapi.dll
0x00007ffc7b600000 - 0x00007ffc7b618000 	c:\Users\Lenovo\.vscode\extensions\redhat.java-1.45.0-win32-x64\jre\21.0.8-win32-x86_64\bin\zip.dll
0x00007ffc9d5c0000 - 0x00007ffc9d5d0000 	C:\Users\Lenovo\.vscode\extensions\redhat.java-1.45.0-win32-x64\jre\21.0.8-win32-x86_64\bin\net.dll
0x00007ffc9df00000 - 0x00007ffc9e00a000 	C:\Windows\SYSTEM32\WINHTTP.dll
0x00007ffca5920000 - 0x00007ffca598a000 	C:\Windows\system32\mswsock.dll
0x00007ffc7b5e0000 - 0x00007ffc7b5f6000 	C:\Users\Lenovo\.vscode\extensions\redhat.java-1.45.0-win32-x64\jre\21.0.8-win32-x86_64\bin\nio.dll
0x00007ffc8ffe0000 - 0x00007ffc8fff0000 	c:\Users\Lenovo\.vscode\extensions\redhat.java-1.45.0-win32-x64\jre\21.0.8-win32-x86_64\bin\verify.dll

JVMTI agents:
c:\Users\Lenovo\.vscode\extensions\redhat.java-1.45.0-win32-x64\lombok\lombok-1.18.39-4050.jar path:c:\Users\Lenovo\.vscode\extensions\redhat.java-1.45.0-win32-x64\jre\21.0.8-win32-x86_64\bin\instrument.dll, loaded, initialized, instrumentlib options:none

dbghelp: loaded successfully - version: 4.0.5 - missing functions: none
symbol engine: initialized successfully - sym options: 0x614 - pdb path: .;c:\Users\Lenovo\.vscode\extensions\redhat.java-1.45.0-win32-x64\jre\21.0.8-win32-x86_64\bin;C:\Windows\SYSTEM32;C:\Windows\WinSxS\amd64_microsoft.windows.common-controls_6595b64144ccf1df_6.0.19041.6280_none_60bc30a171f2f3f3;c:\Users\Lenovo\.vscode\extensions\redhat.java-1.45.0-win32-x64\jre\21.0.8-win32-x86_64\bin\server

VM Arguments:
jvm_args: --add-modules=ALL-SYSTEM --add-opens=java.base/java.util=ALL-UNNAMED --add-opens=java.base/java.lang=ALL-UNNAMED --add-opens=java.base/sun.nio.fs=ALL-UNNAMED -Declipse.application=org.eclipse.jdt.ls.core.id1 -Dosgi.bundles.defaultStartLevel=4 -Declipse.product=org.eclipse.jdt.ls.core.product -Djava.import.generatesMetadataFilesAtProjectRoot=false -DDetectVMInstallationsJob.disabled=true -Dfile.encoding=utf8 -XX:+UseParallelGC -XX:GCTimeRatio=4 -XX:AdaptiveSizePolicyWeight=90 -Dsun.zip.disableMemoryMapping=true -Xmx2G -Xms100m -Xlog:disable -javaagent:c:\Users\Lenovo\.vscode\extensions\redhat.java-1.45.0-win32-x64\lombok\lombok-1.18.39-4050.jar 
java_command: c:\Users\Lenovo\.vscode\extensions\redhat.java-1.45.0-win32-x64\server\plugins\org.eclipse.equinox.launcher_1.7.0.v20250519-0528.jar -configuration c:\Users\Lenovo\AppData\Roaming\Code\User\globalStorage\redhat.java\1.45.0\config_ss_win -data c:\Users\Lenovo\AppData\Roaming\Code\User\workspaceStorage\31802dcc8a754153dbdba671d90e4e0a\redhat.java\ss_ws --pipe=\\.\pipe\lsp-162fda9921acef40ff2fbfea8a02fdb6-sock
java_class_path (initial): c:\Users\Lenovo\.vscode\extensions\redhat.java-1.45.0-win32-x64\server\plugins\org.eclipse.equinox.launcher_1.7.0.v20250519-0528.jar
Launcher Type: SUN_STANDARD

[Global flags]
    uintx AdaptiveSizePolicyWeight                 = 90                                        {product} {command line}
     intx CICompilerCount                          = 3                                         {product} {ergonomic}
    uintx GCTimeRatio                              = 4                                         {product} {command line}
   size_t InitialHeapSize                          = 104857600                                 {product} {command line}
   size_t MaxHeapSize                              = 2147483648                                {product} {command line}
   size_t MaxNewSize                               = 715653120                                 {product} {ergonomic}
   size_t MinHeapDeltaBytes                        = 524288                                    {product} {ergonomic}
   size_t MinHeapSize                              = 104857600                                 {product} {command line}
   size_t NewSize                                  = 34603008                                  {product} {ergonomic}
    uintx NonNMethodCodeHeapSize                   = 5832780                                {pd product} {ergonomic}
    uintx NonProfiledCodeHeapSize                  = 122912730                              {pd product} {ergonomic}
   size_t OldSize                                  = 70254592                                  {product} {ergonomic}
    uintx ProfiledCodeHeapSize                     = 122912730                              {pd product} {ergonomic}
    uintx ReservedCodeCacheSize                    = 251658240                              {pd product} {ergonomic}
     bool SegmentedCodeCache                       = true                                      {product} {ergonomic}
   size_t SoftMaxHeapSize                          = 2147483648                             {manageable} {ergonomic}
     bool UseCompressedOops                        = true                           {product lp64_product} {ergonomic}
     bool UseLargePagesIndividualAllocation        = false                                  {pd product} {ergonomic}
     bool UseParallelGC                            = true                                      {product} {command line}

Logging:
Log output configuration:
 #0: stdout all=off uptime,level,tags foldmultilines=false
 #1: stderr all=off uptime,level,tags foldmultilines=false

Environment Variables:
JAVA_HOME=C:\Program Files\Java\jdk-23
PATH=C:\Program Files (x86)\VMware\VMware Player\bin\;C:\Program Files\Common Files\Oracle\Java\javapath;C:\Users\Lenovo\New folder\Scripts\;C:\Users\Lenovo\New folder\;C:\Windows\system32;C:\Windows;C:\Windows\System32\Wbem;C:\Windows\System32\WindowsPowerShell\v1.0\;C:\Windows\System32\OpenSSH\;C:\Program Files\Java\jdk-23\bin;C:\Program Files\Git\cmd;C:\Program Files\nodejs\;C:\Users\Lenovo\AppData\Local\Programs\Python\Launcher\;C:\Users\Lenovo\AppData\Local\Microsoft\WindowsApps;C:\Users\Lenovo\AppData\Local\Programs\Microsoft VS Code\bin;C:\Users\Lenovo\AppData\Roaming\npm;C:\Program Files (x86)\Nmap
USERNAME=Lenovo
OS=Windows_NT
PROCESSOR_IDENTIFIER=Intel64 Family 6 Model 142 Stepping 9, GenuineIntel
TMP=C:\Users\Lenovo\AppData\Local\Temp
TEMP=C:\Users\Lenovo\AppData\Local\Temp




Periodic native trim disabled

---------------  S Y S T E M  ---------------

OS:
 Windows 10 , 64 bit Build 19041 (10.0.19041.5915)
OS uptime: 0 days 21:00 hours
Hyper-V role detected

CPU: total 4 (initial active 4) (2 cores per cpu, 2 threads per core) family 6 model 142 stepping 9 microcode 0xd6, cx8, cmov, fxsr, ht, mmx, 3dnowpref, sse, sse2, sse3, ssse3, sse4.1, sse4.2, popcnt, lzcnt, tsc, tscinvbit, avx, avx2, aes, erms, clmul, bmi1, bmi2, adx, fma, vzeroupper, clflush, clflushopt, hv, rdtscp, f16c
Processor Information for the first 4 processors :
  Max Mhz: 2712, Current Mhz: 2511, Mhz Limit: 2495

Memory: 4k page, system-wide physical 3970M (167M free)
TotalPageFile size 8625M (AvailPageFile size 193M)
current process WorkingSet (physical memory assigned to process): 59M, peak: 61M
current process commit charge ("private bytes"): 217M, peak: 218M

vm_info: OpenJDK 64-Bit Server VM (21.0.8+9-LTS) for windows-amd64 JRE (21.0.8+9-LTS), built on 2025-07-15T00:00:00Z by "admin" with MS VC++ 17.7 (VS2022)

END.
