#
# There is insufficient memory for the Java Runtime Environment to continue.
# Native memory allocation (malloc) failed to allocate 1409072 bytes. Error detail: Chunk::new
# Possible reasons:
#   The system is out of physical RAM or swap space
#   This process is running with CompressedOops enabled, and the Java Heap may be blocking the growth of the native heap
# Possible solutions:
#   Reduce memory load on the system
#   Increase physical memory or swap space
#   Check if swap backing store is full
#   Decrease Java heap size (-Xmx/-Xms)
#   Decrease number of Java threads
#   Decrease Java thread stack sizes (-Xss)
#   Set larger code cache with -XX:ReservedCodeCacheSize=
#   JVM is running with Unscaled Compressed Oops mode in which the Java heap is
#     placed in the first 4GB address space. The Java Heap base address is the
#     maximum limit for the native heap growth. Please use -XX:HeapBaseMinAddress
#     to set the Java Heap base and to place the Java Heap above 4GB virtual address.
# This output file may be truncated or incomplete.
#
#  Out of Memory Error (arena.cpp:168), pid=4384, tid=10320
#
# JRE version: OpenJDK Runtime Environment Temurin-21.0.8+9 (21.0.8+9) (build 21.0.8+9-LTS)
# Java VM: OpenJDK 64-Bit Server VM Temurin-21.0.8+9 (21.0.8+9-LTS, mixed mode, sharing, tiered, compressed oops, compressed class ptrs, parallel gc, windows-amd64)
# No core dump will be written. Minidumps are not enabled by default on client versions of Windows
#

---------------  S U M M A R Y ------------

Command Line: --add-modules=ALL-SYSTEM --add-opens=java.base/java.util=ALL-UNNAMED --add-opens=java.base/java.lang=ALL-UNNAMED --add-opens=java.base/sun.nio.fs=ALL-UNNAMED -Declipse.application=org.eclipse.jdt.ls.core.id1 -Dosgi.bundles.defaultStartLevel=4 -Declipse.product=org.eclipse.jdt.ls.core.product -Djava.import.generatesMetadataFilesAtProjectRoot=false -DDetectVMInstallationsJob.disabled=true -Dfile.encoding=utf8 -XX:+UseParallelGC -XX:GCTimeRatio=4 -XX:AdaptiveSizePolicyWeight=90 -Dsun.zip.disableMemoryMapping=true -Xmx2G -Xms100m -Xlog:disable -javaagent:c:\Users\Lenovo\.vscode\extensions\redhat.java-1.45.0-win32-x64\lombok\lombok-1.18.39-4050.jar c:\Users\Lenovo\.vscode\extensions\redhat.java-1.45.0-win32-x64\server\plugins\org.eclipse.equinox.launcher_1.7.0.v20250519-0528.jar -configuration c:\Users\Lenovo\AppData\Roaming\Code\User\globalStorage\redhat.java\1.45.0\config_ss_win -data c:\Users\Lenovo\AppData\Roaming\Code\User\workspaceStorage\31802dcc8a754153dbdba671d90e4e0a\redhat.java\ss_ws --pipe=\\.\pipe\lsp-4a26802aee536f0313a49cd4b8dae815-sock

Host: Intel(R) Core(TM) i5-7200U CPU @ 2.50GHz, 4 cores, 3G,  Windows 10 , 64 bit Build 19041 (10.0.19041.5915)
Time: Thu Oct  2 20:32:58 2025 India Standard Time elapsed time: 19.823049 seconds (0d 0h 0m 19s)

---------------  T H R E A D  ---------------

Current thread (0x000001a654e63700):  JavaThread "C2 CompilerThread0" daemon [_thread_in_native, id=10320, stack(0x0000001e56000000,0x0000001e56100000) (1024K)]


Current CompileTask:
C2:19823 4919       4       org.lombokweb.asm.ClassReader::readMethod (1070 bytes)

Stack: [0x0000001e56000000,0x0000001e56100000]
Native frames: (J=compiled Java code, j=interpreted, Vv=VM code, C=native code)
V  [jvm.dll+0x6d2449]
V  [jvm.dll+0x8ae341]
V  [jvm.dll+0x8b08be]
V  [jvm.dll+0x8b0fa3]
V  [jvm.dll+0x280c96]
V  [jvm.dll+0xc581d]
V  [jvm.dll+0xc5d53]
V  [jvm.dll+0x3b919c]
V  [jvm.dll+0x385315]
V  [jvm.dll+0x38477a]
V  [jvm.dll+0x248ed0]
V  [jvm.dll+0x2484af]
V  [jvm.dll+0x1c89ee]
V  [jvm.dll+0x257d4d]
V  [jvm.dll+0x2562ea]
V  [jvm.dll+0x3f2d16]
V  [jvm.dll+0x857e6b]
V  [jvm.dll+0x6d0b0d]
C  [ucrtbase.dll+0x21bb2]
C  [KERNEL32.DLL+0x17374]
C  [ntdll.dll+0x4cc91]


---------------  P R O C E S S  ---------------

Threads class SMR info:
_java_thread_list=0x000001a673073be0, length=34, elements={
0x000001a654f6e3f0, 0x000001a654e58ff0, 0x000001a654e5ae00, 0x000001a654e5d3a0,
0x000001a654e5e2b0, 0x000001a654e61e80, 0x000001a654e628d0, 0x000001a654e63700,
0x000001a654e95980, 0x000001a655035730, 0x000001a66c74bf00, 0x000001a67139d110,
0x000001a671291730, 0x000001a6712aeb00, 0x000001a66c6fbd80, 0x000001a67147ba20,
0x000001a66c51ea30, 0x000001a66c6e4400, 0x000001a66c796230, 0x000001a66c794e80,
0x000001a66c7947f0, 0x000001a66c793440, 0x000001a66c792db0, 0x000001a66c795510,
0x000001a66c793ad0, 0x000001a66c794160, 0x000001a66c795ba0, 0x000001a671dadcc0,
0x000001a671da8e00, 0x000001a671dae9e0, 0x000001a671dabbf0, 0x000001a6714b59d0,
0x000001a671dae350, 0x000001a671da7a50
}
_to_delete_list=0x000001a6730729e0, length=33, elements={
0x000001a654f6e3f0, 0x000001a654e58ff0, 0x000001a654e5ae00, 0x000001a654e5d3a0,
0x000001a654e5e2b0, 0x000001a654e61e80, 0x000001a654e628d0, 0x000001a654e63700,
0x000001a654e95980, 0x000001a655035730, 0x000001a66c74bf00, 0x000001a67139d110,
0x000001a671291730, 0x000001a6712aeb00, 0x000001a66c6fbd80, 0x000001a67147ba20,
0x000001a66c51ea30, 0x000001a66c6e4400, 0x000001a66c796230, 0x000001a66c794e80,
0x000001a66c7947f0, 0x000001a66c793440, 0x000001a66c792db0, 0x000001a66c795510,
0x000001a66c793ad0, 0x000001a66c794160, 0x000001a66c795ba0, 0x000001a671dadcc0,
0x000001a671da8e00, 0x000001a671dae9e0, 0x000001a671dabbf0, 0x000001a6714b59d0,
0x000001a671dae350
}

Java Threads: ( => current thread )
  0x000001a654f6e3f0 JavaThread "main"                              [_thread_blocked, id=10296, stack(0x0000001e55600000,0x0000001e55700000) (1024K)]
  0x000001a654e58ff0 JavaThread "Reference Handler"          daemon [_thread_blocked, id=12768, stack(0x0000001e55a00000,0x0000001e55b00000) (1024K)]
  0x000001a654e5ae00 JavaThread "Finalizer"                  daemon [_thread_blocked, id=6364, stack(0x0000001e55b00000,0x0000001e55c00000) (1024K)]
  0x000001a654e5d3a0 JavaThread "Signal Dispatcher"          daemon [_thread_blocked, id=3672, stack(0x0000001e55c00000,0x0000001e55d00000) (1024K)]
  0x000001a654e5e2b0 JavaThread "Attach Listener"            daemon [_thread_blocked, id=12612, stack(0x0000001e55d00000,0x0000001e55e00000) (1024K)]
  0x000001a654e61e80 JavaThread "Service Thread"             daemon [_thread_blocked, id=13716, stack(0x0000001e55e00000,0x0000001e55f00000) (1024K)]
  0x000001a654e628d0 JavaThread "Monitor Deflation Thread"   daemon [_thread_blocked, id=9048, stack(0x0000001e55f00000,0x0000001e56000000) (1024K)]
=>0x000001a654e63700 JavaThread "C2 CompilerThread0"         daemon [_thread_in_native, id=10320, stack(0x0000001e56000000,0x0000001e56100000) (1024K)]
  0x000001a654e95980 JavaThread "C1 CompilerThread0"         daemon [_thread_blocked, id=14300, stack(0x0000001e56100000,0x0000001e56200000) (1024K)]
  0x000001a655035730 JavaThread "Common-Cleaner"             daemon [_thread_blocked, id=10800, stack(0x0000001e56200000,0x0000001e56300000) (1024K)]
  0x000001a66c74bf00 JavaThread "Notification Thread"        daemon [_thread_blocked, id=11712, stack(0x0000001e56300000,0x0000001e56400000) (1024K)]
  0x000001a67139d110 JavaThread "Active Thread: Equinox Container: f917d1cd-93a9-4b40-b33e-3938838595b9"        [_thread_blocked, id=15036, stack(0x0000001e56700000,0x0000001e56800000) (1024K)]
  0x000001a671291730 JavaThread "Framework Event Dispatcher: Equinox Container: f917d1cd-93a9-4b40-b33e-3938838595b9" daemon [_thread_blocked, id=9384, stack(0x0000001e56800000,0x0000001e56900000) (1024K)]
  0x000001a6712aeb00 JavaThread "Start Level: Equinox Container: f917d1cd-93a9-4b40-b33e-3938838595b9" daemon [_thread_blocked, id=9440, stack(0x0000001e56900000,0x0000001e56a00000) (1024K)]
  0x000001a66c6fbd80 JavaThread "SCR Component Actor"        daemon [_thread_blocked, id=12572, stack(0x0000001e56a00000,0x0000001e56b00000) (1024K)]
  0x000001a67147ba20 JavaThread "Worker-JM"                         [_thread_blocked, id=13876, stack(0x0000001e56c00000,0x0000001e56d00000) (1024K)]
  0x000001a66c51ea30 JavaThread "JNA Cleaner"                daemon [_thread_blocked, id=248, stack(0x0000001e56d00000,0x0000001e56e00000) (1024K)]
  0x000001a66c6e4400 JavaThread "Worker-0"                          [_thread_blocked, id=16340, stack(0x0000001e56e00000,0x0000001e56f00000) (1024K)]
  0x000001a66c796230 JavaThread "Worker-1"                          [_thread_blocked, id=12984, stack(0x0000001e56f00000,0x0000001e57000000) (1024K)]
  0x000001a66c794e80 JavaThread "Worker-2"                          [_thread_blocked, id=1520, stack(0x0000001e57000000,0x0000001e57100000) (1024K)]
  0x000001a66c7947f0 JavaThread "Thread-2"                   daemon [_thread_in_native, id=15696, stack(0x0000001e57200000,0x0000001e57300000) (1024K)]
  0x000001a66c793440 JavaThread "Thread-3"                   daemon [_thread_in_native, id=2680, stack(0x0000001e57300000,0x0000001e57400000) (1024K)]
  0x000001a66c792db0 JavaThread "Thread-4"                   daemon [_thread_in_native, id=13216, stack(0x0000001e57400000,0x0000001e57500000) (1024K)]
  0x000001a66c795510 JavaThread "Thread-5"                   daemon [_thread_in_native, id=5972, stack(0x0000001e57500000,0x0000001e57600000) (1024K)]
  0x000001a66c793ad0 JavaThread "Thread-6"                   daemon [_thread_in_native, id=6664, stack(0x0000001e57600000,0x0000001e57700000) (1024K)]
  0x000001a66c794160 JavaThread "pool-2-thread-1"                   [_thread_blocked, id=2392, stack(0x0000001e57700000,0x0000001e57800000) (1024K)]
  0x000001a66c795ba0 JavaThread "WorkspaceEventsHandler"            [_thread_blocked, id=13756, stack(0x0000001e57100000,0x0000001e57200000) (1024K)]
  0x000001a671dadcc0 JavaThread "pool-1-thread-1"                   [_thread_blocked, id=9504, stack(0x0000001e57800000,0x0000001e57900000) (1024K)]
  0x000001a671da8e00 JavaThread "ForkJoinPool.commonPool-worker-1" daemon [_thread_in_vm, id=396, stack(0x0000001e57900000,0x0000001e57a00000) (1024K)]
  0x000001a671dae9e0 JavaThread "ForkJoinPool.commonPool-worker-2" daemon [_thread_in_native, id=13840, stack(0x0000001e57a00000,0x0000001e57b00000) (1024K)]
  0x000001a671dabbf0 JavaThread "Compiler Source File Reader" daemon [_thread_blocked, id=6648, stack(0x0000001e57c00000,0x0000001e57d00000) (1024K)]
  0x000001a6714b59d0 JavaThread "C2 CompilerThread1"         daemon [_thread_in_native, id=14644, stack(0x0000001e56b00000,0x0000001e56c00000) (1024K)]
  0x000001a671dae350 JavaThread "Compiler Processing Task"   daemon [_thread_blocked, id=9908, stack(0x0000001e57b00000,0x0000001e57c00000) (1024K)]
  0x000001a671da7a50 JavaThread "ForkJoinPool.commonPool-worker-3" daemon [_thread_blocked, id=2576, stack(0x0000001e57d00000,0x0000001e57e00000) (1024K)]
Total: 34

Other Threads:
  0x000001a654e3d390 VMThread "VM Thread"                           [id=8036, stack(0x0000001e55900000,0x0000001e55a00000) (1024K)]
  0x000001a655034320 WatcherThread "VM Periodic Task Thread"        [id=11392, stack(0x0000001e55800000,0x0000001e55900000) (1024K)]
  0x000001a654f8b310 WorkerThread "GC Thread#0"                     [id=7176, stack(0x0000001e55700000,0x0000001e55800000) (1024K)]
  0x000001a671205d90 WorkerThread "GC Thread#1"                     [id=15172, stack(0x0000001e56400000,0x0000001e56500000) (1024K)]
  0x000001a671206130 WorkerThread "GC Thread#2"                     [id=9412, stack(0x0000001e56500000,0x0000001e56600000) (1024K)]
  0x000001a671385010 WorkerThread "GC Thread#3"                     [id=15908, stack(0x0000001e56600000,0x0000001e56700000) (1024K)]
Total: 6

Threads with active compile tasks:
C2 CompilerThread0  19881 4919       4       org.lombokweb.asm.ClassReader::readMethod (1070 bytes)
C2 CompilerThread1  19881 4925       4       java.util.regex.Matcher::match (154 bytes)
Total: 2

VM state: not at safepoint (normal execution)

VM Mutex/Monitor currently owned by a thread: None

Heap address: 0x0000000080000000, size: 2048 MB, Compressed Oops mode: 32-bit

CDS archive(s) mapped at: [0x000001a600000000-0x000001a600ba0000-0x000001a600ba0000), size 12189696, SharedBaseAddress: 0x000001a600000000, ArchiveRelocationMode: 1.
Compressed class space mapped at: 0x000001a601000000-0x000001a641000000, reserved size: 1073741824
Narrow klass base: 0x000001a600000000, Narrow klass shift: 0, Narrow klass range: 0x100000000

GC Precious Log:
 CardTable entry size: 512
 CPUs: 4 total, 4 available
 Memory: 3970M
 Large Page Support: Disabled
 NUMA Support: Disabled
 Compressed Oops: Enabled (32-bit)
 Alignments: Space 512K, Generation 512K, Heap 2M
 Heap Min Capacity: 100M
 Heap Initial Capacity: 100M
 Heap Max Capacity: 2G
 Pre-touch: Disabled
 Parallel Workers: 4

Heap:
 PSYoungGen      total 21504K, used 3459K [0x00000000d5580000, 0x00000000d6c00000, 0x0000000100000000)
  eden space 20992K, 14% used [0x00000000d5580000,0x00000000d5868e30,0x00000000d6a00000)
  from space 512K, 93% used [0x00000000d6b80000,0x00000000d6bf8000,0x00000000d6c00000)
  to   space 1024K, 0% used [0x00000000d6a00000,0x00000000d6a00000,0x00000000d6b00000)
 ParOldGen       total 68608K, used 30025K [0x0000000080000000, 0x0000000084300000, 0x00000000d5580000)
  object space 68608K, 43% used [0x0000000080000000,0x0000000081d52598,0x0000000084300000)
 Metaspace       used 40451K, committed 41472K, reserved 1114112K
  class space    used 4084K, committed 4544K, reserved 1048576K

Card table byte_map: [0x000001a654920000,0x000001a654d30000] _byte_map_base: 0x000001a654520000

Marking Bits: (ParMarkBitMap*) 0x00007ffc359da340
 Begin Bits: [0x000001a667420000, 0x000001a669420000)
 End Bits:   [0x000001a669420000, 0x000001a66b420000)

Polling page: 0x000001a652df0000

Metaspace:

Usage:
  Non-class:     35.51 MB used.
      Class:      3.99 MB used.
       Both:     39.50 MB used.

Virtual space:
  Non-class space:       64.00 MB reserved,      36.06 MB ( 56%) committed,  1 nodes.
      Class space:        1.00 GB reserved,       4.44 MB ( <1%) committed,  1 nodes.
             Both:        1.06 GB reserved,      40.50 MB (  4%) committed. 

Chunk freelists:
   Non-Class:  11.77 MB
       Class:  11.61 MB
        Both:  23.38 MB

MaxMetaspaceSize: unlimited
CompressedClassSpaceSize: 1.00 GB
Initial GC threshold: 21.00 MB
Current GC threshold: 58.38 MB
CDS: on
 - commit_granule_bytes: 65536.
 - commit_granule_words: 8192.
 - virtual_space_node_default_size: 8388608.
 - enlarge_chunks_in_place: 1.
 - use_allocation_guard: 0.


Internal statistics:

num_allocs_failed_limit: 6.
num_arena_births: 850.
num_arena_deaths: 116.
num_vsnodes_births: 2.
num_vsnodes_deaths: 0.
num_space_committed: 648.
num_space_uncommitted: 0.
num_chunks_returned_to_freelist: 164.
num_chunks_taken_from_freelist: 2634.
num_chunk_merges: 58.
num_chunk_splits: 1606.
num_chunks_enlarged: 953.
num_inconsistent_stats: 0.

CodeHeap 'non-profiled nmethods': size=120000Kb used=2217Kb max_used=2217Kb free=117782Kb
 bounds [0x000001a65fc40000, 0x000001a65feb0000, 0x000001a667170000]
CodeHeap 'profiled nmethods': size=120000Kb used=9653Kb max_used=9653Kb free=110346Kb
 bounds [0x000001a658170000, 0x000001a658ae0000, 0x000001a65f6a0000]
CodeHeap 'non-nmethods': size=5760Kb used=1401Kb max_used=1469Kb free=4358Kb
 bounds [0x000001a65f6a0000, 0x000001a65f910000, 0x000001a65fc40000]
CodeCache: size=245760Kb, used=13271Kb, max_used=13339Kb, free=232486Kb
 total_blobs=5379, nmethods=4672, adapters=613, full_count=0
Compilation: enabled, stopped_count=0, restarted_count=0

Compilation events (20 events):
Event: 19.731 Thread 0x000001a654e95980 nmethod 5042 0x000001a6582d4390 code [0x000001a6582d4520, 0x000001a6582d4620]
Event: 19.733 Thread 0x000001a654e95980 5043       3       java.util.concurrent.locks.ReentrantReadWriteLock$Sync::tryReleaseShared (146 bytes)
Event: 19.734 Thread 0x000001a654e95980 nmethod 5043 0x000001a658277910 code [0x000001a658277b60, 0x000001a658278628]
Event: 19.747 Thread 0x000001a654e95980 5045       2       java.net.URI::getPath (31 bytes)
Event: 19.747 Thread 0x000001a654e95980 nmethod 5045 0x000001a658277410 code [0x000001a6582775c0, 0x000001a658277730]
Event: 19.750 Thread 0x000001a654e95980 5046       2       java.lang.AbstractStringBuilder::charAt (36 bytes)
Event: 19.750 Thread 0x000001a654e95980 nmethod 5046 0x000001a658aca910 code [0x000001a658acaac0, 0x000001a658acaca0]
Event: 19.750 Thread 0x000001a654e95980 5047       2       org.eclipse.core.internal.filesystem.local.LocalFile::toURI (23 bytes)
Event: 19.751 Thread 0x000001a654e95980 nmethod 5047 0x000001a658acae10 code [0x000001a658acafc0, 0x000001a658acb1b8]
Event: 19.751 Thread 0x000001a654e95980 5048       2       java.lang.StringBuilder::charAt (6 bytes)
Event: 19.751 Thread 0x000001a654e95980 nmethod 5048 0x000001a658acb310 code [0x000001a658acb4c0, 0x000001a658acb5e8]
Event: 19.751 Thread 0x000001a654e95980 5049       1       org.eclipse.core.internal.jobs.InternalJob::getStartTime (5 bytes)
Event: 19.751 Thread 0x000001a654e95980 nmethod 5049 0x000001a65fcc7610 code [0x000001a65fcc77a0, 0x000001a65fcc7870]
Event: 19.781 Thread 0x000001a654e95980 5050       2       java.lang.invoke.MemberName::equals (69 bytes)
Event: 19.781 Thread 0x000001a654e95980 nmethod 5050 0x000001a658acb690 code [0x000001a658acb880, 0x000001a658acbc18]
Event: 19.810 Thread 0x000001a654e95980 5051       2       org.eclipse.jdt.internal.compiler.parser.Scanner::areRestrictedModuleKeywordsActive (21 bytes)
Event: 19.810 Thread 0x000001a654e95980 nmethod 5051 0x000001a658acbe10 code [0x000001a658acbfc0, 0x000001a658acc118]
Event: 19.810 Thread 0x000001a654e95980 5052   !   2       org.eclipse.jdt.internal.compiler.parser.Scanner::$SWITCH_TABLE$org$eclipse$jdt$internal$compiler$parser$TerminalToken (2080 bytes)
Event: 19.818 Thread 0x000001a654e95980 nmethod 5052 0x000001a658acc190 code [0x000001a658acc6e0, 0x000001a658acf670]
Event: 19.821 Thread 0x000001a654e95980 5053       2       org.eclipse.jdt.internal.compiler.parser.Scanner::getNextToken (176 bytes)

GC Heap History (20 events):
Event: 16.367 GC heap before
{Heap before GC invocations=15 (full 1):
 PSYoungGen      total 23552K, used 23104K [0x00000000d5580000, 0x00000000d7000000, 0x0000000100000000)
  eden space 20992K, 100% used [0x00000000d5580000,0x00000000d6a00000,0x00000000d6a00000)
  from space 2560K, 82% used [0x00000000d6a00000,0x00000000d6c10000,0x00000000d6c80000)
  to   space 3072K, 0% used [0x00000000d6d00000,0x00000000d6d00000,0x00000000d7000000)
 ParOldGen       total 68608K, used 20217K [0x0000000080000000, 0x0000000084300000, 0x00000000d5580000)
  object space 68608K, 29% used [0x0000000080000000,0x00000000813be650,0x0000000084300000)
 Metaspace       used 32640K, committed 33664K, reserved 1114112K
  class space    used 3317K, committed 3776K, reserved 1048576K
}
Event: 16.374 GC heap after
{Heap after GC invocations=15 (full 1):
 PSYoungGen      total 23040K, used 1860K [0x00000000d5580000, 0x00000000d6f00000, 0x0000000100000000)
  eden space 20992K, 0% used [0x00000000d5580000,0x00000000d5580000,0x00000000d6a00000)
  from space 2048K, 90% used [0x00000000d6d00000,0x00000000d6ed1000,0x00000000d6f00000)
  to   space 2560K, 0% used [0x00000000d6a00000,0x00000000d6a00000,0x00000000d6c80000)
 ParOldGen       total 68608K, used 22256K [0x0000000080000000, 0x0000000084300000, 0x00000000d5580000)
  object space 68608K, 32% used [0x0000000080000000,0x00000000815bc000,0x0000000084300000)
 Metaspace       used 32640K, committed 33664K, reserved 1114112K
  class space    used 3317K, committed 3776K, reserved 1048576K
}
Event: 16.476 GC heap before
{Heap before GC invocations=16 (full 1):
 PSYoungGen      total 23040K, used 22852K [0x00000000d5580000, 0x00000000d6f00000, 0x0000000100000000)
  eden space 20992K, 100% used [0x00000000d5580000,0x00000000d6a00000,0x00000000d6a00000)
  from space 2048K, 90% used [0x00000000d6d00000,0x00000000d6ed1000,0x00000000d6f00000)
  to   space 2560K, 0% used [0x00000000d6a00000,0x00000000d6a00000,0x00000000d6c80000)
 ParOldGen       total 68608K, used 22256K [0x0000000080000000, 0x0000000084300000, 0x00000000d5580000)
  object space 68608K, 32% used [0x0000000080000000,0x00000000815bc000,0x0000000084300000)
 Metaspace       used 32691K, committed 33728K, reserved 1114112K
  class space    used 3319K, committed 3776K, reserved 1048576K
}
Event: 16.482 GC heap after
{Heap after GC invocations=16 (full 1):
 PSYoungGen      total 23552K, used 2112K [0x00000000d5580000, 0x00000000d6f00000, 0x0000000100000000)
  eden space 20992K, 0% used [0x00000000d5580000,0x00000000d5580000,0x00000000d6a00000)
  from space 2560K, 82% used [0x00000000d6a00000,0x00000000d6c10010,0x00000000d6c80000)
  to   space 2560K, 0% used [0x00000000d6c80000,0x00000000d6c80000,0x00000000d6f00000)
 ParOldGen       total 68608K, used 24080K [0x0000000080000000, 0x0000000084300000, 0x00000000d5580000)
  object space 68608K, 35% used [0x0000000080000000,0x0000000081784100,0x0000000084300000)
 Metaspace       used 32691K, committed 33728K, reserved 1114112K
  class space    used 3319K, committed 3776K, reserved 1048576K
}
Event: 16.581 GC heap before
{Heap before GC invocations=17 (full 1):
 PSYoungGen      total 23552K, used 23104K [0x00000000d5580000, 0x00000000d6f00000, 0x0000000100000000)
  eden space 20992K, 100% used [0x00000000d5580000,0x00000000d6a00000,0x00000000d6a00000)
  from space 2560K, 82% used [0x00000000d6a00000,0x00000000d6c10010,0x00000000d6c80000)
  to   space 2560K, 0% used [0x00000000d6c80000,0x00000000d6c80000,0x00000000d6f00000)
 ParOldGen       total 68608K, used 24080K [0x0000000080000000, 0x0000000084300000, 0x00000000d5580000)
  object space 68608K, 35% used [0x0000000080000000,0x0000000081784100,0x0000000084300000)
 Metaspace       used 32769K, committed 33792K, reserved 1114112K
  class space    used 3319K, committed 3776K, reserved 1048576K
}
Event: 16.588 GC heap after
{Heap after GC invocations=17 (full 1):
 PSYoungGen      total 23040K, used 1888K [0x00000000d5580000, 0x00000000d6e80000, 0x0000000100000000)
  eden space 20992K, 0% used [0x00000000d5580000,0x00000000d5580000,0x00000000d6a00000)
  from space 2048K, 92% used [0x00000000d6c80000,0x00000000d6e58000,0x00000000d6e80000)
  to   space 2048K, 0% used [0x00000000d6a80000,0x00000000d6a80000,0x00000000d6c80000)
 ParOldGen       total 68608K, used 26152K [0x0000000080000000, 0x0000000084300000, 0x00000000d5580000)
  object space 68608K, 38% used [0x0000000080000000,0x000000008198a110,0x0000000084300000)
 Metaspace       used 32769K, committed 33792K, reserved 1114112K
  class space    used 3319K, committed 3776K, reserved 1048576K
}
Event: 16.984 GC heap before
{Heap before GC invocations=18 (full 1):
 PSYoungGen      total 23040K, used 22880K [0x00000000d5580000, 0x00000000d6e80000, 0x0000000100000000)
  eden space 20992K, 100% used [0x00000000d5580000,0x00000000d6a00000,0x00000000d6a00000)
  from space 2048K, 92% used [0x00000000d6c80000,0x00000000d6e58000,0x00000000d6e80000)
  to   space 2048K, 0% used [0x00000000d6a80000,0x00000000d6a80000,0x00000000d6c80000)
 ParOldGen       total 68608K, used 26152K [0x0000000080000000, 0x0000000084300000, 0x00000000d5580000)
  object space 68608K, 38% used [0x0000000080000000,0x000000008198a110,0x0000000084300000)
 Metaspace       used 33459K, committed 34496K, reserved 1114112K
  class space    used 3381K, committed 3840K, reserved 1048576K
}
Event: 16.990 GC heap after
{Heap after GC invocations=18 (full 1):
 PSYoungGen      total 23040K, used 1798K [0x00000000d5580000, 0x00000000d6e00000, 0x0000000100000000)
  eden space 20992K, 0% used [0x00000000d5580000,0x00000000d5580000,0x00000000d6a00000)
  from space 2048K, 87% used [0x00000000d6a80000,0x00000000d6c41a60,0x00000000d6c80000)
  to   space 1536K, 0% used [0x00000000d6c80000,0x00000000d6c80000,0x00000000d6e00000)
 ParOldGen       total 68608K, used 27976K [0x0000000080000000, 0x0000000084300000, 0x00000000d5580000)
  object space 68608K, 40% used [0x0000000080000000,0x0000000081b52310,0x0000000084300000)
 Metaspace       used 33459K, committed 34496K, reserved 1114112K
  class space    used 3381K, committed 3840K, reserved 1048576K
}
Event: 17.094 GC heap before
{Heap before GC invocations=19 (full 1):
 PSYoungGen      total 23040K, used 9112K [0x00000000d5580000, 0x00000000d6e00000, 0x0000000100000000)
  eden space 20992K, 34% used [0x00000000d5580000,0x00000000d5ca4600,0x00000000d6a00000)
  from space 2048K, 87% used [0x00000000d6a80000,0x00000000d6c41a60,0x00000000d6c80000)
  to   space 1536K, 0% used [0x00000000d6c80000,0x00000000d6c80000,0x00000000d6e00000)
 ParOldGen       total 68608K, used 27976K [0x0000000080000000, 0x0000000084300000, 0x00000000d5580000)
  object space 68608K, 40% used [0x0000000080000000,0x0000000081b52310,0x0000000084300000)
 Metaspace       used 34874K, committed 35840K, reserved 1114112K
  class space    used 3531K, committed 3968K, reserved 1048576K
}
Event: 17.098 GC heap after
{Heap after GC invocations=19 (full 1):
 PSYoungGen      total 21504K, used 336K [0x00000000d5580000, 0x00000000d6d00000, 0x0000000100000000)
  eden space 20992K, 0% used [0x00000000d5580000,0x00000000d5580000,0x00000000d6a00000)
  from space 512K, 65% used [0x00000000d6c80000,0x00000000d6cd4260,0x00000000d6d00000)
  to   space 1024K, 0% used [0x00000000d6b00000,0x00000000d6b00000,0x00000000d6c00000)
 ParOldGen       total 68608K, used 29634K [0x0000000080000000, 0x0000000084300000, 0x00000000d5580000)
  object space 68608K, 43% used [0x0000000080000000,0x0000000081cf0848,0x0000000084300000)
 Metaspace       used 34874K, committed 35840K, reserved 1114112K
  class space    used 3531K, committed 3968K, reserved 1048576K
}
Event: 17.098 GC heap before
{Heap before GC invocations=20 (full 2):
 PSYoungGen      total 21504K, used 336K [0x00000000d5580000, 0x00000000d6d00000, 0x0000000100000000)
  eden space 20992K, 0% used [0x00000000d5580000,0x00000000d5580000,0x00000000d6a00000)
  from space 512K, 65% used [0x00000000d6c80000,0x00000000d6cd4260,0x00000000d6d00000)
  to   space 1024K, 0% used [0x00000000d6b00000,0x00000000d6b00000,0x00000000d6c00000)
 ParOldGen       total 68608K, used 29634K [0x0000000080000000, 0x0000000084300000, 0x00000000d5580000)
  object space 68608K, 43% used [0x0000000080000000,0x0000000081cf0848,0x0000000084300000)
 Metaspace       used 34874K, committed 35840K, reserved 1114112K
  class space    used 3531K, committed 3968K, reserved 1048576K
}
Event: 17.189 GC heap after
{Heap after GC invocations=20 (full 2):
 PSYoungGen      total 21504K, used 0K [0x00000000d5580000, 0x00000000d6d00000, 0x0000000100000000)
  eden space 20992K, 0% used [0x00000000d5580000,0x00000000d5580000,0x00000000d6a00000)
  from space 512K, 0% used [0x00000000d6c80000,0x00000000d6c80000,0x00000000d6d00000)
  to   space 1024K, 0% used [0x00000000d6b00000,0x00000000d6b00000,0x00000000d6c00000)
 ParOldGen       total 68608K, used 28128K [0x0000000080000000, 0x0000000084300000, 0x00000000d5580000)
  object space 68608K, 40% used [0x0000000080000000,0x0000000081b78168,0x0000000084300000)
 Metaspace       used 34784K, committed 35840K, reserved 1114112K
  class space    used 3506K, committed 3968K, reserved 1048576K
}
Event: 17.789 GC heap before
{Heap before GC invocations=21 (full 2):
 PSYoungGen      total 21504K, used 20941K [0x00000000d5580000, 0x00000000d6d00000, 0x0000000100000000)
  eden space 20992K, 99% used [0x00000000d5580000,0x00000000d69f34d8,0x00000000d6a00000)
  from space 512K, 0% used [0x00000000d6c80000,0x00000000d6c80000,0x00000000d6d00000)
  to   space 1024K, 0% used [0x00000000d6b00000,0x00000000d6b00000,0x00000000d6c00000)
 ParOldGen       total 68608K, used 28128K [0x0000000080000000, 0x0000000084300000, 0x00000000d5580000)
  object space 68608K, 40% used [0x0000000080000000,0x0000000081b78168,0x0000000084300000)
 Metaspace       used 36135K, committed 37056K, reserved 1114112K
  class space    used 3681K, committed 4096K, reserved 1048576K
}
Event: 17.790 GC heap after
{Heap after GC invocations=21 (full 2):
 PSYoungGen      total 22016K, used 546K [0x00000000d5580000, 0x00000000d6d00000, 0x0000000100000000)
  eden space 20992K, 0% used [0x00000000d5580000,0x00000000d5580000,0x00000000d6a00000)
  from space 1024K, 53% used [0x00000000d6b00000,0x00000000d6b88890,0x00000000d6c00000)
  to   space 1024K, 0% used [0x00000000d6c00000,0x00000000d6c00000,0x00000000d6d00000)
 ParOldGen       total 68608K, used 28136K [0x0000000080000000, 0x0000000084300000, 0x00000000d5580000)
  object space 68608K, 41% used [0x0000000080000000,0x0000000081b7a168,0x0000000084300000)
 Metaspace       used 36135K, committed 37056K, reserved 1114112K
  class space    used 3681K, committed 4096K, reserved 1048576K
}
Event: 18.763 GC heap before
{Heap before GC invocations=22 (full 2):
 PSYoungGen      total 22016K, used 21538K [0x00000000d5580000, 0x00000000d6d00000, 0x0000000100000000)
  eden space 20992K, 100% used [0x00000000d5580000,0x00000000d6a00000,0x00000000d6a00000)
  from space 1024K, 53% used [0x00000000d6b00000,0x00000000d6b88890,0x00000000d6c00000)
  to   space 1024K, 0% used [0x00000000d6c00000,0x00000000d6c00000,0x00000000d6d00000)
 ParOldGen       total 68608K, used 28136K [0x0000000080000000, 0x0000000084300000, 0x00000000d5580000)
  object space 68608K, 41% used [0x0000000080000000,0x0000000081b7a168,0x0000000084300000)
 Metaspace       used 37723K, committed 38720K, reserved 1114112K
  class space    used 3847K, committed 4288K, reserved 1048576K
}
Event: 18.767 GC heap after
{Heap after GC invocations=22 (full 2):
 PSYoungGen      total 22016K, used 1014K [0x00000000d5580000, 0x00000000d6e00000, 0x0000000100000000)
  eden space 20992K, 0% used [0x00000000d5580000,0x00000000d5580000,0x00000000d6a00000)
  from space 1024K, 99% used [0x00000000d6c00000,0x00000000d6cfdb90,0x00000000d6d00000)
  to   space 2048K, 0% used [0x00000000d6a00000,0x00000000d6a00000,0x00000000d6c00000)
 ParOldGen       total 68608K, used 28852K [0x0000000080000000, 0x0000000084300000, 0x00000000d5580000)
  object space 68608K, 42% used [0x0000000080000000,0x0000000081c2d228,0x0000000084300000)
 Metaspace       used 37723K, committed 38720K, reserved 1114112K
  class space    used 3847K, committed 4288K, reserved 1048576K
}
Event: 19.031 GC heap before
{Heap before GC invocations=23 (full 2):
 PSYoungGen      total 22016K, used 21888K [0x00000000d5580000, 0x00000000d6e00000, 0x0000000100000000)
  eden space 20992K, 99% used [0x00000000d5580000,0x00000000d69e2530,0x00000000d6a00000)
  from space 1024K, 99% used [0x00000000d6c00000,0x00000000d6cfdb90,0x00000000d6d00000)
  to   space 2048K, 0% used [0x00000000d6a00000,0x00000000d6a00000,0x00000000d6c00000)
 ParOldGen       total 68608K, used 28852K [0x0000000080000000, 0x0000000084300000, 0x00000000d5580000)
  object space 68608K, 42% used [0x0000000080000000,0x0000000081c2d228,0x0000000084300000)
 Metaspace       used 37750K, committed 38720K, reserved 1114112K
  class space    used 3847K, committed 4288K, reserved 1048576K
}
Event: 19.033 GC heap after
{Heap after GC invocations=23 (full 2):
 PSYoungGen      total 22528K, used 1289K [0x00000000d5580000, 0x00000000d6d00000, 0x0000000100000000)
  eden space 20992K, 0% used [0x00000000d5580000,0x00000000d5580000,0x00000000d6a00000)
  from space 1536K, 83% used [0x00000000d6a00000,0x00000000d6b42530,0x00000000d6b80000)
  to   space 1536K, 0% used [0x00000000d6b80000,0x00000000d6b80000,0x00000000d6d00000)
 ParOldGen       total 68608K, used 29649K [0x0000000080000000, 0x0000000084300000, 0x00000000d5580000)
  object space 68608K, 43% used [0x0000000080000000,0x0000000081cf4598,0x0000000084300000)
 Metaspace       used 37750K, committed 38720K, reserved 1114112K
  class space    used 3847K, committed 4288K, reserved 1048576K
}
Event: 19.738 GC heap before
{Heap before GC invocations=24 (full 2):
 PSYoungGen      total 22528K, used 22281K [0x00000000d5580000, 0x00000000d6d00000, 0x0000000100000000)
  eden space 20992K, 100% used [0x00000000d5580000,0x00000000d6a00000,0x00000000d6a00000)
  from space 1536K, 83% used [0x00000000d6a00000,0x00000000d6b42530,0x00000000d6b80000)
  to   space 1536K, 0% used [0x00000000d6b80000,0x00000000d6b80000,0x00000000d6d00000)
 ParOldGen       total 68608K, used 29649K [0x0000000080000000, 0x0000000084300000, 0x00000000d5580000)
  object space 68608K, 43% used [0x0000000080000000,0x0000000081cf4598,0x0000000084300000)
 Metaspace       used 39865K, committed 40832K, reserved 1114112K
  class space    used 4056K, committed 4480K, reserved 1048576K
}
Event: 19.743 GC heap after
{Heap after GC invocations=24 (full 2):
 PSYoungGen      total 21504K, used 480K [0x00000000d5580000, 0x00000000d6c00000, 0x0000000100000000)
  eden space 20992K, 0% used [0x00000000d5580000,0x00000000d5580000,0x00000000d6a00000)
  from space 512K, 93% used [0x00000000d6b80000,0x00000000d6bf8000,0x00000000d6c00000)
  to   space 1024K, 0% used [0x00000000d6a00000,0x00000000d6a00000,0x00000000d6b00000)
 ParOldGen       total 68608K, used 30025K [0x0000000080000000, 0x0000000084300000, 0x00000000d5580000)
  object space 68608K, 43% used [0x0000000080000000,0x0000000081d52598,0x0000000084300000)
 Metaspace       used 39865K, committed 40832K, reserved 1114112K
  class space    used 4056K, committed 4480K, reserved 1048576K
}

Dll operation events (10 events):
Event: 0.035 Loaded shared library c:\Users\Lenovo\.vscode\extensions\redhat.java-1.45.0-win32-x64\jre\21.0.8-win32-x86_64\bin\java.dll
Event: 0.396 Loaded shared library c:\Users\Lenovo\.vscode\extensions\redhat.java-1.45.0-win32-x64\jre\21.0.8-win32-x86_64\bin\zip.dll
Event: 0.672 Loaded shared library C:\Users\Lenovo\.vscode\extensions\redhat.java-1.45.0-win32-x64\jre\21.0.8-win32-x86_64\bin\instrument.dll
Event: 0.714 Loaded shared library C:\Users\Lenovo\.vscode\extensions\redhat.java-1.45.0-win32-x64\jre\21.0.8-win32-x86_64\bin\net.dll
Event: 0.725 Loaded shared library C:\Users\Lenovo\.vscode\extensions\redhat.java-1.45.0-win32-x64\jre\21.0.8-win32-x86_64\bin\nio.dll
Event: 0.733 Loaded shared library C:\Users\Lenovo\.vscode\extensions\redhat.java-1.45.0-win32-x64\jre\21.0.8-win32-x86_64\bin\zip.dll
Event: 0.899 Loaded shared library C:\Users\Lenovo\.vscode\extensions\redhat.java-1.45.0-win32-x64\jre\21.0.8-win32-x86_64\bin\jimage.dll
Event: 1.210 Loaded shared library c:\Users\Lenovo\.vscode\extensions\redhat.java-1.45.0-win32-x64\jre\21.0.8-win32-x86_64\bin\verify.dll
Event: 9.333 Loaded shared library C:\Users\Lenovo\AppData\Roaming\Code\User\globalStorage\redhat.java\1.45.0\config_ss_win\org.eclipse.equinox.launcher\org.eclipse.equinox.launcher.win32.win32.x86_64_1.2.1400.v20250801-0854\eclipse_11916.dll
Event: 12.231 Loaded shared library C:\Users\Lenovo\AppData\Local\Temp\jna--2022488749\jna3311441001419467677.dll

Deoptimization events (20 events):
Event: 18.814 Thread 0x000001a671dadcc0 DEOPT PACKING pc=0x000001a65fd9de28 sp=0x0000001e578f99d0
Event: 18.814 Thread 0x000001a671dadcc0 DEOPT UNPACKING pc=0x000001a65f6f3aa2 sp=0x0000001e578f9938 mode 2
Event: 18.814 Thread 0x000001a671dadcc0 Uncommon trap: trap_request=0xffffffde fr.pc=0x000001a65fd9de28 relative=0x0000000000006dc8
Event: 18.814 Thread 0x000001a671dadcc0 Uncommon trap: reason=class_check action=maybe_recompile pc=0x000001a65fd9de28 method=lombok.patcher.PatchScript$MethodPatcher.visitMethod(ILjava/lang/String;Ljava/lang/String;Ljava/lang/String;[Ljava/lang/String;)Lorg/lombokweb/asm/MethodVisitor; @ 101 c
Event: 18.814 Thread 0x000001a671dadcc0 DEOPT PACKING pc=0x000001a65fd9de28 sp=0x0000001e578f99d0
Event: 18.814 Thread 0x000001a671dadcc0 DEOPT UNPACKING pc=0x000001a65f6f3aa2 sp=0x0000001e578f9938 mode 2
Event: 19.020 Thread 0x000001a671dadcc0 DEOPT PACKING pc=0x000001a65866b372 sp=0x0000001e578f98d0
Event: 19.020 Thread 0x000001a671dadcc0 DEOPT UNPACKING pc=0x000001a65f6f4242 sp=0x0000001e578f8dd0 mode 0
Event: 19.379 Thread 0x000001a671dae350 Uncommon trap: trap_request=0xffffff45 fr.pc=0x000001a65fd166bc relative=0x000000000000009c
Event: 19.379 Thread 0x000001a671dae350 Uncommon trap: reason=unstable_if action=reinterpret pc=0x000001a65fd166bc method=java.util.Hashtable$Enumerator.nextElement()Ljava/lang/Object; @ 87 c2
Event: 19.379 Thread 0x000001a671dae350 DEOPT PACKING pc=0x000001a65fd166bc sp=0x0000001e57bfee40
Event: 19.379 Thread 0x000001a671dae350 DEOPT UNPACKING pc=0x000001a65f6f3aa2 sp=0x0000001e57bfedc0 mode 2
Event: 19.408 Thread 0x000001a66c6e4400 Uncommon trap: trap_request=0xffffff45 fr.pc=0x000001a65fdf5708 relative=0x0000000000001288
Event: 19.408 Thread 0x000001a66c6e4400 Uncommon trap: reason=unstable_if action=reinterpret pc=0x000001a65fdf5708 method=org.eclipse.jdt.internal.core.util.Util.splitOn(CLjava/lang/String;II)[Ljava/lang/String; @ 16 c2
Event: 19.408 Thread 0x000001a66c6e4400 DEOPT PACKING pc=0x000001a65fdf5708 sp=0x0000001e56efdbf0
Event: 19.408 Thread 0x000001a66c6e4400 DEOPT UNPACKING pc=0x000001a65f6f3aa2 sp=0x0000001e56efdbe0 mode 2
Event: 19.452 Thread 0x000001a671dadcc0 Uncommon trap: trap_request=0xffffffc6 fr.pc=0x000001a65fdfd500 relative=0x00000000000000c0
Event: 19.452 Thread 0x000001a671dadcc0 Uncommon trap: reason=bimorphic_or_optimized_type_check action=maybe_recompile pc=0x000001a65fdfd500 method=java.util.stream.Sink$ChainedReference.cancellationRequested()Z @ 4 c2
Event: 19.452 Thread 0x000001a671dadcc0 DEOPT PACKING pc=0x000001a65fdfd500 sp=0x0000001e578fe200
Event: 19.452 Thread 0x000001a671dadcc0 DEOPT UNPACKING pc=0x000001a65f6f3aa2 sp=0x0000001e578fe130 mode 2

Classes loaded (20 events):
Event: 17.005 Loading class java/lang/ExceptionInInitializerError
Event: 17.006 Loading class java/lang/ExceptionInInitializerError done
Event: 17.276 Loading class sun/misc/Unsafe
Event: 17.277 Loading class sun/misc/Unsafe done
Event: 17.626 Loading class java/util/Vector$1
Event: 17.627 Loading class java/util/Vector$1 done
Event: 18.045 Loading class java/util/regex/Pattern$Caret
Event: 18.045 Loading class java/util/regex/Pattern$Caret done
Event: 18.292 Loading class java/util/stream/ReduceOps$4
Event: 18.297 Loading class java/util/stream/ReduceOps$4 done
Event: 18.297 Loading class java/util/stream/ReduceOps$4ReducingSink
Event: 18.297 Loading class java/util/stream/ReduceOps$4ReducingSink done
Event: 18.324 Loading class java/nio/file/Files$2
Event: 18.325 Loading class java/nio/file/Files$2 done
Event: 19.105 Loading class java/util/concurrent/ArrayBlockingQueue
Event: 19.106 Loading class java/util/concurrent/ArrayBlockingQueue done
Event: 19.316 Loading class java/util/Hashtable$ValueCollection
Event: 19.317 Loading class java/util/Hashtable$ValueCollection done
Event: 19.428 Loading class java/util/function/UnaryOperator
Event: 19.428 Loading class java/util/function/UnaryOperator done

Classes unloaded (20 events):
Event: 17.117 Thread 0x000001a654e3d390 Unloading class 0x000001a60138c000 'java/lang/invoke/LambdaForm$MH+0x000001a60138c000'
Event: 17.117 Thread 0x000001a654e3d390 Unloading class 0x000001a60138b800 'java/lang/invoke/LambdaForm$MH+0x000001a60138b800'
Event: 17.117 Thread 0x000001a654e3d390 Unloading class 0x000001a60138b400 'java/lang/invoke/LambdaForm$MH+0x000001a60138b400'
Event: 17.117 Thread 0x000001a654e3d390 Unloading class 0x000001a60138b000 'java/lang/invoke/LambdaForm$MH+0x000001a60138b000'
Event: 17.117 Thread 0x000001a654e3d390 Unloading class 0x000001a60138a800 'java/lang/invoke/LambdaForm$MH+0x000001a60138a800'
Event: 17.117 Thread 0x000001a654e3d390 Unloading class 0x000001a60138a400 'java/lang/invoke/LambdaForm$MH+0x000001a60138a400'
Event: 17.117 Thread 0x000001a654e3d390 Unloading class 0x000001a60138a000 'java/lang/invoke/LambdaForm$MH+0x000001a60138a000'
Event: 17.117 Thread 0x000001a654e3d390 Unloading class 0x000001a601389800 'java/lang/invoke/LambdaForm$MH+0x000001a601389800'
Event: 17.117 Thread 0x000001a654e3d390 Unloading class 0x000001a601389400 'java/lang/invoke/LambdaForm$MH+0x000001a601389400'
Event: 17.117 Thread 0x000001a654e3d390 Unloading class 0x000001a601389000 'java/lang/invoke/LambdaForm$MH+0x000001a601389000'
Event: 17.117 Thread 0x000001a654e3d390 Unloading class 0x000001a601388800 'java/lang/invoke/LambdaForm$MH+0x000001a601388800'
Event: 17.117 Thread 0x000001a654e3d390 Unloading class 0x000001a601388000 'java/lang/invoke/LambdaForm$MH+0x000001a601388000'
Event: 17.117 Thread 0x000001a654e3d390 Unloading class 0x000001a601388400 'java/lang/invoke/LambdaForm$MH+0x000001a601388400'
Event: 17.117 Thread 0x000001a654e3d390 Unloading class 0x000001a601383800 'java/lang/invoke/LambdaForm$MH+0x000001a601383800'
Event: 17.117 Thread 0x000001a654e3d390 Unloading class 0x000001a601383400 'java/lang/invoke/LambdaForm$MH+0x000001a601383400'
Event: 17.117 Thread 0x000001a654e3d390 Unloading class 0x000001a601383000 'java/lang/invoke/LambdaForm$MH+0x000001a601383000'
Event: 17.117 Thread 0x000001a654e3d390 Unloading class 0x000001a601382800 'java/lang/invoke/LambdaForm$MH+0x000001a601382800'
Event: 17.117 Thread 0x000001a654e3d390 Unloading class 0x000001a601382400 'java/lang/invoke/LambdaForm$DMH+0x000001a601382400'
Event: 17.117 Thread 0x000001a654e3d390 Unloading class 0x000001a601382000 'java/lang/invoke/LambdaForm$DMH+0x000001a601382000'
Event: 17.117 Thread 0x000001a654e3d390 Unloading class 0x000001a601381c00 'java/lang/invoke/LambdaForm$DMH+0x000001a601381c00'

Classes redefined (0 events):
No events

Internal exceptions (20 events):
Event: 15.661 Thread 0x000001a671dae9e0 Exception <a 'java/lang/NoSuchMethodError'{0x00000000d68b4348}: 'int java.lang.invoke.DirectMethodHandle$Holder.invokeStaticInit(java.lang.Object, double, double)'> (0x00000000d68b4348) 
thrown [s\src\hotspot\share\interpreter\linkResolver.cpp, line 773]
Event: 15.662 Thread 0x000001a671dae9e0 Exception <a 'java/lang/NoSuchMethodError'{0x00000000d68b8de0}: 'int java.lang.invoke.DirectMethodHandle$Holder.invokeStatic(java.lang.Object, long)'> (0x00000000d68b8de0) 
thrown [s\src\hotspot\share\interpreter\linkResolver.cpp, line 773]
Event: 15.666 Thread 0x000001a66c6e4400 Exception <a 'java/lang/NoSuchMethodError'{0x00000000d687b788}: 'int java.lang.invoke.DirectMethodHandle$Holder.invokeSpecial(java.lang.Object, java.lang.Object, int, int)'> (0x00000000d687b788) 
thrown [s\src\hotspot\share\interpreter\linkResolver.cpp, line 773]
Event: 15.666 Thread 0x000001a66c6e4400 Exception <a 'java/lang/NoSuchMethodError'{0x00000000d68f6bd8}: 'int java.lang.invoke.Invokers$Holder.linkToTargetMethod(java.lang.Object, java.lang.Object)'> (0x00000000d68f6bd8) 
thrown [s\src\hotspot\share\interpreter\linkResolver.cpp, line 773]
Event: 15.973 Thread 0x000001a671da8e00 Exception <a 'java/lang/NoSuchMethodError'{0x00000000d5ed6988}: 'int java.lang.invoke.DirectMethodHandle$Holder.invokeSpecial(java.lang.Object, java.lang.Object, java.lang.Object, java.lang.Object)'> (0x00000000d5ed6988) 
thrown [s\src\hotspot\share\interpreter\linkResolver.cpp, line 773]
Event: 15.973 Thread 0x000001a671dadcc0 Exception <a 'java/lang/NoSuchMethodError'{0x00000000d5ede480}: 'int java.lang.invoke.DirectMethodHandle$Holder.invokeSpecial(java.lang.Object, java.lang.Object, java.lang.Object, java.lang.Object)'> (0x00000000d5ede480) 
thrown [s\src\hotspot\share\interpreter\linkResolver.cpp, line 773]
Event: 15.973 Thread 0x000001a671dae9e0 Exception <a 'java/lang/NoSuchMethodError'{0x00000000d5ebb638}: 'int java.lang.invoke.DirectMethodHandle$Holder.invokeSpecial(java.lang.Object, java.lang.Object, java.lang.Object, java.lang.Object)'> (0x00000000d5ebb638) 
thrown [s\src\hotspot\share\interpreter\linkResolver.cpp, line 773]
Event: 15.979 Thread 0x000001a671dadcc0 Exception <a 'java/lang/NoSuchMethodError'{0x00000000d5eeb628}: 'java.lang.Object java.lang.invoke.DirectMethodHandle$Holder.invokeStatic(java.lang.Object, int, java.lang.Object, java.lang.Object)'> (0x00000000d5eeb628) 
thrown [s\src\hotspot\share\interpreter\linkResolver.cpp, line 773]
Event: 15.979 Thread 0x000001a671da8e00 Exception <a 'java/lang/NoSuchMethodError'{0x00000000d5f01730}: 'java.lang.Object java.lang.invoke.DirectMethodHandle$Holder.invokeStatic(java.lang.Object, int, java.lang.Object, java.lang.Object)'> (0x00000000d5f01730) 
thrown [s\src\hotspot\share\interpreter\linkResolver.cpp, line 773]
Event: 15.980 Thread 0x000001a671dae9e0 Exception <a 'java/lang/NoSuchMethodError'{0x00000000d5ec7d10}: 'java.lang.Object java.lang.invoke.DirectMethodHandle$Holder.invokeStatic(java.lang.Object, int, java.lang.Object, java.lang.Object)'> (0x00000000d5ec7d10) 
thrown [s\src\hotspot\share\interpreter\linkResolver.cpp, line 773]
Event: 15.981 Thread 0x000001a671dadcc0 Exception <a 'java/lang/NoSuchMethodError'{0x00000000d5eef0d8}: 'java.lang.Object java.lang.invoke.DelegatingMethodHandle$Holder.delegate(java.lang.Object, int, java.lang.Object, java.lang.Object)'> (0x00000000d5eef0d8) 
thrown [s\src\hotspot\share\interpreter\linkResolver.cpp, line 773]
Event: 15.981 Thread 0x000001a671da8e00 Exception <a 'java/lang/NoSuchMethodError'{0x00000000d5f04d28}: 'java.lang.Object java.lang.invoke.DelegatingMethodHandle$Holder.delegate(java.lang.Object, int, java.lang.Object, java.lang.Object)'> (0x00000000d5f04d28) 
thrown [s\src\hotspot\share\interpreter\linkResolver.cpp, line 773]
Event: 15.981 Thread 0x000001a671dae9e0 Exception <a 'java/lang/NoSuchMethodError'{0x00000000d5ecb308}: 'java.lang.Object java.lang.invoke.DelegatingMethodHandle$Holder.delegate(java.lang.Object, int, java.lang.Object, java.lang.Object)'> (0x00000000d5ecb308) 
thrown [s\src\hotspot\share\interpreter\linkResolver.cpp, line 773]
Event: 15.987 Thread 0x000001a671dadcc0 Exception <a 'java/lang/NoSuchMethodError'{0x00000000d5f1ba20}: 'int java.lang.invoke.Invokers$Holder.linkToTargetMethod(java.lang.Object, java.lang.Object, java.lang.Object)'> (0x00000000d5f1ba20) 
thrown [s\src\hotspot\share\interpreter\linkResolver.cpp, line 773]
Event: 15.987 Thread 0x000001a671dae9e0 Exception <a 'java/lang/NoSuchMethodError'{0x00000000d5f2e3f0}: 'int java.lang.invoke.Invokers$Holder.linkToTargetMethod(java.lang.Object, java.lang.Object, java.lang.Object)'> (0x00000000d5f2e3f0) 
thrown [s\src\hotspot\share\interpreter\linkResolver.cpp, line 773]
Event: 15.987 Thread 0x000001a671da8e00 Exception <a 'java/lang/NoSuchMethodError'{0x00000000d5f08d80}: 'int java.lang.invoke.Invokers$Holder.linkToTargetMethod(java.lang.Object, java.lang.Object, java.lang.Object)'> (0x00000000d5f08d80) 
thrown [s\src\hotspot\share\interpreter\linkResolver.cpp, line 773]
Event: 17.363 Thread 0x000001a66c6e4400 Exception <a 'java/lang/LinkageError'{0x00000000d59e2b88}: loader lombok.launch.ShadowClassLoader @43d61c65 attempted duplicate class definition for lombok.launch.PatchFixesHider$Transform. (lombok.launch.PatchFixesHider$Transform is in unnamed module of loader lombok.launch.ShadowClassLoader @43d61c65, parent loader org.eclipse.osgi.internal.loader.EquinoxClassLoader @29c300d)> (0x00000000d59e2b88) 
thrown [s\src\hotspot\share\classfile\systemDictionary.cpp, line 1682]
Event: 19.467 Thread 0x000001a671dadcc0 Exception <a 'java/lang/IncompatibleClassChangeError'{0x00000000d6941f08}: Found class java.lang.Object, but interface was expected> (0x00000000d6941f08) 
thrown [s\src\hotspot\share\interpreter\linkResolver.cpp, line 840]
Event: 19.473 Thread 0x000001a671dadcc0 Exception <a 'java/lang/IncompatibleClassChangeError'{0x00000000d6951640}: Found class java.lang.Object, but interface was expected> (0x00000000d6951640) 
thrown [s\src\hotspot\share\interpreter\linkResolver.cpp, line 840]
Event: 19.728 Thread 0x000001a66c796230 Exception <a 'java/lang/NoSuchMethodError'{0x00000000d69dee88}: 'java.lang.Object java.lang.invoke.DirectMethodHandle$Holder.invokeSpecial(java.lang.Object, java.lang.Object, int, long)'> (0x00000000d69dee88) 
thrown [s\src\hotspot\share\interpreter\linkResolver.cpp, line 773]

ZGC Phase Switch (0 events):
No events

VM Operations (20 events):
Event: 16.759 Executing VM operation: HandshakeAllThreads (Deoptimize)
Event: 16.760 Executing VM operation: HandshakeAllThreads (Deoptimize) done
Event: 16.984 Executing VM operation: ParallelGCFailedAllocation (Allocation Failure)
Event: 16.990 Executing VM operation: ParallelGCFailedAllocation (Allocation Failure) done
Event: 16.996 Executing VM operation: HandshakeAllThreads (Deoptimize)
Event: 17.000 Executing VM operation: HandshakeAllThreads (Deoptimize) done
Event: 17.094 Executing VM operation: CollectForMetadataAllocation (Metadata GC Threshold)
Event: 17.189 Executing VM operation: CollectForMetadataAllocation (Metadata GC Threshold) done
Event: 17.292 Executing VM operation: HandshakeAllThreads (Deoptimize)
Event: 17.292 Executing VM operation: HandshakeAllThreads (Deoptimize) done
Event: 17.788 Executing VM operation: ParallelGCFailedAllocation (Allocation Failure)
Event: 17.790 Executing VM operation: ParallelGCFailedAllocation (Allocation Failure) done
Event: 18.762 Executing VM operation: ParallelGCFailedAllocation (Allocation Failure)
Event: 18.767 Executing VM operation: ParallelGCFailedAllocation (Allocation Failure) done
Event: 19.031 Executing VM operation: ParallelGCFailedAllocation (Allocation Failure)
Event: 19.033 Executing VM operation: ParallelGCFailedAllocation (Allocation Failure) done
Event: 19.413 Executing VM operation: HandshakeAllThreads (Deoptimize)
Event: 19.414 Executing VM operation: HandshakeAllThreads (Deoptimize) done
Event: 19.736 Executing VM operation: ParallelGCFailedAllocation (Allocation Failure)
Event: 19.743 Executing VM operation: ParallelGCFailedAllocation (Allocation Failure) done

Memory protections (0 events):
No events

Nmethod flushes (20 events):
Event: 17.129 Thread 0x000001a654e3d390 flushing  nmethod 0x000001a658470790
Event: 17.129 Thread 0x000001a654e3d390 flushing  nmethod 0x000001a65847a990
Event: 17.129 Thread 0x000001a654e3d390 flushing  nmethod 0x000001a658490e10
Event: 17.129 Thread 0x000001a654e3d390 flushing  nmethod 0x000001a658494a10
Event: 17.129 Thread 0x000001a654e3d390 flushing  nmethod 0x000001a658499e90
Event: 17.129 Thread 0x000001a654e3d390 flushing  nmethod 0x000001a6584b4910
Event: 17.129 Thread 0x000001a654e3d390 flushing  nmethod 0x000001a6584c1290
Event: 17.129 Thread 0x000001a654e3d390 flushing  nmethod 0x000001a6584c1590
Event: 17.129 Thread 0x000001a654e3d390 flushing  nmethod 0x000001a6584c7510
Event: 17.129 Thread 0x000001a654e3d390 flushing  nmethod 0x000001a658519710
Event: 17.129 Thread 0x000001a654e3d390 flushing  nmethod 0x000001a65858d790
Event: 17.129 Thread 0x000001a654e3d390 flushing  nmethod 0x000001a65858dc10
Event: 17.129 Thread 0x000001a654e3d390 flushing  nmethod 0x000001a658598010
Event: 17.129 Thread 0x000001a654e3d390 flushing  nmethod 0x000001a6585c1610
Event: 17.129 Thread 0x000001a654e3d390 flushing  nmethod 0x000001a6585c2010
Event: 17.129 Thread 0x000001a654e3d390 flushing  nmethod 0x000001a6585c6f10
Event: 17.129 Thread 0x000001a654e3d390 flushing  nmethod 0x000001a6585fb510
Event: 17.129 Thread 0x000001a654e3d390 flushing  nmethod 0x000001a658610910
Event: 17.129 Thread 0x000001a654e3d390 flushing  nmethod 0x000001a65863d810
Event: 17.129 Thread 0x000001a654e3d390 flushing  nmethod 0x000001a658656e10

Events (20 events):
Event: 13.832 Thread 0x000001a6712aeb00 Thread added: 0x000001a66c795ba0
Event: 14.013 Thread 0x000001a66c795ba0 Thread exited: 0x000001a66c795ba0
Event: 14.520 Thread 0x000001a654f6e3f0 Thread added: 0x000001a66c7947f0
Event: 14.521 Thread 0x000001a654f6e3f0 Thread added: 0x000001a66c793440
Event: 14.522 Thread 0x000001a654f6e3f0 Thread added: 0x000001a66c792db0
Event: 14.522 Thread 0x000001a654f6e3f0 Thread added: 0x000001a66c795510
Event: 14.522 Thread 0x000001a654f6e3f0 Thread added: 0x000001a66c793ad0
Event: 14.549 Thread 0x000001a654f6e3f0 Thread added: 0x000001a66c794160
Event: 14.794 Thread 0x000001a671dc7a40 Thread exited: 0x000001a671dc7a40
Event: 14.938 Thread 0x000001a654f6e3f0 Thread added: 0x000001a66c795ba0
Event: 14.939 Thread 0x000001a654f6e3f0 Thread added: 0x000001a671dadcc0
Event: 15.313 Thread 0x000001a671dadcc0 Thread added: 0x000001a671da8e00
Event: 15.316 Thread 0x000001a671dadcc0 Thread added: 0x000001a671dae9e0
Event: 16.952 Thread 0x000001a654e63700 Thread added: 0x000001a671b273f0
Event: 17.345 Thread 0x000001a66c6e4400 Thread added: 0x000001a671dabbf0
Event: 17.420 Thread 0x000001a671332420 Thread exited: 0x000001a671332420
Event: 17.662 Thread 0x000001a671b273f0 Thread exited: 0x000001a671b273f0
Event: 18.231 Thread 0x000001a654e95980 Thread added: 0x000001a6714b59d0
Event: 19.107 Thread 0x000001a66c6e4400 Thread added: 0x000001a671dae350
Event: 19.507 Thread 0x000001a671dadcc0 Thread added: 0x000001a671da7a50


Dynamic libraries:
0x00007ff7f83d0000 - 0x00007ff7f83de000 	c:\Users\Lenovo\.vscode\extensions\redhat.java-1.45.0-win32-x64\jre\21.0.8-win32-x86_64\bin\java.exe
0x00007ffca8b30000 - 0x00007ffca8d28000 	C:\Windows\SYSTEM32\ntdll.dll
0x00007ffca7ac0000 - 0x00007ffca7b82000 	C:\Windows\System32\KERNEL32.DLL
0x00007ffca6760000 - 0x00007ffca6a56000 	C:\Windows\System32\KERNELBASE.dll
0x00007ffca61d0000 - 0x00007ffca62d0000 	C:\Windows\System32\ucrtbase.dll
0x00007ffc9dee0000 - 0x00007ffc9def8000 	c:\Users\Lenovo\.vscode\extensions\redhat.java-1.45.0-win32-x64\jre\21.0.8-win32-x86_64\bin\jli.dll
0x00007ffca6d00000 - 0x00007ffca6e9d000 	C:\Windows\System32\USER32.dll
0x00007ffca6b30000 - 0x00007ffca6b52000 	C:\Windows\System32\win32u.dll
0x00007ffca8660000 - 0x00007ffca868b000 	C:\Windows\System32\GDI32.dll
0x00007ffca6570000 - 0x00007ffca6689000 	C:\Windows\System32\gdi32full.dll
0x00007ffca6a60000 - 0x00007ffca6afd000 	C:\Windows\System32\msvcp_win.dll
0x00007ffc9dec0000 - 0x00007ffc9dede000 	c:\Users\Lenovo\.vscode\extensions\redhat.java-1.45.0-win32-x64\jre\21.0.8-win32-x86_64\bin\VCRUNTIME140.dll
0x00007ffc91720000 - 0x00007ffc919bb000 	C:\Windows\WinSxS\amd64_microsoft.windows.common-controls_6595b64144ccf1df_6.0.19041.6280_none_60bc30a171f2f3f3\COMCTL32.dll
0x00007ffca6b60000 - 0x00007ffca6bfe000 	C:\Windows\System32\msvcrt.dll
0x00007ffca8700000 - 0x00007ffca872f000 	C:\Windows\System32\IMM32.DLL
0x00007ffca03f0000 - 0x00007ffca03fc000 	c:\Users\Lenovo\.vscode\extensions\redhat.java-1.45.0-win32-x64\jre\21.0.8-win32-x86_64\bin\vcruntime140_1.dll
0x00007ffc5ebe0000 - 0x00007ffc5ec6d000 	c:\Users\Lenovo\.vscode\extensions\redhat.java-1.45.0-win32-x64\jre\21.0.8-win32-x86_64\bin\msvcp140.dll
0x00007ffc34d20000 - 0x00007ffc35ab7000 	c:\Users\Lenovo\.vscode\extensions\redhat.java-1.45.0-win32-x64\jre\21.0.8-win32-x86_64\bin\server\jvm.dll
0x00007ffca7180000 - 0x00007ffca7231000 	C:\Windows\System32\ADVAPI32.dll
0x00007ffca7b90000 - 0x00007ffca7c2f000 	C:\Windows\System32\sechost.dll
0x00007ffca7060000 - 0x00007ffca7180000 	C:\Windows\System32\RPCRT4.dll
0x00007ffca6b00000 - 0x00007ffca6b27000 	C:\Windows\System32\bcrypt.dll
0x00007ffca7fd0000 - 0x00007ffca803b000 	C:\Windows\System32\WS2_32.dll
0x00007ffca56e0000 - 0x00007ffca572b000 	C:\Windows\SYSTEM32\POWRPROF.dll
0x00007ffc994a0000 - 0x00007ffc994c7000 	C:\Windows\SYSTEM32\WINMM.dll
0x00007ffc9ed10000 - 0x00007ffc9ed1a000 	C:\Windows\SYSTEM32\VERSION.dll
0x00007ffca5590000 - 0x00007ffca55a2000 	C:\Windows\SYSTEM32\UMPDC.dll
0x00007ffca4010000 - 0x00007ffca4022000 	C:\Windows\SYSTEM32\kernel.appcore.dll
0x00007ffca02a0000 - 0x00007ffca02aa000 	c:\Users\Lenovo\.vscode\extensions\redhat.java-1.45.0-win32-x64\jre\21.0.8-win32-x86_64\bin\jimage.dll
0x00007ffc98420000 - 0x00007ffc98621000 	C:\Windows\SYSTEM32\DBGHELP.DLL
0x00007ffc84ab0000 - 0x00007ffc84ae4000 	C:\Windows\SYSTEM32\dbgcore.DLL
0x00007ffca62d0000 - 0x00007ffca6352000 	C:\Windows\System32\bcryptPrimitives.dll
0x00007ffca0180000 - 0x00007ffca018f000 	c:\Users\Lenovo\.vscode\extensions\redhat.java-1.45.0-win32-x64\jre\21.0.8-win32-x86_64\bin\instrument.dll
0x00007ffc9dd10000 - 0x00007ffc9dd2f000 	c:\Users\Lenovo\.vscode\extensions\redhat.java-1.45.0-win32-x64\jre\21.0.8-win32-x86_64\bin\java.dll
0x00007ffca7350000 - 0x00007ffca7ac0000 	C:\Windows\System32\SHELL32.dll
0x00007ffca4210000 - 0x00007ffca49b5000 	C:\Windows\SYSTEM32\windows.storage.dll
0x00007ffca8790000 - 0x00007ffca8ae3000 	C:\Windows\System32\combase.dll
0x00007ffca5c00000 - 0x00007ffca5c2b000 	C:\Windows\SYSTEM32\Wldp.dll
0x00007ffca6c10000 - 0x00007ffca6cdd000 	C:\Windows\System32\OLEAUT32.dll
0x00007ffca7f20000 - 0x00007ffca7fcd000 	C:\Windows\System32\SHCORE.dll
0x00007ffca7d20000 - 0x00007ffca7d7b000 	C:\Windows\System32\shlwapi.dll
0x00007ffca6100000 - 0x00007ffca6124000 	C:\Windows\SYSTEM32\profapi.dll
0x00007ffc9d930000 - 0x00007ffc9d948000 	c:\Users\Lenovo\.vscode\extensions\redhat.java-1.45.0-win32-x64\jre\21.0.8-win32-x86_64\bin\zip.dll
0x00007ffc9e240000 - 0x00007ffc9e250000 	C:\Users\Lenovo\.vscode\extensions\redhat.java-1.45.0-win32-x64\jre\21.0.8-win32-x86_64\bin\net.dll
0x00007ffc9df00000 - 0x00007ffc9e00a000 	C:\Windows\SYSTEM32\WINHTTP.dll
0x00007ffca5920000 - 0x00007ffca598a000 	C:\Windows\system32\mswsock.dll
0x00007ffc93640000 - 0x00007ffc93656000 	C:\Users\Lenovo\.vscode\extensions\redhat.java-1.45.0-win32-x64\jre\21.0.8-win32-x86_64\bin\nio.dll
0x00007ffc9de00000 - 0x00007ffc9de10000 	c:\Users\Lenovo\.vscode\extensions\redhat.java-1.45.0-win32-x64\jre\21.0.8-win32-x86_64\bin\verify.dll
0x00007ffc823d0000 - 0x00007ffc82414000 	C:\Users\Lenovo\AppData\Roaming\Code\User\globalStorage\redhat.java\1.45.0\config_ss_win\org.eclipse.equinox.launcher\org.eclipse.equinox.launcher.win32.win32.x86_64_1.2.1400.v20250801-0854\eclipse_11916.dll
0x00007ffca6f30000 - 0x00007ffca705b000 	C:\Windows\System32\ole32.dll
0x00007ffca5b60000 - 0x00007ffca5b78000 	C:\Windows\SYSTEM32\CRYPTSP.dll
0x00007ffca51d0000 - 0x00007ffca5208000 	C:\Windows\system32\rsaenh.dll
0x00007ffca60c0000 - 0x00007ffca60ee000 	C:\Windows\SYSTEM32\USERENV.dll
0x00007ffca5b50000 - 0x00007ffca5b5c000 	C:\Windows\SYSTEM32\CRYPTBASE.dll
0x00007ffca55b0000 - 0x00007ffca55eb000 	C:\Windows\SYSTEM32\IPHLPAPI.DLL
0x00007ffca86f0000 - 0x00007ffca86f8000 	C:\Windows\System32\NSI.dll
0x00007ffc5aa10000 - 0x00007ffc5aa59000 	C:\Users\Lenovo\AppData\Local\Temp\jna--2022488749\jna3311441001419467677.dll
0x00007ffca7c30000 - 0x00007ffca7c38000 	C:\Windows\System32\PSAPI.DLL
0x00007ffc9f300000 - 0x00007ffc9f317000 	C:\Windows\SYSTEM32\dhcpcsvc6.DLL
0x00007ffc9f2e0000 - 0x00007ffc9f2fd000 	C:\Windows\SYSTEM32\dhcpcsvc.DLL

JVMTI agents:
c:\Users\Lenovo\.vscode\extensions\redhat.java-1.45.0-win32-x64\lombok\lombok-1.18.39-4050.jar path:c:\Users\Lenovo\.vscode\extensions\redhat.java-1.45.0-win32-x64\jre\21.0.8-win32-x86_64\bin\instrument.dll, loaded, initialized, instrumentlib options:none

dbghelp: loaded successfully - version: 4.0.5 - missing functions: none
symbol engine: initialized successfully - sym options: 0x614 - pdb path: .;c:\Users\Lenovo\.vscode\extensions\redhat.java-1.45.0-win32-x64\jre\21.0.8-win32-x86_64\bin;C:\Windows\SYSTEM32;C:\Windows\WinSxS\amd64_microsoft.windows.common-controls_6595b64144ccf1df_6.0.19041.6280_none_60bc30a171f2f3f3;c:\Users\Lenovo\.vscode\extensions\redhat.java-1.45.0-win32-x64\jre\21.0.8-win32-x86_64\bin\server;C:\Users\Lenovo\AppData\Roaming\Code\User\globalStorage\redhat.java\1.45.0\config_ss_win\org.eclipse.equinox.launcher\org.eclipse.equinox.launcher.win32.win32.x86_64_1.2.1400.v20250801-0854;C:\Users\Lenovo\AppData\Local\Temp\jna--2022488749

VM Arguments:
jvm_args: --add-modules=ALL-SYSTEM --add-opens=java.base/java.util=ALL-UNNAMED --add-opens=java.base/java.lang=ALL-UNNAMED --add-opens=java.base/sun.nio.fs=ALL-UNNAMED -Declipse.application=org.eclipse.jdt.ls.core.id1 -Dosgi.bundles.defaultStartLevel=4 -Declipse.product=org.eclipse.jdt.ls.core.product -Djava.import.generatesMetadataFilesAtProjectRoot=false -DDetectVMInstallationsJob.disabled=true -Dfile.encoding=utf8 -XX:+UseParallelGC -XX:GCTimeRatio=4 -XX:AdaptiveSizePolicyWeight=90 -Dsun.zip.disableMemoryMapping=true -Xmx2G -Xms100m -Xlog:disable -javaagent:c:\Users\Lenovo\.vscode\extensions\redhat.java-1.45.0-win32-x64\lombok\lombok-1.18.39-4050.jar 
java_command: c:\Users\Lenovo\.vscode\extensions\redhat.java-1.45.0-win32-x64\server\plugins\org.eclipse.equinox.launcher_1.7.0.v20250519-0528.jar -configuration c:\Users\Lenovo\AppData\Roaming\Code\User\globalStorage\redhat.java\1.45.0\config_ss_win -data c:\Users\Lenovo\AppData\Roaming\Code\User\workspaceStorage\31802dcc8a754153dbdba671d90e4e0a\redhat.java\ss_ws --pipe=\\.\pipe\lsp-4a26802aee536f0313a49cd4b8dae815-sock
java_class_path (initial): c:\Users\Lenovo\.vscode\extensions\redhat.java-1.45.0-win32-x64\server\plugins\org.eclipse.equinox.launcher_1.7.0.v20250519-0528.jar
Launcher Type: SUN_STANDARD

[Global flags]
    uintx AdaptiveSizePolicyWeight                 = 90                                        {product} {command line}
     intx CICompilerCount                          = 3                                         {product} {ergonomic}
    uintx GCTimeRatio                              = 4                                         {product} {command line}
   size_t InitialHeapSize                          = 104857600                                 {product} {command line}
   size_t MaxHeapSize                              = 2147483648                                {product} {command line}
   size_t MaxNewSize                               = 715653120                                 {product} {ergonomic}
   size_t MinHeapDeltaBytes                        = 524288                                    {product} {ergonomic}
   size_t MinHeapSize                              = 104857600                                 {product} {command line}
   size_t NewSize                                  = 34603008                                  {product} {ergonomic}
    uintx NonNMethodCodeHeapSize                   = 5832780                                {pd product} {ergonomic}
    uintx NonProfiledCodeHeapSize                  = 122912730                              {pd product} {ergonomic}
   size_t OldSize                                  = 70254592                                  {product} {ergonomic}
    uintx ProfiledCodeHeapSize                     = 122912730                              {pd product} {ergonomic}
    uintx ReservedCodeCacheSize                    = 251658240                              {pd product} {ergonomic}
     bool SegmentedCodeCache                       = true                                      {product} {ergonomic}
   size_t SoftMaxHeapSize                          = 2147483648                             {manageable} {ergonomic}
     bool UseCompressedOops                        = true                           {product lp64_product} {ergonomic}
     bool UseLargePagesIndividualAllocation        = false                                  {pd product} {ergonomic}
     bool UseParallelGC                            = true                                      {product} {command line}

Logging:
Log output configuration:
 #0: stdout all=off uptime,level,tags foldmultilines=false
 #1: stderr all=off uptime,level,tags foldmultilines=false

Environment Variables:
JAVA_HOME=C:\Program Files\Java\jdk-23
PATH=C:\Program Files (x86)\VMware\VMware Player\bin\;C:\Program Files\Common Files\Oracle\Java\javapath;C:\Users\Lenovo\New folder\Scripts\;C:\Users\Lenovo\New folder\;C:\Windows\system32;C:\Windows;C:\Windows\System32\Wbem;C:\Windows\System32\WindowsPowerShell\v1.0\;C:\Windows\System32\OpenSSH\;C:\Program Files\Java\jdk-23\bin;C:\Program Files\Git\cmd;C:\Program Files\nodejs\;C:\Users\Lenovo\AppData\Local\Programs\Python\Launcher\;C:\Users\Lenovo\AppData\Local\Microsoft\WindowsApps;C:\Users\Lenovo\AppData\Local\Programs\Microsoft VS Code\bin;C:\Users\Lenovo\AppData\Roaming\npm;C:\Program Files (x86)\Nmap
USERNAME=Lenovo
OS=Windows_NT
PROCESSOR_IDENTIFIER=Intel64 Family 6 Model 142 Stepping 9, GenuineIntel
TMP=C:\Users\Lenovo\AppData\Local\Temp
TEMP=C:\Users\Lenovo\AppData\Local\Temp




Periodic native trim disabled

---------------  S Y S T E M  ---------------

OS:
 Windows 10 , 64 bit Build 19041 (10.0.19041.5915)
OS uptime: 3 days 6:16 hours
Hyper-V role detected

CPU: total 4 (initial active 4) (2 cores per cpu, 2 threads per core) family 6 model 142 stepping 9 microcode 0xd6, cx8, cmov, fxsr, ht, mmx, 3dnowpref, sse, sse2, sse3, ssse3, sse4.1, sse4.2, popcnt, lzcnt, tsc, tscinvbit, avx, avx2, aes, erms, clmul, bmi1, bmi2, adx, fma, vzeroupper, clflush, clflushopt, hv, rdtscp, f16c
Processor Information for the first 4 processors :
  Max Mhz: 2712, Current Mhz: 2511, Mhz Limit: 2495

Memory: 4k page, system-wide physical 3970M (581M free)
TotalPageFile size 8232M (AvailPageFile size 10M)
current process WorkingSet (physical memory assigned to process): 202M, peak: 209M
current process commit charge ("private bytes"): 305M, peak: 313M

vm_info: OpenJDK 64-Bit Server VM (21.0.8+9-LTS) for windows-amd64 JRE (21.0.8+9-LTS), built on 2025-07-15T00:00:00Z by "admin" with MS VC++ 17.7 (VS2022)

END.
