#
# There is insufficient memory for the Java Runtime Environment to continue.
# Native memory allocation (malloc) failed to allocate 1753296 bytes. Error detail: Chunk::new
# Possible reasons:
#   The system is out of physical RAM or swap space
#   This process is running with CompressedOops enabled, and the Java Heap may be blocking the growth of the native heap
# Possible solutions:
#   Reduce memory load on the system
#   Increase physical memory or swap space
#   Check if swap backing store is full
#   Decrease Java heap size (-Xmx/-Xms)
#   Decrease number of Java threads
#   Decrease Java thread stack sizes (-Xss)
#   Set larger code cache with -XX:ReservedCodeCacheSize=
#   JVM is running with Unscaled Compressed Oops mode in which the Java heap is
#     placed in the first 4GB address space. The Java Heap base address is the
#     maximum limit for the native heap growth. Please use -XX:HeapBaseMinAddress
#     to set the Java Heap base and to place the Java Heap above 4GB virtual address.
# This output file may be truncated or incomplete.
#
#  Out of Memory Error (arena.cpp:168), pid=14588, tid=968
#
# JRE version: OpenJDK Runtime Environment Temurin-21.0.8+9 (21.0.8+9) (build 21.0.8+9-LTS)
# Java VM: OpenJDK 64-Bit Server VM Temurin-21.0.8+9 (21.0.8+9-LTS, mixed mode, sharing, tiered, compressed oops, compressed class ptrs, parallel gc, windows-amd64)
# No core dump will be written. Minidumps are not enabled by default on client versions of Windows
#

---------------  S U M M A R Y ------------

Command Line: --add-modules=ALL-SYSTEM --add-opens=java.base/java.util=ALL-UNNAMED --add-opens=java.base/java.lang=ALL-UNNAMED --add-opens=java.base/sun.nio.fs=ALL-UNNAMED -Declipse.application=org.eclipse.jdt.ls.core.id1 -Dosgi.bundles.defaultStartLevel=4 -Declipse.product=org.eclipse.jdt.ls.core.product -Djava.import.generatesMetadataFilesAtProjectRoot=false -DDetectVMInstallationsJob.disabled=true -Dfile.encoding=utf8 -XX:+UseParallelGC -XX:GCTimeRatio=4 -XX:AdaptiveSizePolicyWeight=90 -Dsun.zip.disableMemoryMapping=true -Xmx2G -Xms100m -Xlog:disable -javaagent:c:\Users\Lenovo\.vscode\extensions\redhat.java-1.45.0-win32-x64\lombok\lombok-1.18.39-4050.jar c:\Users\Lenovo\.vscode\extensions\redhat.java-1.45.0-win32-x64\server\plugins\org.eclipse.equinox.launcher_1.7.0.v20250519-0528.jar -configuration c:\Users\Lenovo\AppData\Roaming\Code\User\globalStorage\redhat.java\1.45.0\config_ss_win -data c:\Users\Lenovo\AppData\Roaming\Code\User\workspaceStorage\31802dcc8a754153dbdba671d90e4e0a\redhat.java\ss_ws --pipe=\\.\pipe\lsp-2805cc97109b28f4cd217368fd844603-sock

Host: Intel(R) Core(TM) i5-7200U CPU @ 2.50GHz, 4 cores, 3G,  Windows 10 , 64 bit Build 19041 (10.0.19041.5915)
Time: Thu Oct  2 20:33:19 2025 India Standard Time elapsed time: 10.111126 seconds (0d 0h 0m 10s)

---------------  T H R E A D  ---------------

Current thread (0x000001d2964d33f0):  JavaThread "C2 CompilerThread1" daemon [_thread_in_native, id=968, stack(0x0000002606c00000,0x0000002606d00000) (1024K)]


Current CompileTask:
C2:10111 2658       4       org.lombokweb.asm.ClassReader::readMethod (1070 bytes)

Stack: [0x0000002606c00000,0x0000002606d00000]
Native frames: (J=compiled Java code, j=interpreted, Vv=VM code, C=native code)
V  [jvm.dll+0x6d2449]
V  [jvm.dll+0x8ae341]
V  [jvm.dll+0x8b08be]
V  [jvm.dll+0x8b0fa3]
V  [jvm.dll+0x280c96]
V  [jvm.dll+0xc581d]
V  [jvm.dll+0xc5d53]
V  [jvm.dll+0x3b9162]
V  [jvm.dll+0x1e1409]
V  [jvm.dll+0x249022]
V  [jvm.dll+0x2484af]
V  [jvm.dll+0x1c89ee]
V  [jvm.dll+0x257d4d]
V  [jvm.dll+0x2562ea]
V  [jvm.dll+0x3f2d16]
V  [jvm.dll+0x857e6b]
V  [jvm.dll+0x6d0b0d]
C  [ucrtbase.dll+0x21bb2]
C  [KERNEL32.DLL+0x17374]
C  [ntdll.dll+0x4cc91]


---------------  P R O C E S S  ---------------

Threads class SMR info:
_java_thread_list=0x000001d2963c7550, length=21, elements={
0x000001d2363f3a70, 0x000001d290129040, 0x000001d29012a840, 0x000001d29012c140,
0x000001d29012d050, 0x000001d290130ea0, 0x000001d2901318f0, 0x000001d290136730,
0x000001d2901a7910, 0x000001d29502a930, 0x000001d29530e250, 0x000001d295798400,
0x000001d295797050, 0x000001d2957997b0, 0x000001d2957969c0, 0x000001d2957976e0,
0x000001d295798a90, 0x000001d295797d70, 0x000001d295796330, 0x000001d295799120,
0x000001d2964d33f0
}

Java Threads: ( => current thread )
  0x000001d2363f3a70 JavaThread "main"                              [_thread_blocked, id=10248, stack(0x0000002605200000,0x0000002605300000) (1024K)]
  0x000001d290129040 JavaThread "Reference Handler"          daemon [_thread_blocked, id=8636, stack(0x0000002605600000,0x0000002605700000) (1024K)]
  0x000001d29012a840 JavaThread "Finalizer"                  daemon [_thread_blocked, id=12540, stack(0x0000002605700000,0x0000002605800000) (1024K)]
  0x000001d29012c140 JavaThread "Signal Dispatcher"          daemon [_thread_blocked, id=11660, stack(0x0000002605800000,0x0000002605900000) (1024K)]
  0x000001d29012d050 JavaThread "Attach Listener"            daemon [_thread_blocked, id=9248, stack(0x0000002605900000,0x0000002605a00000) (1024K)]
  0x000001d290130ea0 JavaThread "Service Thread"             daemon [_thread_blocked, id=15120, stack(0x0000002605a00000,0x0000002605b00000) (1024K)]
  0x000001d2901318f0 JavaThread "Monitor Deflation Thread"   daemon [_thread_blocked, id=14484, stack(0x0000002605b00000,0x0000002605c00000) (1024K)]
  0x000001d290136730 JavaThread "C2 CompilerThread0"         daemon [_thread_in_native, id=6740, stack(0x0000002605c00000,0x0000002605d00000) (1024K)]
  0x000001d2901a7910 JavaThread "C1 CompilerThread0"         daemon [_thread_blocked, id=15616, stack(0x0000002605d00000,0x0000002605e00000) (1024K)]
  0x000001d29502a930 JavaThread "Common-Cleaner"             daemon [_thread_blocked, id=2948, stack(0x0000002605e00000,0x0000002605f00000) (1024K)]
  0x000001d29530e250 JavaThread "Notification Thread"        daemon [_thread_blocked, id=12276, stack(0x0000002606000000,0x0000002606100000) (1024K)]
  0x000001d295798400 JavaThread "Active Thread: Equinox Container: 21593063-cddc-4be2-9332-25554dce9e9e"        [_thread_blocked, id=1420, stack(0x0000002606300000,0x0000002606400000) (1024K)]
  0x000001d295797050 JavaThread "Framework Event Dispatcher: Equinox Container: 21593063-cddc-4be2-9332-25554dce9e9e" daemon [_thread_blocked, id=1412, stack(0x0000002606400000,0x0000002606500000) (1024K)]
  0x000001d2957997b0 JavaThread "Start Level: Equinox Container: 21593063-cddc-4be2-9332-25554dce9e9e" daemon [_thread_in_Java, id=5776, stack(0x0000002606500000,0x0000002606600000) (1024K)]
  0x000001d2957969c0 JavaThread "SCR Component Actor"        daemon [_thread_blocked, id=7640, stack(0x0000002606600000,0x0000002606700000) (1024K)]
  0x000001d2957976e0 JavaThread "SCR Component Registry"     daemon [_thread_blocked, id=7596, stack(0x0000002606700000,0x0000002606800000) (1024K)]
  0x000001d295798a90 JavaThread "Worker-JM"                         [_thread_blocked, id=9692, stack(0x0000002606800000,0x0000002606900000) (1024K)]
  0x000001d295797d70 JavaThread "JNA Cleaner"                daemon [_thread_blocked, id=7204, stack(0x0000002606900000,0x0000002606a00000) (1024K)]
  0x000001d295796330 JavaThread "Worker-0"                          [_thread_blocked, id=5528, stack(0x0000002606a00000,0x0000002606b00000) (1024K)]
  0x000001d295799120 JavaThread "Worker-1"                          [_thread_blocked, id=1348, stack(0x0000002606b00000,0x0000002606c00000) (1024K)]
=>0x000001d2964d33f0 JavaThread "C2 CompilerThread1"         daemon [_thread_in_native, id=968, stack(0x0000002606c00000,0x0000002606d00000) (1024K)]
Total: 21

Other Threads:
  0x000001d29010d480 VMThread "VM Thread"                           [id=13032, stack(0x0000002605500000,0x0000002605600000) (1024K)]
  0x000001d2386c4370 WatcherThread "VM Periodic Task Thread"        [id=1404, stack(0x0000002605400000,0x0000002605500000) (1024K)]
  0x000001d23861b360 WorkerThread "GC Thread#0"                     [id=14472, stack(0x0000002605300000,0x0000002605400000) (1024K)]
  0x000001d295a34560 WorkerThread "GC Thread#1"                     [id=9556, stack(0x0000002605f00000,0x0000002606000000) (1024K)]
  0x000001d295a34900 WorkerThread "GC Thread#2"                     [id=9992, stack(0x0000002606100000,0x0000002606200000) (1024K)]
  0x000001d2954fa380 WorkerThread "GC Thread#3"                     [id=9752, stack(0x0000002606200000,0x0000002606300000) (1024K)]
Total: 6

Threads with active compile tasks:
C2 CompilerThread0  10150 2958       4       java.lang.String$CaseInsensitiveComparator::compare (13 bytes)
C2 CompilerThread1  10150 2658       4       org.lombokweb.asm.ClassReader::readMethod (1070 bytes)
Total: 2

VM state: not at safepoint (normal execution)

VM Mutex/Monitor currently owned by a thread: None

Heap address: 0x0000000080000000, size: 2048 MB, Compressed Oops mode: 32-bit

CDS archive(s) mapped at: [0x000001d24f000000-0x000001d24fba0000-0x000001d24fba0000), size 12189696, SharedBaseAddress: 0x000001d24f000000, ArchiveRelocationMode: 1.
Compressed class space mapped at: 0x000001d250000000-0x000001d290000000, reserved size: 1073741824
Narrow klass base: 0x000001d24f000000, Narrow klass shift: 0, Narrow klass range: 0x100000000

GC Precious Log:
 CardTable entry size: 512
 CPUs: 4 total, 4 available
 Memory: 3970M
 Large Page Support: Disabled
 NUMA Support: Disabled
 Compressed Oops: Enabled (32-bit)
 Alignments: Space 512K, Generation 512K, Heap 2M
 Heap Min Capacity: 100M
 Heap Initial Capacity: 100M
 Heap Max Capacity: 2G
 Pre-touch: Disabled
 Parallel Workers: 4

Heap:
 PSYoungGen      total 27136K, used 11994K [0x00000000d5580000, 0x00000000d7400000, 0x0000000100000000)
  eden space 24576K, 39% used [0x00000000d5580000,0x00000000d5ef9eb0,0x00000000d6d80000)
  from space 2560K, 89% used [0x00000000d6e80000,0x00000000d70bccf0,0x00000000d7100000)
  to   space 3072K, 0% used [0x00000000d7100000,0x00000000d7100000,0x00000000d7400000)
 ParOldGen       total 68608K, used 8523K [0x0000000080000000, 0x0000000084300000, 0x00000000d5580000)
  object space 68608K, 12% used [0x0000000080000000,0x0000000080852e50,0x0000000084300000)
 Metaspace       used 24533K, committed 25280K, reserved 1114112K
  class space    used 2372K, committed 2688K, reserved 1048576K

Card table byte_map: [0x000001d237fb0000,0x000001d2383c0000] _byte_map_base: 0x000001d237bb0000

Marking Bits: (ParMarkBitMap*) 0x00007ffc359da340
 Begin Bits: [0x000001d24aab0000, 0x000001d24cab0000)
 End Bits:   [0x000001d24cab0000, 0x000001d24eab0000)

Polling page: 0x000001d2364f0000

Metaspace:

Usage:
  Non-class:     21.64 MB used.
      Class:      2.32 MB used.
       Both:     23.96 MB used.

Virtual space:
  Non-class space:       64.00 MB reserved,      22.06 MB ( 34%) committed,  1 nodes.
      Class space:        1.00 GB reserved,       2.62 MB ( <1%) committed,  1 nodes.
             Both:        1.06 GB reserved,      24.69 MB (  2%) committed. 

Chunk freelists:
   Non-Class:  9.67 MB
       Class:  13.36 MB
        Both:  23.03 MB

MaxMetaspaceSize: unlimited
CompressedClassSpaceSize: 1.00 GB
Initial GC threshold: 21.00 MB
Current GC threshold: 35.00 MB
CDS: on
 - commit_granule_bytes: 65536.
 - commit_granule_words: 8192.
 - virtual_space_node_default_size: 8388608.
 - enlarge_chunks_in_place: 1.
 - use_allocation_guard: 0.


Internal statistics:

num_allocs_failed_limit: 3.
num_arena_births: 518.
num_arena_deaths: 14.
num_vsnodes_births: 2.
num_vsnodes_deaths: 0.
num_space_committed: 395.
num_space_uncommitted: 0.
num_chunks_returned_to_freelist: 17.
num_chunks_taken_from_freelist: 1431.
num_chunk_merges: 8.
num_chunk_splits: 922.
num_chunks_enlarged: 603.
num_inconsistent_stats: 0.

CodeHeap 'non-profiled nmethods': size=120000Kb used=1330Kb max_used=1330Kb free=118669Kb
 bounds [0x000001d2432d0000, 0x000001d243540000, 0x000001d24a800000]
CodeHeap 'profiled nmethods': size=120000Kb used=6044Kb max_used=6044Kb free=113955Kb
 bounds [0x000001d23b800000, 0x000001d23bdf0000, 0x000001d242d30000]
CodeHeap 'non-nmethods': size=5760Kb used=1329Kb max_used=1354Kb free=4430Kb
 bounds [0x000001d242d30000, 0x000001d242fa0000, 0x000001d2432d0000]
CodeCache: size=245760Kb, used=8703Kb, max_used=8728Kb, free=237054Kb
 total_blobs=3572, nmethods=2958, adapters=520, full_count=0
Compilation: enabled, stopped_count=0, restarted_count=0

Compilation events (20 events):
Event: 10.072 Thread 0x000001d2901a7910 nmethod 2928 0x000001d23bdd4090 code [0x000001d23bdd4240, 0x000001d23bdd43e8]
Event: 10.072 Thread 0x000001d2901a7910 2929       3       java.util.ArrayList::rangeCheckForAdd (26 bytes)
Event: 10.073 Thread 0x000001d2901a7910 nmethod 2929 0x000001d23bdd4490 code [0x000001d23bdd4700, 0x000001d23bdd4f10]
Event: 10.073 Thread 0x000001d2901a7910 2930       3       com.sun.org.apache.xerces.internal.dom.NodeImpl::needsSyncData (15 bytes)
Event: 10.073 Thread 0x000001d2901a7910 nmethod 2930 0x000001d23bdd5290 code [0x000001d23bdd5420, 0x000001d23bdd5588]
Event: 10.080 Thread 0x000001d2901a7910 2931       3       java.util.ArrayList::add (65 bytes)
Event: 10.080 Thread 0x000001d2901a7910 nmethod 2931 0x000001d23bdd5610 code [0x000001d23bdd5820, 0x000001d23bdd5e88]
Event: 10.081 Thread 0x000001d2901a7910 2932       3       com.sun.org.apache.xerces.internal.dom.AttrImpl::getNodeName (16 bytes)
Event: 10.081 Thread 0x000001d2901a7910 nmethod 2932 0x000001d23bdd6110 code [0x000001d23bdd62c0, 0x000001d23bdd6580]
Event: 10.081 Thread 0x000001d2901a7910 2933       1       com.sun.org.apache.xerces.internal.dom.DocumentImpl::getMutationEvents (5 bytes)
Event: 10.082 Thread 0x000001d2901a7910 nmethod 2933 0x000001d24341b390 code [0x000001d24341b520, 0x000001d24341b5f0]
Event: 10.083 Thread 0x000001d2901a7910 2934       3       com.sun.org.apache.xerces.internal.dom.NodeImpl::isNormalized (17 bytes)
Event: 10.084 Thread 0x000001d2901a7910 nmethod 2934 0x000001d23bdd6690 code [0x000001d23bdd6820, 0x000001d23bdd6988]
Event: 10.084 Thread 0x000001d2901a7910 2935       3       com.sun.org.apache.xerces.internal.dom.NodeImpl::isSpecified (27 bytes)
Event: 10.084 Thread 0x000001d2901a7910 nmethod 2935 0x000001d23bdd6a10 code [0x000001d23bdd6ba0, 0x000001d23bdd6d08]
Event: 10.088 Thread 0x000001d2901a7910 2936       3       jdk.internal.org.objectweb.asm.FieldWriter::<init> (69 bytes)
Event: 10.089 Thread 0x000001d2901a7910 nmethod 2936 0x000001d23bdd6d90 code [0x000001d23bdd6f80, 0x000001d23bdd72f8]
Event: 10.090 Thread 0x000001d2901a7910 2937       3       jdk.internal.org.objectweb.asm.FieldVisitor::<init> (78 bytes)
Event: 10.091 Thread 0x000001d2901a7910 nmethod 2937 0x000001d23bdd7510 code [0x000001d23bdd7740, 0x000001d23bdd7e98]
Event: 10.097 Thread 0x000001d2901a7910 2938   !   3       jdk.xml.internal.SecuritySupport::readConfig (150 bytes)

GC Heap History (16 events):
Event: 3.315 GC heap before
{Heap before GC invocations=1 (full 0):
 PSYoungGen      total 29696K, used 25600K [0x00000000d5580000, 0x00000000d7680000, 0x0000000100000000)
  eden space 25600K, 100% used [0x00000000d5580000,0x00000000d6e80000,0x00000000d6e80000)
  from space 4096K, 0% used [0x00000000d7280000,0x00000000d7280000,0x00000000d7680000)
  to   space 4096K, 0% used [0x00000000d6e80000,0x00000000d6e80000,0x00000000d7280000)
 ParOldGen       total 68608K, used 0K [0x0000000080000000, 0x0000000084300000, 0x00000000d5580000)
  object space 68608K, 0% used [0x0000000080000000,0x0000000080000000,0x0000000084300000)
 Metaspace       used 4355K, committed 4608K, reserved 1114112K
  class space    used 472K, committed 576K, reserved 1048576K
}
Event: 3.334 GC heap after
{Heap after GC invocations=1 (full 0):
 PSYoungGen      total 29696K, used 3335K [0x00000000d5580000, 0x00000000d7680000, 0x0000000100000000)
  eden space 25600K, 0% used [0x00000000d5580000,0x00000000d5580000,0x00000000d6e80000)
  from space 4096K, 81% used [0x00000000d6e80000,0x00000000d71c1e18,0x00000000d7280000)
  to   space 4096K, 0% used [0x00000000d7280000,0x00000000d7280000,0x00000000d7680000)
 ParOldGen       total 68608K, used 0K [0x0000000080000000, 0x0000000084300000, 0x00000000d5580000)
  object space 68608K, 0% used [0x0000000080000000,0x0000000080000000,0x0000000084300000)
 Metaspace       used 4355K, committed 4608K, reserved 1114112K
  class space    used 472K, committed 576K, reserved 1048576K
}
Event: 5.739 GC heap before
{Heap before GC invocations=2 (full 0):
 PSYoungGen      total 29696K, used 28935K [0x00000000d5580000, 0x00000000d7680000, 0x0000000100000000)
  eden space 25600K, 100% used [0x00000000d5580000,0x00000000d6e80000,0x00000000d6e80000)
  from space 4096K, 81% used [0x00000000d6e80000,0x00000000d71c1e18,0x00000000d7280000)
  to   space 4096K, 0% used [0x00000000d7280000,0x00000000d7280000,0x00000000d7680000)
 ParOldGen       total 68608K, used 0K [0x0000000080000000, 0x0000000084300000, 0x00000000d5580000)
  object space 68608K, 0% used [0x0000000080000000,0x0000000080000000,0x0000000084300000)
 Metaspace       used 8252K, committed 8576K, reserved 1114112K
  class space    used 878K, committed 1024K, reserved 1048576K
}
Event: 5.753 GC heap after
{Heap after GC invocations=2 (full 0):
 PSYoungGen      total 29696K, used 4087K [0x00000000d5580000, 0x00000000d7680000, 0x0000000100000000)
  eden space 25600K, 0% used [0x00000000d5580000,0x00000000d5580000,0x00000000d6e80000)
  from space 4096K, 99% used [0x00000000d7280000,0x00000000d767de08,0x00000000d7680000)
  to   space 4096K, 0% used [0x00000000d6e80000,0x00000000d6e80000,0x00000000d7280000)
 ParOldGen       total 68608K, used 914K [0x0000000080000000, 0x0000000084300000, 0x00000000d5580000)
  object space 68608K, 1% used [0x0000000080000000,0x00000000800e4a30,0x0000000084300000)
 Metaspace       used 8252K, committed 8576K, reserved 1114112K
  class space    used 878K, committed 1024K, reserved 1048576K
}
Event: 7.158 GC heap before
{Heap before GC invocations=3 (full 0):
 PSYoungGen      total 29696K, used 29646K [0x00000000d5580000, 0x00000000d7680000, 0x0000000100000000)
  eden space 25600K, 99% used [0x00000000d5580000,0x00000000d6e75ae8,0x00000000d6e80000)
  from space 4096K, 99% used [0x00000000d7280000,0x00000000d767de08,0x00000000d7680000)
  to   space 4096K, 0% used [0x00000000d6e80000,0x00000000d6e80000,0x00000000d7280000)
 ParOldGen       total 68608K, used 914K [0x0000000080000000, 0x0000000084300000, 0x00000000d5580000)
  object space 68608K, 1% used [0x0000000080000000,0x00000000800e4a30,0x0000000084300000)
 Metaspace       used 13048K, committed 13504K, reserved 1114112K
  class space    used 1374K, committed 1600K, reserved 1048576K
}
Event: 7.172 GC heap after
{Heap after GC invocations=3 (full 0):
 PSYoungGen      total 29696K, used 4079K [0x00000000d5580000, 0x00000000d7680000, 0x0000000100000000)
  eden space 25600K, 0% used [0x00000000d5580000,0x00000000d5580000,0x00000000d6e80000)
  from space 4096K, 99% used [0x00000000d6e80000,0x00000000d727bee0,0x00000000d7280000)
  to   space 4096K, 0% used [0x00000000d7280000,0x00000000d7280000,0x00000000d7680000)
 ParOldGen       total 68608K, used 2862K [0x0000000080000000, 0x0000000084300000, 0x00000000d5580000)
  object space 68608K, 4% used [0x0000000080000000,0x00000000802cb828,0x0000000084300000)
 Metaspace       used 13048K, committed 13504K, reserved 1114112K
  class space    used 1374K, committed 1600K, reserved 1048576K
}
Event: 8.659 GC heap before
{Heap before GC invocations=4 (full 0):
 PSYoungGen      total 29696K, used 29679K [0x00000000d5580000, 0x00000000d7680000, 0x0000000100000000)
  eden space 25600K, 100% used [0x00000000d5580000,0x00000000d6e80000,0x00000000d6e80000)
  from space 4096K, 99% used [0x00000000d6e80000,0x00000000d727bee0,0x00000000d7280000)
  to   space 4096K, 0% used [0x00000000d7280000,0x00000000d7280000,0x00000000d7680000)
 ParOldGen       total 68608K, used 2862K [0x0000000080000000, 0x0000000084300000, 0x00000000d5580000)
  object space 68608K, 4% used [0x0000000080000000,0x00000000802cb828,0x0000000084300000)
 Metaspace       used 17196K, committed 17920K, reserved 1114112K
  class space    used 1799K, committed 2112K, reserved 1048576K
}
Event: 8.668 GC heap after
{Heap after GC invocations=4 (full 0):
 PSYoungGen      total 29696K, used 4074K [0x00000000d5580000, 0x00000000d7680000, 0x0000000100000000)
  eden space 25600K, 0% used [0x00000000d5580000,0x00000000d5580000,0x00000000d6e80000)
  from space 4096K, 99% used [0x00000000d7280000,0x00000000d767a938,0x00000000d7680000)
  to   space 4096K, 0% used [0x00000000d6e80000,0x00000000d6e80000,0x00000000d7280000)
 ParOldGen       total 68608K, used 5052K [0x0000000080000000, 0x0000000084300000, 0x00000000d5580000)
  object space 68608K, 7% used [0x0000000080000000,0x00000000804ef0b0,0x0000000084300000)
 Metaspace       used 17196K, committed 17920K, reserved 1114112K
  class space    used 1799K, committed 2112K, reserved 1048576K
}
Event: 9.195 GC heap before
{Heap before GC invocations=5 (full 0):
 PSYoungGen      total 29696K, used 29666K [0x00000000d5580000, 0x00000000d7680000, 0x0000000100000000)
  eden space 25600K, 99% used [0x00000000d5580000,0x00000000d6e7e238,0x00000000d6e80000)
  from space 4096K, 99% used [0x00000000d7280000,0x00000000d767a938,0x00000000d7680000)
  to   space 4096K, 0% used [0x00000000d6e80000,0x00000000d6e80000,0x00000000d7280000)
 ParOldGen       total 68608K, used 5052K [0x0000000080000000, 0x0000000084300000, 0x00000000d5580000)
  object space 68608K, 7% used [0x0000000080000000,0x00000000804ef0b0,0x0000000084300000)
 Metaspace       used 20499K, committed 21120K, reserved 1114112K
  class space    used 2041K, committed 2304K, reserved 1048576K
}
Event: 9.204 GC heap after
{Heap after GC invocations=5 (full 0):
 PSYoungGen      total 29184K, used 4064K [0x00000000d5580000, 0x00000000d7900000, 0x0000000100000000)
  eden space 25088K, 0% used [0x00000000d5580000,0x00000000d5580000,0x00000000d6e00000)
  from space 4096K, 99% used [0x00000000d6e80000,0x00000000d7278160,0x00000000d7280000)
  to   space 5632K, 0% used [0x00000000d7380000,0x00000000d7380000,0x00000000d7900000)
 ParOldGen       total 68608K, used 6146K [0x0000000080000000, 0x0000000084300000, 0x00000000d5580000)
  object space 68608K, 8% used [0x0000000080000000,0x00000000806009e8,0x0000000084300000)
 Metaspace       used 20499K, committed 21120K, reserved 1114112K
  class space    used 2041K, committed 2304K, reserved 1048576K
}
Event: 9.233 GC heap before
{Heap before GC invocations=6 (full 0):
 PSYoungGen      total 29184K, used 8548K [0x00000000d5580000, 0x00000000d7900000, 0x0000000100000000)
  eden space 25088K, 17% used [0x00000000d5580000,0x00000000d59e1220,0x00000000d6e00000)
  from space 4096K, 99% used [0x00000000d6e80000,0x00000000d7278160,0x00000000d7280000)
  to   space 5632K, 0% used [0x00000000d7380000,0x00000000d7380000,0x00000000d7900000)
 ParOldGen       total 68608K, used 6146K [0x0000000080000000, 0x0000000084300000, 0x00000000d5580000)
  object space 68608K, 8% used [0x0000000080000000,0x00000000806009e8,0x0000000084300000)
 Metaspace       used 20875K, committed 21504K, reserved 1114112K
  class space    used 2048K, committed 2304K, reserved 1048576K
}
Event: 9.238 GC heap after
{Heap after GC invocations=6 (full 0):
 PSYoungGen      total 29184K, used 4075K [0x00000000d5580000, 0x00000000d7780000, 0x0000000100000000)
  eden space 25088K, 0% used [0x00000000d5580000,0x00000000d5580000,0x00000000d6e00000)
  from space 4096K, 99% used [0x00000000d7380000,0x00000000d777ac68,0x00000000d7780000)
  to   space 4608K, 0% used [0x00000000d6e80000,0x00000000d6e80000,0x00000000d7300000)
 ParOldGen       total 68608K, used 6146K [0x0000000080000000, 0x0000000084300000, 0x00000000d5580000)
  object space 68608K, 8% used [0x0000000080000000,0x00000000806009e8,0x0000000084300000)
 Metaspace       used 20875K, committed 21504K, reserved 1114112K
  class space    used 2048K, committed 2304K, reserved 1048576K
}
Event: 9.238 GC heap before
{Heap before GC invocations=7 (full 1):
 PSYoungGen      total 29184K, used 4075K [0x00000000d5580000, 0x00000000d7780000, 0x0000000100000000)
  eden space 25088K, 0% used [0x00000000d5580000,0x00000000d5580000,0x00000000d6e00000)
  from space 4096K, 99% used [0x00000000d7380000,0x00000000d777ac68,0x00000000d7780000)
  to   space 4608K, 0% used [0x00000000d6e80000,0x00000000d6e80000,0x00000000d7300000)
 ParOldGen       total 68608K, used 6146K [0x0000000080000000, 0x0000000084300000, 0x00000000d5580000)
  object space 68608K, 8% used [0x0000000080000000,0x00000000806009e8,0x0000000084300000)
 Metaspace       used 20875K, committed 21504K, reserved 1114112K
  class space    used 2048K, committed 2304K, reserved 1048576K
}
Event: 9.278 GC heap after
{Heap after GC invocations=7 (full 1):
 PSYoungGen      total 29184K, used 0K [0x00000000d5580000, 0x00000000d7780000, 0x0000000100000000)
  eden space 25088K, 0% used [0x00000000d5580000,0x00000000d5580000,0x00000000d6e00000)
  from space 4096K, 0% used [0x00000000d7380000,0x00000000d7380000,0x00000000d7780000)
  to   space 4608K, 0% used [0x00000000d6e80000,0x00000000d6e80000,0x00000000d7300000)
 ParOldGen       total 68608K, used 8515K [0x0000000080000000, 0x0000000084300000, 0x00000000d5580000)
  object space 68608K, 12% used [0x0000000080000000,0x0000000080850e50,0x0000000084300000)
 Metaspace       used 20862K, committed 21504K, reserved 1114112K
  class space    used 2045K, committed 2304K, reserved 1048576K
}
Event: 9.714 GC heap before
{Heap before GC invocations=8 (full 1):
 PSYoungGen      total 29184K, used 25088K [0x00000000d5580000, 0x00000000d7780000, 0x0000000100000000)
  eden space 25088K, 100% used [0x00000000d5580000,0x00000000d6e00000,0x00000000d6e00000)
  from space 4096K, 0% used [0x00000000d7380000,0x00000000d7380000,0x00000000d7780000)
  to   space 4608K, 0% used [0x00000000d6e80000,0x00000000d6e80000,0x00000000d7300000)
 ParOldGen       total 68608K, used 8515K [0x0000000080000000, 0x0000000084300000, 0x00000000d5580000)
  object space 68608K, 12% used [0x0000000080000000,0x0000000080850e50,0x0000000084300000)
 Metaspace       used 22952K, committed 23616K, reserved 1114112K
  class space    used 2224K, committed 2496K, reserved 1048576K
}
Event: 9.718 GC heap after
{Heap after GC invocations=8 (full 1):
 PSYoungGen      total 27136K, used 2291K [0x00000000d5580000, 0x00000000d7400000, 0x0000000100000000)
  eden space 24576K, 0% used [0x00000000d5580000,0x00000000d5580000,0x00000000d6d80000)
  from space 2560K, 89% used [0x00000000d6e80000,0x00000000d70bccf0,0x00000000d7100000)
  to   space 3072K, 0% used [0x00000000d7100000,0x00000000d7100000,0x00000000d7400000)
 ParOldGen       total 68608K, used 8523K [0x0000000080000000, 0x0000000084300000, 0x00000000d5580000)
  object space 68608K, 12% used [0x0000000080000000,0x0000000080852e50,0x0000000084300000)
 Metaspace       used 22952K, committed 23616K, reserved 1114112K
  class space    used 2224K, committed 2496K, reserved 1048576K
}

Dll operation events (10 events):
Event: 0.015 Loaded shared library c:\Users\Lenovo\.vscode\extensions\redhat.java-1.45.0-win32-x64\jre\21.0.8-win32-x86_64\bin\java.dll
Event: 0.131 Loaded shared library c:\Users\Lenovo\.vscode\extensions\redhat.java-1.45.0-win32-x64\jre\21.0.8-win32-x86_64\bin\zip.dll
Event: 0.163 Loaded shared library C:\Users\Lenovo\.vscode\extensions\redhat.java-1.45.0-win32-x64\jre\21.0.8-win32-x86_64\bin\instrument.dll
Event: 0.169 Loaded shared library C:\Users\Lenovo\.vscode\extensions\redhat.java-1.45.0-win32-x64\jre\21.0.8-win32-x86_64\bin\net.dll
Event: 0.173 Loaded shared library C:\Users\Lenovo\.vscode\extensions\redhat.java-1.45.0-win32-x64\jre\21.0.8-win32-x86_64\bin\nio.dll
Event: 0.178 Loaded shared library C:\Users\Lenovo\.vscode\extensions\redhat.java-1.45.0-win32-x64\jre\21.0.8-win32-x86_64\bin\zip.dll
Event: 0.206 Loaded shared library C:\Users\Lenovo\.vscode\extensions\redhat.java-1.45.0-win32-x64\jre\21.0.8-win32-x86_64\bin\jimage.dll
Event: 0.314 Loaded shared library c:\Users\Lenovo\.vscode\extensions\redhat.java-1.45.0-win32-x64\jre\21.0.8-win32-x86_64\bin\verify.dll
Event: 5.562 Loaded shared library C:\Users\Lenovo\AppData\Roaming\Code\User\globalStorage\redhat.java\1.45.0\config_ss_win\org.eclipse.equinox.launcher\org.eclipse.equinox.launcher.win32.win32.x86_64_1.2.1400.v20250801-0854\eclipse_11916.dll
Event: 8.165 Loaded shared library C:\Users\Lenovo\AppData\Local\Temp\jna--2022488749\jna9346452031595613007.dll

Deoptimization events (20 events):
Event: 9.769 Thread 0x000001d2957997b0 Uncommon trap: trap_request=0xffffff45 fr.pc=0x000001d24339670c relative=0x000000000000006c
Event: 9.769 Thread 0x000001d2957997b0 Uncommon trap: reason=unstable_if action=reinterpret pc=0x000001d24339670c method=java.lang.AbstractStringBuilder.isLatin1()Z @ 10 c2
Event: 9.769 Thread 0x000001d2957997b0 DEOPT PACKING pc=0x000001d24339670c sp=0x00000026065fe5a0
Event: 9.769 Thread 0x000001d2957997b0 DEOPT UNPACKING pc=0x000001d242d83aa2 sp=0x00000026065fe530 mode 2
Event: 9.773 Thread 0x000001d2957997b0 Uncommon trap: trap_request=0xffffffc6 fr.pc=0x000001d2433849f8 relative=0x0000000000000a78
Event: 9.773 Thread 0x000001d2957997b0 Uncommon trap: reason=bimorphic_or_optimized_type_check action=maybe_recompile pc=0x000001d2433849f8 method=java.util.HashMap.putVal(ILjava/lang/Object;Ljava/lang/Object;ZZ)Ljava/lang/Object; @ 56 c2
Event: 9.773 Thread 0x000001d2957997b0 DEOPT PACKING pc=0x000001d2433849f8 sp=0x00000026065fdc30
Event: 9.773 Thread 0x000001d2957997b0 DEOPT UNPACKING pc=0x000001d242d83aa2 sp=0x00000026065fdb98 mode 2
Event: 9.773 Thread 0x000001d2957997b0 Uncommon trap: trap_request=0xffffffc6 fr.pc=0x000001d2433849f8 relative=0x0000000000000a78
Event: 9.773 Thread 0x000001d2957997b0 Uncommon trap: reason=bimorphic_or_optimized_type_check action=maybe_recompile pc=0x000001d2433849f8 method=java.util.HashMap.putVal(ILjava/lang/Object;Ljava/lang/Object;ZZ)Ljava/lang/Object; @ 56 c2
Event: 9.773 Thread 0x000001d2957997b0 DEOPT PACKING pc=0x000001d2433849f8 sp=0x00000026065fdc30
Event: 9.773 Thread 0x000001d2957997b0 DEOPT UNPACKING pc=0x000001d242d83aa2 sp=0x00000026065fdb98 mode 2
Event: 9.773 Thread 0x000001d2957997b0 Uncommon trap: trap_request=0xffffffc6 fr.pc=0x000001d2433849f8 relative=0x0000000000000a78
Event: 9.773 Thread 0x000001d2957997b0 Uncommon trap: reason=bimorphic_or_optimized_type_check action=maybe_recompile pc=0x000001d2433849f8 method=java.util.HashMap.putVal(ILjava/lang/Object;Ljava/lang/Object;ZZ)Ljava/lang/Object; @ 56 c2
Event: 9.773 Thread 0x000001d2957997b0 DEOPT PACKING pc=0x000001d2433849f8 sp=0x00000026065fdc30
Event: 9.773 Thread 0x000001d2957997b0 DEOPT UNPACKING pc=0x000001d242d83aa2 sp=0x00000026065fdb98 mode 2
Event: 9.793 Thread 0x000001d2957997b0 Uncommon trap: trap_request=0xffffff45 fr.pc=0x000001d24340ffec relative=0x0000000000000aec
Event: 9.793 Thread 0x000001d2957997b0 Uncommon trap: reason=unstable_if action=reinterpret pc=0x000001d24340ffec method=java.util.regex.Pattern$BmpCharPropertyGreedy.match(Ljava/util/regex/Matcher;ILjava/lang/CharSequence;)Z @ 12 c2
Event: 9.793 Thread 0x000001d2957997b0 DEOPT PACKING pc=0x000001d24340ffec sp=0x00000026065fd920
Event: 9.794 Thread 0x000001d2957997b0 DEOPT UNPACKING pc=0x000001d242d83aa2 sp=0x00000026065fd808 mode 2

Classes loaded (20 events):
Event: 10.094 Loading class com/sun/org/apache/xalan/internal/xsltc/compiler/SourceLoader done
Event: 10.094 Loading class javax/xml/transform/sax/SAXTransformerFactory
Event: 10.094 Loading class javax/xml/transform/sax/SAXTransformerFactory done
Event: 10.094 Loading class com/sun/org/apache/xalan/internal/xsltc/trax/TransformerFactoryImpl done
Event: 10.095 Loading class jdk/xml/internal/TransformErrorListener
Event: 10.095 Loading class javax/xml/transform/ErrorListener
Event: 10.095 Loading class javax/xml/transform/ErrorListener done
Event: 10.095 Loading class jdk/xml/internal/TransformErrorListener done
Event: 10.095 Loading class javax/xml/catalog/CatalogFeatures
Event: 10.095 Loading class javax/xml/catalog/CatalogFeatures done
Event: 10.096 Loading class javax/xml/catalog/CatalogFeatures$Builder
Event: 10.096 Loading class javax/xml/catalog/CatalogFeatures$Builder done
Event: 10.096 Loading class jdk/xml/internal/JdkXmlFeatures
Event: 10.096 Loading class jdk/xml/internal/JdkXmlFeatures done
Event: 10.096 Loading class jdk/xml/internal/JdkXmlFeatures$XmlFeature
Event: 10.096 Loading class jdk/xml/internal/JdkXmlFeatures$XmlFeature done
Event: 10.096 Loading class jdk/xml/internal/JdkProperty$ImplPropMap
Event: 10.096 Loading class jdk/xml/internal/JdkProperty$ImplPropMap done
Event: 10.098 Loading class com/sun/org/apache/xalan/internal/utils/XMLSecurityPropertyManager
Event: 10.099 Loading class com/sun/org/apache/xalan/internal/utils/FeaturePropertyBase

Classes unloaded (7 events):
Event: 9.245 Thread 0x000001d29010d480 Unloading class 0x000001d25018c800 'java/lang/invoke/LambdaForm$MH+0x000001d25018c800'
Event: 9.245 Thread 0x000001d29010d480 Unloading class 0x000001d25018c400 'java/lang/invoke/LambdaForm$MH+0x000001d25018c400'
Event: 9.245 Thread 0x000001d29010d480 Unloading class 0x000001d25018c000 'java/lang/invoke/LambdaForm$MH+0x000001d25018c000'
Event: 9.245 Thread 0x000001d29010d480 Unloading class 0x000001d25018bc00 'java/lang/invoke/LambdaForm$MH+0x000001d25018bc00'
Event: 9.245 Thread 0x000001d29010d480 Unloading class 0x000001d25018b800 'java/lang/invoke/LambdaForm$BMH+0x000001d25018b800'
Event: 9.245 Thread 0x000001d29010d480 Unloading class 0x000001d25018b400 'java/lang/invoke/LambdaForm$DMH+0x000001d25018b400'
Event: 9.245 Thread 0x000001d29010d480 Unloading class 0x000001d25018a000 'java/lang/invoke/LambdaForm$DMH+0x000001d25018a000'

Classes redefined (0 events):
No events

Internal exceptions (20 events):
Event: 8.317 Thread 0x000001d2957997b0 Exception <a 'java/lang/NoSuchMethodError'{0x00000000d64f1a70}: 'java.lang.Object java.lang.invoke.DirectMethodHandle$Holder.invokeSpecial(java.lang.Object, java.lang.Object, java.lang.Object, java.lang.Object, long)'> (0x00000000d64f1a70) 
thrown [s\src\hotspot\share\interpreter\linkResolver.cpp, line 773]
Event: 8.318 Thread 0x000001d2957997b0 Exception <a 'java/lang/NoSuchMethodError'{0x00000000d64f5690}: 'java.lang.Object java.lang.invoke.Invokers$Holder.linkToTargetMethod(java.lang.Object, java.lang.Object, long, java.lang.Object)'> (0x00000000d64f5690) 
thrown [s\src\hotspot\share\interpreter\linkResolver.cpp, line 773]
Event: 8.332 Thread 0x000001d2957997b0 Exception <a 'java/lang/NoSuchMethodError'{0x00000000d6567390}: 'int java.lang.invoke.DirectMethodHandle$Holder.invokeStaticInit(java.lang.Object, java.lang.Object, java.lang.Object)'> (0x00000000d6567390) 
thrown [s\src\hotspot\share\interpreter\linkResolver.cpp, line 773]
Event: 8.353 Thread 0x000001d2957997b0 Exception <a 'java/lang/IncompatibleClassChangeError'{0x00000000d65e9658}: Found class java.lang.Object, but interface was expected> (0x00000000d65e9658) 
thrown [s\src\hotspot\share\interpreter\linkResolver.cpp, line 840]
Event: 8.361 Thread 0x000001d2957997b0 Exception <a 'java/lang/NoSuchMethodError'{0x00000000d65fc808}: 'java.lang.Object java.lang.invoke.DirectMethodHandle$Holder.invokeSpecial(java.lang.Object, java.lang.Object, java.lang.Object, int, java.lang.Object, java.lang.Object)'> (0x00000000d65fc808) 
thrown [s\src\hotspot\share\interpreter\linkResolver.cpp, line 773]
Event: 8.362 Thread 0x000001d2957997b0 Exception <a 'java/lang/NoSuchMethodError'{0x00000000d66048c8}: 'java.lang.Object java.lang.invoke.DirectMethodHandle$Holder.newInvokeSpecial(java.lang.Object, java.lang.Object, java.lang.Object, int, java.lang.Object)'> (0x00000000d66048c8) 
thrown [s\src\hotspot\share\interpreter\linkResolver.cpp, line 773]
Event: 8.362 Thread 0x000001d2957997b0 Exception <a 'java/lang/NoSuchMethodError'{0x00000000d6608888}: 'java.lang.Object java.lang.invoke.DirectMethodHandle$Holder.invokeSpecial(java.lang.Object, java.lang.Object, java.lang.Object, java.lang.Object, int, java.lang.Object)'> (0x00000000d6608888) 
thrown [s\src\hotspot\share\interpreter\linkResolver.cpp, line 773]
Event: 8.363 Thread 0x000001d2957997b0 Exception <a 'java/lang/NoSuchMethodError'{0x00000000d660c3c8}: 'java.lang.Object java.lang.invoke.Invokers$Holder.linkToTargetMethod(java.lang.Object, java.lang.Object, int, java.lang.Object, java.lang.Object)'> (0x00000000d660c3c8) 
thrown [s\src\hotspot\share\interpreter\linkResolver.cpp, line 773]
Event: 8.364 Thread 0x000001d295796330 Exception <a 'java/lang/NoSuchMethodError'{0x00000000d65341c0}: 'java.lang.Object java.lang.invoke.DirectMethodHandle$Holder.invokeSpecial(java.lang.Object, java.lang.Object, int, java.lang.Object, java.lang.Object)'> (0x00000000d65341c0) 
thrown [s\src\hotspot\share\interpreter\linkResolver.cpp, line 773]
Event: 8.365 Thread 0x000001d295796330 Exception <a 'java/lang/NoSuchMethodError'{0x00000000d653aef8}: 'java.lang.Object java.lang.invoke.DirectMethodHandle$Holder.newInvokeSpecial(java.lang.Object, java.lang.Object, int, java.lang.Object)'> (0x00000000d653aef8) 
thrown [s\src\hotspot\share\interpreter\linkResolver.cpp, line 773]
Event: 8.366 Thread 0x000001d295796330 Exception <a 'java/lang/NoSuchMethodError'{0x00000000d653e818}: 'java.lang.Object java.lang.invoke.DirectMethodHandle$Holder.invokeSpecial(java.lang.Object, java.lang.Object, java.lang.Object, int, java.lang.Object)'> (0x00000000d653e818) 
thrown [s\src\hotspot\share\interpreter\linkResolver.cpp, line 773]
Event: 8.403 Thread 0x000001d2957997b0 Exception <a 'java/lang/NoSuchMethodError'{0x00000000d67331e0}: 'void java.lang.invoke.DirectMethodHandle$Holder.invokeSpecial(java.lang.Object, java.lang.Object, java.lang.Object, java.lang.Object, java.lang.Object)'> (0x00000000d67331e0) 
thrown [s\src\hotspot\share\interpreter\linkResolver.cpp, line 773]
Event: 8.461 Thread 0x000001d2957997b0 Exception <a 'java/lang/NoSuchMethodError'{0x00000000d694e868}: 'double java.lang.invoke.DirectMethodHandle$Holder.invokeStatic(java.lang.Object, java.lang.Object)'> (0x00000000d694e868) 
thrown [s\src\hotspot\share\interpreter\linkResolver.cpp, line 773]
Event: 8.461 Thread 0x000001d2957997b0 Exception <a 'java/lang/NoSuchMethodError'{0x00000000d6951f28}: 'double java.lang.invoke.DirectMethodHandle$Holder.invokeStaticInit(java.lang.Object, java.lang.Object)'> (0x00000000d6951f28) 
thrown [s\src\hotspot\share\interpreter\linkResolver.cpp, line 773]
Event: 9.157 Thread 0x000001d2957997b0 Implicit null exception at 0x000001d2433f5b75 to 0x000001d2433f5c68
Event: 9.666 Thread 0x000001d2957997b0 Exception <a 'java/lang/ClassNotFoundException'{0x00000000d6c14080}: com/sun/org/apache/xerces/internal/impl/msg/spi/DOMMessagesProvider> (0x00000000d6c14080) 
thrown [s\src\hotspot\share\classfile\systemDictionary.cpp, line 312]
Event: 9.669 Thread 0x000001d2957997b0 Exception <a 'java/lang/ClassNotFoundException'{0x00000000d6c2f108}: com/sun/org/apache/xerces/internal/impl/msg/spi/XMLSerializerMessagesProvider> (0x00000000d6c2f108) 
thrown [s\src\hotspot\share\classfile\systemDictionary.cpp, line 312]
Event: 9.670 Thread 0x000001d2957997b0 Exception <a 'java/lang/ClassNotFoundException'{0x00000000d6c3c3d8}: com/sun/org/apache/xerces/internal/impl/msg/spi/XMLMessagesProvider> (0x00000000d6c3c3d8) 
thrown [s\src\hotspot\share\classfile\systemDictionary.cpp, line 312]
Event: 9.726 Thread 0x000001d2957997b0 Exception <a 'java/lang/NoSuchMethodError'{0x00000000d55ede90}: 'java.lang.Object java.lang.invoke.DirectMethodHandle$Holder.newInvokeSpecial(java.lang.Object, int, java.lang.Object, java.lang.Object)'> (0x00000000d55ede90) 
thrown [s\src\hotspot\share\interpreter\linkResolver.cpp, line 773]
Event: 9.784 Thread 0x000001d2957997b0 Exception <a 'sun/nio/fs/WindowsException'{0x00000000d5809498}> (0x00000000d5809498) 
thrown [s\src\hotspot\share\prims\jni.cpp, line 520]

ZGC Phase Switch (0 events):
No events

VM Operations (20 events):
Event: 7.402 Executing VM operation: HandshakeAllThreads (Deoptimize)
Event: 7.402 Executing VM operation: HandshakeAllThreads (Deoptimize) done
Event: 8.178 Executing VM operation: HandshakeAllThreads (Deoptimize)
Event: 8.178 Executing VM operation: HandshakeAllThreads (Deoptimize) done
Event: 8.178 Executing VM operation: Cleanup
Event: 8.178 Executing VM operation: Cleanup done
Event: 8.659 Executing VM operation: ParallelGCFailedAllocation (Allocation Failure)
Event: 8.668 Executing VM operation: ParallelGCFailedAllocation (Allocation Failure) done
Event: 9.195 Executing VM operation: ParallelGCFailedAllocation (Allocation Failure)
Event: 9.204 Executing VM operation: ParallelGCFailedAllocation (Allocation Failure) done
Event: 9.233 Executing VM operation: CollectForMetadataAllocation (Metadata GC Threshold)
Event: 9.278 Executing VM operation: CollectForMetadataAllocation (Metadata GC Threshold) done
Event: 9.708 Executing VM operation: ParallelGCFailedAllocation (Allocation Failure)
Event: 9.718 Executing VM operation: ParallelGCFailedAllocation (Allocation Failure) done
Event: 9.773 Executing VM operation: HandshakeAllThreads (Deoptimize)
Event: 9.773 Executing VM operation: HandshakeAllThreads (Deoptimize) done
Event: 9.849 Executing VM operation: HandshakeAllThreads (Deoptimize)
Event: 9.849 Executing VM operation: HandshakeAllThreads (Deoptimize) done
Event: 9.850 Executing VM operation: HandshakeAllThreads (Deoptimize)
Event: 9.850 Executing VM operation: HandshakeAllThreads (Deoptimize) done

Memory protections (0 events):
No events

Nmethod flushes (0 events):
No events

Events (20 events):
Event: 0.494 Thread 0x000001d2363f3a70 Thread added: 0x000001d29530e250
Event: 1.292 Thread 0x000001d29526ad50 Thread exited: 0x000001d29526ad50
Event: 2.937 Thread 0x000001d2901a7910 Thread added: 0x000001d2955ac3a0
Event: 3.131 Thread 0x000001d2955ac3a0 Thread exited: 0x000001d2955ac3a0
Event: 3.980 Thread 0x000001d2901a7910 Thread added: 0x000001d2957c7f70
Event: 4.820 Thread 0x000001d2957c7f70 Thread exited: 0x000001d2957c7f70
Event: 4.851 Thread 0x000001d2363f3a70 Thread added: 0x000001d295798400
Event: 5.539 Thread 0x000001d2363f3a70 Thread added: 0x000001d295797050
Event: 5.554 Thread 0x000001d2363f3a70 Thread added: 0x000001d2957997b0
Event: 5.719 Thread 0x000001d2957997b0 Thread added: 0x000001d2957969c0
Event: 5.991 Thread 0x000001d2957997b0 Thread added: 0x000001d2957976e0
Event: 6.158 Thread 0x000001d2901a7910 Thread added: 0x000001d2954c3180
Event: 6.438 Thread 0x000001d2954c3180 Thread exited: 0x000001d2954c3180
Event: 6.765 Thread 0x000001d2957997b0 Thread added: 0x000001d295798a90
Event: 8.221 Thread 0x000001d2957997b0 Thread added: 0x000001d295797d70
Event: 8.325 Thread 0x000001d2957997b0 Thread added: 0x000001d295796330
Event: 8.365 Thread 0x000001d2957997b0 Thread added: 0x000001d295799120
Event: 8.669 Thread 0x000001d2901a7910 Thread added: 0x000001d2964d33f0
Event: 9.692 Thread 0x000001d2957997b0 Thread added: 0x000001d296280dc0
Event: 9.817 Thread 0x000001d296280dc0 Thread exited: 0x000001d296280dc0


Dynamic libraries:
0x00007ff7f83d0000 - 0x00007ff7f83de000 	c:\Users\Lenovo\.vscode\extensions\redhat.java-1.45.0-win32-x64\jre\21.0.8-win32-x86_64\bin\java.exe
0x00007ffca8b30000 - 0x00007ffca8d28000 	C:\Windows\SYSTEM32\ntdll.dll
0x00007ffca7ac0000 - 0x00007ffca7b82000 	C:\Windows\System32\KERNEL32.DLL
0x00007ffca6760000 - 0x00007ffca6a56000 	C:\Windows\System32\KERNELBASE.dll
0x00007ffca61d0000 - 0x00007ffca62d0000 	C:\Windows\System32\ucrtbase.dll
0x00007ffc9dee0000 - 0x00007ffc9def8000 	c:\Users\Lenovo\.vscode\extensions\redhat.java-1.45.0-win32-x64\jre\21.0.8-win32-x86_64\bin\jli.dll
0x00007ffca6d00000 - 0x00007ffca6e9d000 	C:\Windows\System32\USER32.dll
0x00007ffca6b30000 - 0x00007ffca6b52000 	C:\Windows\System32\win32u.dll
0x00007ffca8660000 - 0x00007ffca868b000 	C:\Windows\System32\GDI32.dll
0x00007ffca6570000 - 0x00007ffca6689000 	C:\Windows\System32\gdi32full.dll
0x00007ffca6a60000 - 0x00007ffca6afd000 	C:\Windows\System32\msvcp_win.dll
0x00007ffc9dec0000 - 0x00007ffc9dede000 	c:\Users\Lenovo\.vscode\extensions\redhat.java-1.45.0-win32-x64\jre\21.0.8-win32-x86_64\bin\VCRUNTIME140.dll
0x00007ffc91720000 - 0x00007ffc919bb000 	C:\Windows\WinSxS\amd64_microsoft.windows.common-controls_6595b64144ccf1df_6.0.19041.6280_none_60bc30a171f2f3f3\COMCTL32.dll
0x00007ffca6b60000 - 0x00007ffca6bfe000 	C:\Windows\System32\msvcrt.dll
0x00007ffca8700000 - 0x00007ffca872f000 	C:\Windows\System32\IMM32.DLL
0x00007ffca03f0000 - 0x00007ffca03fc000 	c:\Users\Lenovo\.vscode\extensions\redhat.java-1.45.0-win32-x64\jre\21.0.8-win32-x86_64\bin\vcruntime140_1.dll
0x00007ffc5ebe0000 - 0x00007ffc5ec6d000 	c:\Users\Lenovo\.vscode\extensions\redhat.java-1.45.0-win32-x64\jre\21.0.8-win32-x86_64\bin\msvcp140.dll
0x00007ffc34d20000 - 0x00007ffc35ab7000 	c:\Users\Lenovo\.vscode\extensions\redhat.java-1.45.0-win32-x64\jre\21.0.8-win32-x86_64\bin\server\jvm.dll
0x00007ffca7180000 - 0x00007ffca7231000 	C:\Windows\System32\ADVAPI32.dll
0x00007ffca7b90000 - 0x00007ffca7c2f000 	C:\Windows\System32\sechost.dll
0x00007ffca7060000 - 0x00007ffca7180000 	C:\Windows\System32\RPCRT4.dll
0x00007ffca6b00000 - 0x00007ffca6b27000 	C:\Windows\System32\bcrypt.dll
0x00007ffca7fd0000 - 0x00007ffca803b000 	C:\Windows\System32\WS2_32.dll
0x00007ffca56e0000 - 0x00007ffca572b000 	C:\Windows\SYSTEM32\POWRPROF.dll
0x00007ffc994a0000 - 0x00007ffc994c7000 	C:\Windows\SYSTEM32\WINMM.dll
0x00007ffc9ed10000 - 0x00007ffc9ed1a000 	C:\Windows\SYSTEM32\VERSION.dll
0x00007ffca5590000 - 0x00007ffca55a2000 	C:\Windows\SYSTEM32\UMPDC.dll
0x00007ffca4010000 - 0x00007ffca4022000 	C:\Windows\SYSTEM32\kernel.appcore.dll
0x00007ffca02a0000 - 0x00007ffca02aa000 	c:\Users\Lenovo\.vscode\extensions\redhat.java-1.45.0-win32-x64\jre\21.0.8-win32-x86_64\bin\jimage.dll
0x00007ffc98420000 - 0x00007ffc98621000 	C:\Windows\SYSTEM32\DBGHELP.DLL
0x00007ffc84ab0000 - 0x00007ffc84ae4000 	C:\Windows\SYSTEM32\dbgcore.DLL
0x00007ffca62d0000 - 0x00007ffca6352000 	C:\Windows\System32\bcryptPrimitives.dll
0x00007ffca0180000 - 0x00007ffca018f000 	c:\Users\Lenovo\.vscode\extensions\redhat.java-1.45.0-win32-x64\jre\21.0.8-win32-x86_64\bin\instrument.dll
0x00007ffc9dd10000 - 0x00007ffc9dd2f000 	c:\Users\Lenovo\.vscode\extensions\redhat.java-1.45.0-win32-x64\jre\21.0.8-win32-x86_64\bin\java.dll
0x00007ffca7350000 - 0x00007ffca7ac0000 	C:\Windows\System32\SHELL32.dll
0x00007ffca4210000 - 0x00007ffca49b5000 	C:\Windows\SYSTEM32\windows.storage.dll
0x00007ffca8790000 - 0x00007ffca8ae3000 	C:\Windows\System32\combase.dll
0x00007ffca5c00000 - 0x00007ffca5c2b000 	C:\Windows\SYSTEM32\Wldp.dll
0x00007ffca6c10000 - 0x00007ffca6cdd000 	C:\Windows\System32\OLEAUT32.dll
0x00007ffca7f20000 - 0x00007ffca7fcd000 	C:\Windows\System32\SHCORE.dll
0x00007ffca7d20000 - 0x00007ffca7d7b000 	C:\Windows\System32\shlwapi.dll
0x00007ffca6100000 - 0x00007ffca6124000 	C:\Windows\SYSTEM32\profapi.dll
0x00007ffc9d930000 - 0x00007ffc9d948000 	c:\Users\Lenovo\.vscode\extensions\redhat.java-1.45.0-win32-x64\jre\21.0.8-win32-x86_64\bin\zip.dll
0x00007ffc9e240000 - 0x00007ffc9e250000 	C:\Users\Lenovo\.vscode\extensions\redhat.java-1.45.0-win32-x64\jre\21.0.8-win32-x86_64\bin\net.dll
0x00007ffc9df00000 - 0x00007ffc9e00a000 	C:\Windows\SYSTEM32\WINHTTP.dll
0x00007ffca5920000 - 0x00007ffca598a000 	C:\Windows\system32\mswsock.dll
0x00007ffc93640000 - 0x00007ffc93656000 	C:\Users\Lenovo\.vscode\extensions\redhat.java-1.45.0-win32-x64\jre\21.0.8-win32-x86_64\bin\nio.dll
0x00007ffc9de00000 - 0x00007ffc9de10000 	c:\Users\Lenovo\.vscode\extensions\redhat.java-1.45.0-win32-x64\jre\21.0.8-win32-x86_64\bin\verify.dll
0x00007ffc823d0000 - 0x00007ffc82414000 	C:\Users\Lenovo\AppData\Roaming\Code\User\globalStorage\redhat.java\1.45.0\config_ss_win\org.eclipse.equinox.launcher\org.eclipse.equinox.launcher.win32.win32.x86_64_1.2.1400.v20250801-0854\eclipse_11916.dll
0x00007ffca6f30000 - 0x00007ffca705b000 	C:\Windows\System32\ole32.dll
0x00007ffca5b60000 - 0x00007ffca5b78000 	C:\Windows\SYSTEM32\CRYPTSP.dll
0x00007ffca51d0000 - 0x00007ffca5208000 	C:\Windows\system32\rsaenh.dll
0x00007ffca60c0000 - 0x00007ffca60ee000 	C:\Windows\SYSTEM32\USERENV.dll
0x00007ffca5b50000 - 0x00007ffca5b5c000 	C:\Windows\SYSTEM32\CRYPTBASE.dll
0x00007ffca55b0000 - 0x00007ffca55eb000 	C:\Windows\SYSTEM32\IPHLPAPI.DLL
0x00007ffca86f0000 - 0x00007ffca86f8000 	C:\Windows\System32\NSI.dll
0x00007ffc5aa10000 - 0x00007ffc5aa59000 	C:\Users\Lenovo\AppData\Local\Temp\jna--2022488749\jna9346452031595613007.dll
0x00007ffca7c30000 - 0x00007ffca7c38000 	C:\Windows\System32\PSAPI.DLL

JVMTI agents:
c:\Users\Lenovo\.vscode\extensions\redhat.java-1.45.0-win32-x64\lombok\lombok-1.18.39-4050.jar path:c:\Users\Lenovo\.vscode\extensions\redhat.java-1.45.0-win32-x64\jre\21.0.8-win32-x86_64\bin\instrument.dll, loaded, initialized, instrumentlib options:none

dbghelp: loaded successfully - version: 4.0.5 - missing functions: none
symbol engine: initialized successfully - sym options: 0x614 - pdb path: .;c:\Users\Lenovo\.vscode\extensions\redhat.java-1.45.0-win32-x64\jre\21.0.8-win32-x86_64\bin;C:\Windows\SYSTEM32;C:\Windows\WinSxS\amd64_microsoft.windows.common-controls_6595b64144ccf1df_6.0.19041.6280_none_60bc30a171f2f3f3;c:\Users\Lenovo\.vscode\extensions\redhat.java-1.45.0-win32-x64\jre\21.0.8-win32-x86_64\bin\server;C:\Users\Lenovo\AppData\Roaming\Code\User\globalStorage\redhat.java\1.45.0\config_ss_win\org.eclipse.equinox.launcher\org.eclipse.equinox.launcher.win32.win32.x86_64_1.2.1400.v20250801-0854;C:\Users\Lenovo\AppData\Local\Temp\jna--2022488749

VM Arguments:
jvm_args: --add-modules=ALL-SYSTEM --add-opens=java.base/java.util=ALL-UNNAMED --add-opens=java.base/java.lang=ALL-UNNAMED --add-opens=java.base/sun.nio.fs=ALL-UNNAMED -Declipse.application=org.eclipse.jdt.ls.core.id1 -Dosgi.bundles.defaultStartLevel=4 -Declipse.product=org.eclipse.jdt.ls.core.product -Djava.import.generatesMetadataFilesAtProjectRoot=false -DDetectVMInstallationsJob.disabled=true -Dfile.encoding=utf8 -XX:+UseParallelGC -XX:GCTimeRatio=4 -XX:AdaptiveSizePolicyWeight=90 -Dsun.zip.disableMemoryMapping=true -Xmx2G -Xms100m -Xlog:disable -javaagent:c:\Users\Lenovo\.vscode\extensions\redhat.java-1.45.0-win32-x64\lombok\lombok-1.18.39-4050.jar 
java_command: c:\Users\Lenovo\.vscode\extensions\redhat.java-1.45.0-win32-x64\server\plugins\org.eclipse.equinox.launcher_1.7.0.v20250519-0528.jar -configuration c:\Users\Lenovo\AppData\Roaming\Code\User\globalStorage\redhat.java\1.45.0\config_ss_win -data c:\Users\Lenovo\AppData\Roaming\Code\User\workspaceStorage\31802dcc8a754153dbdba671d90e4e0a\redhat.java\ss_ws --pipe=\\.\pipe\lsp-2805cc97109b28f4cd217368fd844603-sock
java_class_path (initial): c:\Users\Lenovo\.vscode\extensions\redhat.java-1.45.0-win32-x64\server\plugins\org.eclipse.equinox.launcher_1.7.0.v20250519-0528.jar
Launcher Type: SUN_STANDARD

[Global flags]
    uintx AdaptiveSizePolicyWeight                 = 90                                        {product} {command line}
     intx CICompilerCount                          = 3                                         {product} {ergonomic}
    uintx GCTimeRatio                              = 4                                         {product} {command line}
   size_t InitialHeapSize                          = 104857600                                 {product} {command line}
   size_t MaxHeapSize                              = 2147483648                                {product} {command line}
   size_t MaxNewSize                               = 715653120                                 {product} {ergonomic}
   size_t MinHeapDeltaBytes                        = 524288                                    {product} {ergonomic}
   size_t MinHeapSize                              = 104857600                                 {product} {command line}
   size_t NewSize                                  = 34603008                                  {product} {ergonomic}
    uintx NonNMethodCodeHeapSize                   = 5832780                                {pd product} {ergonomic}
    uintx NonProfiledCodeHeapSize                  = 122912730                              {pd product} {ergonomic}
   size_t OldSize                                  = 70254592                                  {product} {ergonomic}
    uintx ProfiledCodeHeapSize                     = 122912730                              {pd product} {ergonomic}
    uintx ReservedCodeCacheSize                    = 251658240                              {pd product} {ergonomic}
     bool SegmentedCodeCache                       = true                                      {product} {ergonomic}
   size_t SoftMaxHeapSize                          = 2147483648                             {manageable} {ergonomic}
     bool UseCompressedOops                        = true                           {product lp64_product} {ergonomic}
     bool UseLargePagesIndividualAllocation        = false                                  {pd product} {ergonomic}
     bool UseParallelGC                            = true                                      {product} {command line}

Logging:
Log output configuration:
 #0: stdout all=off uptime,level,tags foldmultilines=false
 #1: stderr all=off uptime,level,tags foldmultilines=false

Environment Variables:
JAVA_HOME=C:\Program Files\Java\jdk-23
PATH=C:\Program Files (x86)\VMware\VMware Player\bin\;C:\Program Files\Common Files\Oracle\Java\javapath;C:\Users\Lenovo\New folder\Scripts\;C:\Users\Lenovo\New folder\;C:\Windows\system32;C:\Windows;C:\Windows\System32\Wbem;C:\Windows\System32\WindowsPowerShell\v1.0\;C:\Windows\System32\OpenSSH\;C:\Program Files\Java\jdk-23\bin;C:\Program Files\Git\cmd;C:\Program Files\nodejs\;C:\Users\Lenovo\AppData\Local\Programs\Python\Launcher\;C:\Users\Lenovo\AppData\Local\Microsoft\WindowsApps;C:\Users\Lenovo\AppData\Local\Programs\Microsoft VS Code\bin;C:\Users\Lenovo\AppData\Roaming\npm;C:\Program Files (x86)\Nmap
USERNAME=Lenovo
OS=Windows_NT
PROCESSOR_IDENTIFIER=Intel64 Family 6 Model 142 Stepping 9, GenuineIntel
TMP=C:\Users\Lenovo\AppData\Local\Temp
TEMP=C:\Users\Lenovo\AppData\Local\Temp




Periodic native trim disabled

---------------  S Y S T E M  ---------------

OS:
 Windows 10 , 64 bit Build 19041 (10.0.19041.5915)
OS uptime: 3 days 6:16 hours
Hyper-V role detected

CPU: total 4 (initial active 4) (2 cores per cpu, 2 threads per core) family 6 model 142 stepping 9 microcode 0xd6, cx8, cmov, fxsr, ht, mmx, 3dnowpref, sse, sse2, sse3, ssse3, sse4.1, sse4.2, popcnt, lzcnt, tsc, tscinvbit, avx, avx2, aes, erms, clmul, bmi1, bmi2, adx, fma, vzeroupper, clflush, clflushopt, hv, rdtscp, f16c
Processor Information for the first 4 processors :
  Max Mhz: 2712, Current Mhz: 2511, Mhz Limit: 2495

Memory: 4k page, system-wide physical 3970M (766M free)
TotalPageFile size 8232M (AvailPageFile size 5M)
current process WorkingSet (physical memory assigned to process): 144M, peak: 146M
current process commit charge ("private bytes"): 268M, peak: 271M

vm_info: OpenJDK 64-Bit Server VM (21.0.8+9-LTS) for windows-amd64 JRE (21.0.8+9-LTS), built on 2025-07-15T00:00:00Z by "admin" with MS VC++ 17.7 (VS2022)

END.
