#
# There is insufficient memory for the Java Runtime Environment to continue.
# Native memory allocation (mmap) failed to map 65536 bytes. Error detail: Failed to commit metaspace.
# Possible reasons:
#   The system is out of physical RAM or swap space
#   This process is running with CompressedOops enabled, and the Java Heap may be blocking the growth of the native heap
# Possible solutions:
#   Reduce memory load on the system
#   Increase physical memory or swap space
#   Check if swap backing store is full
#   Decrease Java heap size (-Xmx/-Xms)
#   Decrease number of Java threads
#   Decrease Java thread stack sizes (-Xss)
#   Set larger code cache with -XX:ReservedCodeCacheSize=
#   JVM is running with Unscaled Compressed Oops mode in which the Java heap is
#     placed in the first 4GB address space. The Java Heap base address is the
#     maximum limit for the native heap growth. Please use -XX:HeapBaseMinAddress
#     to set the Java Heap base and to place the Java Heap above 4GB virtual address.
# This output file may be truncated or incomplete.
#
#  Out of Memory Error (virtualSpaceNode.cpp:113), pid=5332, tid=10672
#
# JRE version:  (21.0.8+9) (build )
# Java VM: OpenJDK 64-Bit Server VM (21.0.8+9-LTS, mixed mode, tiered, compressed oops, compressed class ptrs, parallel gc, windows-amd64)
# No core dump will be written. Minidumps are not enabled by default on client versions of Windows
#

---------------  S U M M A R Y ------------

Command Line: --add-modules=ALL-SYSTEM --add-opens=java.base/java.util=ALL-UNNAMED --add-opens=java.base/java.lang=ALL-UNNAMED --add-opens=java.base/sun.nio.fs=ALL-UNNAMED -Declipse.application=org.eclipse.jdt.ls.core.id1 -Dosgi.bundles.defaultStartLevel=4 -Declipse.product=org.eclipse.jdt.ls.core.product -Djava.import.generatesMetadataFilesAtProjectRoot=false -DDetectVMInstallationsJob.disabled=true -Dfile.encoding=utf8 -XX:+UseParallelGC -XX:GCTimeRatio=4 -XX:AdaptiveSizePolicyWeight=90 -Dsun.zip.disableMemoryMapping=true -Xmx2G -Xms100m -Xlog:disable -javaagent:c:\Users\Lenovo\.vscode\extensions\redhat.java-1.46.0-win32-x64\lombok\lombok-1.18.39-4050.jar -XX:+HeapDumpOnOutOfMemoryError -XX:HeapDumpPath=c:\Users\Lenovo\AppData\Roaming\Code\User\workspaceStorage\31802dcc8a754153dbdba671d90e4e0a\redhat.java -Daether.dependencyCollector.impl=bf c:\Users\Lenovo\.vscode\extensions\redhat.java-1.46.0-win32-x64\server\plugins\org.eclipse.equinox.launcher_1.7.0.v20250519-0528.jar -configuration c:\Users\Lenovo\AppData\Roaming\Code\User\globalStorage\redhat.java\1.46.0\config_win -data c:\Users\Lenovo\AppData\Roaming\Code\User\workspaceStorage\31802dcc8a754153dbdba671d90e4e0a\redhat.java\jdt_ws --pipe=\\.\pipe\lsp-afbb4d3ad2c2e92b518de0d8b8e275b7-sock

Host: Intel(R) Core(TM) i5-7200U CPU @ 2.50GHz, 4 cores, 3G,  Windows 10 , 64 bit Build 19041 (10.0.19041.5915)
Time: Mon Oct  6 22:58:45 2025 India Standard Time elapsed time: 0.038490 seconds (0d 0h 0m 0s)

---------------  T H R E A D  ---------------

Current thread (0x000001e71983d620):  JavaThread "Unknown thread" [_thread_in_vm, id=10672, stack(0x000000b82d100000,0x000000b82d200000) (1024K)]

Stack: [0x000000b82d100000,0x000000b82d200000]
Native frames: (J=compiled Java code, j=interpreted, Vv=VM code, C=native code)
V  [jvm.dll+0x6d2449]
V  [jvm.dll+0x8ae341]
V  [jvm.dll+0x8b08be]
V  [jvm.dll+0x8b0fa3]
V  [jvm.dll+0x280c96]
V  [jvm.dll+0x8aa07e]
V  [jvm.dll+0x6745b5]
V  [jvm.dll+0x67461a]
V  [jvm.dll+0x676e02]
V  [jvm.dll+0x676cd2]
V  [jvm.dll+0x674f8e]
V  [jvm.dll+0x67f237]
V  [jvm.dll+0x21695d]
V  [jvm.dll+0x216eda]
V  [jvm.dll+0x217905]
V  [jvm.dll+0x20cece]
V  [jvm.dll+0x5b19dc]
V  [jvm.dll+0x21e5ba]
V  [jvm.dll+0x826c6c]
V  [jvm.dll+0x827c94]
V  [jvm.dll+0x828262]
V  [jvm.dll+0x827ee8]
V  [jvm.dll+0x8ac323]
V  [jvm.dll+0x8ac0bf]
V  [jvm.dll+0x875bf9]
V  [jvm.dll+0x8774fd]
V  [jvm.dll+0x3bec99]
V  [jvm.dll+0x8606d8]
V  [jvm.dll+0x4530ee]
V  [jvm.dll+0x454d31]
C  [jli.dll+0x5278]
C  [ucrtbase.dll+0x21bb2]
C  [KERNEL32.DLL+0x17374]
C  [ntdll.dll+0x4cc91]


---------------  P R O C E S S  ---------------

Threads class SMR info:
_java_thread_list=0x000001e7199025c0, length=1, elements={
0x000001e71983d620
}

Java Threads: ( => current thread )
=>0x000001e71983d620 JavaThread "Unknown thread"             [_thread_in_vm, id=10672, stack(0x000000b82d100000,0x000000b82d200000) (1024K)]
Total: 1

Other Threads:
  0x000001e719903840 WatcherThread "VM Periodic Task Thread"        [id=2820, stack(0x000000b82d300000,0x000000b82d400000) (1024K)]
  0x000001e71985b4c0 WorkerThread "GC Thread#0"                     [id=13904, stack(0x000000b82d200000,0x000000b82d300000) (1024K)]
Total: 2

Threads with active compile tasks:
Total: 0

VM state: not at safepoint (not fully initialized)

VM Mutex/Monitor currently owned by a thread:  ([mutex/lock_event])
[0x00007ffdc0ba3458] Metaspace_lock - owner thread: 0x000001e71983d620

Heap address: 0x0000000080000000, size: 2048 MB, Compressed Oops mode: 32-bit

CDS archive(s) not mapped
Compressed class space mapped at: 0x0000000100000000-0x0000000140000000, reserved size: 1073741824
Narrow klass base: 0x0000000000000000, Narrow klass shift: 3, Narrow klass range: 0x140000000

GC Precious Log:
 CardTable entry size: 512
 CPUs: 4 total, 4 available
 Memory: 3970M
 Large Page Support: Disabled
 NUMA Support: Disabled
 Compressed Oops: Enabled (32-bit)
 Alignments: Space 512K, Generation 512K, Heap 2M
 Heap Min Capacity: 100M
 Heap Initial Capacity: 100M
 Heap Max Capacity: 2G
 Pre-touch: Disabled
 Parallel Workers: 4

Heap:
 PSYoungGen      total 29696K, used 512K [0x00000000d5580000, 0x00000000d7680000, 0x0000000100000000)
  eden space 25600K, 2% used [0x00000000d5580000,0x00000000d5600070,0x00000000d6e80000)
  from space 4096K, 0% used [0x00000000d7280000,0x00000000d7280000,0x00000000d7680000)
  to   space 4096K, 0% used [0x00000000d6e80000,0x00000000d6e80000,0x00000000d7280000)
 ParOldGen       total 68608K, used 0K [0x0000000080000000, 0x0000000084300000, 0x00000000d5580000)
  object space 68608K, 0% used [0x0000000080000000,0x0000000080000000,0x0000000084300000)
 Metaspace       used 207K, committed 256K, reserved 1114112K
  class space    used 15K, committed 64K, reserved 1048576K

Card table byte_map: [0x000001e7191f0000,0x000001e719600000] _byte_map_base: 0x000001e718df0000

Marking Bits: (ParMarkBitMap*) 0x00007ffdc0baa340
 Begin Bits: [0x000001e72bcf0000, 0x000001e72dcf0000)
 End Bits:   [0x000001e72dcf0000, 0x000001e72fcf0000)

GC Heap History (0 events):
No events

Dll operation events (2 events):
Event: 0.013 Loaded shared library c:\Users\Lenovo\.vscode\extensions\redhat.java-1.46.0-win32-x64\jre\21.0.8-win32-x86_64\bin\java.dll
Event: 0.024 Loaded shared library c:\Users\Lenovo\.vscode\extensions\redhat.java-1.46.0-win32-x64\jre\21.0.8-win32-x86_64\bin\zip.dll

Deoptimization events (0 events):
No events

Classes loaded (20 events):
Event: 0.030 Loading class java/lang/invoke/TypeDescriptor$OfField
Event: 0.031 Loading class java/lang/invoke/TypeDescriptor
Event: 0.031 Loading class java/lang/invoke/TypeDescriptor done
Event: 0.031 Loading class java/lang/invoke/TypeDescriptor$OfField done
Event: 0.031 Loading class java/lang/Class done
Event: 0.032 Loading class java/lang/Cloneable
Event: 0.032 Loading class java/lang/Cloneable done
Event: 0.032 Loading class java/lang/ClassLoader
Event: 0.033 Loading class java/lang/ClassLoader done
Event: 0.033 Loading class java/lang/System
Event: 0.034 Loading class java/lang/System done
Event: 0.034 Loading class java/lang/Throwable
Event: 0.034 Loading class java/lang/Throwable done
Event: 0.034 Loading class java/lang/Error
Event: 0.034 Loading class java/lang/Error done
Event: 0.034 Loading class java/lang/Exception
Event: 0.035 Loading class java/lang/Exception done
Event: 0.035 Loading class java/lang/RuntimeException
Event: 0.035 Loading class java/lang/RuntimeException done
Event: 0.035 Loading class java/lang/SecurityManager

Classes unloaded (0 events):
No events

Classes redefined (0 events):
No events

Internal exceptions (0 events):
No events

ZGC Phase Switch (0 events):
No events

VM Operations (0 events):
No events

Memory protections (0 events):
No events

Nmethod flushes (0 events):
No events

Events (1 events):
Event: 0.021 Thread 0x000001e71983d620 Thread added: 0x000001e71983d620


Dynamic libraries:
0x00007ff6c2e70000 - 0x00007ff6c2e7e000 	c:\Users\Lenovo\.vscode\extensions\redhat.java-1.46.0-win32-x64\jre\21.0.8-win32-x86_64\bin\java.exe
0x00007ffe3aeb0000 - 0x00007ffe3b0a8000 	C:\Windows\SYSTEM32\ntdll.dll
0x00007ffe39740000 - 0x00007ffe39802000 	C:\Windows\System32\KERNEL32.DLL
0x00007ffe389b0000 - 0x00007ffe38ca6000 	C:\Windows\System32\KERNELBASE.dll
0x00007ffe385f0000 - 0x00007ffe386f0000 	C:\Windows\System32\ucrtbase.dll
0x00007ffe33f20000 - 0x00007ffe33f38000 	c:\Users\Lenovo\.vscode\extensions\redhat.java-1.46.0-win32-x64\jre\21.0.8-win32-x86_64\bin\jli.dll
0x00007ffe3a300000 - 0x00007ffe3a49d000 	C:\Windows\System32\USER32.dll
0x00007ffe38eb0000 - 0x00007ffe38ed2000 	C:\Windows\System32\win32u.dll
0x00007ffe39e50000 - 0x00007ffe39e7b000 	C:\Windows\System32\GDI32.dll
0x00007ffe38cb0000 - 0x00007ffe38dc9000 	C:\Windows\System32\gdi32full.dll
0x00007ffe38550000 - 0x00007ffe385ed000 	C:\Windows\System32\msvcp_win.dll
0x00007ffe32b90000 - 0x00007ffe32bae000 	c:\Users\Lenovo\.vscode\extensions\redhat.java-1.46.0-win32-x64\jre\21.0.8-win32-x86_64\bin\VCRUNTIME140.dll
0x00007ffe22720000 - 0x00007ffe229bb000 	C:\Windows\WinSxS\amd64_microsoft.windows.common-controls_6595b64144ccf1df_6.0.19041.6280_none_60bc30a171f2f3f3\COMCTL32.dll
0x00007ffe39510000 - 0x00007ffe395ae000 	C:\Windows\System32\msvcrt.dll
0x00007ffe39d10000 - 0x00007ffe39d3f000 	C:\Windows\System32\IMM32.DLL
0x00007ffe33e60000 - 0x00007ffe33e6c000 	c:\Users\Lenovo\.vscode\extensions\redhat.java-1.46.0-win32-x64\jre\21.0.8-win32-x86_64\bin\vcruntime140_1.dll
0x00007ffdfe6a0000 - 0x00007ffdfe72d000 	c:\Users\Lenovo\.vscode\extensions\redhat.java-1.46.0-win32-x64\jre\21.0.8-win32-x86_64\bin\msvcp140.dll
0x00007ffdbfef0000 - 0x00007ffdc0c87000 	c:\Users\Lenovo\.vscode\extensions\redhat.java-1.46.0-win32-x64\jre\21.0.8-win32-x86_64\bin\server\jvm.dll
0x00007ffe39c50000 - 0x00007ffe39d01000 	C:\Windows\System32\ADVAPI32.dll
0x00007ffe39db0000 - 0x00007ffe39e4f000 	C:\Windows\System32\sechost.dll
0x00007ffe39e80000 - 0x00007ffe39fa0000 	C:\Windows\System32\RPCRT4.dll
0x00007ffe38770000 - 0x00007ffe38797000 	C:\Windows\System32\bcrypt.dll
0x00007ffe39d40000 - 0x00007ffe39dab000 	C:\Windows\System32\WS2_32.dll
0x00007ffe37ac0000 - 0x00007ffe37b0b000 	C:\Windows\SYSTEM32\POWRPROF.dll
0x00007ffe2ae00000 - 0x00007ffe2ae27000 	C:\Windows\SYSTEM32\WINMM.dll
0x00007ffe30130000 - 0x00007ffe3013a000 	C:\Windows\SYSTEM32\VERSION.dll
0x00007ffe37920000 - 0x00007ffe37932000 	C:\Windows\SYSTEM32\UMPDC.dll
0x00007ffe36380000 - 0x00007ffe36392000 	C:\Windows\SYSTEM32\kernel.appcore.dll
0x00007ffe33050000 - 0x00007ffe3305a000 	c:\Users\Lenovo\.vscode\extensions\redhat.java-1.46.0-win32-x64\jre\21.0.8-win32-x86_64\bin\jimage.dll
0x00007ffe2a3b0000 - 0x00007ffe2a5b1000 	C:\Windows\SYSTEM32\DBGHELP.DLL
0x00007ffe15e10000 - 0x00007ffe15e44000 	C:\Windows\SYSTEM32\dbgcore.DLL
0x00007ffe38dd0000 - 0x00007ffe38e52000 	C:\Windows\System32\bcryptPrimitives.dll
0x00007ffe32f90000 - 0x00007ffe32f9f000 	c:\Users\Lenovo\.vscode\extensions\redhat.java-1.46.0-win32-x64\jre\21.0.8-win32-x86_64\bin\instrument.dll
0x00007ffe32b70000 - 0x00007ffe32b8f000 	c:\Users\Lenovo\.vscode\extensions\redhat.java-1.46.0-win32-x64\jre\21.0.8-win32-x86_64\bin\java.dll
0x00007ffe2fc10000 - 0x00007ffe2fc28000 	c:\Users\Lenovo\.vscode\extensions\redhat.java-1.46.0-win32-x64\jre\21.0.8-win32-x86_64\bin\zip.dll

JVMTI agents:
c:\Users\Lenovo\.vscode\extensions\redhat.java-1.46.0-win32-x64\lombok\lombok-1.18.39-4050.jar path:none, loaded, not initialized, instrumentlib options:none

dbghelp: loaded successfully - version: 4.0.5 - missing functions: none
symbol engine: initialized successfully - sym options: 0x614 - pdb path: .;c:\Users\Lenovo\.vscode\extensions\redhat.java-1.46.0-win32-x64\jre\21.0.8-win32-x86_64\bin;C:\Windows\SYSTEM32;C:\Windows\WinSxS\amd64_microsoft.windows.common-controls_6595b64144ccf1df_6.0.19041.6280_none_60bc30a171f2f3f3;c:\Users\Lenovo\.vscode\extensions\redhat.java-1.46.0-win32-x64\jre\21.0.8-win32-x86_64\bin\server

VM Arguments:
jvm_args: --add-modules=ALL-SYSTEM --add-opens=java.base/java.util=ALL-UNNAMED --add-opens=java.base/java.lang=ALL-UNNAMED --add-opens=java.base/sun.nio.fs=ALL-UNNAMED -Declipse.application=org.eclipse.jdt.ls.core.id1 -Dosgi.bundles.defaultStartLevel=4 -Declipse.product=org.eclipse.jdt.ls.core.product -Djava.import.generatesMetadataFilesAtProjectRoot=false -DDetectVMInstallationsJob.disabled=true -Dfile.encoding=utf8 -XX:+UseParallelGC -XX:GCTimeRatio=4 -XX:AdaptiveSizePolicyWeight=90 -Dsun.zip.disableMemoryMapping=true -Xmx2G -Xms100m -Xlog:disable -javaagent:c:\Users\Lenovo\.vscode\extensions\redhat.java-1.46.0-win32-x64\lombok\lombok-1.18.39-4050.jar -XX:+HeapDumpOnOutOfMemoryError -XX:HeapDumpPath=c:\Users\Lenovo\AppData\Roaming\Code\User\workspaceStorage\31802dcc8a754153dbdba671d90e4e0a\redhat.java -Daether.dependencyCollector.impl=bf 
java_command: c:\Users\Lenovo\.vscode\extensions\redhat.java-1.46.0-win32-x64\server\plugins\org.eclipse.equinox.launcher_1.7.0.v20250519-0528.jar -configuration c:\Users\Lenovo\AppData\Roaming\Code\User\globalStorage\redhat.java\1.46.0\config_win -data c:\Users\Lenovo\AppData\Roaming\Code\User\workspaceStorage\31802dcc8a754153dbdba671d90e4e0a\redhat.java\jdt_ws --pipe=\\.\pipe\lsp-afbb4d3ad2c2e92b518de0d8b8e275b7-sock
java_class_path (initial): c:\Users\Lenovo\.vscode\extensions\redhat.java-1.46.0-win32-x64\server\plugins\org.eclipse.equinox.launcher_1.7.0.v20250519-0528.jar
Launcher Type: SUN_STANDARD

[Global flags]
    uintx AdaptiveSizePolicyWeight                 = 90                                        {product} {command line}
     intx CICompilerCount                          = 3                                         {product} {ergonomic}
    uintx GCTimeRatio                              = 4                                         {product} {command line}
     bool HeapDumpOnOutOfMemoryError               = true                                   {manageable} {command line}
    ccstr HeapDumpPath                             = c:\Users\Lenovo\AppData\Roaming\Code\User\workspaceStorage\31802dcc8a754153dbdba671d90e4e0a\redhat.java         {manageable} {command line}
   size_t InitialHeapSize                          = 104857600                                 {product} {command line}
   size_t MaxHeapSize                              = 2147483648                                {product} {command line}
   size_t MaxNewSize                               = 715653120                                 {product} {ergonomic}
   size_t MinHeapDeltaBytes                        = 524288                                    {product} {ergonomic}
   size_t MinHeapSize                              = 104857600                                 {product} {command line}
   size_t NewSize                                  = 34603008                                  {product} {ergonomic}
    uintx NonNMethodCodeHeapSize                   = 5832780                                {pd product} {ergonomic}
    uintx NonProfiledCodeHeapSize                  = 122912730                              {pd product} {ergonomic}
   size_t OldSize                                  = 70254592                                  {product} {ergonomic}
    uintx ProfiledCodeHeapSize                     = 122912730                              {pd product} {ergonomic}
    uintx ReservedCodeCacheSize                    = 251658240                              {pd product} {ergonomic}
     bool SegmentedCodeCache                       = true                                      {product} {ergonomic}
   size_t SoftMaxHeapSize                          = 2147483648                             {manageable} {ergonomic}
     bool UseCompressedOops                        = true                           {product lp64_product} {ergonomic}
     bool UseLargePagesIndividualAllocation        = false                                  {pd product} {ergonomic}
     bool UseParallelGC                            = true                                      {product} {command line}

Logging:
Log output configuration:
 #0: stdout all=off uptime,level,tags foldmultilines=false
 #1: stderr all=off uptime,level,tags foldmultilines=false

Environment Variables:
JAVA_HOME=C:\Program Files\Java\jdk-23
PATH=C:\Program Files (x86)\VMware\VMware Player\bin\;C:\Program Files\Common Files\Oracle\Java\javapath;C:\Users\Lenovo\New folder\Scripts\;C:\Users\Lenovo\New folder\;C:\Windows\system32;C:\Windows;C:\Windows\System32\Wbem;C:\Windows\System32\WindowsPowerShell\v1.0\;C:\Windows\System32\OpenSSH\;C:\Program Files\Java\jdk-23\bin;C:\Program Files\Git\cmd;C:\Program Files\nodejs\;C:\Users\Lenovo\AppData\Local\Programs\Python\Launcher\;C:\Users\Lenovo\AppData\Local\Microsoft\WindowsApps;C:\Users\Lenovo\AppData\Local\Programs\Microsoft VS Code\bin;C:\Users\Lenovo\AppData\Roaming\npm;C:\Program Files (x86)\Nmap
USERNAME=Lenovo
OS=Windows_NT
PROCESSOR_IDENTIFIER=Intel64 Family 6 Model 142 Stepping 9, GenuineIntel
TMP=C:\Users\Lenovo\AppData\Local\Temp
TEMP=C:\Users\Lenovo\AppData\Local\Temp




Periodic native trim disabled

---------------  S Y S T E M  ---------------

OS:
 Windows 10 , 64 bit Build 19041 (10.0.19041.5915)
OS uptime: 0 days 0:46 hours
Hyper-V role detected

CPU: total 4 (initial active 4) (2 cores per cpu, 2 threads per core) family 6 model 142 stepping 9 microcode 0xd6, cx8, cmov, fxsr, ht, mmx, 3dnowpref, sse, sse2, sse3, ssse3, sse4.1, sse4.2, popcnt, lzcnt, tsc, tscinvbit, avx, avx2, aes, erms, clmul, bmi1, bmi2, adx, fma, vzeroupper, clflush, clflushopt, hv, rdtscp, f16c
Processor Information for the first 4 processors :
  Max Mhz: 2712, Current Mhz: 2511, Mhz Limit: 2495

Memory: 4k page, system-wide physical 3970M (507M free)
TotalPageFile size 6891M (AvailPageFile size 1M)
current process WorkingSet (physical memory assigned to process): 13M, peak: 13M
current process commit charge ("private bytes"): 181M, peak: 184M

vm_info: OpenJDK 64-Bit Server VM (21.0.8+9-LTS) for windows-amd64 JRE (21.0.8+9-LTS), built on 2025-07-15T00:00:00Z by "admin" with MS VC++ 17.7 (VS2022)

END.
